0.75
0.00282287
0.00282287
0.00282287
0.00282287
0.00282287
0.00282287
0.00282287
0.00282287
0.00282287
0.00282287
0.00282287
0.00282287
0.00282287
0.00282287
0.00282287
0.00282287
0.00282287
0.00282287
0.00282287
0.00282287
0.00282287
0.00282287
0.00282287
0.00282287
0.00282287
0.00282287
0.00282287
0.00282287
0.00282287
0.00282287
0.00282287
0.00282287
0.00282287
0.00282287
0.00282287
0.00282287
0.00282287
0.00282287
0.00282287
0.00282287
0.00282287
0.00282287
0.00282287
0.00282287
0.00282287
0.00282287
0.00282287
0.00282287
0.00282287
0.00282287
0.00282287
0.00282287
0.00282287
0.00282287
0.00282287
0.00282287
0.00282287
0.00282287
0.00282287
0.00282287
0.00282287
0.00282287
0.00282287
0.00282287
0.00282287
0.00282287
0.00282287
0.00282287
0.00282287
0.00282287
0.00282287
0.00282287
0.00282287
0.00282287
0.00282287
0.00282287
0.00282287
0.00282287
0.00282287
0.00282287
0.00282287
0.00282287
0.00282287
0.00282287
0.00282287
0.00282287
0.00282287
0.00282287
0.00282287
0.00282287
0.00282287
0.00282287
0.00282287
0.00282287
0.00282287
0.00282287
0.00282287
0.00282287
0.00282287
0.00282287
0.00282287
0.00282287
0.00282287
0.00282287
0.00282287
0.00282287
0.00282287
0.00282287
0.00282287
0.00282287
0.00282287
0.00282287
0.00282287
0.00282287
0.00282287
0.00282287
0.00282287
0.00282287
0.00282287
0.00282287
0.00282287
0.00282287
0.00282287
0.00282287
0.00282287
0.00282287
0.00282287
0.00282287
0.00282287
0.00282287
0.00282287
0.00282287
0.00282287
0.00282287
0.00282287
0.00282287
0.00282287
0.00282287
0.00282287
0.00282287
0.00282287
0.00282287
0.00282287
0.00282287
0.00282287
0.00282287
0.00282287
0.00282287
0.00282287
0.00282287
0.00282287
0.00282287
0.324629
0.246295
