0.75
0.00212823
0.00212823
0.00212823
0.00212823
0.00212823
0.00212823
0.00212823
0.00212823
0.00212823
0.00212823
0.00212823
0.00212823
0.00212823
0.00212823
0.00212823
0.00212823
0.00212823
0.00212823
0.00212823
0.00212823
0.00212823
0.00212823
0.00212823
0.00212823
0.00212823
0.00212823
0.00212823
0.00212823
0.00212823
0.00212823
0.00212823
0.00212823
0.00212823
0.00212823
0.00212823
0.00212823
0.00212823
0.00212823
0.00212823
0.00212823
0.00212823
0.00212823
0.00212823
0.00212823
0.00212823
0.00212823
0.00212823
0.00212823
0.00212823
0.00212823
0.00212823
0.00212823
0.00212823
0.00212823
0.00212823
0.00212823
0.00212823
0.00212823
0.00212823
0.00212823
0.00212823
0.00212823
0.00212823
0.00212823
0.00212823
0.00212823
0.00212823
0.00212823
0.00212823
0.00212823
0.00212823
0.00212823
0.00212823
0.00212823
0.00212823
0.00212823
0.00212823
0.00212823
0.00212823
0.00212823
0.00212823
0.00212823
0.00212823
0.00212823
0.00212823
0.00212823
0.00212823
0.00212823
0.00212823
0.00212823
0.00212823
0.00212823
0.00212823
0.00212823
0.00212823
0.00212823
0.00212823
0.00212823
0.00212823
0.00212823
0.00212823
0.00212823
0.00212823
0.00212823
0.00212823
0.00212823
0.00212823
0.00212823
0.00212823
0.00212823
0.00212823
0.00212823
0.00212823
0.00212823
0.00212823
0.00212823
0.00212823
0.00212823
0.00212823
0.00212823
0.00212823
0.00212823
0.00212823
0.00212823
0.00212823
0.00212823
0.00212823
0.00212823
0.00212823
0.00212823
0.00212823
0.00212823
0.00212823
0.00212823
0.00212823
0.00212823
0.00212823
0.00212823
0.00212823
0.00212823
0.00212823
0.00212823
0.00212823
0.00212823
0.00212823
0.00212823
0.00212823
0.00212823
0.00212823
0.00212823
0.00212823
0.00212823
0.00212823
0.00212823
0.00212823
0.00212823
0.00212823
0.00212823
0.00212823
0.00212823
0.00212823
0.00212823
0.00212823
0.00212823
0.00212823
0.00212823
0.00212823
0.00212823
0.00212823
0.00212823
0.00212823
0.00212823
0.00212823
0.00212823
0.00212823
0.00212823
0.00212823
0.00212823
0.00212823
0.00212823
0.00212823
0.00212823
0.00212823
0.00212823
0.00212823
0.00212823
0.00212823
0.00212823
0.00212823
0.00212823
0.00212823
0.00212823
0.00212823
0.00212823
0.00212823
0.00212823
0.00212823
0.00212823
0.00212823
0.00212823
0.00212823
0.00212823
0.324554
0.245544
