0.75
0.00177817
0.00177817
0.00177817
0.00177817
0.00177817
0.00177817
0.00177817
0.00177817
0.00177817
0.00177817
0.00177817
0.00177817
0.00177817
0.00177817
0.00177817
0.00177817
0.00177817
0.00177817
0.00177817
0.00177817
0.00177817
0.00177817
0.00177817
0.00177817
0.00177817
0.00177817
0.00177817
0.00177817
0.00177817
0.00177817
0.00177817
0.00177817
0.00177817
0.00177817
0.00177817
0.00177817
0.00177817
0.00177817
0.00177817
0.00177817
0.00177817
0.00177817
0.00177817
0.00177817
0.00177817
0.00177817
0.00177817
0.00177817
0.00177817
0.00177817
0.00177817
0.00177817
0.00177817
0.00177817
0.00177817
0.00177817
0.00177817
0.00177817
0.00177817
0.00177817
0.00177817
0.00177817
0.00177817
0.00177817
0.00177817
0.00177817
0.00177817
0.00177817
0.00177817
0.00177817
0.00177817
0.00177817
0.00177817
0.00177817
0.00177817
0.00177817
0.00177817
0.00177817
0.00177817
0.00177817
0.00177817
0.00177817
0.00177817
0.00177817
0.00177817
0.00177817
0.00177817
0.00177817
0.00177817
0.00177817
0.00177817
0.00177817
0.00177817
0.00177817
0.00177817
0.00177817
0.00177817
0.00177817
0.00177817
0.00177817
0.00177817
0.00177817
0.00177817
0.00177817
0.00177817
0.00177817
0.00177817
0.00177817
0.00177817
0.00177817
0.00177817
0.00177817
0.00177817
0.00177817
0.00177817
0.00177817
0.00177817
0.00177817
0.00177817
0.00177817
0.00177817
0.00177817
0.00177817
0.00177817
0.00177817
0.00177817
0.00177817
0.00177817
0.00177817
0.00177817
0.00177817
0.00177817
0.00177817
0.00177817
0.00177817
0.00177817
0.00177817
0.00177817
0.00177817
0.00177817
0.00177817
0.00177817
0.00177817
0.00177817
0.00177817
0.00177817
0.00177817
0.00177817
0.00177817
0.00177817
0.00177817
0.00177817
0.00177817
0.00177817
0.00177817
0.00177817
0.00177817
0.00177817
0.00177817
0.00177817
0.00177817
0.00177817
0.00177817
0.00177817
0.00177817
0.00177817
0.00177817
0.00177817
0.00177817
0.00177817
0.00177817
0.00177817
0.00177817
0.00177817
0.00177817
0.00177817
0.00177817
0.00177817
0.00177817
0.00177817
0.00177817
0.00177817
0.00177817
0.00177817
0.00177817
0.00177817
0.00177817
0.00177817
0.00177817
0.00177817
0.00177817
0.00177817
0.00177817
0.00177817
0.00177817
0.00177817
0.00177817
0.00177817
0.00177817
0.00177817
0.00177817
0.00177817
0.00177817
0.00177817
0.00177817
0.00177817
0.00177817
0.00177817
0.00177817
0.00177817
0.00177817
0.00177817
0.00177817
0.00177817
0.00177817
0.00177817
0.00177817
0.00177817
0.00177817
0.00177817
0.00177817
0.00177817
0.00177817
0.00177817
0.00177817
0.00177817
0.00177817
0.00177817
0.00177817
0.00177817
0.00177817
0.00177817
0.00177817
0.00177817
0.00177817
0.00177817
0.00177817
0.00177817
0.00177817
0.00177817
0.00177817
0.00177817
0.324517
0.245166
