0.75
0.00204761
0.00204761
0.00204761
0.00204761
0.00204761
0.00204761
0.00204761
0.00204761
0.00204761
0.00204761
0.00204761
0.00204761
0.00204761
0.00204761
0.00204761
0.00204761
0.00204761
0.00204761
0.00204761
0.00204761
0.00204761
0.00204761
0.00204761
0.00204761
0.00204761
0.00204761
0.00204761
0.00204761
0.00204761
0.00204761
0.00204761
0.00204761
0.00204761
0.00204761
0.00204761
0.00204761
0.00204761
0.00204761
0.00204761
0.00204761
0.00204761
0.00204761
0.00204761
0.00204761
0.00204761
0.00204761
0.00204761
0.00204761
0.00204761
0.00204761
0.00204761
0.00204761
0.00204761
0.00204761
0.00204761
0.00204761
0.00204761
0.00204761
0.00204761
0.00204761
0.00204761
0.00204761
0.00204761
0.00204761
0.00204761
0.00204761
0.00204761
0.00204761
0.00204761
0.00204761
0.00204761
0.00204761
0.00204761
0.00204761
0.00204761
0.00204761
0.00204761
0.00204761
0.00204761
0.00204761
0.00204761
0.00204761
0.00204761
0.00204761
0.00204761
0.00204761
0.00204761
0.00204761
0.00204761
0.00204761
0.00204761
0.00204761
0.00204761
0.00204761
0.00204761
0.00204761
0.00204761
0.00204761
0.00204761
0.00204761
0.00204761
0.00204761
0.00204761
0.00204761
0.00204761
0.00204761
0.00204761
0.00204761
0.00204761
0.00204761
0.00204761
0.00204761
0.00204761
0.00204761
0.00204761
0.00204761
0.00204761
0.00204761
0.00204761
0.00204761
0.00204761
0.00204761
0.00204761
0.00204761
0.00204761
0.00204761
0.00204761
0.00204761
0.00204761
0.00204761
0.00204761
0.00204761
0.00204761
0.00204761
0.00204761
0.00204761
0.00204761
0.00204761
0.00204761
0.00204761
0.00204761
0.00204761
0.00204761
0.00204761
0.00204761
0.00204761
0.00204761
0.00204761
0.00204761
0.00204761
0.00204761
0.00204761
0.00204761
0.00204761
0.00204761
0.00204761
0.00204761
0.00204761
0.00204761
0.00204761
0.00204761
0.00204761
0.00204761
0.00204761
0.00204761
0.00204761
0.00204761
0.00204761
0.00204761
0.00204761
0.00204761
0.00204761
0.00204761
0.00204761
0.00204761
0.00204761
0.00204761
0.00204761
0.00204761
0.00204761
0.00204761
0.00204761
0.00204761
0.00204761
0.00204761
0.00204761
0.00204761
0.00204761
0.00204761
0.00204761
0.00204761
0.00204761
0.00204761
0.00204761
0.00204761
0.00204761
0.00204761
0.00204761
0.00204761
0.00204761
0.00204761
0.00204761
0.00204761
0.00204761
0.00204761
0.00204761
0.00204761
0.00204761
0.00204761
0.00204761
0.324546
0.245457
