0.75
0.00196391
0.00196391
0.00196391
0.00196391
0.00196391
0.00196391
0.00196391
0.00196391
0.00196391
0.00196391
0.00196391
0.00196391
0.00196391
0.00196391
0.00196391
0.00196391
0.00196391
0.00196391
0.00196391
0.00196391
0.00196391
0.00196391
0.00196391
0.00196391
0.00196391
0.00196391
0.00196391
0.00196391
0.00196391
0.00196391
0.00196391
0.00196391
0.00196391
0.00196391
0.00196391
0.00196391
0.00196391
0.00196391
0.00196391
0.00196391
0.00196391
0.00196391
0.00196391
0.00196391
0.00196391
0.00196391
0.00196391
0.00196391
0.00196391
0.00196391
0.00196391
0.00196391
0.00196391
0.00196391
0.00196391
0.00196391
0.00196391
0.00196391
0.00196391
0.00196391
0.00196391
0.00196391
0.00196391
0.00196391
0.00196391
0.00196391
0.00196391
0.00196391
0.00196391
0.00196391
0.00196391
0.00196391
0.00196391
0.00196391
0.00196391
0.00196391
0.00196391
0.00196391
0.00196391
0.00196391
0.00196391
0.00196391
0.00196391
0.00196391
0.00196391
0.00196391
0.00196391
0.00196391
0.00196391
0.00196391
0.00196391
0.00196391
0.00196391
0.00196391
0.00196391
0.00196391
0.00196391
0.00196391
0.00196391
0.00196391
0.00196391
0.00196391
0.00196391
0.00196391
0.00196391
0.00196391
0.00196391
0.00196391
0.00196391
0.00196391
0.00196391
0.00196391
0.00196391
0.00196391
0.00196391
0.00196391
0.00196391
0.00196391
0.00196391
0.00196391
0.00196391
0.00196391
0.00196391
0.00196391
0.00196391
0.00196391
0.00196391
0.00196391
0.00196391
0.00196391
0.00196391
0.00196391
0.00196391
0.00196391
0.00196391
0.00196391
0.00196391
0.00196391
0.00196391
0.00196391
0.00196391
0.00196391
0.00196391
0.00196391
0.00196391
0.00196391
0.00196391
0.00196391
0.00196391
0.00196391
0.00196391
0.00196391
0.00196391
0.00196391
0.00196391
0.00196391
0.00196391
0.00196391
0.00196391
0.00196391
0.00196391
0.00196391
0.00196391
0.00196391
0.00196391
0.00196391
0.00196391
0.00196391
0.00196391
0.00196391
0.00196391
0.00196391
0.00196391
0.00196391
0.00196391
0.00196391
0.00196391
0.00196391
0.00196391
0.00196391
0.00196391
0.00196391
0.00196391
0.00196391
0.00196391
0.00196391
0.00196391
0.00196391
0.00196391
0.00196391
0.00196391
0.00196391
0.00196391
0.00196391
0.00196391
0.00196391
0.00196391
0.00196391
0.00196391
0.00196391
0.00196391
0.00196391
0.00196391
0.00196391
0.00196391
0.00196391
0.00196391
0.00196391
0.00196391
0.00196391
0.00196391
0.00196391
0.00196391
0.00196391
0.00196391
0.00196391
0.00196391
0.00196391
0.00196391
0.324537
0.245366
