0.75
0.00209726
0.00209726
0.00209726
0.00209726
0.00209726
0.00209726
0.00209726
0.00209726
0.00209726
0.00209726
0.00209726
0.00209726
0.00209726
0.00209726
0.00209726
0.00209726
0.00209726
0.00209726
0.00209726
0.00209726
0.00209726
0.00209726
0.00209726
0.00209726
0.00209726
0.00209726
0.00209726
0.00209726
0.00209726
0.00209726
0.00209726
0.00209726
0.00209726
0.00209726
0.00209726
0.00209726
0.00209726
0.00209726
0.00209726
0.00209726
0.00209726
0.00209726
0.00209726
0.00209726
0.00209726
0.00209726
0.00209726
0.00209726
0.00209726
0.00209726
0.00209726
0.00209726
0.00209726
0.00209726
0.00209726
0.00209726
0.00209726
0.00209726
0.00209726
0.00209726
0.00209726
0.00209726
0.00209726
0.00209726
0.00209726
0.00209726
0.00209726
0.00209726
0.00209726
0.00209726
0.00209726
0.00209726
0.00209726
0.00209726
0.00209726
0.00209726
0.00209726
0.00209726
0.00209726
0.00209726
0.00209726
0.00209726
0.00209726
0.00209726
0.00209726
0.00209726
0.00209726
0.00209726
0.00209726
0.00209726
0.00209726
0.00209726
0.00209726
0.00209726
0.00209726
0.00209726
0.00209726
0.00209726
0.00209726
0.00209726
0.00209726
0.00209726
0.00209726
0.00209726
0.00209726
0.00209726
0.00209726
0.00209726
0.00209726
0.00209726
0.00209726
0.00209726
0.00209726
0.00209726
0.00209726
0.00209726
0.00209726
0.00209726
0.00209726
0.00209726
0.00209726
0.00209726
0.00209726
0.00209726
0.00209726
0.00209726
0.00209726
0.00209726
0.00209726
0.00209726
0.00209726
0.00209726
0.00209726
0.00209726
0.00209726
0.00209726
0.00209726
0.00209726
0.00209726
0.00209726
0.00209726
0.00209726
0.00209726
0.00209726
0.00209726
0.00209726
0.00209726
0.00209726
0.00209726
0.00209726
0.00209726
0.00209726
0.00209726
0.00209726
0.00209726
0.00209726
0.00209726
0.00209726
0.00209726
0.00209726
0.00209726
0.00209726
0.00209726
0.00209726
0.00209726
0.00209726
0.00209726
0.00209726
0.00209726
0.00209726
0.00209726
0.00209726
0.00209726
0.00209726
0.00209726
0.00209726
0.00209726
0.00209726
0.00209726
0.00209726
0.00209726
0.00209726
0.00209726
0.00209726
0.00209726
0.00209726
0.00209726
0.00209726
0.00209726
0.00209726
0.00209726
0.00209726
0.00209726
0.00209726
0.00209726
0.00209726
0.00209726
0.00209726
0.00209726
0.00209726
0.00209726
0.00209726
0.00209726
0.00209726
0.00209726
0.324551
0.245511
