0.75
0.00238663
0.00238663
0.00238663
0.00238663
0.00238663
0.00238663
0.00238663
0.00238663
0.00238663
0.00238663
0.00238663
0.00238663
0.00238663
0.00238663
0.00238663
0.00238663
0.00238663
0.00238663
0.00238663
0.00238663
0.00238663
0.00238663
0.00238663
0.00238663
0.00238663
0.00238663
0.00238663
0.00238663
0.00238663
0.00238663
0.00238663
0.00238663
0.00238663
0.00238663
0.00238663
0.00238663
0.00238663
0.00238663
0.00238663
0.00238663
0.00238663
0.00238663
0.00238663
0.00238663
0.00238663
0.00238663
0.00238663
0.00238663
0.00238663
0.00238663
0.00238663
0.00238663
0.00238663
0.00238663
0.00238663
0.00238663
0.00238663
0.00238663
0.00238663
0.00238663
0.00238663
0.00238663
0.00238663
0.00238663
0.00238663
0.00238663
0.00238663
0.00238663
0.00238663
0.00238663
0.00238663
0.00238663
0.00238663
0.00238663
0.00238663
0.00238663
0.00238663
0.00238663
0.00238663
0.00238663
0.00238663
0.00238663
0.00238663
0.00238663
0.00238663
0.00238663
0.00238663
0.00238663
0.00238663
0.00238663
0.00238663
0.00238663
0.00238663
0.00238663
0.00238663
0.00238663
0.00238663
0.00238663
0.00238663
0.00238663
0.00238663
0.00238663
0.00238663
0.00238663
0.00238663
0.00238663
0.00238663
0.00238663
0.00238663
0.00238663
0.00238663
0.00238663
0.00238663
0.00238663
0.00238663
0.00238663
0.00238663
0.00238663
0.00238663
0.00238663
0.00238663
0.00238663
0.00238663
0.00238663
0.00238663
0.00238663
0.00238663
0.00238663
0.00238663
0.00238663
0.00238663
0.00238663
0.00238663
0.00238663
0.00238663
0.00238663
0.00238663
0.00238663
0.00238663
0.00238663
0.00238663
0.00238663
0.00238663
0.00238663
0.00238663
0.00238663
0.00238663
0.00238663
0.00238663
0.00238663
0.00238663
0.00238663
0.00238663
0.00238663
0.00238663
0.00238663
0.00238663
0.00238663
0.00238663
0.00238663
0.00238663
0.00238663
0.00238663
0.00238663
0.00238663
0.00238663
0.00238663
0.00238663
0.00238663
0.00238663
0.00238663
0.00238663
0.00238663
0.00238663
0.00238663
0.00238663
0.00238663
0.00238663
0.00238663
0.00238663
0.324582
0.245823
