0.75
0.00219298
0.00219298
0.00219298
0.00219298
0.00219298
0.00219298
0.00219298
0.00219298
0.00219298
0.00219298
0.00219298
0.00219298
0.00219298
0.00219298
0.00219298
0.00219298
0.00219298
0.00219298
0.00219298
0.00219298
0.00219298
0.00219298
0.00219298
0.00219298
0.00219298
0.00219298
0.00219298
0.00219298
0.00219298
0.00219298
0.00219298
0.00219298
0.00219298
0.00219298
0.00219298
0.00219298
0.00219298
0.00219298
0.00219298
0.00219298
0.00219298
0.00219298
0.00219298
0.00219298
0.00219298
0.00219298
0.00219298
0.00219298
0.00219298
0.00219298
0.00219298
0.00219298
0.00219298
0.00219298
0.00219298
0.00219298
0.00219298
0.00219298
0.00219298
0.00219298
0.00219298
0.00219298
0.00219298
0.00219298
0.00219298
0.00219298
0.00219298
0.00219298
0.00219298
0.00219298
0.00219298
0.00219298
0.00219298
0.00219298
0.00219298
0.00219298
0.00219298
0.00219298
0.00219298
0.00219298
0.00219298
0.00219298
0.00219298
0.00219298
0.00219298
0.00219298
0.00219298
0.00219298
0.00219298
0.00219298
0.00219298
0.00219298
0.00219298
0.00219298
0.00219298
0.00219298
0.00219298
0.00219298
0.00219298
0.00219298
0.00219298
0.00219298
0.00219298
0.00219298
0.00219298
0.00219298
0.00219298
0.00219298
0.00219298
0.00219298
0.00219298
0.00219298
0.00219298
0.00219298
0.00219298
0.00219298
0.00219298
0.00219298
0.00219298
0.00219298
0.00219298
0.00219298
0.00219298
0.00219298
0.00219298
0.00219298
0.00219298
0.00219298
0.00219298
0.00219298
0.00219298
0.00219298
0.00219298
0.00219298
0.00219298
0.00219298
0.00219298
0.00219298
0.00219298
0.00219298
0.00219298
0.00219298
0.00219298
0.00219298
0.00219298
0.00219298
0.00219298
0.00219298
0.00219298
0.00219298
0.00219298
0.00219298
0.00219298
0.00219298
0.00219298
0.00219298
0.00219298
0.00219298
0.00219298
0.00219298
0.00219298
0.00219298
0.00219298
0.00219298
0.00219298
0.00219298
0.00219298
0.00219298
0.00219298
0.00219298
0.00219298
0.00219298
0.00219298
0.00219298
0.00219298
0.00219298
0.00219298
0.00219298
0.00219298
0.00219298
0.00219298
0.00219298
0.00219298
0.00219298
0.00219298
0.00219298
0.00219298
0.00219298
0.00219298
0.00219298
0.00219298
0.00219298
0.00219298
0.00219298
0.00219298
0.00219298
0.324561
0.245614
