0.75
0.00180791
0.00180791
0.00180791
0.00180791
0.00180791
0.00180791
0.00180791
0.00180791
0.00180791
0.00180791
0.00180791
0.00180791
0.00180791
0.00180791
0.00180791
0.00180791
0.00180791
0.00180791
0.00180791
0.00180791
0.00180791
0.00180791
0.00180791
0.00180791
0.00180791
0.00180791
0.00180791
0.00180791
0.00180791
0.00180791
0.00180791
0.00180791
0.00180791
0.00180791
0.00180791
0.00180791
0.00180791
0.00180791
0.00180791
0.00180791
0.00180791
0.00180791
0.00180791
0.00180791
0.00180791
0.00180791
0.00180791
0.00180791
0.00180791
0.00180791
0.00180791
0.00180791
0.00180791
0.00180791
0.00180791
0.00180791
0.00180791
0.00180791
0.00180791
0.00180791
0.00180791
0.00180791
0.00180791
0.00180791
0.00180791
0.00180791
0.00180791
0.00180791
0.00180791
0.00180791
0.00180791
0.00180791
0.00180791
0.00180791
0.00180791
0.00180791
0.00180791
0.00180791
0.00180791
0.00180791
0.00180791
0.00180791
0.00180791
0.00180791
0.00180791
0.00180791
0.00180791
0.00180791
0.00180791
0.00180791
0.00180791
0.00180791
0.00180791
0.00180791
0.00180791
0.00180791
0.00180791
0.00180791
0.00180791
0.00180791
0.00180791
0.00180791
0.00180791
0.00180791
0.00180791
0.00180791
0.00180791
0.00180791
0.00180791
0.00180791
0.00180791
0.00180791
0.00180791
0.00180791
0.00180791
0.00180791
0.00180791
0.00180791
0.00180791
0.00180791
0.00180791
0.00180791
0.00180791
0.00180791
0.00180791
0.00180791
0.00180791
0.00180791
0.00180791
0.00180791
0.00180791
0.00180791
0.00180791
0.00180791
0.00180791
0.00180791
0.00180791
0.00180791
0.00180791
0.00180791
0.00180791
0.00180791
0.00180791
0.00180791
0.00180791
0.00180791
0.00180791
0.00180791
0.00180791
0.00180791
0.00180791
0.00180791
0.00180791
0.00180791
0.00180791
0.00180791
0.00180791
0.00180791
0.00180791
0.00180791
0.00180791
0.00180791
0.00180791
0.00180791
0.00180791
0.00180791
0.00180791
0.00180791
0.00180791
0.00180791
0.00180791
0.00180791
0.00180791
0.00180791
0.00180791
0.00180791
0.00180791
0.00180791
0.00180791
0.00180791
0.00180791
0.00180791
0.00180791
0.00180791
0.00180791
0.00180791
0.00180791
0.00180791
0.00180791
0.00180791
0.00180791
0.00180791
0.00180791
0.00180791
0.00180791
0.00180791
0.00180791
0.00180791
0.00180791
0.00180791
0.00180791
0.00180791
0.00180791
0.00180791
0.00180791
0.00180791
0.00180791
0.00180791
0.00180791
0.00180791
0.00180791
0.00180791
0.00180791
0.00180791
0.00180791
0.00180791
0.00180791
0.00180791
0.00180791
0.00180791
0.00180791
0.00180791
0.00180791
0.00180791
0.00180791
0.00180791
0.00180791
0.00180791
0.00180791
0.00180791
0.00180791
0.00180791
0.00180791
0.00180791
0.00180791
0.00180791
0.00180791
0.00180791
0.32452
0.245198
