0.75
0.00176367
0.00176367
0.00176367
0.00176367
0.00176367
0.00176367
0.00176367
0.00176367
0.00176367
0.00176367
0.00176367
0.00176367
0.00176367
0.00176367
0.00176367
0.00176367
0.00176367
0.00176367
0.00176367
0.00176367
0.00176367
0.00176367
0.00176367
0.00176367
0.00176367
0.00176367
0.00176367
0.00176367
0.00176367
0.00176367
0.00176367
0.00176367
0.00176367
0.00176367
0.00176367
0.00176367
0.00176367
0.00176367
0.00176367
0.00176367
0.00176367
0.00176367
0.00176367
0.00176367
0.00176367
0.00176367
0.00176367
0.00176367
0.00176367
0.00176367
0.00176367
0.00176367
0.00176367
0.00176367
0.00176367
0.00176367
0.00176367
0.00176367
0.00176367
0.00176367
0.00176367
0.00176367
0.00176367
0.00176367
0.00176367
0.00176367
0.00176367
0.00176367
0.00176367
0.00176367
0.00176367
0.00176367
0.00176367
0.00176367
0.00176367
0.00176367
0.00176367
0.00176367
0.00176367
0.00176367
0.00176367
0.00176367
0.00176367
0.00176367
0.00176367
0.00176367
0.00176367
0.00176367
0.00176367
0.00176367
0.00176367
0.00176367
0.00176367
0.00176367
0.00176367
0.00176367
0.00176367
0.00176367
0.00176367
0.00176367
0.00176367
0.00176367
0.00176367
0.00176367
0.00176367
0.00176367
0.00176367
0.00176367
0.00176367
0.00176367
0.00176367
0.00176367
0.00176367
0.00176367
0.00176367
0.00176367
0.00176367
0.00176367
0.00176367
0.00176367
0.00176367
0.00176367
0.00176367
0.00176367
0.00176367
0.00176367
0.00176367
0.00176367
0.00176367
0.00176367
0.00176367
0.00176367
0.00176367
0.00176367
0.00176367
0.00176367
0.00176367
0.00176367
0.00176367
0.00176367
0.00176367
0.00176367
0.00176367
0.00176367
0.00176367
0.00176367
0.00176367
0.00176367
0.00176367
0.00176367
0.00176367
0.00176367
0.00176367
0.00176367
0.00176367
0.00176367
0.00176367
0.00176367
0.00176367
0.00176367
0.00176367
0.00176367
0.00176367
0.00176367
0.00176367
0.00176367
0.00176367
0.00176367
0.00176367
0.00176367
0.00176367
0.00176367
0.00176367
0.00176367
0.00176367
0.00176367
0.00176367
0.00176367
0.00176367
0.00176367
0.00176367
0.00176367
0.00176367
0.00176367
0.00176367
0.00176367
0.00176367
0.00176367
0.00176367
0.00176367
0.00176367
0.00176367
0.00176367
0.00176367
0.00176367
0.00176367
0.00176367
0.00176367
0.00176367
0.00176367
0.00176367
0.00176367
0.00176367
0.00176367
0.00176367
0.00176367
0.00176367
0.00176367
0.00176367
0.00176367
0.00176367
0.00176367
0.00176367
0.00176367
0.00176367
0.00176367
0.00176367
0.00176367
0.00176367
0.00176367
0.00176367
0.00176367
0.00176367
0.00176367
0.00176367
0.00176367
0.00176367
0.00176367
0.00176367
0.00176367
0.00176367
0.00176367
0.00176367
0.00176367
0.00176367
0.00176367
0.00176367
0.00176367
0.00176367
0.00176367
0.00176367
0.00176367
0.00176367
0.00176367
0.324515
0.24515
