0.75
0.00798005
0.00798005
0.00798005
0.00798005
0.00798005
0.00798005
0.00798005
0.00798005
0.00798005
0.00798005
0.00798005
0.00798005
0.00798005
0.00798005
0.00798005
0.00798005
0.00798005
0.00798005
0.00798005
0.00798005
0.00798005
0.00798005
0.00798005
0.00798005
0.00798005
0.00798005
0.00798005
0.00798005
0.00798005
0.00798005
0.00798005
0.00798005
0.00798005
0.00798005
0.00798005
0.00798005
0.00798005
0.00798005
0.00798005
0.00798005
0.00798005
0.00798005
0.00798005
0.00798005
0.00798005
0.00798005
0.00798005
0.00798005
0.00798005
0.00798005
0.00798005
0.00798005
0.00798005
0.325187
0.25187
