0.75
0.00177089
0.00177089
0.00177089
0.00177089
0.00177089
0.00177089
0.00177089
0.00177089
0.00177089
0.00177089
0.00177089
0.00177089
0.00177089
0.00177089
0.00177089
0.00177089
0.00177089
0.00177089
0.00177089
0.00177089
0.00177089
0.00177089
0.00177089
0.00177089
0.00177089
0.00177089
0.00177089
0.00177089
0.00177089
0.00177089
0.00177089
0.00177089
0.00177089
0.00177089
0.00177089
0.00177089
0.00177089
0.00177089
0.00177089
0.00177089
0.00177089
0.00177089
0.00177089
0.00177089
0.00177089
0.00177089
0.00177089
0.00177089
0.00177089
0.00177089
0.00177089
0.00177089
0.00177089
0.00177089
0.00177089
0.00177089
0.00177089
0.00177089
0.00177089
0.00177089
0.00177089
0.00177089
0.00177089
0.00177089
0.00177089
0.00177089
0.00177089
0.00177089
0.00177089
0.00177089
0.00177089
0.00177089
0.00177089
0.00177089
0.00177089
0.00177089
0.00177089
0.00177089
0.00177089
0.00177089
0.00177089
0.00177089
0.00177089
0.00177089
0.00177089
0.00177089
0.00177089
0.00177089
0.00177089
0.00177089
0.00177089
0.00177089
0.00177089
0.00177089
0.00177089
0.00177089
0.00177089
0.00177089
0.00177089
0.00177089
0.00177089
0.00177089
0.00177089
0.00177089
0.00177089
0.00177089
0.00177089
0.00177089
0.00177089
0.00177089
0.00177089
0.00177089
0.00177089
0.00177089
0.00177089
0.00177089
0.00177089
0.00177089
0.00177089
0.00177089
0.00177089
0.00177089
0.00177089
0.00177089
0.00177089
0.00177089
0.00177089
0.00177089
0.00177089
0.00177089
0.00177089
0.00177089
0.00177089
0.00177089
0.00177089
0.00177089
0.00177089
0.00177089
0.00177089
0.00177089
0.00177089
0.00177089
0.00177089
0.00177089
0.00177089
0.00177089
0.00177089
0.00177089
0.00177089
0.00177089
0.00177089
0.00177089
0.00177089
0.00177089
0.00177089
0.00177089
0.00177089
0.00177089
0.00177089
0.00177089
0.00177089
0.00177089
0.00177089
0.00177089
0.00177089
0.00177089
0.00177089
0.00177089
0.00177089
0.00177089
0.00177089
0.00177089
0.00177089
0.00177089
0.00177089
0.00177089
0.00177089
0.00177089
0.00177089
0.00177089
0.00177089
0.00177089
0.00177089
0.00177089
0.00177089
0.00177089
0.00177089
0.00177089
0.00177089
0.00177089
0.00177089
0.00177089
0.00177089
0.00177089
0.00177089
0.00177089
0.00177089
0.00177089
0.00177089
0.00177089
0.00177089
0.00177089
0.00177089
0.00177089
0.00177089
0.00177089
0.00177089
0.00177089
0.00177089
0.00177089
0.00177089
0.00177089
0.00177089
0.00177089
0.00177089
0.00177089
0.00177089
0.00177089
0.00177089
0.00177089
0.00177089
0.00177089
0.00177089
0.00177089
0.00177089
0.00177089
0.00177089
0.00177089
0.00177089
0.00177089
0.00177089
0.00177089
0.00177089
0.00177089
0.00177089
0.00177089
0.00177089
0.00177089
0.00177089
0.00177089
0.00177089
0.00177089
0.00177089
0.324516
0.245158
