0.75
0.00444939
0.00444939
0.00444939
0.00444939
0.00444939
0.00444939
0.00444939
0.00444939
0.00444939
0.00444939
0.00444939
0.00444939
0.00444939
0.00444939
0.00444939
0.00444939
0.00444939
0.00444939
0.00444939
0.00444939
0.00444939
0.00444939
0.00444939
0.00444939
0.00444939
0.00444939
0.00444939
0.00444939
0.00444939
0.00444939
0.00444939
0.00444939
0.00444939
0.00444939
0.00444939
0.00444939
0.00444939
0.00444939
0.00444939
0.00444939
0.00444939
0.00444939
0.00444939
0.00444939
0.00444939
0.00444939
0.00444939
0.00444939
0.00444939
0.00444939
0.00444939
0.00444939
0.00444939
0.00444939
0.00444939
0.00444939
0.00444939
0.00444939
0.00444939
0.00444939
0.00444939
0.00444939
0.00444939
0.00444939
0.00444939
0.00444939
0.00444939
0.00444939
0.00444939
0.00444939
0.00444939
0.00444939
0.00444939
0.00444939
0.00444939
0.00444939
0.00444939
0.00444939
0.00444939
0.00444939
0.00444939
0.00444939
0.00444939
0.00444939
0.00444939
0.00444939
0.00444939
0.00444939
0.00444939
0.00444939
0.00444939
0.00444939
0.00444939
0.00444939
0.00444939
0.00444939
0.324805
0.248053
