0.75
0.00879121
0.00879121
0.00879121
0.00879121
0.00879121
0.00879121
0.00879121
0.00879121
0.00879121
0.00879121
0.00879121
0.00879121
0.00879121
0.00879121
0.00879121
0.00879121
0.00879121
0.00879121
0.00879121
0.00879121
0.00879121
0.00879121
0.00879121
0.00879121
0.00879121
0.00879121
0.00879121
0.00879121
0.00879121
0.00879121
0.00879121
0.00879121
0.00879121
0.00879121
0.00879121
0.00879121
0.00879121
0.00879121
0.00879121
0.00879121
0.00879121
0.00879121
0.00879121
0.00879121
0.00879121
0.00879121
0.00879121
0.00879121
0.325275
0.252747
