0.75
0.00440407
0.00440407
0.00440407
0.00440407
0.00440407
0.00440407
0.00440407
0.00440407
0.00440407
0.00440407
0.00440407
0.00440407
0.00440407
0.00440407
0.00440407
0.00440407
0.00440407
0.00440407
0.00440407
0.00440407
0.00440407
0.00440407
0.00440407
0.00440407
0.00440407
0.00440407
0.00440407
0.00440407
0.00440407
0.00440407
0.00440407
0.00440407
0.00440407
0.00440407
0.00440407
0.00440407
0.00440407
0.00440407
0.00440407
0.00440407
0.00440407
0.00440407
0.00440407
0.00440407
0.00440407
0.00440407
0.00440407
0.00440407
0.00440407
0.00440407
0.00440407
0.00440407
0.00440407
0.00440407
0.00440407
0.00440407
0.00440407
0.00440407
0.00440407
0.00440407
0.00440407
0.00440407
0.00440407
0.00440407
0.00440407
0.00440407
0.00440407
0.00440407
0.00440407
0.00440407
0.00440407
0.00440407
0.00440407
0.00440407
0.00440407
0.00440407
0.00440407
0.00440407
0.00440407
0.00440407
0.00440407
0.00440407
0.00440407
0.00440407
0.00440407
0.00440407
0.00440407
0.00440407
0.00440407
0.00440407
0.00440407
0.00440407
0.00440407
0.00440407
0.00440407
0.00440407
0.00440407
0.3248
0.248004
