0.75
0.00743149
0.00743149
0.00743149
0.00743149
0.00743149
0.00743149
0.00743149
0.00743149
0.00743149
0.00743149
0.00743149
0.00743149
0.00743149
0.00743149
0.00743149
0.00743149
0.00743149
0.00743149
0.00743149
0.00743149
0.00743149
0.00743149
0.00743149
0.00743149
0.00743149
0.00743149
0.00743149
0.00743149
0.00743149
0.00743149
0.00743149
0.00743149
0.00743149
0.00743149
0.00743149
0.00743149
0.00743149
0.00743149
0.00743149
0.00743149
0.00743149
0.00743149
0.00743149
0.00743149
0.00743149
0.00743149
0.00743149
0.00743149
0.00743149
0.00743149
0.00743149
0.00743149
0.00743149
0.00743149
0.00743149
0.00743149
0.00743149
0.325128
0.251277
