0.75
0.00186241
0.00186241
0.00186241
0.00186241
0.00186241
0.00186241
0.00186241
0.00186241
0.00186241
0.00186241
0.00186241
0.00186241
0.00186241
0.00186241
0.00186241
0.00186241
0.00186241
0.00186241
0.00186241
0.00186241
0.00186241
0.00186241
0.00186241
0.00186241
0.00186241
0.00186241
0.00186241
0.00186241
0.00186241
0.00186241
0.00186241
0.00186241
0.00186241
0.00186241
0.00186241
0.00186241
0.00186241
0.00186241
0.00186241
0.00186241
0.00186241
0.00186241
0.00186241
0.00186241
0.00186241
0.00186241
0.00186241
0.00186241
0.00186241
0.00186241
0.00186241
0.00186241
0.00186241
0.00186241
0.00186241
0.00186241
0.00186241
0.00186241
0.00186241
0.00186241
0.00186241
0.00186241
0.00186241
0.00186241
0.00186241
0.00186241
0.00186241
0.00186241
0.00186241
0.00186241
0.00186241
0.00186241
0.00186241
0.00186241
0.00186241
0.00186241
0.00186241
0.00186241
0.00186241
0.00186241
0.00186241
0.00186241
0.00186241
0.00186241
0.00186241
0.00186241
0.00186241
0.00186241
0.00186241
0.00186241
0.00186241
0.00186241
0.00186241
0.00186241
0.00186241
0.00186241
0.00186241
0.00186241
0.00186241
0.00186241
0.00186241
0.00186241
0.00186241
0.00186241
0.00186241
0.00186241
0.00186241
0.00186241
0.00186241
0.00186241
0.00186241
0.00186241
0.00186241
0.00186241
0.00186241
0.00186241
0.00186241
0.00186241
0.00186241
0.00186241
0.00186241
0.00186241
0.00186241
0.00186241
0.00186241
0.00186241
0.00186241
0.00186241
0.00186241
0.00186241
0.00186241
0.00186241
0.00186241
0.00186241
0.00186241
0.00186241
0.00186241
0.00186241
0.00186241
0.00186241
0.00186241
0.00186241
0.00186241
0.00186241
0.00186241
0.00186241
0.00186241
0.00186241
0.00186241
0.00186241
0.00186241
0.00186241
0.00186241
0.00186241
0.00186241
0.00186241
0.00186241
0.00186241
0.00186241
0.00186241
0.00186241
0.00186241
0.00186241
0.00186241
0.00186241
0.00186241
0.00186241
0.00186241
0.00186241
0.00186241
0.00186241
0.00186241
0.00186241
0.00186241
0.00186241
0.00186241
0.00186241
0.00186241
0.00186241
0.00186241
0.00186241
0.00186241
0.00186241
0.00186241
0.00186241
0.00186241
0.00186241
0.00186241
0.00186241
0.00186241
0.00186241
0.00186241
0.00186241
0.00186241
0.00186241
0.00186241
0.00186241
0.00186241
0.00186241
0.00186241
0.00186241
0.00186241
0.00186241
0.00186241
0.00186241
0.00186241
0.00186241
0.00186241
0.00186241
0.00186241
0.00186241
0.00186241
0.00186241
0.00186241
0.00186241
0.00186241
0.00186241
0.00186241
0.00186241
0.00186241
0.00186241
0.00186241
0.00186241
0.00186241
0.00186241
0.00186241
0.00186241
0.00186241
0.00186241
0.00186241
0.00186241
0.324526
0.245257
