0.75
0.00706714
0.00706714
0.00706714
0.00706714
0.00706714
0.00706714
0.00706714
0.00706714
0.00706714
0.00706714
0.00706714
0.00706714
0.00706714
0.00706714
0.00706714
0.00706714
0.00706714
0.00706714
0.00706714
0.00706714
0.00706714
0.00706714
0.00706714
0.00706714
0.00706714
0.00706714
0.00706714
0.00706714
0.00706714
0.00706714
0.00706714
0.00706714
0.00706714
0.00706714
0.00706714
0.00706714
0.00706714
0.00706714
0.00706714
0.00706714
0.00706714
0.00706714
0.00706714
0.00706714
0.00706714
0.00706714
0.00706714
0.00706714
0.00706714
0.00706714
0.00706714
0.00706714
0.00706714
0.00706714
0.00706714
0.00706714
0.00706714
0.00706714
0.00706714
0.00706714
0.325088
0.250883
