0.75
0.00200955
0.00200955
0.00200955
0.00200955
0.00200955
0.00200955
0.00200955
0.00200955
0.00200955
0.00200955
0.00200955
0.00200955
0.00200955
0.00200955
0.00200955
0.00200955
0.00200955
0.00200955
0.00200955
0.00200955
0.00200955
0.00200955
0.00200955
0.00200955
0.00200955
0.00200955
0.00200955
0.00200955
0.00200955
0.00200955
0.00200955
0.00200955
0.00200955
0.00200955
0.00200955
0.00200955
0.00200955
0.00200955
0.00200955
0.00200955
0.00200955
0.00200955
0.00200955
0.00200955
0.00200955
0.00200955
0.00200955
0.00200955
0.00200955
0.00200955
0.00200955
0.00200955
0.00200955
0.00200955
0.00200955
0.00200955
0.00200955
0.00200955
0.00200955
0.00200955
0.00200955
0.00200955
0.00200955
0.00200955
0.00200955
0.00200955
0.00200955
0.00200955
0.00200955
0.00200955
0.00200955
0.00200955
0.00200955
0.00200955
0.00200955
0.00200955
0.00200955
0.00200955
0.00200955
0.00200955
0.00200955
0.00200955
0.00200955
0.00200955
0.00200955
0.00200955
0.00200955
0.00200955
0.00200955
0.00200955
0.00200955
0.00200955
0.00200955
0.00200955
0.00200955
0.00200955
0.00200955
0.00200955
0.00200955
0.00200955
0.00200955
0.00200955
0.00200955
0.00200955
0.00200955
0.00200955
0.00200955
0.00200955
0.00200955
0.00200955
0.00200955
0.00200955
0.00200955
0.00200955
0.00200955
0.00200955
0.00200955
0.00200955
0.00200955
0.00200955
0.00200955
0.00200955
0.00200955
0.00200955
0.00200955
0.00200955
0.00200955
0.00200955
0.00200955
0.00200955
0.00200955
0.00200955
0.00200955
0.00200955
0.00200955
0.00200955
0.00200955
0.00200955
0.00200955
0.00200955
0.00200955
0.00200955
0.00200955
0.00200955
0.00200955
0.00200955
0.00200955
0.00200955
0.00200955
0.00200955
0.00200955
0.00200955
0.00200955
0.00200955
0.00200955
0.00200955
0.00200955
0.00200955
0.00200955
0.00200955
0.00200955
0.00200955
0.00200955
0.00200955
0.00200955
0.00200955
0.00200955
0.00200955
0.00200955
0.00200955
0.00200955
0.00200955
0.00200955
0.00200955
0.00200955
0.00200955
0.00200955
0.00200955
0.00200955
0.00200955
0.00200955
0.00200955
0.00200955
0.00200955
0.00200955
0.00200955
0.00200955
0.00200955
0.00200955
0.00200955
0.00200955
0.00200955
0.00200955
0.00200955
0.00200955
0.00200955
0.00200955
0.00200955
0.00200955
0.00200955
0.00200955
0.00200955
0.00200955
0.00200955
0.00200955
0.00200955
0.00200955
0.00200955
0.00200955
0.00200955
0.00200955
0.00200955
0.00200955
0.00200955
0.324542
0.245416
