0.75
0.00730594
0.00730594
0.00730594
0.00730594
0.00730594
0.00730594
0.00730594
0.00730594
0.00730594
0.00730594
0.00730594
0.00730594
0.00730594
0.00730594
0.00730594
0.00730594
0.00730594
0.00730594
0.00730594
0.00730594
0.00730594
0.00730594
0.00730594
0.00730594
0.00730594
0.00730594
0.00730594
0.00730594
0.00730594
0.00730594
0.00730594
0.00730594
0.00730594
0.00730594
0.00730594
0.00730594
0.00730594
0.00730594
0.00730594
0.00730594
0.00730594
0.00730594
0.00730594
0.00730594
0.00730594
0.00730594
0.00730594
0.00730594
0.00730594
0.00730594
0.00730594
0.00730594
0.00730594
0.00730594
0.00730594
0.00730594
0.00730594
0.00730594
0.325114
0.251142
