0.75
0.00304125
0.00304125
0.00304125
0.00304125
0.00304125
0.00304125
0.00304125
0.00304125
0.00304125
0.00304125
0.00304125
0.00304125
0.00304125
0.00304125
0.00304125
0.00304125
0.00304125
0.00304125
0.00304125
0.00304125
0.00304125
0.00304125
0.00304125
0.00304125
0.00304125
0.00304125
0.00304125
0.00304125
0.00304125
0.00304125
0.00304125
0.00304125
0.00304125
0.00304125
0.00304125
0.00304125
0.00304125
0.00304125
0.00304125
0.00304125
0.00304125
0.00304125
0.00304125
0.00304125
0.00304125
0.00304125
0.00304125
0.00304125
0.00304125
0.00304125
0.00304125
0.00304125
0.00304125
0.00304125
0.00304125
0.00304125
0.00304125
0.00304125
0.00304125
0.00304125
0.00304125
0.00304125
0.00304125
0.00304125
0.00304125
0.00304125
0.00304125
0.00304125
0.00304125
0.00304125
0.00304125
0.00304125
0.00304125
0.00304125
0.00304125
0.00304125
0.00304125
0.00304125
0.00304125
0.00304125
0.00304125
0.00304125
0.00304125
0.00304125
0.00304125
0.00304125
0.00304125
0.00304125
0.00304125
0.00304125
0.00304125
0.00304125
0.00304125
0.00304125
0.00304125
0.00304125
0.00304125
0.00304125
0.00304125
0.00304125
0.00304125
0.00304125
0.00304125
0.00304125
0.00304125
0.00304125
0.00304125
0.00304125
0.00304125
0.00304125
0.00304125
0.00304125
0.00304125
0.00304125
0.00304125
0.00304125
0.00304125
0.00304125
0.00304125
0.00304125
0.00304125
0.00304125
0.00304125
0.00304125
0.00304125
0.00304125
0.00304125
0.00304125
0.00304125
0.00304125
0.00304125
0.00304125
0.00304125
0.00304125
0.00304125
0.00304125
0.00304125
0.00304125
0.00304125
0.00304125
0.00304125
0.324653
0.246531
