0.75
0.00220416
0.00220416
0.00220416
0.00220416
0.00220416
0.00220416
0.00220416
0.00220416
0.00220416
0.00220416
0.00220416
0.00220416
0.00220416
0.00220416
0.00220416
0.00220416
0.00220416
0.00220416
0.00220416
0.00220416
0.00220416
0.00220416
0.00220416
0.00220416
0.00220416
0.00220416
0.00220416
0.00220416
0.00220416
0.00220416
0.00220416
0.00220416
0.00220416
0.00220416
0.00220416
0.00220416
0.00220416
0.00220416
0.00220416
0.00220416
0.00220416
0.00220416
0.00220416
0.00220416
0.00220416
0.00220416
0.00220416
0.00220416
0.00220416
0.00220416
0.00220416
0.00220416
0.00220416
0.00220416
0.00220416
0.00220416
0.00220416
0.00220416
0.00220416
0.00220416
0.00220416
0.00220416
0.00220416
0.00220416
0.00220416
0.00220416
0.00220416
0.00220416
0.00220416
0.00220416
0.00220416
0.00220416
0.00220416
0.00220416
0.00220416
0.00220416
0.00220416
0.00220416
0.00220416
0.00220416
0.00220416
0.00220416
0.00220416
0.00220416
0.00220416
0.00220416
0.00220416
0.00220416
0.00220416
0.00220416
0.00220416
0.00220416
0.00220416
0.00220416
0.00220416
0.00220416
0.00220416
0.00220416
0.00220416
0.00220416
0.00220416
0.00220416
0.00220416
0.00220416
0.00220416
0.00220416
0.00220416
0.00220416
0.00220416
0.00220416
0.00220416
0.00220416
0.00220416
0.00220416
0.00220416
0.00220416
0.00220416
0.00220416
0.00220416
0.00220416
0.00220416
0.00220416
0.00220416
0.00220416
0.00220416
0.00220416
0.00220416
0.00220416
0.00220416
0.00220416
0.00220416
0.00220416
0.00220416
0.00220416
0.00220416
0.00220416
0.00220416
0.00220416
0.00220416
0.00220416
0.00220416
0.00220416
0.00220416
0.00220416
0.00220416
0.00220416
0.00220416
0.00220416
0.00220416
0.00220416
0.00220416
0.00220416
0.00220416
0.00220416
0.00220416
0.00220416
0.00220416
0.00220416
0.00220416
0.00220416
0.00220416
0.00220416
0.00220416
0.00220416
0.00220416
0.00220416
0.00220416
0.00220416
0.00220416
0.00220416
0.00220416
0.00220416
0.00220416
0.00220416
0.00220416
0.00220416
0.00220416
0.00220416
0.00220416
0.00220416
0.00220416
0.00220416
0.00220416
0.00220416
0.00220416
0.00220416
0.00220416
0.00220416
0.00220416
0.00220416
0.00220416
0.00220416
0.00220416
0.00220416
0.00220416
0.324563
0.245626
