0.75
0.0039604
0.0039604
0.0039604
0.0039604
0.0039604
0.0039604
0.0039604
0.0039604
0.0039604
0.0039604
0.0039604
0.0039604
0.0039604
0.0039604
0.0039604
0.0039604
0.0039604
0.0039604
0.0039604
0.0039604
0.0039604
0.0039604
0.0039604
0.0039604
0.0039604
0.0039604
0.0039604
0.0039604
0.0039604
0.0039604
0.0039604
0.0039604
0.0039604
0.0039604
0.0039604
0.0039604
0.0039604
0.0039604
0.0039604
0.0039604
0.0039604
0.0039604
0.0039604
0.0039604
0.0039604
0.0039604
0.0039604
0.0039604
0.0039604
0.0039604
0.0039604
0.0039604
0.0039604
0.0039604
0.0039604
0.0039604
0.0039604
0.0039604
0.0039604
0.0039604
0.0039604
0.0039604
0.0039604
0.0039604
0.0039604
0.0039604
0.0039604
0.0039604
0.0039604
0.0039604
0.0039604
0.0039604
0.0039604
0.0039604
0.0039604
0.0039604
0.0039604
0.0039604
0.0039604
0.0039604
0.0039604
0.0039604
0.0039604
0.0039604
0.0039604
0.0039604
0.0039604
0.0039604
0.0039604
0.0039604
0.0039604
0.0039604
0.0039604
0.0039604
0.0039604
0.0039604
0.0039604
0.0039604
0.0039604
0.0039604
0.0039604
0.0039604
0.0039604
0.0039604
0.0039604
0.0039604
0.0039604
0.0039604
0.324752
0.247525
