0.75
0.00362812
0.00362812
0.00362812
0.00362812
0.00362812
0.00362812
0.00362812
0.00362812
0.00362812
0.00362812
0.00362812
0.00362812
0.00362812
0.00362812
0.00362812
0.00362812
0.00362812
0.00362812
0.00362812
0.00362812
0.00362812
0.00362812
0.00362812
0.00362812
0.00362812
0.00362812
0.00362812
0.00362812
0.00362812
0.00362812
0.00362812
0.00362812
0.00362812
0.00362812
0.00362812
0.00362812
0.00362812
0.00362812
0.00362812
0.00362812
0.00362812
0.00362812
0.00362812
0.00362812
0.00362812
0.00362812
0.00362812
0.00362812
0.00362812
0.00362812
0.00362812
0.00362812
0.00362812
0.00362812
0.00362812
0.00362812
0.00362812
0.00362812
0.00362812
0.00362812
0.00362812
0.00362812
0.00362812
0.00362812
0.00362812
0.00362812
0.00362812
0.00362812
0.00362812
0.00362812
0.00362812
0.00362812
0.00362812
0.00362812
0.00362812
0.00362812
0.00362812
0.00362812
0.00362812
0.00362812
0.00362812
0.00362812
0.00362812
0.00362812
0.00362812
0.00362812
0.00362812
0.00362812
0.00362812
0.00362812
0.00362812
0.00362812
0.00362812
0.00362812
0.00362812
0.00362812
0.00362812
0.00362812
0.00362812
0.00362812
0.00362812
0.00362812
0.00362812
0.00362812
0.00362812
0.00362812
0.00362812
0.00362812
0.00362812
0.00362812
0.00362812
0.00362812
0.00362812
0.00362812
0.00362812
0.00362812
0.00362812
0.00362812
0.324717
0.247166
