0.75
0.00302001
0.00302001
0.00302001
0.00302001
0.00302001
0.00302001
0.00302001
0.00302001
0.00302001
0.00302001
0.00302001
0.00302001
0.00302001
0.00302001
0.00302001
0.00302001
0.00302001
0.00302001
0.00302001
0.00302001
0.00302001
0.00302001
0.00302001
0.00302001
0.00302001
0.00302001
0.00302001
0.00302001
0.00302001
0.00302001
0.00302001
0.00302001
0.00302001
0.00302001
0.00302001
0.00302001
0.00302001
0.00302001
0.00302001
0.00302001
0.00302001
0.00302001
0.00302001
0.00302001
0.00302001
0.00302001
0.00302001
0.00302001
0.00302001
0.00302001
0.00302001
0.00302001
0.00302001
0.00302001
0.00302001
0.00302001
0.00302001
0.00302001
0.00302001
0.00302001
0.00302001
0.00302001
0.00302001
0.00302001
0.00302001
0.00302001
0.00302001
0.00302001
0.00302001
0.00302001
0.00302001
0.00302001
0.00302001
0.00302001
0.00302001
0.00302001
0.00302001
0.00302001
0.00302001
0.00302001
0.00302001
0.00302001
0.00302001
0.00302001
0.00302001
0.00302001
0.00302001
0.00302001
0.00302001
0.00302001
0.00302001
0.00302001
0.00302001
0.00302001
0.00302001
0.00302001
0.00302001
0.00302001
0.00302001
0.00302001
0.00302001
0.00302001
0.00302001
0.00302001
0.00302001
0.00302001
0.00302001
0.00302001
0.00302001
0.00302001
0.00302001
0.00302001
0.00302001
0.00302001
0.00302001
0.00302001
0.00302001
0.00302001
0.00302001
0.00302001
0.00302001
0.00302001
0.00302001
0.00302001
0.00302001
0.00302001
0.00302001
0.00302001
0.00302001
0.00302001
0.00302001
0.00302001
0.00302001
0.00302001
0.00302001
0.00302001
0.00302001
0.00302001
0.00302001
0.00302001
0.00302001
0.00302001
0.324651
0.246508
