0.75
0.00241327
0.00241327
0.00241327
0.00241327
0.00241327
0.00241327
0.00241327
0.00241327
0.00241327
0.00241327
0.00241327
0.00241327
0.00241327
0.00241327
0.00241327
0.00241327
0.00241327
0.00241327
0.00241327
0.00241327
0.00241327
0.00241327
0.00241327
0.00241327
0.00241327
0.00241327
0.00241327
0.00241327
0.00241327
0.00241327
0.00241327
0.00241327
0.00241327
0.00241327
0.00241327
0.00241327
0.00241327
0.00241327
0.00241327
0.00241327
0.00241327
0.00241327
0.00241327
0.00241327
0.00241327
0.00241327
0.00241327
0.00241327
0.00241327
0.00241327
0.00241327
0.00241327
0.00241327
0.00241327
0.00241327
0.00241327
0.00241327
0.00241327
0.00241327
0.00241327
0.00241327
0.00241327
0.00241327
0.00241327
0.00241327
0.00241327
0.00241327
0.00241327
0.00241327
0.00241327
0.00241327
0.00241327
0.00241327
0.00241327
0.00241327
0.00241327
0.00241327
0.00241327
0.00241327
0.00241327
0.00241327
0.00241327
0.00241327
0.00241327
0.00241327
0.00241327
0.00241327
0.00241327
0.00241327
0.00241327
0.00241327
0.00241327
0.00241327
0.00241327
0.00241327
0.00241327
0.00241327
0.00241327
0.00241327
0.00241327
0.00241327
0.00241327
0.00241327
0.00241327
0.00241327
0.00241327
0.00241327
0.00241327
0.00241327
0.00241327
0.00241327
0.00241327
0.00241327
0.00241327
0.00241327
0.00241327
0.00241327
0.00241327
0.00241327
0.00241327
0.00241327
0.00241327
0.00241327
0.00241327
0.00241327
0.00241327
0.00241327
0.00241327
0.00241327
0.00241327
0.00241327
0.00241327
0.00241327
0.00241327
0.00241327
0.00241327
0.00241327
0.00241327
0.00241327
0.00241327
0.00241327
0.00241327
0.00241327
0.00241327
0.00241327
0.00241327
0.00241327
0.00241327
0.00241327
0.00241327
0.00241327
0.00241327
0.00241327
0.00241327
0.00241327
0.00241327
0.00241327
0.00241327
0.00241327
0.00241327
0.00241327
0.00241327
0.00241327
0.00241327
0.00241327
0.00241327
0.00241327
0.00241327
0.00241327
0.00241327
0.00241327
0.00241327
0.00241327
0.00241327
0.00241327
0.00241327
0.00241327
0.00241327
0.324585
0.245852
