0.75
0.00345423
0.00345423
0.00345423
0.00345423
0.00345423
0.00345423
0.00345423
0.00345423
0.00345423
0.00345423
0.00345423
0.00345423
0.00345423
0.00345423
0.00345423
0.00345423
0.00345423
0.00345423
0.00345423
0.00345423
0.00345423
0.00345423
0.00345423
0.00345423
0.00345423
0.00345423
0.00345423
0.00345423
0.00345423
0.00345423
0.00345423
0.00345423
0.00345423
0.00345423
0.00345423
0.00345423
0.00345423
0.00345423
0.00345423
0.00345423
0.00345423
0.00345423
0.00345423
0.00345423
0.00345423
0.00345423
0.00345423
0.00345423
0.00345423
0.00345423
0.00345423
0.00345423
0.00345423
0.00345423
0.00345423
0.00345423
0.00345423
0.00345423
0.00345423
0.00345423
0.00345423
0.00345423
0.00345423
0.00345423
0.00345423
0.00345423
0.00345423
0.00345423
0.00345423
0.00345423
0.00345423
0.00345423
0.00345423
0.00345423
0.00345423
0.00345423
0.00345423
0.00345423
0.00345423
0.00345423
0.00345423
0.00345423
0.00345423
0.00345423
0.00345423
0.00345423
0.00345423
0.00345423
0.00345423
0.00345423
0.00345423
0.00345423
0.00345423
0.00345423
0.00345423
0.00345423
0.00345423
0.00345423
0.00345423
0.00345423
0.00345423
0.00345423
0.00345423
0.00345423
0.00345423
0.00345423
0.00345423
0.00345423
0.00345423
0.00345423
0.00345423
0.00345423
0.00345423
0.00345423
0.00345423
0.00345423
0.00345423
0.00345423
0.00345423
0.00345423
0.00345423
0.00345423
0.00345423
0.00345423
0.324698
0.246978
