0.75
0.00258649
0.00258649
0.00258649
0.00258649
0.00258649
0.00258649
0.00258649
0.00258649
0.00258649
0.00258649
0.00258649
0.00258649
0.00258649
0.00258649
0.00258649
0.00258649
0.00258649
0.00258649
0.00258649
0.00258649
0.00258649
0.00258649
0.00258649
0.00258649
0.00258649
0.00258649
0.00258649
0.00258649
0.00258649
0.00258649
0.00258649
0.00258649
0.00258649
0.00258649
0.00258649
0.00258649
0.00258649
0.00258649
0.00258649
0.00258649
0.00258649
0.00258649
0.00258649
0.00258649
0.00258649
0.00258649
0.00258649
0.00258649
0.00258649
0.00258649
0.00258649
0.00258649
0.00258649
0.00258649
0.00258649
0.00258649
0.00258649
0.00258649
0.00258649
0.00258649
0.00258649
0.00258649
0.00258649
0.00258649
0.00258649
0.00258649
0.00258649
0.00258649
0.00258649
0.00258649
0.00258649
0.00258649
0.00258649
0.00258649
0.00258649
0.00258649
0.00258649
0.00258649
0.00258649
0.00258649
0.00258649
0.00258649
0.00258649
0.00258649
0.00258649
0.00258649
0.00258649
0.00258649
0.00258649
0.00258649
0.00258649
0.00258649
0.00258649
0.00258649
0.00258649
0.00258649
0.00258649
0.00258649
0.00258649
0.00258649
0.00258649
0.00258649
0.00258649
0.00258649
0.00258649
0.00258649
0.00258649
0.00258649
0.00258649
0.00258649
0.00258649
0.00258649
0.00258649
0.00258649
0.00258649
0.00258649
0.00258649
0.00258649
0.00258649
0.00258649
0.00258649
0.00258649
0.00258649
0.00258649
0.00258649
0.00258649
0.00258649
0.00258649
0.00258649
0.00258649
0.00258649
0.00258649
0.00258649
0.00258649
0.00258649
0.00258649
0.00258649
0.00258649
0.00258649
0.00258649
0.00258649
0.00258649
0.00258649
0.00258649
0.00258649
0.00258649
0.00258649
0.00258649
0.00258649
0.00258649
0.00258649
0.00258649
0.00258649
0.00258649
0.00258649
0.00258649
0.00258649
0.00258649
0.00258649
0.00258649
0.00258649
0.00258649
0.00258649
0.00258649
0.00258649
0.00258649
0.324604
0.246039
