0.75
0.00351031
0.00351031
0.00351031
0.00351031
0.00351031
0.00351031
0.00351031
0.00351031
0.00351031
0.00351031
0.00351031
0.00351031
0.00351031
0.00351031
0.00351031
0.00351031
0.00351031
0.00351031
0.00351031
0.00351031
0.00351031
0.00351031
0.00351031
0.00351031
0.00351031
0.00351031
0.00351031
0.00351031
0.00351031
0.00351031
0.00351031
0.00351031
0.00351031
0.00351031
0.00351031
0.00351031
0.00351031
0.00351031
0.00351031
0.00351031
0.00351031
0.00351031
0.00351031
0.00351031
0.00351031
0.00351031
0.00351031
0.00351031
0.00351031
0.00351031
0.00351031
0.00351031
0.00351031
0.00351031
0.00351031
0.00351031
0.00351031
0.00351031
0.00351031
0.00351031
0.00351031
0.00351031
0.00351031
0.00351031
0.00351031
0.00351031
0.00351031
0.00351031
0.00351031
0.00351031
0.00351031
0.00351031
0.00351031
0.00351031
0.00351031
0.00351031
0.00351031
0.00351031
0.00351031
0.00351031
0.00351031
0.00351031
0.00351031
0.00351031
0.00351031
0.00351031
0.00351031
0.00351031
0.00351031
0.00351031
0.00351031
0.00351031
0.00351031
0.00351031
0.00351031
0.00351031
0.00351031
0.00351031
0.00351031
0.00351031
0.00351031
0.00351031
0.00351031
0.00351031
0.00351031
0.00351031
0.00351031
0.00351031
0.00351031
0.00351031
0.00351031
0.00351031
0.00351031
0.00351031
0.00351031
0.00351031
0.00351031
0.00351031
0.00351031
0.00351031
0.00351031
0.00351031
0.324704
0.247038
