0.75
0.00213875
0.00213875
0.00213875
0.00213875
0.00213875
0.00213875
0.00213875
0.00213875
0.00213875
0.00213875
0.00213875
0.00213875
0.00213875
0.00213875
0.00213875
0.00213875
0.00213875
0.00213875
0.00213875
0.00213875
0.00213875
0.00213875
0.00213875
0.00213875
0.00213875
0.00213875
0.00213875
0.00213875
0.00213875
0.00213875
0.00213875
0.00213875
0.00213875
0.00213875
0.00213875
0.00213875
0.00213875
0.00213875
0.00213875
0.00213875
0.00213875
0.00213875
0.00213875
0.00213875
0.00213875
0.00213875
0.00213875
0.00213875
0.00213875
0.00213875
0.00213875
0.00213875
0.00213875
0.00213875
0.00213875
0.00213875
0.00213875
0.00213875
0.00213875
0.00213875
0.00213875
0.00213875
0.00213875
0.00213875
0.00213875
0.00213875
0.00213875
0.00213875
0.00213875
0.00213875
0.00213875
0.00213875
0.00213875
0.00213875
0.00213875
0.00213875
0.00213875
0.00213875
0.00213875
0.00213875
0.00213875
0.00213875
0.00213875
0.00213875
0.00213875
0.00213875
0.00213875
0.00213875
0.00213875
0.00213875
0.00213875
0.00213875
0.00213875
0.00213875
0.00213875
0.00213875
0.00213875
0.00213875
0.00213875
0.00213875
0.00213875
0.00213875
0.00213875
0.00213875
0.00213875
0.00213875
0.00213875
0.00213875
0.00213875
0.00213875
0.00213875
0.00213875
0.00213875
0.00213875
0.00213875
0.00213875
0.00213875
0.00213875
0.00213875
0.00213875
0.00213875
0.00213875
0.00213875
0.00213875
0.00213875
0.00213875
0.00213875
0.00213875
0.00213875
0.00213875
0.00213875
0.00213875
0.00213875
0.00213875
0.00213875
0.00213875
0.00213875
0.00213875
0.00213875
0.00213875
0.00213875
0.00213875
0.00213875
0.00213875
0.00213875
0.00213875
0.00213875
0.00213875
0.00213875
0.00213875
0.00213875
0.00213875
0.00213875
0.00213875
0.00213875
0.00213875
0.00213875
0.00213875
0.00213875
0.00213875
0.00213875
0.00213875
0.00213875
0.00213875
0.00213875
0.00213875
0.00213875
0.00213875
0.00213875
0.00213875
0.00213875
0.00213875
0.00213875
0.00213875
0.00213875
0.00213875
0.00213875
0.00213875
0.00213875
0.00213875
0.00213875
0.00213875
0.00213875
0.00213875
0.00213875
0.00213875
0.00213875
0.00213875
0.00213875
0.00213875
0.00213875
0.00213875
0.00213875
0.00213875
0.00213875
0.00213875
0.00213875
0.00213875
0.00213875
0.00213875
0.00213875
0.324556
0.245555
