0.75
0.0018155
0.0018155
0.0018155
0.0018155
0.0018155
0.0018155
0.0018155
0.0018155
0.0018155
0.0018155
0.0018155
0.0018155
0.0018155
0.0018155
0.0018155
0.0018155
0.0018155
0.0018155
0.0018155
0.0018155
0.0018155
0.0018155
0.0018155
0.0018155
0.0018155
0.0018155
0.0018155
0.0018155
0.0018155
0.0018155
0.0018155
0.0018155
0.0018155
0.0018155
0.0018155
0.0018155
0.0018155
0.0018155
0.0018155
0.0018155
0.0018155
0.0018155
0.0018155
0.0018155
0.0018155
0.0018155
0.0018155
0.0018155
0.0018155
0.0018155
0.0018155
0.0018155
0.0018155
0.0018155
0.0018155
0.0018155
0.0018155
0.0018155
0.0018155
0.0018155
0.0018155
0.0018155
0.0018155
0.0018155
0.0018155
0.0018155
0.0018155
0.0018155
0.0018155
0.0018155
0.0018155
0.0018155
0.0018155
0.0018155
0.0018155
0.0018155
0.0018155
0.0018155
0.0018155
0.0018155
0.0018155
0.0018155
0.0018155
0.0018155
0.0018155
0.0018155
0.0018155
0.0018155
0.0018155
0.0018155
0.0018155
0.0018155
0.0018155
0.0018155
0.0018155
0.0018155
0.0018155
0.0018155
0.0018155
0.0018155
0.0018155
0.0018155
0.0018155
0.0018155
0.0018155
0.0018155
0.0018155
0.0018155
0.0018155
0.0018155
0.0018155
0.0018155
0.0018155
0.0018155
0.0018155
0.0018155
0.0018155
0.0018155
0.0018155
0.0018155
0.0018155
0.0018155
0.0018155
0.0018155
0.0018155
0.0018155
0.0018155
0.0018155
0.0018155
0.0018155
0.0018155
0.0018155
0.0018155
0.0018155
0.0018155
0.0018155
0.0018155
0.0018155
0.0018155
0.0018155
0.0018155
0.0018155
0.0018155
0.0018155
0.0018155
0.0018155
0.0018155
0.0018155
0.0018155
0.0018155
0.0018155
0.0018155
0.0018155
0.0018155
0.0018155
0.0018155
0.0018155
0.0018155
0.0018155
0.0018155
0.0018155
0.0018155
0.0018155
0.0018155
0.0018155
0.0018155
0.0018155
0.0018155
0.0018155
0.0018155
0.0018155
0.0018155
0.0018155
0.0018155
0.0018155
0.0018155
0.0018155
0.0018155
0.0018155
0.0018155
0.0018155
0.0018155
0.0018155
0.0018155
0.0018155
0.0018155
0.0018155
0.0018155
0.0018155
0.0018155
0.0018155
0.0018155
0.0018155
0.0018155
0.0018155
0.0018155
0.0018155
0.0018155
0.0018155
0.0018155
0.0018155
0.0018155
0.0018155
0.0018155
0.0018155
0.0018155
0.0018155
0.0018155
0.0018155
0.0018155
0.0018155
0.0018155
0.0018155
0.0018155
0.0018155
0.0018155
0.0018155
0.0018155
0.0018155
0.0018155
0.0018155
0.0018155
0.0018155
0.0018155
0.0018155
0.0018155
0.0018155
0.0018155
0.0018155
0.0018155
0.0018155
0.0018155
0.0018155
0.0018155
0.0018155
0.0018155
0.0018155
0.324521
0.245206
