0.75
0.00198192
0.00198192
0.00198192
0.00198192
0.00198192
0.00198192
0.00198192
0.00198192
0.00198192
0.00198192
0.00198192
0.00198192
0.00198192
0.00198192
0.00198192
0.00198192
0.00198192
0.00198192
0.00198192
0.00198192
0.00198192
0.00198192
0.00198192
0.00198192
0.00198192
0.00198192
0.00198192
0.00198192
0.00198192
0.00198192
0.00198192
0.00198192
0.00198192
0.00198192
0.00198192
0.00198192
0.00198192
0.00198192
0.00198192
0.00198192
0.00198192
0.00198192
0.00198192
0.00198192
0.00198192
0.00198192
0.00198192
0.00198192
0.00198192
0.00198192
0.00198192
0.00198192
0.00198192
0.00198192
0.00198192
0.00198192
0.00198192
0.00198192
0.00198192
0.00198192
0.00198192
0.00198192
0.00198192
0.00198192
0.00198192
0.00198192
0.00198192
0.00198192
0.00198192
0.00198192
0.00198192
0.00198192
0.00198192
0.00198192
0.00198192
0.00198192
0.00198192
0.00198192
0.00198192
0.00198192
0.00198192
0.00198192
0.00198192
0.00198192
0.00198192
0.00198192
0.00198192
0.00198192
0.00198192
0.00198192
0.00198192
0.00198192
0.00198192
0.00198192
0.00198192
0.00198192
0.00198192
0.00198192
0.00198192
0.00198192
0.00198192
0.00198192
0.00198192
0.00198192
0.00198192
0.00198192
0.00198192
0.00198192
0.00198192
0.00198192
0.00198192
0.00198192
0.00198192
0.00198192
0.00198192
0.00198192
0.00198192
0.00198192
0.00198192
0.00198192
0.00198192
0.00198192
0.00198192
0.00198192
0.00198192
0.00198192
0.00198192
0.00198192
0.00198192
0.00198192
0.00198192
0.00198192
0.00198192
0.00198192
0.00198192
0.00198192
0.00198192
0.00198192
0.00198192
0.00198192
0.00198192
0.00198192
0.00198192
0.00198192
0.00198192
0.00198192
0.00198192
0.00198192
0.00198192
0.00198192
0.00198192
0.00198192
0.00198192
0.00198192
0.00198192
0.00198192
0.00198192
0.00198192
0.00198192
0.00198192
0.00198192
0.00198192
0.00198192
0.00198192
0.00198192
0.00198192
0.00198192
0.00198192
0.00198192
0.00198192
0.00198192
0.00198192
0.00198192
0.00198192
0.00198192
0.00198192
0.00198192
0.00198192
0.00198192
0.00198192
0.00198192
0.00198192
0.00198192
0.00198192
0.00198192
0.00198192
0.00198192
0.00198192
0.00198192
0.00198192
0.00198192
0.00198192
0.00198192
0.00198192
0.00198192
0.00198192
0.00198192
0.00198192
0.00198192
0.00198192
0.00198192
0.00198192
0.00198192
0.00198192
0.00198192
0.00198192
0.00198192
0.00198192
0.00198192
0.00198192
0.00198192
0.00198192
0.00198192
0.00198192
0.00198192
0.00198192
0.00198192
0.324539
0.245386
