0.75
0.00206718
0.00206718
0.00206718
0.00206718
0.00206718
0.00206718
0.00206718
0.00206718
0.00206718
0.00206718
0.00206718
0.00206718
0.00206718
0.00206718
0.00206718
0.00206718
0.00206718
0.00206718
0.00206718
0.00206718
0.00206718
0.00206718
0.00206718
0.00206718
0.00206718
0.00206718
0.00206718
0.00206718
0.00206718
0.00206718
0.00206718
0.00206718
0.00206718
0.00206718
0.00206718
0.00206718
0.00206718
0.00206718
0.00206718
0.00206718
0.00206718
0.00206718
0.00206718
0.00206718
0.00206718
0.00206718
0.00206718
0.00206718
0.00206718
0.00206718
0.00206718
0.00206718
0.00206718
0.00206718
0.00206718
0.00206718
0.00206718
0.00206718
0.00206718
0.00206718
0.00206718
0.00206718
0.00206718
0.00206718
0.00206718
0.00206718
0.00206718
0.00206718
0.00206718
0.00206718
0.00206718
0.00206718
0.00206718
0.00206718
0.00206718
0.00206718
0.00206718
0.00206718
0.00206718
0.00206718
0.00206718
0.00206718
0.00206718
0.00206718
0.00206718
0.00206718
0.00206718
0.00206718
0.00206718
0.00206718
0.00206718
0.00206718
0.00206718
0.00206718
0.00206718
0.00206718
0.00206718
0.00206718
0.00206718
0.00206718
0.00206718
0.00206718
0.00206718
0.00206718
0.00206718
0.00206718
0.00206718
0.00206718
0.00206718
0.00206718
0.00206718
0.00206718
0.00206718
0.00206718
0.00206718
0.00206718
0.00206718
0.00206718
0.00206718
0.00206718
0.00206718
0.00206718
0.00206718
0.00206718
0.00206718
0.00206718
0.00206718
0.00206718
0.00206718
0.00206718
0.00206718
0.00206718
0.00206718
0.00206718
0.00206718
0.00206718
0.00206718
0.00206718
0.00206718
0.00206718
0.00206718
0.00206718
0.00206718
0.00206718
0.00206718
0.00206718
0.00206718
0.00206718
0.00206718
0.00206718
0.00206718
0.00206718
0.00206718
0.00206718
0.00206718
0.00206718
0.00206718
0.00206718
0.00206718
0.00206718
0.00206718
0.00206718
0.00206718
0.00206718
0.00206718
0.00206718
0.00206718
0.00206718
0.00206718
0.00206718
0.00206718
0.00206718
0.00206718
0.00206718
0.00206718
0.00206718
0.00206718
0.00206718
0.00206718
0.00206718
0.00206718
0.00206718
0.00206718
0.00206718
0.00206718
0.00206718
0.00206718
0.00206718
0.00206718
0.00206718
0.00206718
0.00206718
0.00206718
0.00206718
0.00206718
0.00206718
0.00206718
0.00206718
0.00206718
0.00206718
0.00206718
0.00206718
0.00206718
0.00206718
0.00206718
0.00206718
0.00206718
0.00206718
0.324548
0.245478
