0.75
0.00306279
0.00306279
0.00306279
0.00306279
0.00306279
0.00306279
0.00306279
0.00306279
0.00306279
0.00306279
0.00306279
0.00306279
0.00306279
0.00306279
0.00306279
0.00306279
0.00306279
0.00306279
0.00306279
0.00306279
0.00306279
0.00306279
0.00306279
0.00306279
0.00306279
0.00306279
0.00306279
0.00306279
0.00306279
0.00306279
0.00306279
0.00306279
0.00306279
0.00306279
0.00306279
0.00306279
0.00306279
0.00306279
0.00306279
0.00306279
0.00306279
0.00306279
0.00306279
0.00306279
0.00306279
0.00306279
0.00306279
0.00306279
0.00306279
0.00306279
0.00306279
0.00306279
0.00306279
0.00306279
0.00306279
0.00306279
0.00306279
0.00306279
0.00306279
0.00306279
0.00306279
0.00306279
0.00306279
0.00306279
0.00306279
0.00306279
0.00306279
0.00306279
0.00306279
0.00306279
0.00306279
0.00306279
0.00306279
0.00306279
0.00306279
0.00306279
0.00306279
0.00306279
0.00306279
0.00306279
0.00306279
0.00306279
0.00306279
0.00306279
0.00306279
0.00306279
0.00306279
0.00306279
0.00306279
0.00306279
0.00306279
0.00306279
0.00306279
0.00306279
0.00306279
0.00306279
0.00306279
0.00306279
0.00306279
0.00306279
0.00306279
0.00306279
0.00306279
0.00306279
0.00306279
0.00306279
0.00306279
0.00306279
0.00306279
0.00306279
0.00306279
0.00306279
0.00306279
0.00306279
0.00306279
0.00306279
0.00306279
0.00306279
0.00306279
0.00306279
0.00306279
0.00306279
0.00306279
0.00306279
0.00306279
0.00306279
0.00306279
0.00306279
0.00306279
0.00306279
0.00306279
0.00306279
0.00306279
0.00306279
0.00306279
0.00306279
0.00306279
0.00306279
0.00306279
0.00306279
0.324655
0.246554
