0.75
0.0019034
0.0019034
0.0019034
0.0019034
0.0019034
0.0019034
0.0019034
0.0019034
0.0019034
0.0019034
0.0019034
0.0019034
0.0019034
0.0019034
0.0019034
0.0019034
0.0019034
0.0019034
0.0019034
0.0019034
0.0019034
0.0019034
0.0019034
0.0019034
0.0019034
0.0019034
0.0019034
0.0019034
0.0019034
0.0019034
0.0019034
0.0019034
0.0019034
0.0019034
0.0019034
0.0019034
0.0019034
0.0019034
0.0019034
0.0019034
0.0019034
0.0019034
0.0019034
0.0019034
0.0019034
0.0019034
0.0019034
0.0019034
0.0019034
0.0019034
0.0019034
0.0019034
0.0019034
0.0019034
0.0019034
0.0019034
0.0019034
0.0019034
0.0019034
0.0019034
0.0019034
0.0019034
0.0019034
0.0019034
0.0019034
0.0019034
0.0019034
0.0019034
0.0019034
0.0019034
0.0019034
0.0019034
0.0019034
0.0019034
0.0019034
0.0019034
0.0019034
0.0019034
0.0019034
0.0019034
0.0019034
0.0019034
0.0019034
0.0019034
0.0019034
0.0019034
0.0019034
0.0019034
0.0019034
0.0019034
0.0019034
0.0019034
0.0019034
0.0019034
0.0019034
0.0019034
0.0019034
0.0019034
0.0019034
0.0019034
0.0019034
0.0019034
0.0019034
0.0019034
0.0019034
0.0019034
0.0019034
0.0019034
0.0019034
0.0019034
0.0019034
0.0019034
0.0019034
0.0019034
0.0019034
0.0019034
0.0019034
0.0019034
0.0019034
0.0019034
0.0019034
0.0019034
0.0019034
0.0019034
0.0019034
0.0019034
0.0019034
0.0019034
0.0019034
0.0019034
0.0019034
0.0019034
0.0019034
0.0019034
0.0019034
0.0019034
0.0019034
0.0019034
0.0019034
0.0019034
0.0019034
0.0019034
0.0019034
0.0019034
0.0019034
0.0019034
0.0019034
0.0019034
0.0019034
0.0019034
0.0019034
0.0019034
0.0019034
0.0019034
0.0019034
0.0019034
0.0019034
0.0019034
0.0019034
0.0019034
0.0019034
0.0019034
0.0019034
0.0019034
0.0019034
0.0019034
0.0019034
0.0019034
0.0019034
0.0019034
0.0019034
0.0019034
0.0019034
0.0019034
0.0019034
0.0019034
0.0019034
0.0019034
0.0019034
0.0019034
0.0019034
0.0019034
0.0019034
0.0019034
0.0019034
0.0019034
0.0019034
0.0019034
0.0019034
0.0019034
0.0019034
0.0019034
0.0019034
0.0019034
0.0019034
0.0019034
0.0019034
0.0019034
0.0019034
0.0019034
0.0019034
0.0019034
0.0019034
0.0019034
0.0019034
0.0019034
0.0019034
0.0019034
0.0019034
0.0019034
0.0019034
0.0019034
0.0019034
0.0019034
0.0019034
0.0019034
0.0019034
0.0019034
0.0019034
0.0019034
0.0019034
0.0019034
0.0019034
0.0019034
0.0019034
0.0019034
0.32453
0.245301
