0.75
0.00287925
0.00287925
0.00287925
0.00287925
0.00287925
0.00287925
0.00287925
0.00287925
0.00287925
0.00287925
0.00287925
0.00287925
0.00287925
0.00287925
0.00287925
0.00287925
0.00287925
0.00287925
0.00287925
0.00287925
0.00287925
0.00287925
0.00287925
0.00287925
0.00287925
0.00287925
0.00287925
0.00287925
0.00287925
0.00287925
0.00287925
0.00287925
0.00287925
0.00287925
0.00287925
0.00287925
0.00287925
0.00287925
0.00287925
0.00287925
0.00287925
0.00287925
0.00287925
0.00287925
0.00287925
0.00287925
0.00287925
0.00287925
0.00287925
0.00287925
0.00287925
0.00287925
0.00287925
0.00287925
0.00287925
0.00287925
0.00287925
0.00287925
0.00287925
0.00287925
0.00287925
0.00287925
0.00287925
0.00287925
0.00287925
0.00287925
0.00287925
0.00287925
0.00287925
0.00287925
0.00287925
0.00287925
0.00287925
0.00287925
0.00287925
0.00287925
0.00287925
0.00287925
0.00287925
0.00287925
0.00287925
0.00287925
0.00287925
0.00287925
0.00287925
0.00287925
0.00287925
0.00287925
0.00287925
0.00287925
0.00287925
0.00287925
0.00287925
0.00287925
0.00287925
0.00287925
0.00287925
0.00287925
0.00287925
0.00287925
0.00287925
0.00287925
0.00287925
0.00287925
0.00287925
0.00287925
0.00287925
0.00287925
0.00287925
0.00287925
0.00287925
0.00287925
0.00287925
0.00287925
0.00287925
0.00287925
0.00287925
0.00287925
0.00287925
0.00287925
0.00287925
0.00287925
0.00287925
0.00287925
0.00287925
0.00287925
0.00287925
0.00287925
0.00287925
0.00287925
0.00287925
0.00287925
0.00287925
0.00287925
0.00287925
0.00287925
0.00287925
0.00287925
0.00287925
0.00287925
0.00287925
0.00287925
0.00287925
0.00287925
0.00287925
0.00287925
0.00287925
0.00287925
0.00287925
0.324636
0.246356
