0.75
0.00244051
0.00244051
0.00244051
0.00244051
0.00244051
0.00244051
0.00244051
0.00244051
0.00244051
0.00244051
0.00244051
0.00244051
0.00244051
0.00244051
0.00244051
0.00244051
0.00244051
0.00244051
0.00244051
0.00244051
0.00244051
0.00244051
0.00244051
0.00244051
0.00244051
0.00244051
0.00244051
0.00244051
0.00244051
0.00244051
0.00244051
0.00244051
0.00244051
0.00244051
0.00244051
0.00244051
0.00244051
0.00244051
0.00244051
0.00244051
0.00244051
0.00244051
0.00244051
0.00244051
0.00244051
0.00244051
0.00244051
0.00244051
0.00244051
0.00244051
0.00244051
0.00244051
0.00244051
0.00244051
0.00244051
0.00244051
0.00244051
0.00244051
0.00244051
0.00244051
0.00244051
0.00244051
0.00244051
0.00244051
0.00244051
0.00244051
0.00244051
0.00244051
0.00244051
0.00244051
0.00244051
0.00244051
0.00244051
0.00244051
0.00244051
0.00244051
0.00244051
0.00244051
0.00244051
0.00244051
0.00244051
0.00244051
0.00244051
0.00244051
0.00244051
0.00244051
0.00244051
0.00244051
0.00244051
0.00244051
0.00244051
0.00244051
0.00244051
0.00244051
0.00244051
0.00244051
0.00244051
0.00244051
0.00244051
0.00244051
0.00244051
0.00244051
0.00244051
0.00244051
0.00244051
0.00244051
0.00244051
0.00244051
0.00244051
0.00244051
0.00244051
0.00244051
0.00244051
0.00244051
0.00244051
0.00244051
0.00244051
0.00244051
0.00244051
0.00244051
0.00244051
0.00244051
0.00244051
0.00244051
0.00244051
0.00244051
0.00244051
0.00244051
0.00244051
0.00244051
0.00244051
0.00244051
0.00244051
0.00244051
0.00244051
0.00244051
0.00244051
0.00244051
0.00244051
0.00244051
0.00244051
0.00244051
0.00244051
0.00244051
0.00244051
0.00244051
0.00244051
0.00244051
0.00244051
0.00244051
0.00244051
0.00244051
0.00244051
0.00244051
0.00244051
0.00244051
0.00244051
0.00244051
0.00244051
0.00244051
0.00244051
0.00244051
0.00244051
0.00244051
0.00244051
0.00244051
0.00244051
0.00244051
0.00244051
0.00244051
0.00244051
0.00244051
0.00244051
0.00244051
0.00244051
0.00244051
0.324588
0.245882
