0.75
0.00200025
0.00200025
0.00200025
0.00200025
0.00200025
0.00200025
0.00200025
0.00200025
0.00200025
0.00200025
0.00200025
0.00200025
0.00200025
0.00200025
0.00200025
0.00200025
0.00200025
0.00200025
0.00200025
0.00200025
0.00200025
0.00200025
0.00200025
0.00200025
0.00200025
0.00200025
0.00200025
0.00200025
0.00200025
0.00200025
0.00200025
0.00200025
0.00200025
0.00200025
0.00200025
0.00200025
0.00200025
0.00200025
0.00200025
0.00200025
0.00200025
0.00200025
0.00200025
0.00200025
0.00200025
0.00200025
0.00200025
0.00200025
0.00200025
0.00200025
0.00200025
0.00200025
0.00200025
0.00200025
0.00200025
0.00200025
0.00200025
0.00200025
0.00200025
0.00200025
0.00200025
0.00200025
0.00200025
0.00200025
0.00200025
0.00200025
0.00200025
0.00200025
0.00200025
0.00200025
0.00200025
0.00200025
0.00200025
0.00200025
0.00200025
0.00200025
0.00200025
0.00200025
0.00200025
0.00200025
0.00200025
0.00200025
0.00200025
0.00200025
0.00200025
0.00200025
0.00200025
0.00200025
0.00200025
0.00200025
0.00200025
0.00200025
0.00200025
0.00200025
0.00200025
0.00200025
0.00200025
0.00200025
0.00200025
0.00200025
0.00200025
0.00200025
0.00200025
0.00200025
0.00200025
0.00200025
0.00200025
0.00200025
0.00200025
0.00200025
0.00200025
0.00200025
0.00200025
0.00200025
0.00200025
0.00200025
0.00200025
0.00200025
0.00200025
0.00200025
0.00200025
0.00200025
0.00200025
0.00200025
0.00200025
0.00200025
0.00200025
0.00200025
0.00200025
0.00200025
0.00200025
0.00200025
0.00200025
0.00200025
0.00200025
0.00200025
0.00200025
0.00200025
0.00200025
0.00200025
0.00200025
0.00200025
0.00200025
0.00200025
0.00200025
0.00200025
0.00200025
0.00200025
0.00200025
0.00200025
0.00200025
0.00200025
0.00200025
0.00200025
0.00200025
0.00200025
0.00200025
0.00200025
0.00200025
0.00200025
0.00200025
0.00200025
0.00200025
0.00200025
0.00200025
0.00200025
0.00200025
0.00200025
0.00200025
0.00200025
0.00200025
0.00200025
0.00200025
0.00200025
0.00200025
0.00200025
0.00200025
0.00200025
0.00200025
0.00200025
0.00200025
0.00200025
0.00200025
0.00200025
0.00200025
0.00200025
0.00200025
0.00200025
0.00200025
0.00200025
0.00200025
0.00200025
0.00200025
0.00200025
0.00200025
0.00200025
0.00200025
0.00200025
0.00200025
0.00200025
0.00200025
0.00200025
0.00200025
0.00200025
0.00200025
0.00200025
0.00200025
0.00200025
0.00200025
0.00200025
0.00200025
0.00200025
0.00200025
0.00200025
0.00200025
0.324541
0.245406
