0.75
0.00248254
0.00248254
0.00248254
0.00248254
0.00248254
0.00248254
0.00248254
0.00248254
0.00248254
0.00248254
0.00248254
0.00248254
0.00248254
0.00248254
0.00248254
0.00248254
0.00248254
0.00248254
0.00248254
0.00248254
0.00248254
0.00248254
0.00248254
0.00248254
0.00248254
0.00248254
0.00248254
0.00248254
0.00248254
0.00248254
0.00248254
0.00248254
0.00248254
0.00248254
0.00248254
0.00248254
0.00248254
0.00248254
0.00248254
0.00248254
0.00248254
0.00248254
0.00248254
0.00248254
0.00248254
0.00248254
0.00248254
0.00248254
0.00248254
0.00248254
0.00248254
0.00248254
0.00248254
0.00248254
0.00248254
0.00248254
0.00248254
0.00248254
0.00248254
0.00248254
0.00248254
0.00248254
0.00248254
0.00248254
0.00248254
0.00248254
0.00248254
0.00248254
0.00248254
0.00248254
0.00248254
0.00248254
0.00248254
0.00248254
0.00248254
0.00248254
0.00248254
0.00248254
0.00248254
0.00248254
0.00248254
0.00248254
0.00248254
0.00248254
0.00248254
0.00248254
0.00248254
0.00248254
0.00248254
0.00248254
0.00248254
0.00248254
0.00248254
0.00248254
0.00248254
0.00248254
0.00248254
0.00248254
0.00248254
0.00248254
0.00248254
0.00248254
0.00248254
0.00248254
0.00248254
0.00248254
0.00248254
0.00248254
0.00248254
0.00248254
0.00248254
0.00248254
0.00248254
0.00248254
0.00248254
0.00248254
0.00248254
0.00248254
0.00248254
0.00248254
0.00248254
0.00248254
0.00248254
0.00248254
0.00248254
0.00248254
0.00248254
0.00248254
0.00248254
0.00248254
0.00248254
0.00248254
0.00248254
0.00248254
0.00248254
0.00248254
0.00248254
0.00248254
0.00248254
0.00248254
0.00248254
0.00248254
0.00248254
0.00248254
0.00248254
0.00248254
0.00248254
0.00248254
0.00248254
0.00248254
0.00248254
0.00248254
0.00248254
0.00248254
0.00248254
0.00248254
0.00248254
0.00248254
0.00248254
0.00248254
0.00248254
0.00248254
0.00248254
0.00248254
0.00248254
0.00248254
0.00248254
0.00248254
0.00248254
0.00248254
0.00248254
0.00248254
0.00248254
0.324593
0.245927
