0.75
0.00268276
0.00268276
0.00268276
0.00268276
0.00268276
0.00268276
0.00268276
0.00268276
0.00268276
0.00268276
0.00268276
0.00268276
0.00268276
0.00268276
0.00268276
0.00268276
0.00268276
0.00268276
0.00268276
0.00268276
0.00268276
0.00268276
0.00268276
0.00268276
0.00268276
0.00268276
0.00268276
0.00268276
0.00268276
0.00268276
0.00268276
0.00268276
0.00268276
0.00268276
0.00268276
0.00268276
0.00268276
0.00268276
0.00268276
0.00268276
0.00268276
0.00268276
0.00268276
0.00268276
0.00268276
0.00268276
0.00268276
0.00268276
0.00268276
0.00268276
0.00268276
0.00268276
0.00268276
0.00268276
0.00268276
0.00268276
0.00268276
0.00268276
0.00268276
0.00268276
0.00268276
0.00268276
0.00268276
0.00268276
0.00268276
0.00268276
0.00268276
0.00268276
0.00268276
0.00268276
0.00268276
0.00268276
0.00268276
0.00268276
0.00268276
0.00268276
0.00268276
0.00268276
0.00268276
0.00268276
0.00268276
0.00268276
0.00268276
0.00268276
0.00268276
0.00268276
0.00268276
0.00268276
0.00268276
0.00268276
0.00268276
0.00268276
0.00268276
0.00268276
0.00268276
0.00268276
0.00268276
0.00268276
0.00268276
0.00268276
0.00268276
0.00268276
0.00268276
0.00268276
0.00268276
0.00268276
0.00268276
0.00268276
0.00268276
0.00268276
0.00268276
0.00268276
0.00268276
0.00268276
0.00268276
0.00268276
0.00268276
0.00268276
0.00268276
0.00268276
0.00268276
0.00268276
0.00268276
0.00268276
0.00268276
0.00268276
0.00268276
0.00268276
0.00268276
0.00268276
0.00268276
0.00268276
0.00268276
0.00268276
0.00268276
0.00268276
0.00268276
0.00268276
0.00268276
0.00268276
0.00268276
0.00268276
0.00268276
0.00268276
0.00268276
0.00268276
0.00268276
0.00268276
0.00268276
0.00268276
0.00268276
0.00268276
0.00268276
0.00268276
0.00268276
0.00268276
0.00268276
0.00268276
0.00268276
0.00268276
0.324614
0.246144
