0.75
0.00479473
0.00479473
0.00479473
0.00479473
0.00479473
0.00479473
0.00479473
0.00479473
0.00479473
0.00479473
0.00479473
0.00479473
0.00479473
0.00479473
0.00479473
0.00479473
0.00479473
0.00479473
0.00479473
0.00479473
0.00479473
0.00479473
0.00479473
0.00479473
0.00479473
0.00479473
0.00479473
0.00479473
0.00479473
0.00479473
0.00479473
0.00479473
0.00479473
0.00479473
0.00479473
0.00479473
0.00479473
0.00479473
0.00479473
0.00479473
0.00479473
0.00479473
0.00479473
0.00479473
0.00479473
0.00479473
0.00479473
0.00479473
0.00479473
0.00479473
0.00479473
0.00479473
0.00479473
0.00479473
0.00479473
0.00479473
0.00479473
0.00479473
0.00479473
0.00479473
0.00479473
0.00479473
0.00479473
0.00479473
0.00479473
0.00479473
0.00479473
0.00479473
0.00479473
0.00479473
0.00479473
0.00479473
0.00479473
0.00479473
0.00479473
0.00479473
0.00479473
0.00479473
0.00479473
0.00479473
0.00479473
0.00479473
0.00479473
0.00479473
0.00479473
0.00479473
0.00479473
0.00479473
0.00479473
0.324843
0.248427
