0.75
0.00415045
0.00415045
0.00415045
0.00415045
0.00415045
0.00415045
0.00415045
0.00415045
0.00415045
0.00415045
0.00415045
0.00415045
0.00415045
0.00415045
0.00415045
0.00415045
0.00415045
0.00415045
0.00415045
0.00415045
0.00415045
0.00415045
0.00415045
0.00415045
0.00415045
0.00415045
0.00415045
0.00415045
0.00415045
0.00415045
0.00415045
0.00415045
0.00415045
0.00415045
0.00415045
0.00415045
0.00415045
0.00415045
0.00415045
0.00415045
0.00415045
0.00415045
0.00415045
0.00415045
0.00415045
0.00415045
0.00415045
0.00415045
0.00415045
0.00415045
0.00415045
0.00415045
0.00415045
0.00415045
0.00415045
0.00415045
0.00415045
0.00415045
0.00415045
0.00415045
0.00415045
0.00415045
0.00415045
0.00415045
0.00415045
0.00415045
0.00415045
0.00415045
0.00415045
0.00415045
0.00415045
0.00415045
0.00415045
0.00415045
0.00415045
0.00415045
0.00415045
0.00415045
0.00415045
0.00415045
0.00415045
0.00415045
0.00415045
0.00415045
0.00415045
0.00415045
0.00415045
0.00415045
0.00415045
0.00415045
0.00415045
0.00415045
0.00415045
0.00415045
0.00415045
0.00415045
0.00415045
0.00415045
0.00415045
0.00415045
0.00415045
0.00415045
0.00415045
0.324773
0.24773
