0.75
0.00245436
0.00245436
0.00245436
0.00245436
0.00245436
0.00245436
0.00245436
0.00245436
0.00245436
0.00245436
0.00245436
0.00245436
0.00245436
0.00245436
0.00245436
0.00245436
0.00245436
0.00245436
0.00245436
0.00245436
0.00245436
0.00245436
0.00245436
0.00245436
0.00245436
0.00245436
0.00245436
0.00245436
0.00245436
0.00245436
0.00245436
0.00245436
0.00245436
0.00245436
0.00245436
0.00245436
0.00245436
0.00245436
0.00245436
0.00245436
0.00245436
0.00245436
0.00245436
0.00245436
0.00245436
0.00245436
0.00245436
0.00245436
0.00245436
0.00245436
0.00245436
0.00245436
0.00245436
0.00245436
0.00245436
0.00245436
0.00245436
0.00245436
0.00245436
0.00245436
0.00245436
0.00245436
0.00245436
0.00245436
0.00245436
0.00245436
0.00245436
0.00245436
0.00245436
0.00245436
0.00245436
0.00245436
0.00245436
0.00245436
0.00245436
0.00245436
0.00245436
0.00245436
0.00245436
0.00245436
0.00245436
0.00245436
0.00245436
0.00245436
0.00245436
0.00245436
0.00245436
0.00245436
0.00245436
0.00245436
0.00245436
0.00245436
0.00245436
0.00245436
0.00245436
0.00245436
0.00245436
0.00245436
0.00245436
0.00245436
0.00245436
0.00245436
0.00245436
0.00245436
0.00245436
0.00245436
0.00245436
0.00245436
0.00245436
0.00245436
0.00245436
0.00245436
0.00245436
0.00245436
0.00245436
0.00245436
0.00245436
0.00245436
0.00245436
0.00245436
0.00245436
0.00245436
0.00245436
0.00245436
0.00245436
0.00245436
0.00245436
0.00245436
0.00245436
0.00245436
0.00245436
0.00245436
0.00245436
0.00245436
0.00245436
0.00245436
0.00245436
0.00245436
0.00245436
0.00245436
0.00245436
0.00245436
0.00245436
0.00245436
0.00245436
0.00245436
0.00245436
0.00245436
0.00245436
0.00245436
0.00245436
0.00245436
0.00245436
0.00245436
0.00245436
0.00245436
0.00245436
0.00245436
0.00245436
0.00245436
0.00245436
0.00245436
0.00245436
0.00245436
0.00245436
0.00245436
0.00245436
0.00245436
0.00245436
0.00245436
0.00245436
0.00245436
0.00245436
0.00245436
0.00245436
0.32459
0.245897
