0.75
0.00369004
0.00369004
0.00369004
0.00369004
0.00369004
0.00369004
0.00369004
0.00369004
0.00369004
0.00369004
0.00369004
0.00369004
0.00369004
0.00369004
0.00369004
0.00369004
0.00369004
0.00369004
0.00369004
0.00369004
0.00369004
0.00369004
0.00369004
0.00369004
0.00369004
0.00369004
0.00369004
0.00369004
0.00369004
0.00369004
0.00369004
0.00369004
0.00369004
0.00369004
0.00369004
0.00369004
0.00369004
0.00369004
0.00369004
0.00369004
0.00369004
0.00369004
0.00369004
0.00369004
0.00369004
0.00369004
0.00369004
0.00369004
0.00369004
0.00369004
0.00369004
0.00369004
0.00369004
0.00369004
0.00369004
0.00369004
0.00369004
0.00369004
0.00369004
0.00369004
0.00369004
0.00369004
0.00369004
0.00369004
0.00369004
0.00369004
0.00369004
0.00369004
0.00369004
0.00369004
0.00369004
0.00369004
0.00369004
0.00369004
0.00369004
0.00369004
0.00369004
0.00369004
0.00369004
0.00369004
0.00369004
0.00369004
0.00369004
0.00369004
0.00369004
0.00369004
0.00369004
0.00369004
0.00369004
0.00369004
0.00369004
0.00369004
0.00369004
0.00369004
0.00369004
0.00369004
0.00369004
0.00369004
0.00369004
0.00369004
0.00369004
0.00369004
0.00369004
0.00369004
0.00369004
0.00369004
0.00369004
0.00369004
0.00369004
0.00369004
0.00369004
0.00369004
0.00369004
0.00369004
0.00369004
0.00369004
0.324723
0.247232
