0.75
0.00203796
0.00203796
0.00203796
0.00203796
0.00203796
0.00203796
0.00203796
0.00203796
0.00203796
0.00203796
0.00203796
0.00203796
0.00203796
0.00203796
0.00203796
0.00203796
0.00203796
0.00203796
0.00203796
0.00203796
0.00203796
0.00203796
0.00203796
0.00203796
0.00203796
0.00203796
0.00203796
0.00203796
0.00203796
0.00203796
0.00203796
0.00203796
0.00203796
0.00203796
0.00203796
0.00203796
0.00203796
0.00203796
0.00203796
0.00203796
0.00203796
0.00203796
0.00203796
0.00203796
0.00203796
0.00203796
0.00203796
0.00203796
0.00203796
0.00203796
0.00203796
0.00203796
0.00203796
0.00203796
0.00203796
0.00203796
0.00203796
0.00203796
0.00203796
0.00203796
0.00203796
0.00203796
0.00203796
0.00203796
0.00203796
0.00203796
0.00203796
0.00203796
0.00203796
0.00203796
0.00203796
0.00203796
0.00203796
0.00203796
0.00203796
0.00203796
0.00203796
0.00203796
0.00203796
0.00203796
0.00203796
0.00203796
0.00203796
0.00203796
0.00203796
0.00203796
0.00203796
0.00203796
0.00203796
0.00203796
0.00203796
0.00203796
0.00203796
0.00203796
0.00203796
0.00203796
0.00203796
0.00203796
0.00203796
0.00203796
0.00203796
0.00203796
0.00203796
0.00203796
0.00203796
0.00203796
0.00203796
0.00203796
0.00203796
0.00203796
0.00203796
0.00203796
0.00203796
0.00203796
0.00203796
0.00203796
0.00203796
0.00203796
0.00203796
0.00203796
0.00203796
0.00203796
0.00203796
0.00203796
0.00203796
0.00203796
0.00203796
0.00203796
0.00203796
0.00203796
0.00203796
0.00203796
0.00203796
0.00203796
0.00203796
0.00203796
0.00203796
0.00203796
0.00203796
0.00203796
0.00203796
0.00203796
0.00203796
0.00203796
0.00203796
0.00203796
0.00203796
0.00203796
0.00203796
0.00203796
0.00203796
0.00203796
0.00203796
0.00203796
0.00203796
0.00203796
0.00203796
0.00203796
0.00203796
0.00203796
0.00203796
0.00203796
0.00203796
0.00203796
0.00203796
0.00203796
0.00203796
0.00203796
0.00203796
0.00203796
0.00203796
0.00203796
0.00203796
0.00203796
0.00203796
0.00203796
0.00203796
0.00203796
0.00203796
0.00203796
0.00203796
0.00203796
0.00203796
0.00203796
0.00203796
0.00203796
0.00203796
0.00203796
0.00203796
0.00203796
0.00203796
0.00203796
0.00203796
0.00203796
0.00203796
0.00203796
0.00203796
0.00203796
0.00203796
0.00203796
0.00203796
0.00203796
0.00203796
0.00203796
0.00203796
0.00203796
0.00203796
0.00203796
0.00203796
0.00203796
0.00203796
0.324545
0.245446
