0.75
0.00231014
0.00231014
0.00231014
0.00231014
0.00231014
0.00231014
0.00231014
0.00231014
0.00231014
0.00231014
0.00231014
0.00231014
0.00231014
0.00231014
0.00231014
0.00231014
0.00231014
0.00231014
0.00231014
0.00231014
0.00231014
0.00231014
0.00231014
0.00231014
0.00231014
0.00231014
0.00231014
0.00231014
0.00231014
0.00231014
0.00231014
0.00231014
0.00231014
0.00231014
0.00231014
0.00231014
0.00231014
0.00231014
0.00231014
0.00231014
0.00231014
0.00231014
0.00231014
0.00231014
0.00231014
0.00231014
0.00231014
0.00231014
0.00231014
0.00231014
0.00231014
0.00231014
0.00231014
0.00231014
0.00231014
0.00231014
0.00231014
0.00231014
0.00231014
0.00231014
0.00231014
0.00231014
0.00231014
0.00231014
0.00231014
0.00231014
0.00231014
0.00231014
0.00231014
0.00231014
0.00231014
0.00231014
0.00231014
0.00231014
0.00231014
0.00231014
0.00231014
0.00231014
0.00231014
0.00231014
0.00231014
0.00231014
0.00231014
0.00231014
0.00231014
0.00231014
0.00231014
0.00231014
0.00231014
0.00231014
0.00231014
0.00231014
0.00231014
0.00231014
0.00231014
0.00231014
0.00231014
0.00231014
0.00231014
0.00231014
0.00231014
0.00231014
0.00231014
0.00231014
0.00231014
0.00231014
0.00231014
0.00231014
0.00231014
0.00231014
0.00231014
0.00231014
0.00231014
0.00231014
0.00231014
0.00231014
0.00231014
0.00231014
0.00231014
0.00231014
0.00231014
0.00231014
0.00231014
0.00231014
0.00231014
0.00231014
0.00231014
0.00231014
0.00231014
0.00231014
0.00231014
0.00231014
0.00231014
0.00231014
0.00231014
0.00231014
0.00231014
0.00231014
0.00231014
0.00231014
0.00231014
0.00231014
0.00231014
0.00231014
0.00231014
0.00231014
0.00231014
0.00231014
0.00231014
0.00231014
0.00231014
0.00231014
0.00231014
0.00231014
0.00231014
0.00231014
0.00231014
0.00231014
0.00231014
0.00231014
0.00231014
0.00231014
0.00231014
0.00231014
0.00231014
0.00231014
0.00231014
0.00231014
0.00231014
0.00231014
0.00231014
0.00231014
0.00231014
0.00231014
0.00231014
0.00231014
0.00231014
0.00231014
0.00231014
0.00231014
0.00231014
0.00231014
0.00231014
0.00231014
0.00231014
0.00231014
0.324574
0.245741
