0.75
0.00295803
0.00295803
0.00295803
0.00295803
0.00295803
0.00295803
0.00295803
0.00295803
0.00295803
0.00295803
0.00295803
0.00295803
0.00295803
0.00295803
0.00295803
0.00295803
0.00295803
0.00295803
0.00295803
0.00295803
0.00295803
0.00295803
0.00295803
0.00295803
0.00295803
0.00295803
0.00295803
0.00295803
0.00295803
0.00295803
0.00295803
0.00295803
0.00295803
0.00295803
0.00295803
0.00295803
0.00295803
0.00295803
0.00295803
0.00295803
0.00295803
0.00295803
0.00295803
0.00295803
0.00295803
0.00295803
0.00295803
0.00295803
0.00295803
0.00295803
0.00295803
0.00295803
0.00295803
0.00295803
0.00295803
0.00295803
0.00295803
0.00295803
0.00295803
0.00295803
0.00295803
0.00295803
0.00295803
0.00295803
0.00295803
0.00295803
0.00295803
0.00295803
0.00295803
0.00295803
0.00295803
0.00295803
0.00295803
0.00295803
0.00295803
0.00295803
0.00295803
0.00295803
0.00295803
0.00295803
0.00295803
0.00295803
0.00295803
0.00295803
0.00295803
0.00295803
0.00295803
0.00295803
0.00295803
0.00295803
0.00295803
0.00295803
0.00295803
0.00295803
0.00295803
0.00295803
0.00295803
0.00295803
0.00295803
0.00295803
0.00295803
0.00295803
0.00295803
0.00295803
0.00295803
0.00295803
0.00295803
0.00295803
0.00295803
0.00295803
0.00295803
0.00295803
0.00295803
0.00295803
0.00295803
0.00295803
0.00295803
0.00295803
0.00295803
0.00295803
0.00295803
0.00295803
0.00295803
0.00295803
0.00295803
0.00295803
0.00295803
0.00295803
0.00295803
0.00295803
0.00295803
0.00295803
0.00295803
0.00295803
0.00295803
0.00295803
0.00295803
0.00295803
0.00295803
0.00295803
0.00295803
0.00295803
0.00295803
0.00295803
0.00295803
0.324644
0.246441
