0.75
0.0042735
0.0042735
0.0042735
0.0042735
0.0042735
0.0042735
0.0042735
0.0042735
0.0042735
0.0042735
0.0042735
0.0042735
0.0042735
0.0042735
0.0042735
0.0042735
0.0042735
0.0042735
0.0042735
0.0042735
0.0042735
0.0042735
0.0042735
0.0042735
0.0042735
0.0042735
0.0042735
0.0042735
0.0042735
0.0042735
0.0042735
0.0042735
0.0042735
0.0042735
0.0042735
0.0042735
0.0042735
0.0042735
0.0042735
0.0042735
0.0042735
0.0042735
0.0042735
0.0042735
0.0042735
0.0042735
0.0042735
0.0042735
0.0042735
0.0042735
0.0042735
0.0042735
0.0042735
0.0042735
0.0042735
0.0042735
0.0042735
0.0042735
0.0042735
0.0042735
0.0042735
0.0042735
0.0042735
0.0042735
0.0042735
0.0042735
0.0042735
0.0042735
0.0042735
0.0042735
0.0042735
0.0042735
0.0042735
0.0042735
0.0042735
0.0042735
0.0042735
0.0042735
0.0042735
0.0042735
0.0042735
0.0042735
0.0042735
0.0042735
0.0042735
0.0042735
0.0042735
0.0042735
0.0042735
0.0042735
0.0042735
0.0042735
0.0042735
0.0042735
0.0042735
0.0042735
0.0042735
0.0042735
0.0042735
0.0042735
0.324786
0.247863
