0.75
0.0022618
0.0022618
0.0022618
0.0022618
0.0022618
0.0022618
0.0022618
0.0022618
0.0022618
0.0022618
0.0022618
0.0022618
0.0022618
0.0022618
0.0022618
0.0022618
0.0022618
0.0022618
0.0022618
0.0022618
0.0022618
0.0022618
0.0022618
0.0022618
0.0022618
0.0022618
0.0022618
0.0022618
0.0022618
0.0022618
0.0022618
0.0022618
0.0022618
0.0022618
0.0022618
0.0022618
0.0022618
0.0022618
0.0022618
0.0022618
0.0022618
0.0022618
0.0022618
0.0022618
0.0022618
0.0022618
0.0022618
0.0022618
0.0022618
0.0022618
0.0022618
0.0022618
0.0022618
0.0022618
0.0022618
0.0022618
0.0022618
0.0022618
0.0022618
0.0022618
0.0022618
0.0022618
0.0022618
0.0022618
0.0022618
0.0022618
0.0022618
0.0022618
0.0022618
0.0022618
0.0022618
0.0022618
0.0022618
0.0022618
0.0022618
0.0022618
0.0022618
0.0022618
0.0022618
0.0022618
0.0022618
0.0022618
0.0022618
0.0022618
0.0022618
0.0022618
0.0022618
0.0022618
0.0022618
0.0022618
0.0022618
0.0022618
0.0022618
0.0022618
0.0022618
0.0022618
0.0022618
0.0022618
0.0022618
0.0022618
0.0022618
0.0022618
0.0022618
0.0022618
0.0022618
0.0022618
0.0022618
0.0022618
0.0022618
0.0022618
0.0022618
0.0022618
0.0022618
0.0022618
0.0022618
0.0022618
0.0022618
0.0022618
0.0022618
0.0022618
0.0022618
0.0022618
0.0022618
0.0022618
0.0022618
0.0022618
0.0022618
0.0022618
0.0022618
0.0022618
0.0022618
0.0022618
0.0022618
0.0022618
0.0022618
0.0022618
0.0022618
0.0022618
0.0022618
0.0022618
0.0022618
0.0022618
0.0022618
0.0022618
0.0022618
0.0022618
0.0022618
0.0022618
0.0022618
0.0022618
0.0022618
0.0022618
0.0022618
0.0022618
0.0022618
0.0022618
0.0022618
0.0022618
0.0022618
0.0022618
0.0022618
0.0022618
0.0022618
0.0022618
0.0022618
0.0022618
0.0022618
0.0022618
0.0022618
0.0022618
0.0022618
0.0022618
0.0022618
0.0022618
0.0022618
0.0022618
0.0022618
0.0022618
0.0022618
0.0022618
0.0022618
0.0022618
0.0022618
0.0022618
0.0022618
0.0022618
0.0022618
0.0022618
0.0022618
0.0022618
0.324569
0.245688
