0.75
0.00356824
0.00356824
0.00356824
0.00356824
0.00356824
0.00356824
0.00356824
0.00356824
0.00356824
0.00356824
0.00356824
0.00356824
0.00356824
0.00356824
0.00356824
0.00356824
0.00356824
0.00356824
0.00356824
0.00356824
0.00356824
0.00356824
0.00356824
0.00356824
0.00356824
0.00356824
0.00356824
0.00356824
0.00356824
0.00356824
0.00356824
0.00356824
0.00356824
0.00356824
0.00356824
0.00356824
0.00356824
0.00356824
0.00356824
0.00356824
0.00356824
0.00356824
0.00356824
0.00356824
0.00356824
0.00356824
0.00356824
0.00356824
0.00356824
0.00356824
0.00356824
0.00356824
0.00356824
0.00356824
0.00356824
0.00356824
0.00356824
0.00356824
0.00356824
0.00356824
0.00356824
0.00356824
0.00356824
0.00356824
0.00356824
0.00356824
0.00356824
0.00356824
0.00356824
0.00356824
0.00356824
0.00356824
0.00356824
0.00356824
0.00356824
0.00356824
0.00356824
0.00356824
0.00356824
0.00356824
0.00356824
0.00356824
0.00356824
0.00356824
0.00356824
0.00356824
0.00356824
0.00356824
0.00356824
0.00356824
0.00356824
0.00356824
0.00356824
0.00356824
0.00356824
0.00356824
0.00356824
0.00356824
0.00356824
0.00356824
0.00356824
0.00356824
0.00356824
0.00356824
0.00356824
0.00356824
0.00356824
0.00356824
0.00356824
0.00356824
0.00356824
0.00356824
0.00356824
0.00356824
0.00356824
0.00356824
0.00356824
0.00356824
0.00356824
0.00356824
0.32471
0.247101
