0.75
0.0045911
0.0045911
0.0045911
0.0045911
0.0045911
0.0045911
0.0045911
0.0045911
0.0045911
0.0045911
0.0045911
0.0045911
0.0045911
0.0045911
0.0045911
0.0045911
0.0045911
0.0045911
0.0045911
0.0045911
0.0045911
0.0045911
0.0045911
0.0045911
0.0045911
0.0045911
0.0045911
0.0045911
0.0045911
0.0045911
0.0045911
0.0045911
0.0045911
0.0045911
0.0045911
0.0045911
0.0045911
0.0045911
0.0045911
0.0045911
0.0045911
0.0045911
0.0045911
0.0045911
0.0045911
0.0045911
0.0045911
0.0045911
0.0045911
0.0045911
0.0045911
0.0045911
0.0045911
0.0045911
0.0045911
0.0045911
0.0045911
0.0045911
0.0045911
0.0045911
0.0045911
0.0045911
0.0045911
0.0045911
0.0045911
0.0045911
0.0045911
0.0045911
0.0045911
0.0045911
0.0045911
0.0045911
0.0045911
0.0045911
0.0045911
0.0045911
0.0045911
0.0045911
0.0045911
0.0045911
0.0045911
0.0045911
0.0045911
0.0045911
0.0045911
0.0045911
0.0045911
0.0045911
0.0045911
0.0045911
0.0045911
0.0045911
0.0045911
0.324821
0.248207
