0.75
0.00532623
0.00532623
0.00532623
0.00532623
0.00532623
0.00532623
0.00532623
0.00532623
0.00532623
0.00532623
0.00532623
0.00532623
0.00532623
0.00532623
0.00532623
0.00532623
0.00532623
0.00532623
0.00532623
0.00532623
0.00532623
0.00532623
0.00532623
0.00532623
0.00532623
0.00532623
0.00532623
0.00532623
0.00532623
0.00532623
0.00532623
0.00532623
0.00532623
0.00532623
0.00532623
0.00532623
0.00532623
0.00532623
0.00532623
0.00532623
0.00532623
0.00532623
0.00532623
0.00532623
0.00532623
0.00532623
0.00532623
0.00532623
0.00532623
0.00532623
0.00532623
0.00532623
0.00532623
0.00532623
0.00532623
0.00532623
0.00532623
0.00532623
0.00532623
0.00532623
0.00532623
0.00532623
0.00532623
0.00532623
0.00532623
0.00532623
0.00532623
0.00532623
0.00532623
0.00532623
0.00532623
0.00532623
0.00532623
0.00532623
0.00532623
0.00532623
0.00532623
0.00532623
0.00532623
0.00532623
0.3249
0.249001
