0.75
0.00813008
0.00813008
0.00813008
0.00813008
0.00813008
0.00813008
0.00813008
0.00813008
0.00813008
0.00813008
0.00813008
0.00813008
0.00813008
0.00813008
0.00813008
0.00813008
0.00813008
0.00813008
0.00813008
0.00813008
0.00813008
0.00813008
0.00813008
0.00813008
0.00813008
0.00813008
0.00813008
0.00813008
0.00813008
0.00813008
0.00813008
0.00813008
0.00813008
0.00813008
0.00813008
0.00813008
0.00813008
0.00813008
0.00813008
0.00813008
0.00813008
0.00813008
0.00813008
0.00813008
0.00813008
0.00813008
0.00813008
0.00813008
0.00813008
0.00813008
0.00813008
0.00813008
0.325203
0.252033
