0.75
0.00242682
0.00242682
0.00242682
0.00242682
0.00242682
0.00242682
0.00242682
0.00242682
0.00242682
0.00242682
0.00242682
0.00242682
0.00242682
0.00242682
0.00242682
0.00242682
0.00242682
0.00242682
0.00242682
0.00242682
0.00242682
0.00242682
0.00242682
0.00242682
0.00242682
0.00242682
0.00242682
0.00242682
0.00242682
0.00242682
0.00242682
0.00242682
0.00242682
0.00242682
0.00242682
0.00242682
0.00242682
0.00242682
0.00242682
0.00242682
0.00242682
0.00242682
0.00242682
0.00242682
0.00242682
0.00242682
0.00242682
0.00242682
0.00242682
0.00242682
0.00242682
0.00242682
0.00242682
0.00242682
0.00242682
0.00242682
0.00242682
0.00242682
0.00242682
0.00242682
0.00242682
0.00242682
0.00242682
0.00242682
0.00242682
0.00242682
0.00242682
0.00242682
0.00242682
0.00242682
0.00242682
0.00242682
0.00242682
0.00242682
0.00242682
0.00242682
0.00242682
0.00242682
0.00242682
0.00242682
0.00242682
0.00242682
0.00242682
0.00242682
0.00242682
0.00242682
0.00242682
0.00242682
0.00242682
0.00242682
0.00242682
0.00242682
0.00242682
0.00242682
0.00242682
0.00242682
0.00242682
0.00242682
0.00242682
0.00242682
0.00242682
0.00242682
0.00242682
0.00242682
0.00242682
0.00242682
0.00242682
0.00242682
0.00242682
0.00242682
0.00242682
0.00242682
0.00242682
0.00242682
0.00242682
0.00242682
0.00242682
0.00242682
0.00242682
0.00242682
0.00242682
0.00242682
0.00242682
0.00242682
0.00242682
0.00242682
0.00242682
0.00242682
0.00242682
0.00242682
0.00242682
0.00242682
0.00242682
0.00242682
0.00242682
0.00242682
0.00242682
0.00242682
0.00242682
0.00242682
0.00242682
0.00242682
0.00242682
0.00242682
0.00242682
0.00242682
0.00242682
0.00242682
0.00242682
0.00242682
0.00242682
0.00242682
0.00242682
0.00242682
0.00242682
0.00242682
0.00242682
0.00242682
0.00242682
0.00242682
0.00242682
0.00242682
0.00242682
0.00242682
0.00242682
0.00242682
0.00242682
0.00242682
0.00242682
0.00242682
0.00242682
0.00242682
0.00242682
0.00242682
0.00242682
0.00242682
0.00242682
0.324587
0.245867
