0.75
0.00423168
0.00423168
0.00423168
0.00423168
0.00423168
0.00423168
0.00423168
0.00423168
0.00423168
0.00423168
0.00423168
0.00423168
0.00423168
0.00423168
0.00423168
0.00423168
0.00423168
0.00423168
0.00423168
0.00423168
0.00423168
0.00423168
0.00423168
0.00423168
0.00423168
0.00423168
0.00423168
0.00423168
0.00423168
0.00423168
0.00423168
0.00423168
0.00423168
0.00423168
0.00423168
0.00423168
0.00423168
0.00423168
0.00423168
0.00423168
0.00423168
0.00423168
0.00423168
0.00423168
0.00423168
0.00423168
0.00423168
0.00423168
0.00423168
0.00423168
0.00423168
0.00423168
0.00423168
0.00423168
0.00423168
0.00423168
0.00423168
0.00423168
0.00423168
0.00423168
0.00423168
0.00423168
0.00423168
0.00423168
0.00423168
0.00423168
0.00423168
0.00423168
0.00423168
0.00423168
0.00423168
0.00423168
0.00423168
0.00423168
0.00423168
0.00423168
0.00423168
0.00423168
0.00423168
0.00423168
0.00423168
0.00423168
0.00423168
0.00423168
0.00423168
0.00423168
0.00423168
0.00423168
0.00423168
0.00423168
0.00423168
0.00423168
0.00423168
0.00423168
0.00423168
0.00423168
0.00423168
0.00423168
0.00423168
0.00423168
0.00423168
0.324782
0.247818
