0.75
0.00269951
0.00269951
0.00269951
0.00269951
0.00269951
0.00269951
0.00269951
0.00269951
0.00269951
0.00269951
0.00269951
0.00269951
0.00269951
0.00269951
0.00269951
0.00269951
0.00269951
0.00269951
0.00269951
0.00269951
0.00269951
0.00269951
0.00269951
0.00269951
0.00269951
0.00269951
0.00269951
0.00269951
0.00269951
0.00269951
0.00269951
0.00269951
0.00269951
0.00269951
0.00269951
0.00269951
0.00269951
0.00269951
0.00269951
0.00269951
0.00269951
0.00269951
0.00269951
0.00269951
0.00269951
0.00269951
0.00269951
0.00269951
0.00269951
0.00269951
0.00269951
0.00269951
0.00269951
0.00269951
0.00269951
0.00269951
0.00269951
0.00269951
0.00269951
0.00269951
0.00269951
0.00269951
0.00269951
0.00269951
0.00269951
0.00269951
0.00269951
0.00269951
0.00269951
0.00269951
0.00269951
0.00269951
0.00269951
0.00269951
0.00269951
0.00269951
0.00269951
0.00269951
0.00269951
0.00269951
0.00269951
0.00269951
0.00269951
0.00269951
0.00269951
0.00269951
0.00269951
0.00269951
0.00269951
0.00269951
0.00269951
0.00269951
0.00269951
0.00269951
0.00269951
0.00269951
0.00269951
0.00269951
0.00269951
0.00269951
0.00269951
0.00269951
0.00269951
0.00269951
0.00269951
0.00269951
0.00269951
0.00269951
0.00269951
0.00269951
0.00269951
0.00269951
0.00269951
0.00269951
0.00269951
0.00269951
0.00269951
0.00269951
0.00269951
0.00269951
0.00269951
0.00269951
0.00269951
0.00269951
0.00269951
0.00269951
0.00269951
0.00269951
0.00269951
0.00269951
0.00269951
0.00269951
0.00269951
0.00269951
0.00269951
0.00269951
0.00269951
0.00269951
0.00269951
0.00269951
0.00269951
0.00269951
0.00269951
0.00269951
0.00269951
0.00269951
0.00269951
0.00269951
0.00269951
0.00269951
0.00269951
0.00269951
0.00269951
0.00269951
0.00269951
0.00269951
0.00269951
0.00269951
0.00269951
0.324616
0.246162
