0.75
0.00513644
0.00513644
0.00513644
0.00513644
0.00513644
0.00513644
0.00513644
0.00513644
0.00513644
0.00513644
0.00513644
0.00513644
0.00513644
0.00513644
0.00513644
0.00513644
0.00513644
0.00513644
0.00513644
0.00513644
0.00513644
0.00513644
0.00513644
0.00513644
0.00513644
0.00513644
0.00513644
0.00513644
0.00513644
0.00513644
0.00513644
0.00513644
0.00513644
0.00513644
0.00513644
0.00513644
0.00513644
0.00513644
0.00513644
0.00513644
0.00513644
0.00513644
0.00513644
0.00513644
0.00513644
0.00513644
0.00513644
0.00513644
0.00513644
0.00513644
0.00513644
0.00513644
0.00513644
0.00513644
0.00513644
0.00513644
0.00513644
0.00513644
0.00513644
0.00513644
0.00513644
0.00513644
0.00513644
0.00513644
0.00513644
0.00513644
0.00513644
0.00513644
0.00513644
0.00513644
0.00513644
0.00513644
0.00513644
0.00513644
0.00513644
0.00513644
0.00513644
0.00513644
0.00513644
0.00513644
0.00513644
0.00513644
0.00513644
0.32488
0.248796
