0.75
0.0018786
0.0018786
0.0018786
0.0018786
0.0018786
0.0018786
0.0018786
0.0018786
0.0018786
0.0018786
0.0018786
0.0018786
0.0018786
0.0018786
0.0018786
0.0018786
0.0018786
0.0018786
0.0018786
0.0018786
0.0018786
0.0018786
0.0018786
0.0018786
0.0018786
0.0018786
0.0018786
0.0018786
0.0018786
0.0018786
0.0018786
0.0018786
0.0018786
0.0018786
0.0018786
0.0018786
0.0018786
0.0018786
0.0018786
0.0018786
0.0018786
0.0018786
0.0018786
0.0018786
0.0018786
0.0018786
0.0018786
0.0018786
0.0018786
0.0018786
0.0018786
0.0018786
0.0018786
0.0018786
0.0018786
0.0018786
0.0018786
0.0018786
0.0018786
0.0018786
0.0018786
0.0018786
0.0018786
0.0018786
0.0018786
0.0018786
0.0018786
0.0018786
0.0018786
0.0018786
0.0018786
0.0018786
0.0018786
0.0018786
0.0018786
0.0018786
0.0018786
0.0018786
0.0018786
0.0018786
0.0018786
0.0018786
0.0018786
0.0018786
0.0018786
0.0018786
0.0018786
0.0018786
0.0018786
0.0018786
0.0018786
0.0018786
0.0018786
0.0018786
0.0018786
0.0018786
0.0018786
0.0018786
0.0018786
0.0018786
0.0018786
0.0018786
0.0018786
0.0018786
0.0018786
0.0018786
0.0018786
0.0018786
0.0018786
0.0018786
0.0018786
0.0018786
0.0018786
0.0018786
0.0018786
0.0018786
0.0018786
0.0018786
0.0018786
0.0018786
0.0018786
0.0018786
0.0018786
0.0018786
0.0018786
0.0018786
0.0018786
0.0018786
0.0018786
0.0018786
0.0018786
0.0018786
0.0018786
0.0018786
0.0018786
0.0018786
0.0018786
0.0018786
0.0018786
0.0018786
0.0018786
0.0018786
0.0018786
0.0018786
0.0018786
0.0018786
0.0018786
0.0018786
0.0018786
0.0018786
0.0018786
0.0018786
0.0018786
0.0018786
0.0018786
0.0018786
0.0018786
0.0018786
0.0018786
0.0018786
0.0018786
0.0018786
0.0018786
0.0018786
0.0018786
0.0018786
0.0018786
0.0018786
0.0018786
0.0018786
0.0018786
0.0018786
0.0018786
0.0018786
0.0018786
0.0018786
0.0018786
0.0018786
0.0018786
0.0018786
0.0018786
0.0018786
0.0018786
0.0018786
0.0018786
0.0018786
0.0018786
0.0018786
0.0018786
0.0018786
0.0018786
0.0018786
0.0018786
0.0018786
0.0018786
0.0018786
0.0018786
0.0018786
0.0018786
0.0018786
0.0018786
0.0018786
0.0018786
0.0018786
0.0018786
0.0018786
0.0018786
0.0018786
0.0018786
0.0018786
0.0018786
0.0018786
0.0018786
0.0018786
0.0018786
0.0018786
0.0018786
0.0018786
0.0018786
0.0018786
0.0018786
0.0018786
0.0018786
0.0018786
0.0018786
0.0018786
0.0018786
0.0018786
0.0018786
0.324527
0.245274
