0.75
0.00192031
0.00192031
0.00192031
0.00192031
0.00192031
0.00192031
0.00192031
0.00192031
0.00192031
0.00192031
0.00192031
0.00192031
0.00192031
0.00192031
0.00192031
0.00192031
0.00192031
0.00192031
0.00192031
0.00192031
0.00192031
0.00192031
0.00192031
0.00192031
0.00192031
0.00192031
0.00192031
0.00192031
0.00192031
0.00192031
0.00192031
0.00192031
0.00192031
0.00192031
0.00192031
0.00192031
0.00192031
0.00192031
0.00192031
0.00192031
0.00192031
0.00192031
0.00192031
0.00192031
0.00192031
0.00192031
0.00192031
0.00192031
0.00192031
0.00192031
0.00192031
0.00192031
0.00192031
0.00192031
0.00192031
0.00192031
0.00192031
0.00192031
0.00192031
0.00192031
0.00192031
0.00192031
0.00192031
0.00192031
0.00192031
0.00192031
0.00192031
0.00192031
0.00192031
0.00192031
0.00192031
0.00192031
0.00192031
0.00192031
0.00192031
0.00192031
0.00192031
0.00192031
0.00192031
0.00192031
0.00192031
0.00192031
0.00192031
0.00192031
0.00192031
0.00192031
0.00192031
0.00192031
0.00192031
0.00192031
0.00192031
0.00192031
0.00192031
0.00192031
0.00192031
0.00192031
0.00192031
0.00192031
0.00192031
0.00192031
0.00192031
0.00192031
0.00192031
0.00192031
0.00192031
0.00192031
0.00192031
0.00192031
0.00192031
0.00192031
0.00192031
0.00192031
0.00192031
0.00192031
0.00192031
0.00192031
0.00192031
0.00192031
0.00192031
0.00192031
0.00192031
0.00192031
0.00192031
0.00192031
0.00192031
0.00192031
0.00192031
0.00192031
0.00192031
0.00192031
0.00192031
0.00192031
0.00192031
0.00192031
0.00192031
0.00192031
0.00192031
0.00192031
0.00192031
0.00192031
0.00192031
0.00192031
0.00192031
0.00192031
0.00192031
0.00192031
0.00192031
0.00192031
0.00192031
0.00192031
0.00192031
0.00192031
0.00192031
0.00192031
0.00192031
0.00192031
0.00192031
0.00192031
0.00192031
0.00192031
0.00192031
0.00192031
0.00192031
0.00192031
0.00192031
0.00192031
0.00192031
0.00192031
0.00192031
0.00192031
0.00192031
0.00192031
0.00192031
0.00192031
0.00192031
0.00192031
0.00192031
0.00192031
0.00192031
0.00192031
0.00192031
0.00192031
0.00192031
0.00192031
0.00192031
0.00192031
0.00192031
0.00192031
0.00192031
0.00192031
0.00192031
0.00192031
0.00192031
0.00192031
0.00192031
0.00192031
0.00192031
0.00192031
0.00192031
0.00192031
0.00192031
0.00192031
0.00192031
0.00192031
0.00192031
0.00192031
0.00192031
0.00192031
0.00192031
0.00192031
0.00192031
0.00192031
0.00192031
0.00192031
0.00192031
0.00192031
0.00192031
0.00192031
0.00192031
0.00192031
0.00192031
0.00192031
0.00192031
0.00192031
0.324532
0.245319
