0.75
0.00221545
0.00221545
0.00221545
0.00221545
0.00221545
0.00221545
0.00221545
0.00221545
0.00221545
0.00221545
0.00221545
0.00221545
0.00221545
0.00221545
0.00221545
0.00221545
0.00221545
0.00221545
0.00221545
0.00221545
0.00221545
0.00221545
0.00221545
0.00221545
0.00221545
0.00221545
0.00221545
0.00221545
0.00221545
0.00221545
0.00221545
0.00221545
0.00221545
0.00221545
0.00221545
0.00221545
0.00221545
0.00221545
0.00221545
0.00221545
0.00221545
0.00221545
0.00221545
0.00221545
0.00221545
0.00221545
0.00221545
0.00221545
0.00221545
0.00221545
0.00221545
0.00221545
0.00221545
0.00221545
0.00221545
0.00221545
0.00221545
0.00221545
0.00221545
0.00221545
0.00221545
0.00221545
0.00221545
0.00221545
0.00221545
0.00221545
0.00221545
0.00221545
0.00221545
0.00221545
0.00221545
0.00221545
0.00221545
0.00221545
0.00221545
0.00221545
0.00221545
0.00221545
0.00221545
0.00221545
0.00221545
0.00221545
0.00221545
0.00221545
0.00221545
0.00221545
0.00221545
0.00221545
0.00221545
0.00221545
0.00221545
0.00221545
0.00221545
0.00221545
0.00221545
0.00221545
0.00221545
0.00221545
0.00221545
0.00221545
0.00221545
0.00221545
0.00221545
0.00221545
0.00221545
0.00221545
0.00221545
0.00221545
0.00221545
0.00221545
0.00221545
0.00221545
0.00221545
0.00221545
0.00221545
0.00221545
0.00221545
0.00221545
0.00221545
0.00221545
0.00221545
0.00221545
0.00221545
0.00221545
0.00221545
0.00221545
0.00221545
0.00221545
0.00221545
0.00221545
0.00221545
0.00221545
0.00221545
0.00221545
0.00221545
0.00221545
0.00221545
0.00221545
0.00221545
0.00221545
0.00221545
0.00221545
0.00221545
0.00221545
0.00221545
0.00221545
0.00221545
0.00221545
0.00221545
0.00221545
0.00221545
0.00221545
0.00221545
0.00221545
0.00221545
0.00221545
0.00221545
0.00221545
0.00221545
0.00221545
0.00221545
0.00221545
0.00221545
0.00221545
0.00221545
0.00221545
0.00221545
0.00221545
0.00221545
0.00221545
0.00221545
0.00221545
0.00221545
0.00221545
0.00221545
0.00221545
0.00221545
0.00221545
0.00221545
0.00221545
0.00221545
0.00221545
0.00221545
0.00221545
0.00221545
0.00221545
0.00221545
0.00221545
0.00221545
0.00221545
0.00221545
0.00221545
0.00221545
0.00221545
0.324564
0.245638
