0.75
0.00469071
0.00469071
0.00469071
0.00469071
0.00469071
0.00469071
0.00469071
0.00469071
0.00469071
0.00469071
0.00469071
0.00469071
0.00469071
0.00469071
0.00469071
0.00469071
0.00469071
0.00469071
0.00469071
0.00469071
0.00469071
0.00469071
0.00469071
0.00469071
0.00469071
0.00469071
0.00469071
0.00469071
0.00469071
0.00469071
0.00469071
0.00469071
0.00469071
0.00469071
0.00469071
0.00469071
0.00469071
0.00469071
0.00469071
0.00469071
0.00469071
0.00469071
0.00469071
0.00469071
0.00469071
0.00469071
0.00469071
0.00469071
0.00469071
0.00469071
0.00469071
0.00469071
0.00469071
0.00469071
0.00469071
0.00469071
0.00469071
0.00469071
0.00469071
0.00469071
0.00469071
0.00469071
0.00469071
0.00469071
0.00469071
0.00469071
0.00469071
0.00469071
0.00469071
0.00469071
0.00469071
0.00469071
0.00469071
0.00469071
0.00469071
0.00469071
0.00469071
0.00469071
0.00469071
0.00469071
0.00469071
0.00469071
0.00469071
0.00469071
0.00469071
0.00469071
0.00469071
0.00469071
0.00469071
0.00469071
0.00469071
0.324831
0.248314
