0.75
0.00194624
0.00194624
0.00194624
0.00194624
0.00194624
0.00194624
0.00194624
0.00194624
0.00194624
0.00194624
0.00194624
0.00194624
0.00194624
0.00194624
0.00194624
0.00194624
0.00194624
0.00194624
0.00194624
0.00194624
0.00194624
0.00194624
0.00194624
0.00194624
0.00194624
0.00194624
0.00194624
0.00194624
0.00194624
0.00194624
0.00194624
0.00194624
0.00194624
0.00194624
0.00194624
0.00194624
0.00194624
0.00194624
0.00194624
0.00194624
0.00194624
0.00194624
0.00194624
0.00194624
0.00194624
0.00194624
0.00194624
0.00194624
0.00194624
0.00194624
0.00194624
0.00194624
0.00194624
0.00194624
0.00194624
0.00194624
0.00194624
0.00194624
0.00194624
0.00194624
0.00194624
0.00194624
0.00194624
0.00194624
0.00194624
0.00194624
0.00194624
0.00194624
0.00194624
0.00194624
0.00194624
0.00194624
0.00194624
0.00194624
0.00194624
0.00194624
0.00194624
0.00194624
0.00194624
0.00194624
0.00194624
0.00194624
0.00194624
0.00194624
0.00194624
0.00194624
0.00194624
0.00194624
0.00194624
0.00194624
0.00194624
0.00194624
0.00194624
0.00194624
0.00194624
0.00194624
0.00194624
0.00194624
0.00194624
0.00194624
0.00194624
0.00194624
0.00194624
0.00194624
0.00194624
0.00194624
0.00194624
0.00194624
0.00194624
0.00194624
0.00194624
0.00194624
0.00194624
0.00194624
0.00194624
0.00194624
0.00194624
0.00194624
0.00194624
0.00194624
0.00194624
0.00194624
0.00194624
0.00194624
0.00194624
0.00194624
0.00194624
0.00194624
0.00194624
0.00194624
0.00194624
0.00194624
0.00194624
0.00194624
0.00194624
0.00194624
0.00194624
0.00194624
0.00194624
0.00194624
0.00194624
0.00194624
0.00194624
0.00194624
0.00194624
0.00194624
0.00194624
0.00194624
0.00194624
0.00194624
0.00194624
0.00194624
0.00194624
0.00194624
0.00194624
0.00194624
0.00194624
0.00194624
0.00194624
0.00194624
0.00194624
0.00194624
0.00194624
0.00194624
0.00194624
0.00194624
0.00194624
0.00194624
0.00194624
0.00194624
0.00194624
0.00194624
0.00194624
0.00194624
0.00194624
0.00194624
0.00194624
0.00194624
0.00194624
0.00194624
0.00194624
0.00194624
0.00194624
0.00194624
0.00194624
0.00194624
0.00194624
0.00194624
0.00194624
0.00194624
0.00194624
0.00194624
0.00194624
0.00194624
0.00194624
0.00194624
0.00194624
0.00194624
0.00194624
0.00194624
0.00194624
0.00194624
0.00194624
0.00194624
0.00194624
0.00194624
0.00194624
0.00194624
0.00194624
0.00194624
0.00194624
0.00194624
0.00194624
0.00194624
0.00194624
0.00194624
0.00194624
0.00194624
0.00194624
0.00194624
0.00194624
0.324535
0.245347
