0.75
0.00327131
0.00327131
0.00327131
0.00327131
0.00327131
0.00327131
0.00327131
0.00327131
0.00327131
0.00327131
0.00327131
0.00327131
0.00327131
0.00327131
0.00327131
0.00327131
0.00327131
0.00327131
0.00327131
0.00327131
0.00327131
0.00327131
0.00327131
0.00327131
0.00327131
0.00327131
0.00327131
0.00327131
0.00327131
0.00327131
0.00327131
0.00327131
0.00327131
0.00327131
0.00327131
0.00327131
0.00327131
0.00327131
0.00327131
0.00327131
0.00327131
0.00327131
0.00327131
0.00327131
0.00327131
0.00327131
0.00327131
0.00327131
0.00327131
0.00327131
0.00327131
0.00327131
0.00327131
0.00327131
0.00327131
0.00327131
0.00327131
0.00327131
0.00327131
0.00327131
0.00327131
0.00327131
0.00327131
0.00327131
0.00327131
0.00327131
0.00327131
0.00327131
0.00327131
0.00327131
0.00327131
0.00327131
0.00327131
0.00327131
0.00327131
0.00327131
0.00327131
0.00327131
0.00327131
0.00327131
0.00327131
0.00327131
0.00327131
0.00327131
0.00327131
0.00327131
0.00327131
0.00327131
0.00327131
0.00327131
0.00327131
0.00327131
0.00327131
0.00327131
0.00327131
0.00327131
0.00327131
0.00327131
0.00327131
0.00327131
0.00327131
0.00327131
0.00327131
0.00327131
0.00327131
0.00327131
0.00327131
0.00327131
0.00327131
0.00327131
0.00327131
0.00327131
0.00327131
0.00327131
0.00327131
0.00327131
0.00327131
0.00327131
0.00327131
0.00327131
0.00327131
0.00327131
0.00327131
0.00327131
0.00327131
0.00327131
0.00327131
0.00327131
0.00327131
0.00327131
0.00327131
0.324678
0.24678
