0.75
0.00264988
0.00264988
0.00264988
0.00264988
0.00264988
0.00264988
0.00264988
0.00264988
0.00264988
0.00264988
0.00264988
0.00264988
0.00264988
0.00264988
0.00264988
0.00264988
0.00264988
0.00264988
0.00264988
0.00264988
0.00264988
0.00264988
0.00264988
0.00264988
0.00264988
0.00264988
0.00264988
0.00264988
0.00264988
0.00264988
0.00264988
0.00264988
0.00264988
0.00264988
0.00264988
0.00264988
0.00264988
0.00264988
0.00264988
0.00264988
0.00264988
0.00264988
0.00264988
0.00264988
0.00264988
0.00264988
0.00264988
0.00264988
0.00264988
0.00264988
0.00264988
0.00264988
0.00264988
0.00264988
0.00264988
0.00264988
0.00264988
0.00264988
0.00264988
0.00264988
0.00264988
0.00264988
0.00264988
0.00264988
0.00264988
0.00264988
0.00264988
0.00264988
0.00264988
0.00264988
0.00264988
0.00264988
0.00264988
0.00264988
0.00264988
0.00264988
0.00264988
0.00264988
0.00264988
0.00264988
0.00264988
0.00264988
0.00264988
0.00264988
0.00264988
0.00264988
0.00264988
0.00264988
0.00264988
0.00264988
0.00264988
0.00264988
0.00264988
0.00264988
0.00264988
0.00264988
0.00264988
0.00264988
0.00264988
0.00264988
0.00264988
0.00264988
0.00264988
0.00264988
0.00264988
0.00264988
0.00264988
0.00264988
0.00264988
0.00264988
0.00264988
0.00264988
0.00264988
0.00264988
0.00264988
0.00264988
0.00264988
0.00264988
0.00264988
0.00264988
0.00264988
0.00264988
0.00264988
0.00264988
0.00264988
0.00264988
0.00264988
0.00264988
0.00264988
0.00264988
0.00264988
0.00264988
0.00264988
0.00264988
0.00264988
0.00264988
0.00264988
0.00264988
0.00264988
0.00264988
0.00264988
0.00264988
0.00264988
0.00264988
0.00264988
0.00264988
0.00264988
0.00264988
0.00264988
0.00264988
0.00264988
0.00264988
0.00264988
0.00264988
0.00264988
0.00264988
0.00264988
0.00264988
0.00264988
0.00264988
0.00264988
0.00264988
0.324611
0.246108
