0.75
0.00365882
0.00365882
0.00365882
0.00365882
0.00365882
0.00365882
0.00365882
0.00365882
0.00365882
0.00365882
0.00365882
0.00365882
0.00365882
0.00365882
0.00365882
0.00365882
0.00365882
0.00365882
0.00365882
0.00365882
0.00365882
0.00365882
0.00365882
0.00365882
0.00365882
0.00365882
0.00365882
0.00365882
0.00365882
0.00365882
0.00365882
0.00365882
0.00365882
0.00365882
0.00365882
0.00365882
0.00365882
0.00365882
0.00365882
0.00365882
0.00365882
0.00365882
0.00365882
0.00365882
0.00365882
0.00365882
0.00365882
0.00365882
0.00365882
0.00365882
0.00365882
0.00365882
0.00365882
0.00365882
0.00365882
0.00365882
0.00365882
0.00365882
0.00365882
0.00365882
0.00365882
0.00365882
0.00365882
0.00365882
0.00365882
0.00365882
0.00365882
0.00365882
0.00365882
0.00365882
0.00365882
0.00365882
0.00365882
0.00365882
0.00365882
0.00365882
0.00365882
0.00365882
0.00365882
0.00365882
0.00365882
0.00365882
0.00365882
0.00365882
0.00365882
0.00365882
0.00365882
0.00365882
0.00365882
0.00365882
0.00365882
0.00365882
0.00365882
0.00365882
0.00365882
0.00365882
0.00365882
0.00365882
0.00365882
0.00365882
0.00365882
0.00365882
0.00365882
0.00365882
0.00365882
0.00365882
0.00365882
0.00365882
0.00365882
0.00365882
0.00365882
0.00365882
0.00365882
0.00365882
0.00365882
0.00365882
0.00365882
0.32472
0.247199
