0.75
0.00237354
0.00237354
0.00237354
0.00237354
0.00237354
0.00237354
0.00237354
0.00237354
0.00237354
0.00237354
0.00237354
0.00237354
0.00237354
0.00237354
0.00237354
0.00237354
0.00237354
0.00237354
0.00237354
0.00237354
0.00237354
0.00237354
0.00237354
0.00237354
0.00237354
0.00237354
0.00237354
0.00237354
0.00237354
0.00237354
0.00237354
0.00237354
0.00237354
0.00237354
0.00237354
0.00237354
0.00237354
0.00237354
0.00237354
0.00237354
0.00237354
0.00237354
0.00237354
0.00237354
0.00237354
0.00237354
0.00237354
0.00237354
0.00237354
0.00237354
0.00237354
0.00237354
0.00237354
0.00237354
0.00237354
0.00237354
0.00237354
0.00237354
0.00237354
0.00237354
0.00237354
0.00237354
0.00237354
0.00237354
0.00237354
0.00237354
0.00237354
0.00237354
0.00237354
0.00237354
0.00237354
0.00237354
0.00237354
0.00237354
0.00237354
0.00237354
0.00237354
0.00237354
0.00237354
0.00237354
0.00237354
0.00237354
0.00237354
0.00237354
0.00237354
0.00237354
0.00237354
0.00237354
0.00237354
0.00237354
0.00237354
0.00237354
0.00237354
0.00237354
0.00237354
0.00237354
0.00237354
0.00237354
0.00237354
0.00237354
0.00237354
0.00237354
0.00237354
0.00237354
0.00237354
0.00237354
0.00237354
0.00237354
0.00237354
0.00237354
0.00237354
0.00237354
0.00237354
0.00237354
0.00237354
0.00237354
0.00237354
0.00237354
0.00237354
0.00237354
0.00237354
0.00237354
0.00237354
0.00237354
0.00237354
0.00237354
0.00237354
0.00237354
0.00237354
0.00237354
0.00237354
0.00237354
0.00237354
0.00237354
0.00237354
0.00237354
0.00237354
0.00237354
0.00237354
0.00237354
0.00237354
0.00237354
0.00237354
0.00237354
0.00237354
0.00237354
0.00237354
0.00237354
0.00237354
0.00237354
0.00237354
0.00237354
0.00237354
0.00237354
0.00237354
0.00237354
0.00237354
0.00237354
0.00237354
0.00237354
0.00237354
0.00237354
0.00237354
0.00237354
0.00237354
0.00237354
0.00237354
0.00237354
0.00237354
0.00237354
0.00237354
0.00237354
0.00237354
0.00237354
0.00237354
0.00237354
0.00237354
0.00237354
0.00237354
0.00237354
0.00237354
0.324581
0.245809
