0.75
0.00229786
0.00229786
0.00229786
0.00229786
0.00229786
0.00229786
0.00229786
0.00229786
0.00229786
0.00229786
0.00229786
0.00229786
0.00229786
0.00229786
0.00229786
0.00229786
0.00229786
0.00229786
0.00229786
0.00229786
0.00229786
0.00229786
0.00229786
0.00229786
0.00229786
0.00229786
0.00229786
0.00229786
0.00229786
0.00229786
0.00229786
0.00229786
0.00229786
0.00229786
0.00229786
0.00229786
0.00229786
0.00229786
0.00229786
0.00229786
0.00229786
0.00229786
0.00229786
0.00229786
0.00229786
0.00229786
0.00229786
0.00229786
0.00229786
0.00229786
0.00229786
0.00229786
0.00229786
0.00229786
0.00229786
0.00229786
0.00229786
0.00229786
0.00229786
0.00229786
0.00229786
0.00229786
0.00229786
0.00229786
0.00229786
0.00229786
0.00229786
0.00229786
0.00229786
0.00229786
0.00229786
0.00229786
0.00229786
0.00229786
0.00229786
0.00229786
0.00229786
0.00229786
0.00229786
0.00229786
0.00229786
0.00229786
0.00229786
0.00229786
0.00229786
0.00229786
0.00229786
0.00229786
0.00229786
0.00229786
0.00229786
0.00229786
0.00229786
0.00229786
0.00229786
0.00229786
0.00229786
0.00229786
0.00229786
0.00229786
0.00229786
0.00229786
0.00229786
0.00229786
0.00229786
0.00229786
0.00229786
0.00229786
0.00229786
0.00229786
0.00229786
0.00229786
0.00229786
0.00229786
0.00229786
0.00229786
0.00229786
0.00229786
0.00229786
0.00229786
0.00229786
0.00229786
0.00229786
0.00229786
0.00229786
0.00229786
0.00229786
0.00229786
0.00229786
0.00229786
0.00229786
0.00229786
0.00229786
0.00229786
0.00229786
0.00229786
0.00229786
0.00229786
0.00229786
0.00229786
0.00229786
0.00229786
0.00229786
0.00229786
0.00229786
0.00229786
0.00229786
0.00229786
0.00229786
0.00229786
0.00229786
0.00229786
0.00229786
0.00229786
0.00229786
0.00229786
0.00229786
0.00229786
0.00229786
0.00229786
0.00229786
0.00229786
0.00229786
0.00229786
0.00229786
0.00229786
0.00229786
0.00229786
0.00229786
0.00229786
0.00229786
0.00229786
0.00229786
0.00229786
0.00229786
0.00229786
0.00229786
0.00229786
0.00229786
0.00229786
0.00229786
0.00229786
0.00229786
0.00229786
0.00229786
0.00229786
0.00229786
0.324573
0.245727
