0.75
0.00188679
0.00188679
0.00188679
0.00188679
0.00188679
0.00188679
0.00188679
0.00188679
0.00188679
0.00188679
0.00188679
0.00188679
0.00188679
0.00188679
0.00188679
0.00188679
0.00188679
0.00188679
0.00188679
0.00188679
0.00188679
0.00188679
0.00188679
0.00188679
0.00188679
0.00188679
0.00188679
0.00188679
0.00188679
0.00188679
0.00188679
0.00188679
0.00188679
0.00188679
0.00188679
0.00188679
0.00188679
0.00188679
0.00188679
0.00188679
0.00188679
0.00188679
0.00188679
0.00188679
0.00188679
0.00188679
0.00188679
0.00188679
0.00188679
0.00188679
0.00188679
0.00188679
0.00188679
0.00188679
0.00188679
0.00188679
0.00188679
0.00188679
0.00188679
0.00188679
0.00188679
0.00188679
0.00188679
0.00188679
0.00188679
0.00188679
0.00188679
0.00188679
0.00188679
0.00188679
0.00188679
0.00188679
0.00188679
0.00188679
0.00188679
0.00188679
0.00188679
0.00188679
0.00188679
0.00188679
0.00188679
0.00188679
0.00188679
0.00188679
0.00188679
0.00188679
0.00188679
0.00188679
0.00188679
0.00188679
0.00188679
0.00188679
0.00188679
0.00188679
0.00188679
0.00188679
0.00188679
0.00188679
0.00188679
0.00188679
0.00188679
0.00188679
0.00188679
0.00188679
0.00188679
0.00188679
0.00188679
0.00188679
0.00188679
0.00188679
0.00188679
0.00188679
0.00188679
0.00188679
0.00188679
0.00188679
0.00188679
0.00188679
0.00188679
0.00188679
0.00188679
0.00188679
0.00188679
0.00188679
0.00188679
0.00188679
0.00188679
0.00188679
0.00188679
0.00188679
0.00188679
0.00188679
0.00188679
0.00188679
0.00188679
0.00188679
0.00188679
0.00188679
0.00188679
0.00188679
0.00188679
0.00188679
0.00188679
0.00188679
0.00188679
0.00188679
0.00188679
0.00188679
0.00188679
0.00188679
0.00188679
0.00188679
0.00188679
0.00188679
0.00188679
0.00188679
0.00188679
0.00188679
0.00188679
0.00188679
0.00188679
0.00188679
0.00188679
0.00188679
0.00188679
0.00188679
0.00188679
0.00188679
0.00188679
0.00188679
0.00188679
0.00188679
0.00188679
0.00188679
0.00188679
0.00188679
0.00188679
0.00188679
0.00188679
0.00188679
0.00188679
0.00188679
0.00188679
0.00188679
0.00188679
0.00188679
0.00188679
0.00188679
0.00188679
0.00188679
0.00188679
0.00188679
0.00188679
0.00188679
0.00188679
0.00188679
0.00188679
0.00188679
0.00188679
0.00188679
0.00188679
0.00188679
0.00188679
0.00188679
0.00188679
0.00188679
0.00188679
0.00188679
0.00188679
0.00188679
0.00188679
0.00188679
0.00188679
0.00188679
0.00188679
0.00188679
0.00188679
0.00188679
0.00188679
0.00188679
0.00188679
0.00188679
0.00188679
0.00188679
0.00188679
0.00188679
0.00188679
0.00188679
0.324528
0.245283
