0.75
0.00263374
0.00263374
0.00263374
0.00263374
0.00263374
0.00263374
0.00263374
0.00263374
0.00263374
0.00263374
0.00263374
0.00263374
0.00263374
0.00263374
0.00263374
0.00263374
0.00263374
0.00263374
0.00263374
0.00263374
0.00263374
0.00263374
0.00263374
0.00263374
0.00263374
0.00263374
0.00263374
0.00263374
0.00263374
0.00263374
0.00263374
0.00263374
0.00263374
0.00263374
0.00263374
0.00263374
0.00263374
0.00263374
0.00263374
0.00263374
0.00263374
0.00263374
0.00263374
0.00263374
0.00263374
0.00263374
0.00263374
0.00263374
0.00263374
0.00263374
0.00263374
0.00263374
0.00263374
0.00263374
0.00263374
0.00263374
0.00263374
0.00263374
0.00263374
0.00263374
0.00263374
0.00263374
0.00263374
0.00263374
0.00263374
0.00263374
0.00263374
0.00263374
0.00263374
0.00263374
0.00263374
0.00263374
0.00263374
0.00263374
0.00263374
0.00263374
0.00263374
0.00263374
0.00263374
0.00263374
0.00263374
0.00263374
0.00263374
0.00263374
0.00263374
0.00263374
0.00263374
0.00263374
0.00263374
0.00263374
0.00263374
0.00263374
0.00263374
0.00263374
0.00263374
0.00263374
0.00263374
0.00263374
0.00263374
0.00263374
0.00263374
0.00263374
0.00263374
0.00263374
0.00263374
0.00263374
0.00263374
0.00263374
0.00263374
0.00263374
0.00263374
0.00263374
0.00263374
0.00263374
0.00263374
0.00263374
0.00263374
0.00263374
0.00263374
0.00263374
0.00263374
0.00263374
0.00263374
0.00263374
0.00263374
0.00263374
0.00263374
0.00263374
0.00263374
0.00263374
0.00263374
0.00263374
0.00263374
0.00263374
0.00263374
0.00263374
0.00263374
0.00263374
0.00263374
0.00263374
0.00263374
0.00263374
0.00263374
0.00263374
0.00263374
0.00263374
0.00263374
0.00263374
0.00263374
0.00263374
0.00263374
0.00263374
0.00263374
0.00263374
0.00263374
0.00263374
0.00263374
0.00263374
0.00263374
0.00263374
0.00263374
0.00263374
0.00263374
0.324609
0.246091
