0.75
0.00234776
0.00234776
0.00234776
0.00234776
0.00234776
0.00234776
0.00234776
0.00234776
0.00234776
0.00234776
0.00234776
0.00234776
0.00234776
0.00234776
0.00234776
0.00234776
0.00234776
0.00234776
0.00234776
0.00234776
0.00234776
0.00234776
0.00234776
0.00234776
0.00234776
0.00234776
0.00234776
0.00234776
0.00234776
0.00234776
0.00234776
0.00234776
0.00234776
0.00234776
0.00234776
0.00234776
0.00234776
0.00234776
0.00234776
0.00234776
0.00234776
0.00234776
0.00234776
0.00234776
0.00234776
0.00234776
0.00234776
0.00234776
0.00234776
0.00234776
0.00234776
0.00234776
0.00234776
0.00234776
0.00234776
0.00234776
0.00234776
0.00234776
0.00234776
0.00234776
0.00234776
0.00234776
0.00234776
0.00234776
0.00234776
0.00234776
0.00234776
0.00234776
0.00234776
0.00234776
0.00234776
0.00234776
0.00234776
0.00234776
0.00234776
0.00234776
0.00234776
0.00234776
0.00234776
0.00234776
0.00234776
0.00234776
0.00234776
0.00234776
0.00234776
0.00234776
0.00234776
0.00234776
0.00234776
0.00234776
0.00234776
0.00234776
0.00234776
0.00234776
0.00234776
0.00234776
0.00234776
0.00234776
0.00234776
0.00234776
0.00234776
0.00234776
0.00234776
0.00234776
0.00234776
0.00234776
0.00234776
0.00234776
0.00234776
0.00234776
0.00234776
0.00234776
0.00234776
0.00234776
0.00234776
0.00234776
0.00234776
0.00234776
0.00234776
0.00234776
0.00234776
0.00234776
0.00234776
0.00234776
0.00234776
0.00234776
0.00234776
0.00234776
0.00234776
0.00234776
0.00234776
0.00234776
0.00234776
0.00234776
0.00234776
0.00234776
0.00234776
0.00234776
0.00234776
0.00234776
0.00234776
0.00234776
0.00234776
0.00234776
0.00234776
0.00234776
0.00234776
0.00234776
0.00234776
0.00234776
0.00234776
0.00234776
0.00234776
0.00234776
0.00234776
0.00234776
0.00234776
0.00234776
0.00234776
0.00234776
0.00234776
0.00234776
0.00234776
0.00234776
0.00234776
0.00234776
0.00234776
0.00234776
0.00234776
0.00234776
0.00234776
0.00234776
0.00234776
0.00234776
0.00234776
0.00234776
0.00234776
0.00234776
0.00234776
0.00234776
0.00234776
0.00234776
0.00234776
0.324578
0.245781
