0.75
0.00590842
0.00590842
0.00590842
0.00590842
0.00590842
0.00590842
0.00590842
0.00590842
0.00590842
0.00590842
0.00590842
0.00590842
0.00590842
0.00590842
0.00590842
0.00590842
0.00590842
0.00590842
0.00590842
0.00590842
0.00590842
0.00590842
0.00590842
0.00590842
0.00590842
0.00590842
0.00590842
0.00590842
0.00590842
0.00590842
0.00590842
0.00590842
0.00590842
0.00590842
0.00590842
0.00590842
0.00590842
0.00590842
0.00590842
0.00590842
0.00590842
0.00590842
0.00590842
0.00590842
0.00590842
0.00590842
0.00590842
0.00590842
0.00590842
0.00590842
0.00590842
0.00590842
0.00590842
0.00590842
0.00590842
0.00590842
0.00590842
0.00590842
0.00590842
0.00590842
0.00590842
0.00590842
0.00590842
0.00590842
0.00590842
0.00590842
0.00590842
0.00590842
0.00590842
0.00590842
0.00590842
0.00590842
0.324963
0.249631
