0.75
0.0049597
0.0049597
0.0049597
0.0049597
0.0049597
0.0049597
0.0049597
0.0049597
0.0049597
0.0049597
0.0049597
0.0049597
0.0049597
0.0049597
0.0049597
0.0049597
0.0049597
0.0049597
0.0049597
0.0049597
0.0049597
0.0049597
0.0049597
0.0049597
0.0049597
0.0049597
0.0049597
0.0049597
0.0049597
0.0049597
0.0049597
0.0049597
0.0049597
0.0049597
0.0049597
0.0049597
0.0049597
0.0049597
0.0049597
0.0049597
0.0049597
0.0049597
0.0049597
0.0049597
0.0049597
0.0049597
0.0049597
0.0049597
0.0049597
0.0049597
0.0049597
0.0049597
0.0049597
0.0049597
0.0049597
0.0049597
0.0049597
0.0049597
0.0049597
0.0049597
0.0049597
0.0049597
0.0049597
0.0049597
0.0049597
0.0049597
0.0049597
0.0049597
0.0049597
0.0049597
0.0049597
0.0049597
0.0049597
0.0049597
0.0049597
0.0049597
0.0049597
0.0049597
0.0049597
0.0049597
0.0049597
0.0049597
0.0049597
0.0049597
0.0049597
0.0049597
0.324861
0.248605
