0.75
0.00255591
0.00255591
0.00255591
0.00255591
0.00255591
0.00255591
0.00255591
0.00255591
0.00255591
0.00255591
0.00255591
0.00255591
0.00255591
0.00255591
0.00255591
0.00255591
0.00255591
0.00255591
0.00255591
0.00255591
0.00255591
0.00255591
0.00255591
0.00255591
0.00255591
0.00255591
0.00255591
0.00255591
0.00255591
0.00255591
0.00255591
0.00255591
0.00255591
0.00255591
0.00255591
0.00255591
0.00255591
0.00255591
0.00255591
0.00255591
0.00255591
0.00255591
0.00255591
0.00255591
0.00255591
0.00255591
0.00255591
0.00255591
0.00255591
0.00255591
0.00255591
0.00255591
0.00255591
0.00255591
0.00255591
0.00255591
0.00255591
0.00255591
0.00255591
0.00255591
0.00255591
0.00255591
0.00255591
0.00255591
0.00255591
0.00255591
0.00255591
0.00255591
0.00255591
0.00255591
0.00255591
0.00255591
0.00255591
0.00255591
0.00255591
0.00255591
0.00255591
0.00255591
0.00255591
0.00255591
0.00255591
0.00255591
0.00255591
0.00255591
0.00255591
0.00255591
0.00255591
0.00255591
0.00255591
0.00255591
0.00255591
0.00255591
0.00255591
0.00255591
0.00255591
0.00255591
0.00255591
0.00255591
0.00255591
0.00255591
0.00255591
0.00255591
0.00255591
0.00255591
0.00255591
0.00255591
0.00255591
0.00255591
0.00255591
0.00255591
0.00255591
0.00255591
0.00255591
0.00255591
0.00255591
0.00255591
0.00255591
0.00255591
0.00255591
0.00255591
0.00255591
0.00255591
0.00255591
0.00255591
0.00255591
0.00255591
0.00255591
0.00255591
0.00255591
0.00255591
0.00255591
0.00255591
0.00255591
0.00255591
0.00255591
0.00255591
0.00255591
0.00255591
0.00255591
0.00255591
0.00255591
0.00255591
0.00255591
0.00255591
0.00255591
0.00255591
0.00255591
0.00255591
0.00255591
0.00255591
0.00255591
0.00255591
0.00255591
0.00255591
0.00255591
0.00255591
0.00255591
0.00255591
0.00255591
0.00255591
0.00255591
0.00255591
0.00255591
0.00255591
0.00255591
0.00255591
0.00255591
0.00255591
0.324601
0.246006
