0.75
0.00312928
0.00312928
0.00312928
0.00312928
0.00312928
0.00312928
0.00312928
0.00312928
0.00312928
0.00312928
0.00312928
0.00312928
0.00312928
0.00312928
0.00312928
0.00312928
0.00312928
0.00312928
0.00312928
0.00312928
0.00312928
0.00312928
0.00312928
0.00312928
0.00312928
0.00312928
0.00312928
0.00312928
0.00312928
0.00312928
0.00312928
0.00312928
0.00312928
0.00312928
0.00312928
0.00312928
0.00312928
0.00312928
0.00312928
0.00312928
0.00312928
0.00312928
0.00312928
0.00312928
0.00312928
0.00312928
0.00312928
0.00312928
0.00312928
0.00312928
0.00312928
0.00312928
0.00312928
0.00312928
0.00312928
0.00312928
0.00312928
0.00312928
0.00312928
0.00312928
0.00312928
0.00312928
0.00312928
0.00312928
0.00312928
0.00312928
0.00312928
0.00312928
0.00312928
0.00312928
0.00312928
0.00312928
0.00312928
0.00312928
0.00312928
0.00312928
0.00312928
0.00312928
0.00312928
0.00312928
0.00312928
0.00312928
0.00312928
0.00312928
0.00312928
0.00312928
0.00312928
0.00312928
0.00312928
0.00312928
0.00312928
0.00312928
0.00312928
0.00312928
0.00312928
0.00312928
0.00312928
0.00312928
0.00312928
0.00312928
0.00312928
0.00312928
0.00312928
0.00312928
0.00312928
0.00312928
0.00312928
0.00312928
0.00312928
0.00312928
0.00312928
0.00312928
0.00312928
0.00312928
0.00312928
0.00312928
0.00312928
0.00312928
0.00312928
0.00312928
0.00312928
0.00312928
0.00312928
0.00312928
0.00312928
0.00312928
0.00312928
0.00312928
0.00312928
0.00312928
0.00312928
0.00312928
0.00312928
0.00312928
0.00312928
0.00312928
0.00312928
0.324663
0.246626
