0.75
0.00216012
0.00216012
0.00216012
0.00216012
0.00216012
0.00216012
0.00216012
0.00216012
0.00216012
0.00216012
0.00216012
0.00216012
0.00216012
0.00216012
0.00216012
0.00216012
0.00216012
0.00216012
0.00216012
0.00216012
0.00216012
0.00216012
0.00216012
0.00216012
0.00216012
0.00216012
0.00216012
0.00216012
0.00216012
0.00216012
0.00216012
0.00216012
0.00216012
0.00216012
0.00216012
0.00216012
0.00216012
0.00216012
0.00216012
0.00216012
0.00216012
0.00216012
0.00216012
0.00216012
0.00216012
0.00216012
0.00216012
0.00216012
0.00216012
0.00216012
0.00216012
0.00216012
0.00216012
0.00216012
0.00216012
0.00216012
0.00216012
0.00216012
0.00216012
0.00216012
0.00216012
0.00216012
0.00216012
0.00216012
0.00216012
0.00216012
0.00216012
0.00216012
0.00216012
0.00216012
0.00216012
0.00216012
0.00216012
0.00216012
0.00216012
0.00216012
0.00216012
0.00216012
0.00216012
0.00216012
0.00216012
0.00216012
0.00216012
0.00216012
0.00216012
0.00216012
0.00216012
0.00216012
0.00216012
0.00216012
0.00216012
0.00216012
0.00216012
0.00216012
0.00216012
0.00216012
0.00216012
0.00216012
0.00216012
0.00216012
0.00216012
0.00216012
0.00216012
0.00216012
0.00216012
0.00216012
0.00216012
0.00216012
0.00216012
0.00216012
0.00216012
0.00216012
0.00216012
0.00216012
0.00216012
0.00216012
0.00216012
0.00216012
0.00216012
0.00216012
0.00216012
0.00216012
0.00216012
0.00216012
0.00216012
0.00216012
0.00216012
0.00216012
0.00216012
0.00216012
0.00216012
0.00216012
0.00216012
0.00216012
0.00216012
0.00216012
0.00216012
0.00216012
0.00216012
0.00216012
0.00216012
0.00216012
0.00216012
0.00216012
0.00216012
0.00216012
0.00216012
0.00216012
0.00216012
0.00216012
0.00216012
0.00216012
0.00216012
0.00216012
0.00216012
0.00216012
0.00216012
0.00216012
0.00216012
0.00216012
0.00216012
0.00216012
0.00216012
0.00216012
0.00216012
0.00216012
0.00216012
0.00216012
0.00216012
0.00216012
0.00216012
0.00216012
0.00216012
0.00216012
0.00216012
0.00216012
0.00216012
0.00216012
0.00216012
0.00216012
0.00216012
0.00216012
0.00216012
0.00216012
0.00216012
0.00216012
0.00216012
0.00216012
0.00216012
0.00216012
0.00216012
0.00216012
0.00216012
0.00216012
0.00216012
0.00216012
0.00216012
0.00216012
0.00216012
0.324558
0.245579
