0.75
0.00286021
0.00286021
0.00286021
0.00286021
0.00286021
0.00286021
0.00286021
0.00286021
0.00286021
0.00286021
0.00286021
0.00286021
0.00286021
0.00286021
0.00286021
0.00286021
0.00286021
0.00286021
0.00286021
0.00286021
0.00286021
0.00286021
0.00286021
0.00286021
0.00286021
0.00286021
0.00286021
0.00286021
0.00286021
0.00286021
0.00286021
0.00286021
0.00286021
0.00286021
0.00286021
0.00286021
0.00286021
0.00286021
0.00286021
0.00286021
0.00286021
0.00286021
0.00286021
0.00286021
0.00286021
0.00286021
0.00286021
0.00286021
0.00286021
0.00286021
0.00286021
0.00286021
0.00286021
0.00286021
0.00286021
0.00286021
0.00286021
0.00286021
0.00286021
0.00286021
0.00286021
0.00286021
0.00286021
0.00286021
0.00286021
0.00286021
0.00286021
0.00286021
0.00286021
0.00286021
0.00286021
0.00286021
0.00286021
0.00286021
0.00286021
0.00286021
0.00286021
0.00286021
0.00286021
0.00286021
0.00286021
0.00286021
0.00286021
0.00286021
0.00286021
0.00286021
0.00286021
0.00286021
0.00286021
0.00286021
0.00286021
0.00286021
0.00286021
0.00286021
0.00286021
0.00286021
0.00286021
0.00286021
0.00286021
0.00286021
0.00286021
0.00286021
0.00286021
0.00286021
0.00286021
0.00286021
0.00286021
0.00286021
0.00286021
0.00286021
0.00286021
0.00286021
0.00286021
0.00286021
0.00286021
0.00286021
0.00286021
0.00286021
0.00286021
0.00286021
0.00286021
0.00286021
0.00286021
0.00286021
0.00286021
0.00286021
0.00286021
0.00286021
0.00286021
0.00286021
0.00286021
0.00286021
0.00286021
0.00286021
0.00286021
0.00286021
0.00286021
0.00286021
0.00286021
0.00286021
0.00286021
0.00286021
0.00286021
0.00286021
0.00286021
0.00286021
0.00286021
0.00286021
0.00286021
0.00286021
0.324634
0.246335
