0.75
0.00251138
0.00251138
0.00251138
0.00251138
0.00251138
0.00251138
0.00251138
0.00251138
0.00251138
0.00251138
0.00251138
0.00251138
0.00251138
0.00251138
0.00251138
0.00251138
0.00251138
0.00251138
0.00251138
0.00251138
0.00251138
0.00251138
0.00251138
0.00251138
0.00251138
0.00251138
0.00251138
0.00251138
0.00251138
0.00251138
0.00251138
0.00251138
0.00251138
0.00251138
0.00251138
0.00251138
0.00251138
0.00251138
0.00251138
0.00251138
0.00251138
0.00251138
0.00251138
0.00251138
0.00251138
0.00251138
0.00251138
0.00251138
0.00251138
0.00251138
0.00251138
0.00251138
0.00251138
0.00251138
0.00251138
0.00251138
0.00251138
0.00251138
0.00251138
0.00251138
0.00251138
0.00251138
0.00251138
0.00251138
0.00251138
0.00251138
0.00251138
0.00251138
0.00251138
0.00251138
0.00251138
0.00251138
0.00251138
0.00251138
0.00251138
0.00251138
0.00251138
0.00251138
0.00251138
0.00251138
0.00251138
0.00251138
0.00251138
0.00251138
0.00251138
0.00251138
0.00251138
0.00251138
0.00251138
0.00251138
0.00251138
0.00251138
0.00251138
0.00251138
0.00251138
0.00251138
0.00251138
0.00251138
0.00251138
0.00251138
0.00251138
0.00251138
0.00251138
0.00251138
0.00251138
0.00251138
0.00251138
0.00251138
0.00251138
0.00251138
0.00251138
0.00251138
0.00251138
0.00251138
0.00251138
0.00251138
0.00251138
0.00251138
0.00251138
0.00251138
0.00251138
0.00251138
0.00251138
0.00251138
0.00251138
0.00251138
0.00251138
0.00251138
0.00251138
0.00251138
0.00251138
0.00251138
0.00251138
0.00251138
0.00251138
0.00251138
0.00251138
0.00251138
0.00251138
0.00251138
0.00251138
0.00251138
0.00251138
0.00251138
0.00251138
0.00251138
0.00251138
0.00251138
0.00251138
0.00251138
0.00251138
0.00251138
0.00251138
0.00251138
0.00251138
0.00251138
0.00251138
0.00251138
0.00251138
0.00251138
0.00251138
0.00251138
0.00251138
0.00251138
0.00251138
0.00251138
0.00251138
0.00251138
0.00251138
0.00251138
0.00251138
0.324596
0.245958
