0.75
0.00348205
0.00348205
0.00348205
0.00348205
0.00348205
0.00348205
0.00348205
0.00348205
0.00348205
0.00348205
0.00348205
0.00348205
0.00348205
0.00348205
0.00348205
0.00348205
0.00348205
0.00348205
0.00348205
0.00348205
0.00348205
0.00348205
0.00348205
0.00348205
0.00348205
0.00348205
0.00348205
0.00348205
0.00348205
0.00348205
0.00348205
0.00348205
0.00348205
0.00348205
0.00348205
0.00348205
0.00348205
0.00348205
0.00348205
0.00348205
0.00348205
0.00348205
0.00348205
0.00348205
0.00348205
0.00348205
0.00348205
0.00348205
0.00348205
0.00348205
0.00348205
0.00348205
0.00348205
0.00348205
0.00348205
0.00348205
0.00348205
0.00348205
0.00348205
0.00348205
0.00348205
0.00348205
0.00348205
0.00348205
0.00348205
0.00348205
0.00348205
0.00348205
0.00348205
0.00348205
0.00348205
0.00348205
0.00348205
0.00348205
0.00348205
0.00348205
0.00348205
0.00348205
0.00348205
0.00348205
0.00348205
0.00348205
0.00348205
0.00348205
0.00348205
0.00348205
0.00348205
0.00348205
0.00348205
0.00348205
0.00348205
0.00348205
0.00348205
0.00348205
0.00348205
0.00348205
0.00348205
0.00348205
0.00348205
0.00348205
0.00348205
0.00348205
0.00348205
0.00348205
0.00348205
0.00348205
0.00348205
0.00348205
0.00348205
0.00348205
0.00348205
0.00348205
0.00348205
0.00348205
0.00348205
0.00348205
0.00348205
0.00348205
0.00348205
0.00348205
0.00348205
0.00348205
0.00348205
0.324701
0.247008
