0.75
0.0020284
0.0020284
0.0020284
0.0020284
0.0020284
0.0020284
0.0020284
0.0020284
0.0020284
0.0020284
0.0020284
0.0020284
0.0020284
0.0020284
0.0020284
0.0020284
0.0020284
0.0020284
0.0020284
0.0020284
0.0020284
0.0020284
0.0020284
0.0020284
0.0020284
0.0020284
0.0020284
0.0020284
0.0020284
0.0020284
0.0020284
0.0020284
0.0020284
0.0020284
0.0020284
0.0020284
0.0020284
0.0020284
0.0020284
0.0020284
0.0020284
0.0020284
0.0020284
0.0020284
0.0020284
0.0020284
0.0020284
0.0020284
0.0020284
0.0020284
0.0020284
0.0020284
0.0020284
0.0020284
0.0020284
0.0020284
0.0020284
0.0020284
0.0020284
0.0020284
0.0020284
0.0020284
0.0020284
0.0020284
0.0020284
0.0020284
0.0020284
0.0020284
0.0020284
0.0020284
0.0020284
0.0020284
0.0020284
0.0020284
0.0020284
0.0020284
0.0020284
0.0020284
0.0020284
0.0020284
0.0020284
0.0020284
0.0020284
0.0020284
0.0020284
0.0020284
0.0020284
0.0020284
0.0020284
0.0020284
0.0020284
0.0020284
0.0020284
0.0020284
0.0020284
0.0020284
0.0020284
0.0020284
0.0020284
0.0020284
0.0020284
0.0020284
0.0020284
0.0020284
0.0020284
0.0020284
0.0020284
0.0020284
0.0020284
0.0020284
0.0020284
0.0020284
0.0020284
0.0020284
0.0020284
0.0020284
0.0020284
0.0020284
0.0020284
0.0020284
0.0020284
0.0020284
0.0020284
0.0020284
0.0020284
0.0020284
0.0020284
0.0020284
0.0020284
0.0020284
0.0020284
0.0020284
0.0020284
0.0020284
0.0020284
0.0020284
0.0020284
0.0020284
0.0020284
0.0020284
0.0020284
0.0020284
0.0020284
0.0020284
0.0020284
0.0020284
0.0020284
0.0020284
0.0020284
0.0020284
0.0020284
0.0020284
0.0020284
0.0020284
0.0020284
0.0020284
0.0020284
0.0020284
0.0020284
0.0020284
0.0020284
0.0020284
0.0020284
0.0020284
0.0020284
0.0020284
0.0020284
0.0020284
0.0020284
0.0020284
0.0020284
0.0020284
0.0020284
0.0020284
0.0020284
0.0020284
0.0020284
0.0020284
0.0020284
0.0020284
0.0020284
0.0020284
0.0020284
0.0020284
0.0020284
0.0020284
0.0020284
0.0020284
0.0020284
0.0020284
0.0020284
0.0020284
0.0020284
0.0020284
0.0020284
0.0020284
0.0020284
0.0020284
0.0020284
0.0020284
0.0020284
0.0020284
0.0020284
0.0020284
0.0020284
0.0020284
0.0020284
0.0020284
0.0020284
0.0020284
0.0020284
0.0020284
0.324544
0.245436
