0.75
0.00382044
0.00382044
0.00382044
0.00382044
0.00382044
0.00382044
0.00382044
0.00382044
0.00382044
0.00382044
0.00382044
0.00382044
0.00382044
0.00382044
0.00382044
0.00382044
0.00382044
0.00382044
0.00382044
0.00382044
0.00382044
0.00382044
0.00382044
0.00382044
0.00382044
0.00382044
0.00382044
0.00382044
0.00382044
0.00382044
0.00382044
0.00382044
0.00382044
0.00382044
0.00382044
0.00382044
0.00382044
0.00382044
0.00382044
0.00382044
0.00382044
0.00382044
0.00382044
0.00382044
0.00382044
0.00382044
0.00382044
0.00382044
0.00382044
0.00382044
0.00382044
0.00382044
0.00382044
0.00382044
0.00382044
0.00382044
0.00382044
0.00382044
0.00382044
0.00382044
0.00382044
0.00382044
0.00382044
0.00382044
0.00382044
0.00382044
0.00382044
0.00382044
0.00382044
0.00382044
0.00382044
0.00382044
0.00382044
0.00382044
0.00382044
0.00382044
0.00382044
0.00382044
0.00382044
0.00382044
0.00382044
0.00382044
0.00382044
0.00382044
0.00382044
0.00382044
0.00382044
0.00382044
0.00382044
0.00382044
0.00382044
0.00382044
0.00382044
0.00382044
0.00382044
0.00382044
0.00382044
0.00382044
0.00382044
0.00382044
0.00382044
0.00382044
0.00382044
0.00382044
0.00382044
0.00382044
0.00382044
0.00382044
0.00382044
0.00382044
0.00382044
0.00382044
0.324737
0.247373
