0.75
0.00332157
0.00332157
0.00332157
0.00332157
0.00332157
0.00332157
0.00332157
0.00332157
0.00332157
0.00332157
0.00332157
0.00332157
0.00332157
0.00332157
0.00332157
0.00332157
0.00332157
0.00332157
0.00332157
0.00332157
0.00332157
0.00332157
0.00332157
0.00332157
0.00332157
0.00332157
0.00332157
0.00332157
0.00332157
0.00332157
0.00332157
0.00332157
0.00332157
0.00332157
0.00332157
0.00332157
0.00332157
0.00332157
0.00332157
0.00332157
0.00332157
0.00332157
0.00332157
0.00332157
0.00332157
0.00332157
0.00332157
0.00332157
0.00332157
0.00332157
0.00332157
0.00332157
0.00332157
0.00332157
0.00332157
0.00332157
0.00332157
0.00332157
0.00332157
0.00332157
0.00332157
0.00332157
0.00332157
0.00332157
0.00332157
0.00332157
0.00332157
0.00332157
0.00332157
0.00332157
0.00332157
0.00332157
0.00332157
0.00332157
0.00332157
0.00332157
0.00332157
0.00332157
0.00332157
0.00332157
0.00332157
0.00332157
0.00332157
0.00332157
0.00332157
0.00332157
0.00332157
0.00332157
0.00332157
0.00332157
0.00332157
0.00332157
0.00332157
0.00332157
0.00332157
0.00332157
0.00332157
0.00332157
0.00332157
0.00332157
0.00332157
0.00332157
0.00332157
0.00332157
0.00332157
0.00332157
0.00332157
0.00332157
0.00332157
0.00332157
0.00332157
0.00332157
0.00332157
0.00332157
0.00332157
0.00332157
0.00332157
0.00332157
0.00332157
0.00332157
0.00332157
0.00332157
0.00332157
0.00332157
0.00332157
0.00332157
0.00332157
0.00332157
0.00332157
0.324683
0.246834
