0.75
0.0031068
0.0031068
0.0031068
0.0031068
0.0031068
0.0031068
0.0031068
0.0031068
0.0031068
0.0031068
0.0031068
0.0031068
0.0031068
0.0031068
0.0031068
0.0031068
0.0031068
0.0031068
0.0031068
0.0031068
0.0031068
0.0031068
0.0031068
0.0031068
0.0031068
0.0031068
0.0031068
0.0031068
0.0031068
0.0031068
0.0031068
0.0031068
0.0031068
0.0031068
0.0031068
0.0031068
0.0031068
0.0031068
0.0031068
0.0031068
0.0031068
0.0031068
0.0031068
0.0031068
0.0031068
0.0031068
0.0031068
0.0031068
0.0031068
0.0031068
0.0031068
0.0031068
0.0031068
0.0031068
0.0031068
0.0031068
0.0031068
0.0031068
0.0031068
0.0031068
0.0031068
0.0031068
0.0031068
0.0031068
0.0031068
0.0031068
0.0031068
0.0031068
0.0031068
0.0031068
0.0031068
0.0031068
0.0031068
0.0031068
0.0031068
0.0031068
0.0031068
0.0031068
0.0031068
0.0031068
0.0031068
0.0031068
0.0031068
0.0031068
0.0031068
0.0031068
0.0031068
0.0031068
0.0031068
0.0031068
0.0031068
0.0031068
0.0031068
0.0031068
0.0031068
0.0031068
0.0031068
0.0031068
0.0031068
0.0031068
0.0031068
0.0031068
0.0031068
0.0031068
0.0031068
0.0031068
0.0031068
0.0031068
0.0031068
0.0031068
0.0031068
0.0031068
0.0031068
0.0031068
0.0031068
0.0031068
0.0031068
0.0031068
0.0031068
0.0031068
0.0031068
0.0031068
0.0031068
0.0031068
0.0031068
0.0031068
0.0031068
0.0031068
0.0031068
0.0031068
0.0031068
0.0031068
0.0031068
0.0031068
0.0031068
0.0031068
0.0031068
0.0031068
0.32466
0.246602
