0.75
0.00178552
0.00178552
0.00178552
0.00178552
0.00178552
0.00178552
0.00178552
0.00178552
0.00178552
0.00178552
0.00178552
0.00178552
0.00178552
0.00178552
0.00178552
0.00178552
0.00178552
0.00178552
0.00178552
0.00178552
0.00178552
0.00178552
0.00178552
0.00178552
0.00178552
0.00178552
0.00178552
0.00178552
0.00178552
0.00178552
0.00178552
0.00178552
0.00178552
0.00178552
0.00178552
0.00178552
0.00178552
0.00178552
0.00178552
0.00178552
0.00178552
0.00178552
0.00178552
0.00178552
0.00178552
0.00178552
0.00178552
0.00178552
0.00178552
0.00178552
0.00178552
0.00178552
0.00178552
0.00178552
0.00178552
0.00178552
0.00178552
0.00178552
0.00178552
0.00178552
0.00178552
0.00178552
0.00178552
0.00178552
0.00178552
0.00178552
0.00178552
0.00178552
0.00178552
0.00178552
0.00178552
0.00178552
0.00178552
0.00178552
0.00178552
0.00178552
0.00178552
0.00178552
0.00178552
0.00178552
0.00178552
0.00178552
0.00178552
0.00178552
0.00178552
0.00178552
0.00178552
0.00178552
0.00178552
0.00178552
0.00178552
0.00178552
0.00178552
0.00178552
0.00178552
0.00178552
0.00178552
0.00178552
0.00178552
0.00178552
0.00178552
0.00178552
0.00178552
0.00178552
0.00178552
0.00178552
0.00178552
0.00178552
0.00178552
0.00178552
0.00178552
0.00178552
0.00178552
0.00178552
0.00178552
0.00178552
0.00178552
0.00178552
0.00178552
0.00178552
0.00178552
0.00178552
0.00178552
0.00178552
0.00178552
0.00178552
0.00178552
0.00178552
0.00178552
0.00178552
0.00178552
0.00178552
0.00178552
0.00178552
0.00178552
0.00178552
0.00178552
0.00178552
0.00178552
0.00178552
0.00178552
0.00178552
0.00178552
0.00178552
0.00178552
0.00178552
0.00178552
0.00178552
0.00178552
0.00178552
0.00178552
0.00178552
0.00178552
0.00178552
0.00178552
0.00178552
0.00178552
0.00178552
0.00178552
0.00178552
0.00178552
0.00178552
0.00178552
0.00178552
0.00178552
0.00178552
0.00178552
0.00178552
0.00178552
0.00178552
0.00178552
0.00178552
0.00178552
0.00178552
0.00178552
0.00178552
0.00178552
0.00178552
0.00178552
0.00178552
0.00178552
0.00178552
0.00178552
0.00178552
0.00178552
0.00178552
0.00178552
0.00178552
0.00178552
0.00178552
0.00178552
0.00178552
0.00178552
0.00178552
0.00178552
0.00178552
0.00178552
0.00178552
0.00178552
0.00178552
0.00178552
0.00178552
0.00178552
0.00178552
0.00178552
0.00178552
0.00178552
0.00178552
0.00178552
0.00178552
0.00178552
0.00178552
0.00178552
0.00178552
0.00178552
0.00178552
0.00178552
0.00178552
0.00178552
0.00178552
0.00178552
0.00178552
0.00178552
0.00178552
0.00178552
0.00178552
0.00178552
0.00178552
0.00178552
0.00178552
0.00178552
0.00178552
0.00178552
0.00178552
0.00178552
0.00178552
0.00178552
0.00178552
0.00178552
0.00178552
0.00178552
0.324517
0.245174
