0.75
0.0021178
0.0021178
0.0021178
0.0021178
0.0021178
0.0021178
0.0021178
0.0021178
0.0021178
0.0021178
0.0021178
0.0021178
0.0021178
0.0021178
0.0021178
0.0021178
0.0021178
0.0021178
0.0021178
0.0021178
0.0021178
0.0021178
0.0021178
0.0021178
0.0021178
0.0021178
0.0021178
0.0021178
0.0021178
0.0021178
0.0021178
0.0021178
0.0021178
0.0021178
0.0021178
0.0021178
0.0021178
0.0021178
0.0021178
0.0021178
0.0021178
0.0021178
0.0021178
0.0021178
0.0021178
0.0021178
0.0021178
0.0021178
0.0021178
0.0021178
0.0021178
0.0021178
0.0021178
0.0021178
0.0021178
0.0021178
0.0021178
0.0021178
0.0021178
0.0021178
0.0021178
0.0021178
0.0021178
0.0021178
0.0021178
0.0021178
0.0021178
0.0021178
0.0021178
0.0021178
0.0021178
0.0021178
0.0021178
0.0021178
0.0021178
0.0021178
0.0021178
0.0021178
0.0021178
0.0021178
0.0021178
0.0021178
0.0021178
0.0021178
0.0021178
0.0021178
0.0021178
0.0021178
0.0021178
0.0021178
0.0021178
0.0021178
0.0021178
0.0021178
0.0021178
0.0021178
0.0021178
0.0021178
0.0021178
0.0021178
0.0021178
0.0021178
0.0021178
0.0021178
0.0021178
0.0021178
0.0021178
0.0021178
0.0021178
0.0021178
0.0021178
0.0021178
0.0021178
0.0021178
0.0021178
0.0021178
0.0021178
0.0021178
0.0021178
0.0021178
0.0021178
0.0021178
0.0021178
0.0021178
0.0021178
0.0021178
0.0021178
0.0021178
0.0021178
0.0021178
0.0021178
0.0021178
0.0021178
0.0021178
0.0021178
0.0021178
0.0021178
0.0021178
0.0021178
0.0021178
0.0021178
0.0021178
0.0021178
0.0021178
0.0021178
0.0021178
0.0021178
0.0021178
0.0021178
0.0021178
0.0021178
0.0021178
0.0021178
0.0021178
0.0021178
0.0021178
0.0021178
0.0021178
0.0021178
0.0021178
0.0021178
0.0021178
0.0021178
0.0021178
0.0021178
0.0021178
0.0021178
0.0021178
0.0021178
0.0021178
0.0021178
0.0021178
0.0021178
0.0021178
0.0021178
0.0021178
0.0021178
0.0021178
0.0021178
0.0021178
0.0021178
0.0021178
0.0021178
0.0021178
0.0021178
0.0021178
0.0021178
0.0021178
0.0021178
0.0021178
0.0021178
0.0021178
0.0021178
0.0021178
0.0021178
0.0021178
0.0021178
0.0021178
0.0021178
0.0021178
0.0021178
0.0021178
0.0021178
0.324553
0.245533
