0.75
0.00607441
0.00607441
0.00607441
0.00607441
0.00607441
0.00607441
0.00607441
0.00607441
0.00607441
0.00607441
0.00607441
0.00607441
0.00607441
0.00607441
0.00607441
0.00607441
0.00607441
0.00607441
0.00607441
0.00607441
0.00607441
0.00607441
0.00607441
0.00607441
0.00607441
0.00607441
0.00607441
0.00607441
0.00607441
0.00607441
0.00607441
0.00607441
0.00607441
0.00607441
0.00607441
0.00607441
0.00607441
0.00607441
0.00607441
0.00607441
0.00607441
0.00607441
0.00607441
0.00607441
0.00607441
0.00607441
0.00607441
0.00607441
0.00607441
0.00607441
0.00607441
0.00607441
0.00607441
0.00607441
0.00607441
0.00607441
0.00607441
0.00607441
0.00607441
0.00607441
0.00607441
0.00607441
0.00607441
0.00607441
0.00607441
0.00607441
0.00607441
0.00607441
0.00607441
0.00607441
0.324981
0.24981
