0.75
0.00526143
0.00526143
0.00526143
0.00526143
0.00526143
0.00526143
0.00526143
0.00526143
0.00526143
0.00526143
0.00526143
0.00526143
0.00526143
0.00526143
0.00526143
0.00526143
0.00526143
0.00526143
0.00526143
0.00526143
0.00526143
0.00526143
0.00526143
0.00526143
0.00526143
0.00526143
0.00526143
0.00526143
0.00526143
0.00526143
0.00526143
0.00526143
0.00526143
0.00526143
0.00526143
0.00526143
0.00526143
0.00526143
0.00526143
0.00526143
0.00526143
0.00526143
0.00526143
0.00526143
0.00526143
0.00526143
0.00526143
0.00526143
0.00526143
0.00526143
0.00526143
0.00526143
0.00526143
0.00526143
0.00526143
0.00526143
0.00526143
0.00526143
0.00526143
0.00526143
0.00526143
0.00526143
0.00526143
0.00526143
0.00526143
0.00526143
0.00526143
0.00526143
0.00526143
0.00526143
0.00526143
0.00526143
0.00526143
0.00526143
0.00526143
0.00526143
0.00526143
0.00526143
0.00526143
0.00526143
0.00526143
0.324893
0.248931
