0.75
0.00195503
0.00195503
0.00195503
0.00195503
0.00195503
0.00195503
0.00195503
0.00195503
0.00195503
0.00195503
0.00195503
0.00195503
0.00195503
0.00195503
0.00195503
0.00195503
0.00195503
0.00195503
0.00195503
0.00195503
0.00195503
0.00195503
0.00195503
0.00195503
0.00195503
0.00195503
0.00195503
0.00195503
0.00195503
0.00195503
0.00195503
0.00195503
0.00195503
0.00195503
0.00195503
0.00195503
0.00195503
0.00195503
0.00195503
0.00195503
0.00195503
0.00195503
0.00195503
0.00195503
0.00195503
0.00195503
0.00195503
0.00195503
0.00195503
0.00195503
0.00195503
0.00195503
0.00195503
0.00195503
0.00195503
0.00195503
0.00195503
0.00195503
0.00195503
0.00195503
0.00195503
0.00195503
0.00195503
0.00195503
0.00195503
0.00195503
0.00195503
0.00195503
0.00195503
0.00195503
0.00195503
0.00195503
0.00195503
0.00195503
0.00195503
0.00195503
0.00195503
0.00195503
0.00195503
0.00195503
0.00195503
0.00195503
0.00195503
0.00195503
0.00195503
0.00195503
0.00195503
0.00195503
0.00195503
0.00195503
0.00195503
0.00195503
0.00195503
0.00195503
0.00195503
0.00195503
0.00195503
0.00195503
0.00195503
0.00195503
0.00195503
0.00195503
0.00195503
0.00195503
0.00195503
0.00195503
0.00195503
0.00195503
0.00195503
0.00195503
0.00195503
0.00195503
0.00195503
0.00195503
0.00195503
0.00195503
0.00195503
0.00195503
0.00195503
0.00195503
0.00195503
0.00195503
0.00195503
0.00195503
0.00195503
0.00195503
0.00195503
0.00195503
0.00195503
0.00195503
0.00195503
0.00195503
0.00195503
0.00195503
0.00195503
0.00195503
0.00195503
0.00195503
0.00195503
0.00195503
0.00195503
0.00195503
0.00195503
0.00195503
0.00195503
0.00195503
0.00195503
0.00195503
0.00195503
0.00195503
0.00195503
0.00195503
0.00195503
0.00195503
0.00195503
0.00195503
0.00195503
0.00195503
0.00195503
0.00195503
0.00195503
0.00195503
0.00195503
0.00195503
0.00195503
0.00195503
0.00195503
0.00195503
0.00195503
0.00195503
0.00195503
0.00195503
0.00195503
0.00195503
0.00195503
0.00195503
0.00195503
0.00195503
0.00195503
0.00195503
0.00195503
0.00195503
0.00195503
0.00195503
0.00195503
0.00195503
0.00195503
0.00195503
0.00195503
0.00195503
0.00195503
0.00195503
0.00195503
0.00195503
0.00195503
0.00195503
0.00195503
0.00195503
0.00195503
0.00195503
0.00195503
0.00195503
0.00195503
0.00195503
0.00195503
0.00195503
0.00195503
0.00195503
0.00195503
0.00195503
0.00195503
0.00195503
0.00195503
0.00195503
0.00195503
0.00195503
0.00195503
0.00195503
0.00195503
0.00195503
0.324536
0.245357
