0.75
0.00339992
0.00339992
0.00339992
0.00339992
0.00339992
0.00339992
0.00339992
0.00339992
0.00339992
0.00339992
0.00339992
0.00339992
0.00339992
0.00339992
0.00339992
0.00339992
0.00339992
0.00339992
0.00339992
0.00339992
0.00339992
0.00339992
0.00339992
0.00339992
0.00339992
0.00339992
0.00339992
0.00339992
0.00339992
0.00339992
0.00339992
0.00339992
0.00339992
0.00339992
0.00339992
0.00339992
0.00339992
0.00339992
0.00339992
0.00339992
0.00339992
0.00339992
0.00339992
0.00339992
0.00339992
0.00339992
0.00339992
0.00339992
0.00339992
0.00339992
0.00339992
0.00339992
0.00339992
0.00339992
0.00339992
0.00339992
0.00339992
0.00339992
0.00339992
0.00339992
0.00339992
0.00339992
0.00339992
0.00339992
0.00339992
0.00339992
0.00339992
0.00339992
0.00339992
0.00339992
0.00339992
0.00339992
0.00339992
0.00339992
0.00339992
0.00339992
0.00339992
0.00339992
0.00339992
0.00339992
0.00339992
0.00339992
0.00339992
0.00339992
0.00339992
0.00339992
0.00339992
0.00339992
0.00339992
0.00339992
0.00339992
0.00339992
0.00339992
0.00339992
0.00339992
0.00339992
0.00339992
0.00339992
0.00339992
0.00339992
0.00339992
0.00339992
0.00339992
0.00339992
0.00339992
0.00339992
0.00339992
0.00339992
0.00339992
0.00339992
0.00339992
0.00339992
0.00339992
0.00339992
0.00339992
0.00339992
0.00339992
0.00339992
0.00339992
0.00339992
0.00339992
0.00339992
0.00339992
0.00339992
0.00339992
0.00339992
0.324692
0.246919
