0.75
0.00756144
0.00756144
0.00756144
0.00756144
0.00756144
0.00756144
0.00756144
0.00756144
0.00756144
0.00756144
0.00756144
0.00756144
0.00756144
0.00756144
0.00756144
0.00756144
0.00756144
0.00756144
0.00756144
0.00756144
0.00756144
0.00756144
0.00756144
0.00756144
0.00756144
0.00756144
0.00756144
0.00756144
0.00756144
0.00756144
0.00756144
0.00756144
0.00756144
0.00756144
0.00756144
0.00756144
0.00756144
0.00756144
0.00756144
0.00756144
0.00756144
0.00756144
0.00756144
0.00756144
0.00756144
0.00756144
0.00756144
0.00756144
0.00756144
0.00756144
0.00756144
0.00756144
0.00756144
0.00756144
0.00756144
0.00756144
0.325142
0.251418
