0.75
0.0026178
0.0026178
0.0026178
0.0026178
0.0026178
0.0026178
0.0026178
0.0026178
0.0026178
0.0026178
0.0026178
0.0026178
0.0026178
0.0026178
0.0026178
0.0026178
0.0026178
0.0026178
0.0026178
0.0026178
0.0026178
0.0026178
0.0026178
0.0026178
0.0026178
0.0026178
0.0026178
0.0026178
0.0026178
0.0026178
0.0026178
0.0026178
0.0026178
0.0026178
0.0026178
0.0026178
0.0026178
0.0026178
0.0026178
0.0026178
0.0026178
0.0026178
0.0026178
0.0026178
0.0026178
0.0026178
0.0026178
0.0026178
0.0026178
0.0026178
0.0026178
0.0026178
0.0026178
0.0026178
0.0026178
0.0026178
0.0026178
0.0026178
0.0026178
0.0026178
0.0026178
0.0026178
0.0026178
0.0026178
0.0026178
0.0026178
0.0026178
0.0026178
0.0026178
0.0026178
0.0026178
0.0026178
0.0026178
0.0026178
0.0026178
0.0026178
0.0026178
0.0026178
0.0026178
0.0026178
0.0026178
0.0026178
0.0026178
0.0026178
0.0026178
0.0026178
0.0026178
0.0026178
0.0026178
0.0026178
0.0026178
0.0026178
0.0026178
0.0026178
0.0026178
0.0026178
0.0026178
0.0026178
0.0026178
0.0026178
0.0026178
0.0026178
0.0026178
0.0026178
0.0026178
0.0026178
0.0026178
0.0026178
0.0026178
0.0026178
0.0026178
0.0026178
0.0026178
0.0026178
0.0026178
0.0026178
0.0026178
0.0026178
0.0026178
0.0026178
0.0026178
0.0026178
0.0026178
0.0026178
0.0026178
0.0026178
0.0026178
0.0026178
0.0026178
0.0026178
0.0026178
0.0026178
0.0026178
0.0026178
0.0026178
0.0026178
0.0026178
0.0026178
0.0026178
0.0026178
0.0026178
0.0026178
0.0026178
0.0026178
0.0026178
0.0026178
0.0026178
0.0026178
0.0026178
0.0026178
0.0026178
0.0026178
0.0026178
0.0026178
0.0026178
0.0026178
0.0026178
0.0026178
0.0026178
0.0026178
0.0026178
0.0026178
0.0026178
0.0026178
0.324607
0.246073
