0.75
0.00634166
0.00634166
0.00634166
0.00634166
0.00634166
0.00634166
0.00634166
0.00634166
0.00634166
0.00634166
0.00634166
0.00634166
0.00634166
0.00634166
0.00634166
0.00634166
0.00634166
0.00634166
0.00634166
0.00634166
0.00634166
0.00634166
0.00634166
0.00634166
0.00634166
0.00634166
0.00634166
0.00634166
0.00634166
0.00634166
0.00634166
0.00634166
0.00634166
0.00634166
0.00634166
0.00634166
0.00634166
0.00634166
0.00634166
0.00634166
0.00634166
0.00634166
0.00634166
0.00634166
0.00634166
0.00634166
0.00634166
0.00634166
0.00634166
0.00634166
0.00634166
0.00634166
0.00634166
0.00634166
0.00634166
0.00634166
0.00634166
0.00634166
0.00634166
0.00634166
0.00634166
0.00634166
0.00634166
0.00634166
0.00634166
0.00634166
0.00634166
0.32501
0.250099
