0.75
0.00324675
0.00324675
0.00324675
0.00324675
0.00324675
0.00324675
0.00324675
0.00324675
0.00324675
0.00324675
0.00324675
0.00324675
0.00324675
0.00324675
0.00324675
0.00324675
0.00324675
0.00324675
0.00324675
0.00324675
0.00324675
0.00324675
0.00324675
0.00324675
0.00324675
0.00324675
0.00324675
0.00324675
0.00324675
0.00324675
0.00324675
0.00324675
0.00324675
0.00324675
0.00324675
0.00324675
0.00324675
0.00324675
0.00324675
0.00324675
0.00324675
0.00324675
0.00324675
0.00324675
0.00324675
0.00324675
0.00324675
0.00324675
0.00324675
0.00324675
0.00324675
0.00324675
0.00324675
0.00324675
0.00324675
0.00324675
0.00324675
0.00324675
0.00324675
0.00324675
0.00324675
0.00324675
0.00324675
0.00324675
0.00324675
0.00324675
0.00324675
0.00324675
0.00324675
0.00324675
0.00324675
0.00324675
0.00324675
0.00324675
0.00324675
0.00324675
0.00324675
0.00324675
0.00324675
0.00324675
0.00324675
0.00324675
0.00324675
0.00324675
0.00324675
0.00324675
0.00324675
0.00324675
0.00324675
0.00324675
0.00324675
0.00324675
0.00324675
0.00324675
0.00324675
0.00324675
0.00324675
0.00324675
0.00324675
0.00324675
0.00324675
0.00324675
0.00324675
0.00324675
0.00324675
0.00324675
0.00324675
0.00324675
0.00324675
0.00324675
0.00324675
0.00324675
0.00324675
0.00324675
0.00324675
0.00324675
0.00324675
0.00324675
0.00324675
0.00324675
0.00324675
0.00324675
0.00324675
0.00324675
0.00324675
0.00324675
0.00324675
0.00324675
0.00324675
0.00324675
0.00324675
0.00324675
0.324675
0.246753
