0.75
0.00431616
0.00431616
0.00431616
0.00431616
0.00431616
0.00431616
0.00431616
0.00431616
0.00431616
0.00431616
0.00431616
0.00431616
0.00431616
0.00431616
0.00431616
0.00431616
0.00431616
0.00431616
0.00431616
0.00431616
0.00431616
0.00431616
0.00431616
0.00431616
0.00431616
0.00431616
0.00431616
0.00431616
0.00431616
0.00431616
0.00431616
0.00431616
0.00431616
0.00431616
0.00431616
0.00431616
0.00431616
0.00431616
0.00431616
0.00431616
0.00431616
0.00431616
0.00431616
0.00431616
0.00431616
0.00431616
0.00431616
0.00431616
0.00431616
0.00431616
0.00431616
0.00431616
0.00431616
0.00431616
0.00431616
0.00431616
0.00431616
0.00431616
0.00431616
0.00431616
0.00431616
0.00431616
0.00431616
0.00431616
0.00431616
0.00431616
0.00431616
0.00431616
0.00431616
0.00431616
0.00431616
0.00431616
0.00431616
0.00431616
0.00431616
0.00431616
0.00431616
0.00431616
0.00431616
0.00431616
0.00431616
0.00431616
0.00431616
0.00431616
0.00431616
0.00431616
0.00431616
0.00431616
0.00431616
0.00431616
0.00431616
0.00431616
0.00431616
0.00431616
0.00431616
0.00431616
0.00431616
0.00431616
0.00431616
0.324791
0.247909
