0.75
0.00297841
0.00297841
0.00297841
0.00297841
0.00297841
0.00297841
0.00297841
0.00297841
0.00297841
0.00297841
0.00297841
0.00297841
0.00297841
0.00297841
0.00297841
0.00297841
0.00297841
0.00297841
0.00297841
0.00297841
0.00297841
0.00297841
0.00297841
0.00297841
0.00297841
0.00297841
0.00297841
0.00297841
0.00297841
0.00297841
0.00297841
0.00297841
0.00297841
0.00297841
0.00297841
0.00297841
0.00297841
0.00297841
0.00297841
0.00297841
0.00297841
0.00297841
0.00297841
0.00297841
0.00297841
0.00297841
0.00297841
0.00297841
0.00297841
0.00297841
0.00297841
0.00297841
0.00297841
0.00297841
0.00297841
0.00297841
0.00297841
0.00297841
0.00297841
0.00297841
0.00297841
0.00297841
0.00297841
0.00297841
0.00297841
0.00297841
0.00297841
0.00297841
0.00297841
0.00297841
0.00297841
0.00297841
0.00297841
0.00297841
0.00297841
0.00297841
0.00297841
0.00297841
0.00297841
0.00297841
0.00297841
0.00297841
0.00297841
0.00297841
0.00297841
0.00297841
0.00297841
0.00297841
0.00297841
0.00297841
0.00297841
0.00297841
0.00297841
0.00297841
0.00297841
0.00297841
0.00297841
0.00297841
0.00297841
0.00297841
0.00297841
0.00297841
0.00297841
0.00297841
0.00297841
0.00297841
0.00297841
0.00297841
0.00297841
0.00297841
0.00297841
0.00297841
0.00297841
0.00297841
0.00297841
0.00297841
0.00297841
0.00297841
0.00297841
0.00297841
0.00297841
0.00297841
0.00297841
0.00297841
0.00297841
0.00297841
0.00297841
0.00297841
0.00297841
0.00297841
0.00297841
0.00297841
0.00297841
0.00297841
0.00297841
0.00297841
0.00297841
0.00297841
0.00297841
0.00297841
0.00297841
0.00297841
0.00297841
0.00297841
0.324646
0.246463
