0.75
0.00189506
0.00189506
0.00189506
0.00189506
0.00189506
0.00189506
0.00189506
0.00189506
0.00189506
0.00189506
0.00189506
0.00189506
0.00189506
0.00189506
0.00189506
0.00189506
0.00189506
0.00189506
0.00189506
0.00189506
0.00189506
0.00189506
0.00189506
0.00189506
0.00189506
0.00189506
0.00189506
0.00189506
0.00189506
0.00189506
0.00189506
0.00189506
0.00189506
0.00189506
0.00189506
0.00189506
0.00189506
0.00189506
0.00189506
0.00189506
0.00189506
0.00189506
0.00189506
0.00189506
0.00189506
0.00189506
0.00189506
0.00189506
0.00189506
0.00189506
0.00189506
0.00189506
0.00189506
0.00189506
0.00189506
0.00189506
0.00189506
0.00189506
0.00189506
0.00189506
0.00189506
0.00189506
0.00189506
0.00189506
0.00189506
0.00189506
0.00189506
0.00189506
0.00189506
0.00189506
0.00189506
0.00189506
0.00189506
0.00189506
0.00189506
0.00189506
0.00189506
0.00189506
0.00189506
0.00189506
0.00189506
0.00189506
0.00189506
0.00189506
0.00189506
0.00189506
0.00189506
0.00189506
0.00189506
0.00189506
0.00189506
0.00189506
0.00189506
0.00189506
0.00189506
0.00189506
0.00189506
0.00189506
0.00189506
0.00189506
0.00189506
0.00189506
0.00189506
0.00189506
0.00189506
0.00189506
0.00189506
0.00189506
0.00189506
0.00189506
0.00189506
0.00189506
0.00189506
0.00189506
0.00189506
0.00189506
0.00189506
0.00189506
0.00189506
0.00189506
0.00189506
0.00189506
0.00189506
0.00189506
0.00189506
0.00189506
0.00189506
0.00189506
0.00189506
0.00189506
0.00189506
0.00189506
0.00189506
0.00189506
0.00189506
0.00189506
0.00189506
0.00189506
0.00189506
0.00189506
0.00189506
0.00189506
0.00189506
0.00189506
0.00189506
0.00189506
0.00189506
0.00189506
0.00189506
0.00189506
0.00189506
0.00189506
0.00189506
0.00189506
0.00189506
0.00189506
0.00189506
0.00189506
0.00189506
0.00189506
0.00189506
0.00189506
0.00189506
0.00189506
0.00189506
0.00189506
0.00189506
0.00189506
0.00189506
0.00189506
0.00189506
0.00189506
0.00189506
0.00189506
0.00189506
0.00189506
0.00189506
0.00189506
0.00189506
0.00189506
0.00189506
0.00189506
0.00189506
0.00189506
0.00189506
0.00189506
0.00189506
0.00189506
0.00189506
0.00189506
0.00189506
0.00189506
0.00189506
0.00189506
0.00189506
0.00189506
0.00189506
0.00189506
0.00189506
0.00189506
0.00189506
0.00189506
0.00189506
0.00189506
0.00189506
0.00189506
0.00189506
0.00189506
0.00189506
0.00189506
0.00189506
0.00189506
0.00189506
0.00189506
0.00189506
0.00189506
0.00189506
0.00189506
0.00189506
0.00189506
0.00189506
0.00189506
0.00189506
0.00189506
0.00189506
0.00189506
0.00189506
0.324529
0.245292
