0.75
0.0022737
0.0022737
0.0022737
0.0022737
0.0022737
0.0022737
0.0022737
0.0022737
0.0022737
0.0022737
0.0022737
0.0022737
0.0022737
0.0022737
0.0022737
0.0022737
0.0022737
0.0022737
0.0022737
0.0022737
0.0022737
0.0022737
0.0022737
0.0022737
0.0022737
0.0022737
0.0022737
0.0022737
0.0022737
0.0022737
0.0022737
0.0022737
0.0022737
0.0022737
0.0022737
0.0022737
0.0022737
0.0022737
0.0022737
0.0022737
0.0022737
0.0022737
0.0022737
0.0022737
0.0022737
0.0022737
0.0022737
0.0022737
0.0022737
0.0022737
0.0022737
0.0022737
0.0022737
0.0022737
0.0022737
0.0022737
0.0022737
0.0022737
0.0022737
0.0022737
0.0022737
0.0022737
0.0022737
0.0022737
0.0022737
0.0022737
0.0022737
0.0022737
0.0022737
0.0022737
0.0022737
0.0022737
0.0022737
0.0022737
0.0022737
0.0022737
0.0022737
0.0022737
0.0022737
0.0022737
0.0022737
0.0022737
0.0022737
0.0022737
0.0022737
0.0022737
0.0022737
0.0022737
0.0022737
0.0022737
0.0022737
0.0022737
0.0022737
0.0022737
0.0022737
0.0022737
0.0022737
0.0022737
0.0022737
0.0022737
0.0022737
0.0022737
0.0022737
0.0022737
0.0022737
0.0022737
0.0022737
0.0022737
0.0022737
0.0022737
0.0022737
0.0022737
0.0022737
0.0022737
0.0022737
0.0022737
0.0022737
0.0022737
0.0022737
0.0022737
0.0022737
0.0022737
0.0022737
0.0022737
0.0022737
0.0022737
0.0022737
0.0022737
0.0022737
0.0022737
0.0022737
0.0022737
0.0022737
0.0022737
0.0022737
0.0022737
0.0022737
0.0022737
0.0022737
0.0022737
0.0022737
0.0022737
0.0022737
0.0022737
0.0022737
0.0022737
0.0022737
0.0022737
0.0022737
0.0022737
0.0022737
0.0022737
0.0022737
0.0022737
0.0022737
0.0022737
0.0022737
0.0022737
0.0022737
0.0022737
0.0022737
0.0022737
0.0022737
0.0022737
0.0022737
0.0022737
0.0022737
0.0022737
0.0022737
0.0022737
0.0022737
0.0022737
0.0022737
0.0022737
0.0022737
0.0022737
0.0022737
0.0022737
0.0022737
0.0022737
0.0022737
0.0022737
0.0022737
0.0022737
0.0022737
0.0022737
0.0022737
0.0022737
0.0022737
0.32457
0.245701
