0.75
0.00337339
0.00337339
0.00337339
0.00337339
0.00337339
0.00337339
0.00337339
0.00337339
0.00337339
0.00337339
0.00337339
0.00337339
0.00337339
0.00337339
0.00337339
0.00337339
0.00337339
0.00337339
0.00337339
0.00337339
0.00337339
0.00337339
0.00337339
0.00337339
0.00337339
0.00337339
0.00337339
0.00337339
0.00337339
0.00337339
0.00337339
0.00337339
0.00337339
0.00337339
0.00337339
0.00337339
0.00337339
0.00337339
0.00337339
0.00337339
0.00337339
0.00337339
0.00337339
0.00337339
0.00337339
0.00337339
0.00337339
0.00337339
0.00337339
0.00337339
0.00337339
0.00337339
0.00337339
0.00337339
0.00337339
0.00337339
0.00337339
0.00337339
0.00337339
0.00337339
0.00337339
0.00337339
0.00337339
0.00337339
0.00337339
0.00337339
0.00337339
0.00337339
0.00337339
0.00337339
0.00337339
0.00337339
0.00337339
0.00337339
0.00337339
0.00337339
0.00337339
0.00337339
0.00337339
0.00337339
0.00337339
0.00337339
0.00337339
0.00337339
0.00337339
0.00337339
0.00337339
0.00337339
0.00337339
0.00337339
0.00337339
0.00337339
0.00337339
0.00337339
0.00337339
0.00337339
0.00337339
0.00337339
0.00337339
0.00337339
0.00337339
0.00337339
0.00337339
0.00337339
0.00337339
0.00337339
0.00337339
0.00337339
0.00337339
0.00337339
0.00337339
0.00337339
0.00337339
0.00337339
0.00337339
0.00337339
0.00337339
0.00337339
0.00337339
0.00337339
0.00337339
0.00337339
0.00337339
0.00337339
0.00337339
0.00337339
0.00337339
0.324689
0.24689
