0.75
0.00260205
0.00260205
0.00260205
0.00260205
0.00260205
0.00260205
0.00260205
0.00260205
0.00260205
0.00260205
0.00260205
0.00260205
0.00260205
0.00260205
0.00260205
0.00260205
0.00260205
0.00260205
0.00260205
0.00260205
0.00260205
0.00260205
0.00260205
0.00260205
0.00260205
0.00260205
0.00260205
0.00260205
0.00260205
0.00260205
0.00260205
0.00260205
0.00260205
0.00260205
0.00260205
0.00260205
0.00260205
0.00260205
0.00260205
0.00260205
0.00260205
0.00260205
0.00260205
0.00260205
0.00260205
0.00260205
0.00260205
0.00260205
0.00260205
0.00260205
0.00260205
0.00260205
0.00260205
0.00260205
0.00260205
0.00260205
0.00260205
0.00260205
0.00260205
0.00260205
0.00260205
0.00260205
0.00260205
0.00260205
0.00260205
0.00260205
0.00260205
0.00260205
0.00260205
0.00260205
0.00260205
0.00260205
0.00260205
0.00260205
0.00260205
0.00260205
0.00260205
0.00260205
0.00260205
0.00260205
0.00260205
0.00260205
0.00260205
0.00260205
0.00260205
0.00260205
0.00260205
0.00260205
0.00260205
0.00260205
0.00260205
0.00260205
0.00260205
0.00260205
0.00260205
0.00260205
0.00260205
0.00260205
0.00260205
0.00260205
0.00260205
0.00260205
0.00260205
0.00260205
0.00260205
0.00260205
0.00260205
0.00260205
0.00260205
0.00260205
0.00260205
0.00260205
0.00260205
0.00260205
0.00260205
0.00260205
0.00260205
0.00260205
0.00260205
0.00260205
0.00260205
0.00260205
0.00260205
0.00260205
0.00260205
0.00260205
0.00260205
0.00260205
0.00260205
0.00260205
0.00260205
0.00260205
0.00260205
0.00260205
0.00260205
0.00260205
0.00260205
0.00260205
0.00260205
0.00260205
0.00260205
0.00260205
0.00260205
0.00260205
0.00260205
0.00260205
0.00260205
0.00260205
0.00260205
0.00260205
0.00260205
0.00260205
0.00260205
0.00260205
0.00260205
0.00260205
0.00260205
0.00260205
0.00260205
0.00260205
0.00260205
0.00260205
0.00260205
0.00260205
0.00260205
0.324606
0.246056
