0.75
0.00210748
0.00210748
0.00210748
0.00210748
0.00210748
0.00210748
0.00210748
0.00210748
0.00210748
0.00210748
0.00210748
0.00210748
0.00210748
0.00210748
0.00210748
0.00210748
0.00210748
0.00210748
0.00210748
0.00210748
0.00210748
0.00210748
0.00210748
0.00210748
0.00210748
0.00210748
0.00210748
0.00210748
0.00210748
0.00210748
0.00210748
0.00210748
0.00210748
0.00210748
0.00210748
0.00210748
0.00210748
0.00210748
0.00210748
0.00210748
0.00210748
0.00210748
0.00210748
0.00210748
0.00210748
0.00210748
0.00210748
0.00210748
0.00210748
0.00210748
0.00210748
0.00210748
0.00210748
0.00210748
0.00210748
0.00210748
0.00210748
0.00210748
0.00210748
0.00210748
0.00210748
0.00210748
0.00210748
0.00210748
0.00210748
0.00210748
0.00210748
0.00210748
0.00210748
0.00210748
0.00210748
0.00210748
0.00210748
0.00210748
0.00210748
0.00210748
0.00210748
0.00210748
0.00210748
0.00210748
0.00210748
0.00210748
0.00210748
0.00210748
0.00210748
0.00210748
0.00210748
0.00210748
0.00210748
0.00210748
0.00210748
0.00210748
0.00210748
0.00210748
0.00210748
0.00210748
0.00210748
0.00210748
0.00210748
0.00210748
0.00210748
0.00210748
0.00210748
0.00210748
0.00210748
0.00210748
0.00210748
0.00210748
0.00210748
0.00210748
0.00210748
0.00210748
0.00210748
0.00210748
0.00210748
0.00210748
0.00210748
0.00210748
0.00210748
0.00210748
0.00210748
0.00210748
0.00210748
0.00210748
0.00210748
0.00210748
0.00210748
0.00210748
0.00210748
0.00210748
0.00210748
0.00210748
0.00210748
0.00210748
0.00210748
0.00210748
0.00210748
0.00210748
0.00210748
0.00210748
0.00210748
0.00210748
0.00210748
0.00210748
0.00210748
0.00210748
0.00210748
0.00210748
0.00210748
0.00210748
0.00210748
0.00210748
0.00210748
0.00210748
0.00210748
0.00210748
0.00210748
0.00210748
0.00210748
0.00210748
0.00210748
0.00210748
0.00210748
0.00210748
0.00210748
0.00210748
0.00210748
0.00210748
0.00210748
0.00210748
0.00210748
0.00210748
0.00210748
0.00210748
0.00210748
0.00210748
0.00210748
0.00210748
0.00210748
0.00210748
0.00210748
0.00210748
0.00210748
0.00210748
0.00210748
0.00210748
0.00210748
0.00210748
0.00210748
0.00210748
0.00210748
0.00210748
0.00210748
0.00210748
0.00210748
0.00210748
0.00210748
0.00210748
0.00210748
0.00210748
0.00210748
0.00210748
0.00210748
0.00210748
0.324552
0.245522
