0.75
0.00183866
0.00183866
0.00183866
0.00183866
0.00183866
0.00183866
0.00183866
0.00183866
0.00183866
0.00183866
0.00183866
0.00183866
0.00183866
0.00183866
0.00183866
0.00183866
0.00183866
0.00183866
0.00183866
0.00183866
0.00183866
0.00183866
0.00183866
0.00183866
0.00183866
0.00183866
0.00183866
0.00183866
0.00183866
0.00183866
0.00183866
0.00183866
0.00183866
0.00183866
0.00183866
0.00183866
0.00183866
0.00183866
0.00183866
0.00183866
0.00183866
0.00183866
0.00183866
0.00183866
0.00183866
0.00183866
0.00183866
0.00183866
0.00183866
0.00183866
0.00183866
0.00183866
0.00183866
0.00183866
0.00183866
0.00183866
0.00183866
0.00183866
0.00183866
0.00183866
0.00183866
0.00183866
0.00183866
0.00183866
0.00183866
0.00183866
0.00183866
0.00183866
0.00183866
0.00183866
0.00183866
0.00183866
0.00183866
0.00183866
0.00183866
0.00183866
0.00183866
0.00183866
0.00183866
0.00183866
0.00183866
0.00183866
0.00183866
0.00183866
0.00183866
0.00183866
0.00183866
0.00183866
0.00183866
0.00183866
0.00183866
0.00183866
0.00183866
0.00183866
0.00183866
0.00183866
0.00183866
0.00183866
0.00183866
0.00183866
0.00183866
0.00183866
0.00183866
0.00183866
0.00183866
0.00183866
0.00183866
0.00183866
0.00183866
0.00183866
0.00183866
0.00183866
0.00183866
0.00183866
0.00183866
0.00183866
0.00183866
0.00183866
0.00183866
0.00183866
0.00183866
0.00183866
0.00183866
0.00183866
0.00183866
0.00183866
0.00183866
0.00183866
0.00183866
0.00183866
0.00183866
0.00183866
0.00183866
0.00183866
0.00183866
0.00183866
0.00183866
0.00183866
0.00183866
0.00183866
0.00183866
0.00183866
0.00183866
0.00183866
0.00183866
0.00183866
0.00183866
0.00183866
0.00183866
0.00183866
0.00183866
0.00183866
0.00183866
0.00183866
0.00183866
0.00183866
0.00183866
0.00183866
0.00183866
0.00183866
0.00183866
0.00183866
0.00183866
0.00183866
0.00183866
0.00183866
0.00183866
0.00183866
0.00183866
0.00183866
0.00183866
0.00183866
0.00183866
0.00183866
0.00183866
0.00183866
0.00183866
0.00183866
0.00183866
0.00183866
0.00183866
0.00183866
0.00183866
0.00183866
0.00183866
0.00183866
0.00183866
0.00183866
0.00183866
0.00183866
0.00183866
0.00183866
0.00183866
0.00183866
0.00183866
0.00183866
0.00183866
0.00183866
0.00183866
0.00183866
0.00183866
0.00183866
0.00183866
0.00183866
0.00183866
0.00183866
0.00183866
0.00183866
0.00183866
0.00183866
0.00183866
0.00183866
0.00183866
0.00183866
0.00183866
0.00183866
0.00183866
0.00183866
0.00183866
0.00183866
0.00183866
0.00183866
0.00183866
0.00183866
0.00183866
0.00183866
0.00183866
0.00183866
0.00183866
0.00183866
0.00183866
0.00183866
0.00183866
0.00183866
0.324523
0.245231
