0.75
0.00861605
0.00861605
0.00861605
0.00861605
0.00861605
0.00861605
0.00861605
0.00861605
0.00861605
0.00861605
0.00861605
0.00861605
0.00861605
0.00861605
0.00861605
0.00861605
0.00861605
0.00861605
0.00861605
0.00861605
0.00861605
0.00861605
0.00861605
0.00861605
0.00861605
0.00861605
0.00861605
0.00861605
0.00861605
0.00861605
0.00861605
0.00861605
0.00861605
0.00861605
0.00861605
0.00861605
0.00861605
0.00861605
0.00861605
0.00861605
0.00861605
0.00861605
0.00861605
0.00861605
0.00861605
0.00861605
0.00861605
0.00861605
0.00861605
0.325256
0.252558
