0.75
0.00553059
0.00553059
0.00553059
0.00553059
0.00553059
0.00553059
0.00553059
0.00553059
0.00553059
0.00553059
0.00553059
0.00553059
0.00553059
0.00553059
0.00553059
0.00553059
0.00553059
0.00553059
0.00553059
0.00553059
0.00553059
0.00553059
0.00553059
0.00553059
0.00553059
0.00553059
0.00553059
0.00553059
0.00553059
0.00553059
0.00553059
0.00553059
0.00553059
0.00553059
0.00553059
0.00553059
0.00553059
0.00553059
0.00553059
0.00553059
0.00553059
0.00553059
0.00553059
0.00553059
0.00553059
0.00553059
0.00553059
0.00553059
0.00553059
0.00553059
0.00553059
0.00553059
0.00553059
0.00553059
0.00553059
0.00553059
0.00553059
0.00553059
0.00553059
0.00553059
0.00553059
0.00553059
0.00553059
0.00553059
0.00553059
0.00553059
0.00553059
0.00553059
0.00553059
0.00553059
0.00553059
0.00553059
0.00553059
0.00553059
0.00553059
0.00553059
0.00553059
0.324922
0.249222
