0.75
0.00246837
0.00246837
0.00246837
0.00246837
0.00246837
0.00246837
0.00246837
0.00246837
0.00246837
0.00246837
0.00246837
0.00246837
0.00246837
0.00246837
0.00246837
0.00246837
0.00246837
0.00246837
0.00246837
0.00246837
0.00246837
0.00246837
0.00246837
0.00246837
0.00246837
0.00246837
0.00246837
0.00246837
0.00246837
0.00246837
0.00246837
0.00246837
0.00246837
0.00246837
0.00246837
0.00246837
0.00246837
0.00246837
0.00246837
0.00246837
0.00246837
0.00246837
0.00246837
0.00246837
0.00246837
0.00246837
0.00246837
0.00246837
0.00246837
0.00246837
0.00246837
0.00246837
0.00246837
0.00246837
0.00246837
0.00246837
0.00246837
0.00246837
0.00246837
0.00246837
0.00246837
0.00246837
0.00246837
0.00246837
0.00246837
0.00246837
0.00246837
0.00246837
0.00246837
0.00246837
0.00246837
0.00246837
0.00246837
0.00246837
0.00246837
0.00246837
0.00246837
0.00246837
0.00246837
0.00246837
0.00246837
0.00246837
0.00246837
0.00246837
0.00246837
0.00246837
0.00246837
0.00246837
0.00246837
0.00246837
0.00246837
0.00246837
0.00246837
0.00246837
0.00246837
0.00246837
0.00246837
0.00246837
0.00246837
0.00246837
0.00246837
0.00246837
0.00246837
0.00246837
0.00246837
0.00246837
0.00246837
0.00246837
0.00246837
0.00246837
0.00246837
0.00246837
0.00246837
0.00246837
0.00246837
0.00246837
0.00246837
0.00246837
0.00246837
0.00246837
0.00246837
0.00246837
0.00246837
0.00246837
0.00246837
0.00246837
0.00246837
0.00246837
0.00246837
0.00246837
0.00246837
0.00246837
0.00246837
0.00246837
0.00246837
0.00246837
0.00246837
0.00246837
0.00246837
0.00246837
0.00246837
0.00246837
0.00246837
0.00246837
0.00246837
0.00246837
0.00246837
0.00246837
0.00246837
0.00246837
0.00246837
0.00246837
0.00246837
0.00246837
0.00246837
0.00246837
0.00246837
0.00246837
0.00246837
0.00246837
0.00246837
0.00246837
0.00246837
0.00246837
0.00246837
0.00246837
0.00246837
0.00246837
0.00246837
0.00246837
0.00246837
0.00246837
0.00246837
0.00246837
0.324591
0.245912
