0.75
0.00322256
0.00322256
0.00322256
0.00322256
0.00322256
0.00322256
0.00322256
0.00322256
0.00322256
0.00322256
0.00322256
0.00322256
0.00322256
0.00322256
0.00322256
0.00322256
0.00322256
0.00322256
0.00322256
0.00322256
0.00322256
0.00322256
0.00322256
0.00322256
0.00322256
0.00322256
0.00322256
0.00322256
0.00322256
0.00322256
0.00322256
0.00322256
0.00322256
0.00322256
0.00322256
0.00322256
0.00322256
0.00322256
0.00322256
0.00322256
0.00322256
0.00322256
0.00322256
0.00322256
0.00322256
0.00322256
0.00322256
0.00322256
0.00322256
0.00322256
0.00322256
0.00322256
0.00322256
0.00322256
0.00322256
0.00322256
0.00322256
0.00322256
0.00322256
0.00322256
0.00322256
0.00322256
0.00322256
0.00322256
0.00322256
0.00322256
0.00322256
0.00322256
0.00322256
0.00322256
0.00322256
0.00322256
0.00322256
0.00322256
0.00322256
0.00322256
0.00322256
0.00322256
0.00322256
0.00322256
0.00322256
0.00322256
0.00322256
0.00322256
0.00322256
0.00322256
0.00322256
0.00322256
0.00322256
0.00322256
0.00322256
0.00322256
0.00322256
0.00322256
0.00322256
0.00322256
0.00322256
0.00322256
0.00322256
0.00322256
0.00322256
0.00322256
0.00322256
0.00322256
0.00322256
0.00322256
0.00322256
0.00322256
0.00322256
0.00322256
0.00322256
0.00322256
0.00322256
0.00322256
0.00322256
0.00322256
0.00322256
0.00322256
0.00322256
0.00322256
0.00322256
0.00322256
0.00322256
0.00322256
0.00322256
0.00322256
0.00322256
0.00322256
0.00322256
0.00322256
0.00322256
0.00322256
0.00322256
0.324673
0.246727
