0.75
0.00257111
0.00257111
0.00257111
0.00257111
0.00257111
0.00257111
0.00257111
0.00257111
0.00257111
0.00257111
0.00257111
0.00257111
0.00257111
0.00257111
0.00257111
0.00257111
0.00257111
0.00257111
0.00257111
0.00257111
0.00257111
0.00257111
0.00257111
0.00257111
0.00257111
0.00257111
0.00257111
0.00257111
0.00257111
0.00257111
0.00257111
0.00257111
0.00257111
0.00257111
0.00257111
0.00257111
0.00257111
0.00257111
0.00257111
0.00257111
0.00257111
0.00257111
0.00257111
0.00257111
0.00257111
0.00257111
0.00257111
0.00257111
0.00257111
0.00257111
0.00257111
0.00257111
0.00257111
0.00257111
0.00257111
0.00257111
0.00257111
0.00257111
0.00257111
0.00257111
0.00257111
0.00257111
0.00257111
0.00257111
0.00257111
0.00257111
0.00257111
0.00257111
0.00257111
0.00257111
0.00257111
0.00257111
0.00257111
0.00257111
0.00257111
0.00257111
0.00257111
0.00257111
0.00257111
0.00257111
0.00257111
0.00257111
0.00257111
0.00257111
0.00257111
0.00257111
0.00257111
0.00257111
0.00257111
0.00257111
0.00257111
0.00257111
0.00257111
0.00257111
0.00257111
0.00257111
0.00257111
0.00257111
0.00257111
0.00257111
0.00257111
0.00257111
0.00257111
0.00257111
0.00257111
0.00257111
0.00257111
0.00257111
0.00257111
0.00257111
0.00257111
0.00257111
0.00257111
0.00257111
0.00257111
0.00257111
0.00257111
0.00257111
0.00257111
0.00257111
0.00257111
0.00257111
0.00257111
0.00257111
0.00257111
0.00257111
0.00257111
0.00257111
0.00257111
0.00257111
0.00257111
0.00257111
0.00257111
0.00257111
0.00257111
0.00257111
0.00257111
0.00257111
0.00257111
0.00257111
0.00257111
0.00257111
0.00257111
0.00257111
0.00257111
0.00257111
0.00257111
0.00257111
0.00257111
0.00257111
0.00257111
0.00257111
0.00257111
0.00257111
0.00257111
0.00257111
0.00257111
0.00257111
0.00257111
0.00257111
0.00257111
0.00257111
0.00257111
0.00257111
0.00257111
0.00257111
0.00257111
0.324602
0.246023
