0.75
0.00599027
0.00599027
0.00599027
0.00599027
0.00599027
0.00599027
0.00599027
0.00599027
0.00599027
0.00599027
0.00599027
0.00599027
0.00599027
0.00599027
0.00599027
0.00599027
0.00599027
0.00599027
0.00599027
0.00599027
0.00599027
0.00599027
0.00599027
0.00599027
0.00599027
0.00599027
0.00599027
0.00599027
0.00599027
0.00599027
0.00599027
0.00599027
0.00599027
0.00599027
0.00599027
0.00599027
0.00599027
0.00599027
0.00599027
0.00599027
0.00599027
0.00599027
0.00599027
0.00599027
0.00599027
0.00599027
0.00599027
0.00599027
0.00599027
0.00599027
0.00599027
0.00599027
0.00599027
0.00599027
0.00599027
0.00599027
0.00599027
0.00599027
0.00599027
0.00599027
0.00599027
0.00599027
0.00599027
0.00599027
0.00599027
0.00599027
0.00599027
0.00599027
0.00599027
0.00599027
0.00599027
0.324972
0.249719
