0.75
0.00507614
0.00507614
0.00507614
0.00507614
0.00507614
0.00507614
0.00507614
0.00507614
0.00507614
0.00507614
0.00507614
0.00507614
0.00507614
0.00507614
0.00507614
0.00507614
0.00507614
0.00507614
0.00507614
0.00507614
0.00507614
0.00507614
0.00507614
0.00507614
0.00507614
0.00507614
0.00507614
0.00507614
0.00507614
0.00507614
0.00507614
0.00507614
0.00507614
0.00507614
0.00507614
0.00507614
0.00507614
0.00507614
0.00507614
0.00507614
0.00507614
0.00507614
0.00507614
0.00507614
0.00507614
0.00507614
0.00507614
0.00507614
0.00507614
0.00507614
0.00507614
0.00507614
0.00507614
0.00507614
0.00507614
0.00507614
0.00507614
0.00507614
0.00507614
0.00507614
0.00507614
0.00507614
0.00507614
0.00507614
0.00507614
0.00507614
0.00507614
0.00507614
0.00507614
0.00507614
0.00507614
0.00507614
0.00507614
0.00507614
0.00507614
0.00507614
0.00507614
0.00507614
0.00507614
0.00507614
0.00507614
0.00507614
0.00507614
0.00507614
0.324873
0.248731
