0.75
0.00205735
0.00205735
0.00205735
0.00205735
0.00205735
0.00205735
0.00205735
0.00205735
0.00205735
0.00205735
0.00205735
0.00205735
0.00205735
0.00205735
0.00205735
0.00205735
0.00205735
0.00205735
0.00205735
0.00205735
0.00205735
0.00205735
0.00205735
0.00205735
0.00205735
0.00205735
0.00205735
0.00205735
0.00205735
0.00205735
0.00205735
0.00205735
0.00205735
0.00205735
0.00205735
0.00205735
0.00205735
0.00205735
0.00205735
0.00205735
0.00205735
0.00205735
0.00205735
0.00205735
0.00205735
0.00205735
0.00205735
0.00205735
0.00205735
0.00205735
0.00205735
0.00205735
0.00205735
0.00205735
0.00205735
0.00205735
0.00205735
0.00205735
0.00205735
0.00205735
0.00205735
0.00205735
0.00205735
0.00205735
0.00205735
0.00205735
0.00205735
0.00205735
0.00205735
0.00205735
0.00205735
0.00205735
0.00205735
0.00205735
0.00205735
0.00205735
0.00205735
0.00205735
0.00205735
0.00205735
0.00205735
0.00205735
0.00205735
0.00205735
0.00205735
0.00205735
0.00205735
0.00205735
0.00205735
0.00205735
0.00205735
0.00205735
0.00205735
0.00205735
0.00205735
0.00205735
0.00205735
0.00205735
0.00205735
0.00205735
0.00205735
0.00205735
0.00205735
0.00205735
0.00205735
0.00205735
0.00205735
0.00205735
0.00205735
0.00205735
0.00205735
0.00205735
0.00205735
0.00205735
0.00205735
0.00205735
0.00205735
0.00205735
0.00205735
0.00205735
0.00205735
0.00205735
0.00205735
0.00205735
0.00205735
0.00205735
0.00205735
0.00205735
0.00205735
0.00205735
0.00205735
0.00205735
0.00205735
0.00205735
0.00205735
0.00205735
0.00205735
0.00205735
0.00205735
0.00205735
0.00205735
0.00205735
0.00205735
0.00205735
0.00205735
0.00205735
0.00205735
0.00205735
0.00205735
0.00205735
0.00205735
0.00205735
0.00205735
0.00205735
0.00205735
0.00205735
0.00205735
0.00205735
0.00205735
0.00205735
0.00205735
0.00205735
0.00205735
0.00205735
0.00205735
0.00205735
0.00205735
0.00205735
0.00205735
0.00205735
0.00205735
0.00205735
0.00205735
0.00205735
0.00205735
0.00205735
0.00205735
0.00205735
0.00205735
0.00205735
0.00205735
0.00205735
0.00205735
0.00205735
0.00205735
0.00205735
0.00205735
0.00205735
0.00205735
0.00205735
0.00205735
0.00205735
0.00205735
0.00205735
0.00205735
0.00205735
0.00205735
0.00205735
0.00205735
0.00205735
0.00205735
0.00205735
0.00205735
0.00205735
0.00205735
0.00205735
0.00205735
0.00205735
0.00205735
0.324547
0.245467
