0.75
0.00276865
0.00276865
0.00276865
0.00276865
0.00276865
0.00276865
0.00276865
0.00276865
0.00276865
0.00276865
0.00276865
0.00276865
0.00276865
0.00276865
0.00276865
0.00276865
0.00276865
0.00276865
0.00276865
0.00276865
0.00276865
0.00276865
0.00276865
0.00276865
0.00276865
0.00276865
0.00276865
0.00276865
0.00276865
0.00276865
0.00276865
0.00276865
0.00276865
0.00276865
0.00276865
0.00276865
0.00276865
0.00276865
0.00276865
0.00276865
0.00276865
0.00276865
0.00276865
0.00276865
0.00276865
0.00276865
0.00276865
0.00276865
0.00276865
0.00276865
0.00276865
0.00276865
0.00276865
0.00276865
0.00276865
0.00276865
0.00276865
0.00276865
0.00276865
0.00276865
0.00276865
0.00276865
0.00276865
0.00276865
0.00276865
0.00276865
0.00276865
0.00276865
0.00276865
0.00276865
0.00276865
0.00276865
0.00276865
0.00276865
0.00276865
0.00276865
0.00276865
0.00276865
0.00276865
0.00276865
0.00276865
0.00276865
0.00276865
0.00276865
0.00276865
0.00276865
0.00276865
0.00276865
0.00276865
0.00276865
0.00276865
0.00276865
0.00276865
0.00276865
0.00276865
0.00276865
0.00276865
0.00276865
0.00276865
0.00276865
0.00276865
0.00276865
0.00276865
0.00276865
0.00276865
0.00276865
0.00276865
0.00276865
0.00276865
0.00276865
0.00276865
0.00276865
0.00276865
0.00276865
0.00276865
0.00276865
0.00276865
0.00276865
0.00276865
0.00276865
0.00276865
0.00276865
0.00276865
0.00276865
0.00276865
0.00276865
0.00276865
0.00276865
0.00276865
0.00276865
0.00276865
0.00276865
0.00276865
0.00276865
0.00276865
0.00276865
0.00276865
0.00276865
0.00276865
0.00276865
0.00276865
0.00276865
0.00276865
0.00276865
0.00276865
0.00276865
0.00276865
0.00276865
0.00276865
0.00276865
0.00276865
0.00276865
0.00276865
0.00276865
0.00276865
0.324624
0.246236
