0.75
0.00490346
0.00490346
0.00490346
0.00490346
0.00490346
0.00490346
0.00490346
0.00490346
0.00490346
0.00490346
0.00490346
0.00490346
0.00490346
0.00490346
0.00490346
0.00490346
0.00490346
0.00490346
0.00490346
0.00490346
0.00490346
0.00490346
0.00490346
0.00490346
0.00490346
0.00490346
0.00490346
0.00490346
0.00490346
0.00490346
0.00490346
0.00490346
0.00490346
0.00490346
0.00490346
0.00490346
0.00490346
0.00490346
0.00490346
0.00490346
0.00490346
0.00490346
0.00490346
0.00490346
0.00490346
0.00490346
0.00490346
0.00490346
0.00490346
0.00490346
0.00490346
0.00490346
0.00490346
0.00490346
0.00490346
0.00490346
0.00490346
0.00490346
0.00490346
0.00490346
0.00490346
0.00490346
0.00490346
0.00490346
0.00490346
0.00490346
0.00490346
0.00490346
0.00490346
0.00490346
0.00490346
0.00490346
0.00490346
0.00490346
0.00490346
0.00490346
0.00490346
0.00490346
0.00490346
0.00490346
0.00490346
0.00490346
0.00490346
0.00490346
0.00490346
0.00490346
0.00490346
0.324854
0.248544
