0.75
0.00484848
0.00484848
0.00484848
0.00484848
0.00484848
0.00484848
0.00484848
0.00484848
0.00484848
0.00484848
0.00484848
0.00484848
0.00484848
0.00484848
0.00484848
0.00484848
0.00484848
0.00484848
0.00484848
0.00484848
0.00484848
0.00484848
0.00484848
0.00484848
0.00484848
0.00484848
0.00484848
0.00484848
0.00484848
0.00484848
0.00484848
0.00484848
0.00484848
0.00484848
0.00484848
0.00484848
0.00484848
0.00484848
0.00484848
0.00484848
0.00484848
0.00484848
0.00484848
0.00484848
0.00484848
0.00484848
0.00484848
0.00484848
0.00484848
0.00484848
0.00484848
0.00484848
0.00484848
0.00484848
0.00484848
0.00484848
0.00484848
0.00484848
0.00484848
0.00484848
0.00484848
0.00484848
0.00484848
0.00484848
0.00484848
0.00484848
0.00484848
0.00484848
0.00484848
0.00484848
0.00484848
0.00484848
0.00484848
0.00484848
0.00484848
0.00484848
0.00484848
0.00484848
0.00484848
0.00484848
0.00484848
0.00484848
0.00484848
0.00484848
0.00484848
0.00484848
0.00484848
0.00484848
0.324848
0.248485
