0.75
0.00193752
0.00193752
0.00193752
0.00193752
0.00193752
0.00193752
0.00193752
0.00193752
0.00193752
0.00193752
0.00193752
0.00193752
0.00193752
0.00193752
0.00193752
0.00193752
0.00193752
0.00193752
0.00193752
0.00193752
0.00193752
0.00193752
0.00193752
0.00193752
0.00193752
0.00193752
0.00193752
0.00193752
0.00193752
0.00193752
0.00193752
0.00193752
0.00193752
0.00193752
0.00193752
0.00193752
0.00193752
0.00193752
0.00193752
0.00193752
0.00193752
0.00193752
0.00193752
0.00193752
0.00193752
0.00193752
0.00193752
0.00193752
0.00193752
0.00193752
0.00193752
0.00193752
0.00193752
0.00193752
0.00193752
0.00193752
0.00193752
0.00193752
0.00193752
0.00193752
0.00193752
0.00193752
0.00193752
0.00193752
0.00193752
0.00193752
0.00193752
0.00193752
0.00193752
0.00193752
0.00193752
0.00193752
0.00193752
0.00193752
0.00193752
0.00193752
0.00193752
0.00193752
0.00193752
0.00193752
0.00193752
0.00193752
0.00193752
0.00193752
0.00193752
0.00193752
0.00193752
0.00193752
0.00193752
0.00193752
0.00193752
0.00193752
0.00193752
0.00193752
0.00193752
0.00193752
0.00193752
0.00193752
0.00193752
0.00193752
0.00193752
0.00193752
0.00193752
0.00193752
0.00193752
0.00193752
0.00193752
0.00193752
0.00193752
0.00193752
0.00193752
0.00193752
0.00193752
0.00193752
0.00193752
0.00193752
0.00193752
0.00193752
0.00193752
0.00193752
0.00193752
0.00193752
0.00193752
0.00193752
0.00193752
0.00193752
0.00193752
0.00193752
0.00193752
0.00193752
0.00193752
0.00193752
0.00193752
0.00193752
0.00193752
0.00193752
0.00193752
0.00193752
0.00193752
0.00193752
0.00193752
0.00193752
0.00193752
0.00193752
0.00193752
0.00193752
0.00193752
0.00193752
0.00193752
0.00193752
0.00193752
0.00193752
0.00193752
0.00193752
0.00193752
0.00193752
0.00193752
0.00193752
0.00193752
0.00193752
0.00193752
0.00193752
0.00193752
0.00193752
0.00193752
0.00193752
0.00193752
0.00193752
0.00193752
0.00193752
0.00193752
0.00193752
0.00193752
0.00193752
0.00193752
0.00193752
0.00193752
0.00193752
0.00193752
0.00193752
0.00193752
0.00193752
0.00193752
0.00193752
0.00193752
0.00193752
0.00193752
0.00193752
0.00193752
0.00193752
0.00193752
0.00193752
0.00193752
0.00193752
0.00193752
0.00193752
0.00193752
0.00193752
0.00193752
0.00193752
0.00193752
0.00193752
0.00193752
0.00193752
0.00193752
0.00193752
0.00193752
0.00193752
0.00193752
0.00193752
0.00193752
0.00193752
0.00193752
0.00193752
0.00193752
0.00193752
0.00193752
0.00193752
0.00193752
0.00193752
0.00193752
0.00193752
0.324534
0.245338
