0.75
0.00182315
0.00182315
0.00182315
0.00182315
0.00182315
0.00182315
0.00182315
0.00182315
0.00182315
0.00182315
0.00182315
0.00182315
0.00182315
0.00182315
0.00182315
0.00182315
0.00182315
0.00182315
0.00182315
0.00182315
0.00182315
0.00182315
0.00182315
0.00182315
0.00182315
0.00182315
0.00182315
0.00182315
0.00182315
0.00182315
0.00182315
0.00182315
0.00182315
0.00182315
0.00182315
0.00182315
0.00182315
0.00182315
0.00182315
0.00182315
0.00182315
0.00182315
0.00182315
0.00182315
0.00182315
0.00182315
0.00182315
0.00182315
0.00182315
0.00182315
0.00182315
0.00182315
0.00182315
0.00182315
0.00182315
0.00182315
0.00182315
0.00182315
0.00182315
0.00182315
0.00182315
0.00182315
0.00182315
0.00182315
0.00182315
0.00182315
0.00182315
0.00182315
0.00182315
0.00182315
0.00182315
0.00182315
0.00182315
0.00182315
0.00182315
0.00182315
0.00182315
0.00182315
0.00182315
0.00182315
0.00182315
0.00182315
0.00182315
0.00182315
0.00182315
0.00182315
0.00182315
0.00182315
0.00182315
0.00182315
0.00182315
0.00182315
0.00182315
0.00182315
0.00182315
0.00182315
0.00182315
0.00182315
0.00182315
0.00182315
0.00182315
0.00182315
0.00182315
0.00182315
0.00182315
0.00182315
0.00182315
0.00182315
0.00182315
0.00182315
0.00182315
0.00182315
0.00182315
0.00182315
0.00182315
0.00182315
0.00182315
0.00182315
0.00182315
0.00182315
0.00182315
0.00182315
0.00182315
0.00182315
0.00182315
0.00182315
0.00182315
0.00182315
0.00182315
0.00182315
0.00182315
0.00182315
0.00182315
0.00182315
0.00182315
0.00182315
0.00182315
0.00182315
0.00182315
0.00182315
0.00182315
0.00182315
0.00182315
0.00182315
0.00182315
0.00182315
0.00182315
0.00182315
0.00182315
0.00182315
0.00182315
0.00182315
0.00182315
0.00182315
0.00182315
0.00182315
0.00182315
0.00182315
0.00182315
0.00182315
0.00182315
0.00182315
0.00182315
0.00182315
0.00182315
0.00182315
0.00182315
0.00182315
0.00182315
0.00182315
0.00182315
0.00182315
0.00182315
0.00182315
0.00182315
0.00182315
0.00182315
0.00182315
0.00182315
0.00182315
0.00182315
0.00182315
0.00182315
0.00182315
0.00182315
0.00182315
0.00182315
0.00182315
0.00182315
0.00182315
0.00182315
0.00182315
0.00182315
0.00182315
0.00182315
0.00182315
0.00182315
0.00182315
0.00182315
0.00182315
0.00182315
0.00182315
0.00182315
0.00182315
0.00182315
0.00182315
0.00182315
0.00182315
0.00182315
0.00182315
0.00182315
0.00182315
0.00182315
0.00182315
0.00182315
0.00182315
0.00182315
0.00182315
0.00182315
0.00182315
0.00182315
0.00182315
0.00182315
0.00182315
0.00182315
0.00182315
0.00182315
0.00182315
0.00182315
0.00182315
0.00182315
0.00182315
0.00182315
0.00182315
0.00182315
0.00182315
0.324521
0.245214
