0.75
0.00197287
0.00197287
0.00197287
0.00197287
0.00197287
0.00197287
0.00197287
0.00197287
0.00197287
0.00197287
0.00197287
0.00197287
0.00197287
0.00197287
0.00197287
0.00197287
0.00197287
0.00197287
0.00197287
0.00197287
0.00197287
0.00197287
0.00197287
0.00197287
0.00197287
0.00197287
0.00197287
0.00197287
0.00197287
0.00197287
0.00197287
0.00197287
0.00197287
0.00197287
0.00197287
0.00197287
0.00197287
0.00197287
0.00197287
0.00197287
0.00197287
0.00197287
0.00197287
0.00197287
0.00197287
0.00197287
0.00197287
0.00197287
0.00197287
0.00197287
0.00197287
0.00197287
0.00197287
0.00197287
0.00197287
0.00197287
0.00197287
0.00197287
0.00197287
0.00197287
0.00197287
0.00197287
0.00197287
0.00197287
0.00197287
0.00197287
0.00197287
0.00197287
0.00197287
0.00197287
0.00197287
0.00197287
0.00197287
0.00197287
0.00197287
0.00197287
0.00197287
0.00197287
0.00197287
0.00197287
0.00197287
0.00197287
0.00197287
0.00197287
0.00197287
0.00197287
0.00197287
0.00197287
0.00197287
0.00197287
0.00197287
0.00197287
0.00197287
0.00197287
0.00197287
0.00197287
0.00197287
0.00197287
0.00197287
0.00197287
0.00197287
0.00197287
0.00197287
0.00197287
0.00197287
0.00197287
0.00197287
0.00197287
0.00197287
0.00197287
0.00197287
0.00197287
0.00197287
0.00197287
0.00197287
0.00197287
0.00197287
0.00197287
0.00197287
0.00197287
0.00197287
0.00197287
0.00197287
0.00197287
0.00197287
0.00197287
0.00197287
0.00197287
0.00197287
0.00197287
0.00197287
0.00197287
0.00197287
0.00197287
0.00197287
0.00197287
0.00197287
0.00197287
0.00197287
0.00197287
0.00197287
0.00197287
0.00197287
0.00197287
0.00197287
0.00197287
0.00197287
0.00197287
0.00197287
0.00197287
0.00197287
0.00197287
0.00197287
0.00197287
0.00197287
0.00197287
0.00197287
0.00197287
0.00197287
0.00197287
0.00197287
0.00197287
0.00197287
0.00197287
0.00197287
0.00197287
0.00197287
0.00197287
0.00197287
0.00197287
0.00197287
0.00197287
0.00197287
0.00197287
0.00197287
0.00197287
0.00197287
0.00197287
0.00197287
0.00197287
0.00197287
0.00197287
0.00197287
0.00197287
0.00197287
0.00197287
0.00197287
0.00197287
0.00197287
0.00197287
0.00197287
0.00197287
0.00197287
0.00197287
0.00197287
0.00197287
0.00197287
0.00197287
0.00197287
0.00197287
0.00197287
0.00197287
0.00197287
0.00197287
0.00197287
0.00197287
0.00197287
0.00197287
0.00197287
0.00197287
0.00197287
0.00197287
0.00197287
0.00197287
0.00197287
0.00197287
0.00197287
0.00197287
0.324538
0.245376
