0.75
0.00449564
0.00449564
0.00449564
0.00449564
0.00449564
0.00449564
0.00449564
0.00449564
0.00449564
0.00449564
0.00449564
0.00449564
0.00449564
0.00449564
0.00449564
0.00449564
0.00449564
0.00449564
0.00449564
0.00449564
0.00449564
0.00449564
0.00449564
0.00449564
0.00449564
0.00449564
0.00449564
0.00449564
0.00449564
0.00449564
0.00449564
0.00449564
0.00449564
0.00449564
0.00449564
0.00449564
0.00449564
0.00449564
0.00449564
0.00449564
0.00449564
0.00449564
0.00449564
0.00449564
0.00449564
0.00449564
0.00449564
0.00449564
0.00449564
0.00449564
0.00449564
0.00449564
0.00449564
0.00449564
0.00449564
0.00449564
0.00449564
0.00449564
0.00449564
0.00449564
0.00449564
0.00449564
0.00449564
0.00449564
0.00449564
0.00449564
0.00449564
0.00449564
0.00449564
0.00449564
0.00449564
0.00449564
0.00449564
0.00449564
0.00449564
0.00449564
0.00449564
0.00449564
0.00449564
0.00449564
0.00449564
0.00449564
0.00449564
0.00449564
0.00449564
0.00449564
0.00449564
0.00449564
0.00449564
0.00449564
0.00449564
0.00449564
0.00449564
0.00449564
0.00449564
0.32481
0.248103
