0.75
0.003997
0.003997
0.003997
0.003997
0.003997
0.003997
0.003997
0.003997
0.003997
0.003997
0.003997
0.003997
0.003997
0.003997
0.003997
0.003997
0.003997
0.003997
0.003997
0.003997
0.003997
0.003997
0.003997
0.003997
0.003997
0.003997
0.003997
0.003997
0.003997
0.003997
0.003997
0.003997
0.003997
0.003997
0.003997
0.003997
0.003997
0.003997
0.003997
0.003997
0.003997
0.003997
0.003997
0.003997
0.003997
0.003997
0.003997
0.003997
0.003997
0.003997
0.003997
0.003997
0.003997
0.003997
0.003997
0.003997
0.003997
0.003997
0.003997
0.003997
0.003997
0.003997
0.003997
0.003997
0.003997
0.003997
0.003997
0.003997
0.003997
0.003997
0.003997
0.003997
0.003997
0.003997
0.003997
0.003997
0.003997
0.003997
0.003997
0.003997
0.003997
0.003997
0.003997
0.003997
0.003997
0.003997
0.003997
0.003997
0.003997
0.003997
0.003997
0.003997
0.003997
0.003997
0.003997
0.003997
0.003997
0.003997
0.003997
0.003997
0.003997
0.003997
0.003997
0.003997
0.003997
0.003997
0.003997
0.324756
0.247564
