0.75
0.00280456
0.00280456
0.00280456
0.00280456
0.00280456
0.00280456
0.00280456
0.00280456
0.00280456
0.00280456
0.00280456
0.00280456
0.00280456
0.00280456
0.00280456
0.00280456
0.00280456
0.00280456
0.00280456
0.00280456
0.00280456
0.00280456
0.00280456
0.00280456
0.00280456
0.00280456
0.00280456
0.00280456
0.00280456
0.00280456
0.00280456
0.00280456
0.00280456
0.00280456
0.00280456
0.00280456
0.00280456
0.00280456
0.00280456
0.00280456
0.00280456
0.00280456
0.00280456
0.00280456
0.00280456
0.00280456
0.00280456
0.00280456
0.00280456
0.00280456
0.00280456
0.00280456
0.00280456
0.00280456
0.00280456
0.00280456
0.00280456
0.00280456
0.00280456
0.00280456
0.00280456
0.00280456
0.00280456
0.00280456
0.00280456
0.00280456
0.00280456
0.00280456
0.00280456
0.00280456
0.00280456
0.00280456
0.00280456
0.00280456
0.00280456
0.00280456
0.00280456
0.00280456
0.00280456
0.00280456
0.00280456
0.00280456
0.00280456
0.00280456
0.00280456
0.00280456
0.00280456
0.00280456
0.00280456
0.00280456
0.00280456
0.00280456
0.00280456
0.00280456
0.00280456
0.00280456
0.00280456
0.00280456
0.00280456
0.00280456
0.00280456
0.00280456
0.00280456
0.00280456
0.00280456
0.00280456
0.00280456
0.00280456
0.00280456
0.00280456
0.00280456
0.00280456
0.00280456
0.00280456
0.00280456
0.00280456
0.00280456
0.00280456
0.00280456
0.00280456
0.00280456
0.00280456
0.00280456
0.00280456
0.00280456
0.00280456
0.00280456
0.00280456
0.00280456
0.00280456
0.00280456
0.00280456
0.00280456
0.00280456
0.00280456
0.00280456
0.00280456
0.00280456
0.00280456
0.00280456
0.00280456
0.00280456
0.00280456
0.00280456
0.00280456
0.00280456
0.00280456
0.00280456
0.00280456
0.00280456
0.00280456
0.00280456
0.00280456
0.324628
0.246275
