0.75
0.00179292
0.00179292
0.00179292
0.00179292
0.00179292
0.00179292
0.00179292
0.00179292
0.00179292
0.00179292
0.00179292
0.00179292
0.00179292
0.00179292
0.00179292
0.00179292
0.00179292
0.00179292
0.00179292
0.00179292
0.00179292
0.00179292
0.00179292
0.00179292
0.00179292
0.00179292
0.00179292
0.00179292
0.00179292
0.00179292
0.00179292
0.00179292
0.00179292
0.00179292
0.00179292
0.00179292
0.00179292
0.00179292
0.00179292
0.00179292
0.00179292
0.00179292
0.00179292
0.00179292
0.00179292
0.00179292
0.00179292
0.00179292
0.00179292
0.00179292
0.00179292
0.00179292
0.00179292
0.00179292
0.00179292
0.00179292
0.00179292
0.00179292
0.00179292
0.00179292
0.00179292
0.00179292
0.00179292
0.00179292
0.00179292
0.00179292
0.00179292
0.00179292
0.00179292
0.00179292
0.00179292
0.00179292
0.00179292
0.00179292
0.00179292
0.00179292
0.00179292
0.00179292
0.00179292
0.00179292
0.00179292
0.00179292
0.00179292
0.00179292
0.00179292
0.00179292
0.00179292
0.00179292
0.00179292
0.00179292
0.00179292
0.00179292
0.00179292
0.00179292
0.00179292
0.00179292
0.00179292
0.00179292
0.00179292
0.00179292
0.00179292
0.00179292
0.00179292
0.00179292
0.00179292
0.00179292
0.00179292
0.00179292
0.00179292
0.00179292
0.00179292
0.00179292
0.00179292
0.00179292
0.00179292
0.00179292
0.00179292
0.00179292
0.00179292
0.00179292
0.00179292
0.00179292
0.00179292
0.00179292
0.00179292
0.00179292
0.00179292
0.00179292
0.00179292
0.00179292
0.00179292
0.00179292
0.00179292
0.00179292
0.00179292
0.00179292
0.00179292
0.00179292
0.00179292
0.00179292
0.00179292
0.00179292
0.00179292
0.00179292
0.00179292
0.00179292
0.00179292
0.00179292
0.00179292
0.00179292
0.00179292
0.00179292
0.00179292
0.00179292
0.00179292
0.00179292
0.00179292
0.00179292
0.00179292
0.00179292
0.00179292
0.00179292
0.00179292
0.00179292
0.00179292
0.00179292
0.00179292
0.00179292
0.00179292
0.00179292
0.00179292
0.00179292
0.00179292
0.00179292
0.00179292
0.00179292
0.00179292
0.00179292
0.00179292
0.00179292
0.00179292
0.00179292
0.00179292
0.00179292
0.00179292
0.00179292
0.00179292
0.00179292
0.00179292
0.00179292
0.00179292
0.00179292
0.00179292
0.00179292
0.00179292
0.00179292
0.00179292
0.00179292
0.00179292
0.00179292
0.00179292
0.00179292
0.00179292
0.00179292
0.00179292
0.00179292
0.00179292
0.00179292
0.00179292
0.00179292
0.00179292
0.00179292
0.00179292
0.00179292
0.00179292
0.00179292
0.00179292
0.00179292
0.00179292
0.00179292
0.00179292
0.00179292
0.00179292
0.00179292
0.00179292
0.00179292
0.00179292
0.00179292
0.00179292
0.00179292
0.00179292
0.00179292
0.00179292
0.00179292
0.00179292
0.00179292
0.00179292
0.00179292
0.00179292
0.00179292
0.324518
0.245182
