0.75
0.00308463
0.00308463
0.00308463
0.00308463
0.00308463
0.00308463
0.00308463
0.00308463
0.00308463
0.00308463
0.00308463
0.00308463
0.00308463
0.00308463
0.00308463
0.00308463
0.00308463
0.00308463
0.00308463
0.00308463
0.00308463
0.00308463
0.00308463
0.00308463
0.00308463
0.00308463
0.00308463
0.00308463
0.00308463
0.00308463
0.00308463
0.00308463
0.00308463
0.00308463
0.00308463
0.00308463
0.00308463
0.00308463
0.00308463
0.00308463
0.00308463
0.00308463
0.00308463
0.00308463
0.00308463
0.00308463
0.00308463
0.00308463
0.00308463
0.00308463
0.00308463
0.00308463
0.00308463
0.00308463
0.00308463
0.00308463
0.00308463
0.00308463
0.00308463
0.00308463
0.00308463
0.00308463
0.00308463
0.00308463
0.00308463
0.00308463
0.00308463
0.00308463
0.00308463
0.00308463
0.00308463
0.00308463
0.00308463
0.00308463
0.00308463
0.00308463
0.00308463
0.00308463
0.00308463
0.00308463
0.00308463
0.00308463
0.00308463
0.00308463
0.00308463
0.00308463
0.00308463
0.00308463
0.00308463
0.00308463
0.00308463
0.00308463
0.00308463
0.00308463
0.00308463
0.00308463
0.00308463
0.00308463
0.00308463
0.00308463
0.00308463
0.00308463
0.00308463
0.00308463
0.00308463
0.00308463
0.00308463
0.00308463
0.00308463
0.00308463
0.00308463
0.00308463
0.00308463
0.00308463
0.00308463
0.00308463
0.00308463
0.00308463
0.00308463
0.00308463
0.00308463
0.00308463
0.00308463
0.00308463
0.00308463
0.00308463
0.00308463
0.00308463
0.00308463
0.00308463
0.00308463
0.00308463
0.00308463
0.00308463
0.00308463
0.00308463
0.00308463
0.00308463
0.00308463
0.324658
0.246578
