0.75
0.00252605
0.00252605
0.00252605
0.00252605
0.00252605
0.00252605
0.00252605
0.00252605
0.00252605
0.00252605
0.00252605
0.00252605
0.00252605
0.00252605
0.00252605
0.00252605
0.00252605
0.00252605
0.00252605
0.00252605
0.00252605
0.00252605
0.00252605
0.00252605
0.00252605
0.00252605
0.00252605
0.00252605
0.00252605
0.00252605
0.00252605
0.00252605
0.00252605
0.00252605
0.00252605
0.00252605
0.00252605
0.00252605
0.00252605
0.00252605
0.00252605
0.00252605
0.00252605
0.00252605
0.00252605
0.00252605
0.00252605
0.00252605
0.00252605
0.00252605
0.00252605
0.00252605
0.00252605
0.00252605
0.00252605
0.00252605
0.00252605
0.00252605
0.00252605
0.00252605
0.00252605
0.00252605
0.00252605
0.00252605
0.00252605
0.00252605
0.00252605
0.00252605
0.00252605
0.00252605
0.00252605
0.00252605
0.00252605
0.00252605
0.00252605
0.00252605
0.00252605
0.00252605
0.00252605
0.00252605
0.00252605
0.00252605
0.00252605
0.00252605
0.00252605
0.00252605
0.00252605
0.00252605
0.00252605
0.00252605
0.00252605
0.00252605
0.00252605
0.00252605
0.00252605
0.00252605
0.00252605
0.00252605
0.00252605
0.00252605
0.00252605
0.00252605
0.00252605
0.00252605
0.00252605
0.00252605
0.00252605
0.00252605
0.00252605
0.00252605
0.00252605
0.00252605
0.00252605
0.00252605
0.00252605
0.00252605
0.00252605
0.00252605
0.00252605
0.00252605
0.00252605
0.00252605
0.00252605
0.00252605
0.00252605
0.00252605
0.00252605
0.00252605
0.00252605
0.00252605
0.00252605
0.00252605
0.00252605
0.00252605
0.00252605
0.00252605
0.00252605
0.00252605
0.00252605
0.00252605
0.00252605
0.00252605
0.00252605
0.00252605
0.00252605
0.00252605
0.00252605
0.00252605
0.00252605
0.00252605
0.00252605
0.00252605
0.00252605
0.00252605
0.00252605
0.00252605
0.00252605
0.00252605
0.00252605
0.00252605
0.00252605
0.00252605
0.00252605
0.00252605
0.00252605
0.00252605
0.00252605
0.00252605
0.00252605
0.00252605
0.324597
0.245974
