0.75
0.00225004
0.00225004
0.00225004
0.00225004
0.00225004
0.00225004
0.00225004
0.00225004
0.00225004
0.00225004
0.00225004
0.00225004
0.00225004
0.00225004
0.00225004
0.00225004
0.00225004
0.00225004
0.00225004
0.00225004
0.00225004
0.00225004
0.00225004
0.00225004
0.00225004
0.00225004
0.00225004
0.00225004
0.00225004
0.00225004
0.00225004
0.00225004
0.00225004
0.00225004
0.00225004
0.00225004
0.00225004
0.00225004
0.00225004
0.00225004
0.00225004
0.00225004
0.00225004
0.00225004
0.00225004
0.00225004
0.00225004
0.00225004
0.00225004
0.00225004
0.00225004
0.00225004
0.00225004
0.00225004
0.00225004
0.00225004
0.00225004
0.00225004
0.00225004
0.00225004
0.00225004
0.00225004
0.00225004
0.00225004
0.00225004
0.00225004
0.00225004
0.00225004
0.00225004
0.00225004
0.00225004
0.00225004
0.00225004
0.00225004
0.00225004
0.00225004
0.00225004
0.00225004
0.00225004
0.00225004
0.00225004
0.00225004
0.00225004
0.00225004
0.00225004
0.00225004
0.00225004
0.00225004
0.00225004
0.00225004
0.00225004
0.00225004
0.00225004
0.00225004
0.00225004
0.00225004
0.00225004
0.00225004
0.00225004
0.00225004
0.00225004
0.00225004
0.00225004
0.00225004
0.00225004
0.00225004
0.00225004
0.00225004
0.00225004
0.00225004
0.00225004
0.00225004
0.00225004
0.00225004
0.00225004
0.00225004
0.00225004
0.00225004
0.00225004
0.00225004
0.00225004
0.00225004
0.00225004
0.00225004
0.00225004
0.00225004
0.00225004
0.00225004
0.00225004
0.00225004
0.00225004
0.00225004
0.00225004
0.00225004
0.00225004
0.00225004
0.00225004
0.00225004
0.00225004
0.00225004
0.00225004
0.00225004
0.00225004
0.00225004
0.00225004
0.00225004
0.00225004
0.00225004
0.00225004
0.00225004
0.00225004
0.00225004
0.00225004
0.00225004
0.00225004
0.00225004
0.00225004
0.00225004
0.00225004
0.00225004
0.00225004
0.00225004
0.00225004
0.00225004
0.00225004
0.00225004
0.00225004
0.00225004
0.00225004
0.00225004
0.00225004
0.00225004
0.00225004
0.00225004
0.00225004
0.00225004
0.00225004
0.00225004
0.00225004
0.00225004
0.00225004
0.00225004
0.00225004
0.00225004
0.00225004
0.00225004
0.00225004
0.00225004
0.00225004
0.00225004
0.00225004
0.324568
0.245676
