0.75
0.00228571
0.00228571
0.00228571
0.00228571
0.00228571
0.00228571
0.00228571
0.00228571
0.00228571
0.00228571
0.00228571
0.00228571
0.00228571
0.00228571
0.00228571
0.00228571
0.00228571
0.00228571
0.00228571
0.00228571
0.00228571
0.00228571
0.00228571
0.00228571
0.00228571
0.00228571
0.00228571
0.00228571
0.00228571
0.00228571
0.00228571
0.00228571
0.00228571
0.00228571
0.00228571
0.00228571
0.00228571
0.00228571
0.00228571
0.00228571
0.00228571
0.00228571
0.00228571
0.00228571
0.00228571
0.00228571
0.00228571
0.00228571
0.00228571
0.00228571
0.00228571
0.00228571
0.00228571
0.00228571
0.00228571
0.00228571
0.00228571
0.00228571
0.00228571
0.00228571
0.00228571
0.00228571
0.00228571
0.00228571
0.00228571
0.00228571
0.00228571
0.00228571
0.00228571
0.00228571
0.00228571
0.00228571
0.00228571
0.00228571
0.00228571
0.00228571
0.00228571
0.00228571
0.00228571
0.00228571
0.00228571
0.00228571
0.00228571
0.00228571
0.00228571
0.00228571
0.00228571
0.00228571
0.00228571
0.00228571
0.00228571
0.00228571
0.00228571
0.00228571
0.00228571
0.00228571
0.00228571
0.00228571
0.00228571
0.00228571
0.00228571
0.00228571
0.00228571
0.00228571
0.00228571
0.00228571
0.00228571
0.00228571
0.00228571
0.00228571
0.00228571
0.00228571
0.00228571
0.00228571
0.00228571
0.00228571
0.00228571
0.00228571
0.00228571
0.00228571
0.00228571
0.00228571
0.00228571
0.00228571
0.00228571
0.00228571
0.00228571
0.00228571
0.00228571
0.00228571
0.00228571
0.00228571
0.00228571
0.00228571
0.00228571
0.00228571
0.00228571
0.00228571
0.00228571
0.00228571
0.00228571
0.00228571
0.00228571
0.00228571
0.00228571
0.00228571
0.00228571
0.00228571
0.00228571
0.00228571
0.00228571
0.00228571
0.00228571
0.00228571
0.00228571
0.00228571
0.00228571
0.00228571
0.00228571
0.00228571
0.00228571
0.00228571
0.00228571
0.00228571
0.00228571
0.00228571
0.00228571
0.00228571
0.00228571
0.00228571
0.00228571
0.00228571
0.00228571
0.00228571
0.00228571
0.00228571
0.00228571
0.00228571
0.00228571
0.00228571
0.00228571
0.00228571
0.00228571
0.00228571
0.00228571
0.00228571
0.00228571
0.00228571
0.324571
0.245714
