0.75
0.00223839
0.00223839
0.00223839
0.00223839
0.00223839
0.00223839
0.00223839
0.00223839
0.00223839
0.00223839
0.00223839
0.00223839
0.00223839
0.00223839
0.00223839
0.00223839
0.00223839
0.00223839
0.00223839
0.00223839
0.00223839
0.00223839
0.00223839
0.00223839
0.00223839
0.00223839
0.00223839
0.00223839
0.00223839
0.00223839
0.00223839
0.00223839
0.00223839
0.00223839
0.00223839
0.00223839
0.00223839
0.00223839
0.00223839
0.00223839
0.00223839
0.00223839
0.00223839
0.00223839
0.00223839
0.00223839
0.00223839
0.00223839
0.00223839
0.00223839
0.00223839
0.00223839
0.00223839
0.00223839
0.00223839
0.00223839
0.00223839
0.00223839
0.00223839
0.00223839
0.00223839
0.00223839
0.00223839
0.00223839
0.00223839
0.00223839
0.00223839
0.00223839
0.00223839
0.00223839
0.00223839
0.00223839
0.00223839
0.00223839
0.00223839
0.00223839
0.00223839
0.00223839
0.00223839
0.00223839
0.00223839
0.00223839
0.00223839
0.00223839
0.00223839
0.00223839
0.00223839
0.00223839
0.00223839
0.00223839
0.00223839
0.00223839
0.00223839
0.00223839
0.00223839
0.00223839
0.00223839
0.00223839
0.00223839
0.00223839
0.00223839
0.00223839
0.00223839
0.00223839
0.00223839
0.00223839
0.00223839
0.00223839
0.00223839
0.00223839
0.00223839
0.00223839
0.00223839
0.00223839
0.00223839
0.00223839
0.00223839
0.00223839
0.00223839
0.00223839
0.00223839
0.00223839
0.00223839
0.00223839
0.00223839
0.00223839
0.00223839
0.00223839
0.00223839
0.00223839
0.00223839
0.00223839
0.00223839
0.00223839
0.00223839
0.00223839
0.00223839
0.00223839
0.00223839
0.00223839
0.00223839
0.00223839
0.00223839
0.00223839
0.00223839
0.00223839
0.00223839
0.00223839
0.00223839
0.00223839
0.00223839
0.00223839
0.00223839
0.00223839
0.00223839
0.00223839
0.00223839
0.00223839
0.00223839
0.00223839
0.00223839
0.00223839
0.00223839
0.00223839
0.00223839
0.00223839
0.00223839
0.00223839
0.00223839
0.00223839
0.00223839
0.00223839
0.00223839
0.00223839
0.00223839
0.00223839
0.00223839
0.00223839
0.00223839
0.00223839
0.00223839
0.00223839
0.00223839
0.00223839
0.00223839
0.00223839
0.00223839
0.00223839
0.00223839
0.00223839
0.00223839
0.00223839
0.324566
0.245663
