0.75
0.00319872
0.00319872
0.00319872
0.00319872
0.00319872
0.00319872
0.00319872
0.00319872
0.00319872
0.00319872
0.00319872
0.00319872
0.00319872
0.00319872
0.00319872
0.00319872
0.00319872
0.00319872
0.00319872
0.00319872
0.00319872
0.00319872
0.00319872
0.00319872
0.00319872
0.00319872
0.00319872
0.00319872
0.00319872
0.00319872
0.00319872
0.00319872
0.00319872
0.00319872
0.00319872
0.00319872
0.00319872
0.00319872
0.00319872
0.00319872
0.00319872
0.00319872
0.00319872
0.00319872
0.00319872
0.00319872
0.00319872
0.00319872
0.00319872
0.00319872
0.00319872
0.00319872
0.00319872
0.00319872
0.00319872
0.00319872
0.00319872
0.00319872
0.00319872
0.00319872
0.00319872
0.00319872
0.00319872
0.00319872
0.00319872
0.00319872
0.00319872
0.00319872
0.00319872
0.00319872
0.00319872
0.00319872
0.00319872
0.00319872
0.00319872
0.00319872
0.00319872
0.00319872
0.00319872
0.00319872
0.00319872
0.00319872
0.00319872
0.00319872
0.00319872
0.00319872
0.00319872
0.00319872
0.00319872
0.00319872
0.00319872
0.00319872
0.00319872
0.00319872
0.00319872
0.00319872
0.00319872
0.00319872
0.00319872
0.00319872
0.00319872
0.00319872
0.00319872
0.00319872
0.00319872
0.00319872
0.00319872
0.00319872
0.00319872
0.00319872
0.00319872
0.00319872
0.00319872
0.00319872
0.00319872
0.00319872
0.00319872
0.00319872
0.00319872
0.00319872
0.00319872
0.00319872
0.00319872
0.00319872
0.00319872
0.00319872
0.00319872
0.00319872
0.00319872
0.00319872
0.00319872
0.00319872
0.00319872
0.00319872
0.32467
0.246701
