0.75
0.00299906
0.00299906
0.00299906
0.00299906
0.00299906
0.00299906
0.00299906
0.00299906
0.00299906
0.00299906
0.00299906
0.00299906
0.00299906
0.00299906
0.00299906
0.00299906
0.00299906
0.00299906
0.00299906
0.00299906
0.00299906
0.00299906
0.00299906
0.00299906
0.00299906
0.00299906
0.00299906
0.00299906
0.00299906
0.00299906
0.00299906
0.00299906
0.00299906
0.00299906
0.00299906
0.00299906
0.00299906
0.00299906
0.00299906
0.00299906
0.00299906
0.00299906
0.00299906
0.00299906
0.00299906
0.00299906
0.00299906
0.00299906
0.00299906
0.00299906
0.00299906
0.00299906
0.00299906
0.00299906
0.00299906
0.00299906
0.00299906
0.00299906
0.00299906
0.00299906
0.00299906
0.00299906
0.00299906
0.00299906
0.00299906
0.00299906
0.00299906
0.00299906
0.00299906
0.00299906
0.00299906
0.00299906
0.00299906
0.00299906
0.00299906
0.00299906
0.00299906
0.00299906
0.00299906
0.00299906
0.00299906
0.00299906
0.00299906
0.00299906
0.00299906
0.00299906
0.00299906
0.00299906
0.00299906
0.00299906
0.00299906
0.00299906
0.00299906
0.00299906
0.00299906
0.00299906
0.00299906
0.00299906
0.00299906
0.00299906
0.00299906
0.00299906
0.00299906
0.00299906
0.00299906
0.00299906
0.00299906
0.00299906
0.00299906
0.00299906
0.00299906
0.00299906
0.00299906
0.00299906
0.00299906
0.00299906
0.00299906
0.00299906
0.00299906
0.00299906
0.00299906
0.00299906
0.00299906
0.00299906
0.00299906
0.00299906
0.00299906
0.00299906
0.00299906
0.00299906
0.00299906
0.00299906
0.00299906
0.00299906
0.00299906
0.00299906
0.00299906
0.00299906
0.00299906
0.00299906
0.00299906
0.00299906
0.00299906
0.324649
0.246485
