0.75
0.0037218
0.0037218
0.0037218
0.0037218
0.0037218
0.0037218
0.0037218
0.0037218
0.0037218
0.0037218
0.0037218
0.0037218
0.0037218
0.0037218
0.0037218
0.0037218
0.0037218
0.0037218
0.0037218
0.0037218
0.0037218
0.0037218
0.0037218
0.0037218
0.0037218
0.0037218
0.0037218
0.0037218
0.0037218
0.0037218
0.0037218
0.0037218
0.0037218
0.0037218
0.0037218
0.0037218
0.0037218
0.0037218
0.0037218
0.0037218
0.0037218
0.0037218
0.0037218
0.0037218
0.0037218
0.0037218
0.0037218
0.0037218
0.0037218
0.0037218
0.0037218
0.0037218
0.0037218
0.0037218
0.0037218
0.0037218
0.0037218
0.0037218
0.0037218
0.0037218
0.0037218
0.0037218
0.0037218
0.0037218
0.0037218
0.0037218
0.0037218
0.0037218
0.0037218
0.0037218
0.0037218
0.0037218
0.0037218
0.0037218
0.0037218
0.0037218
0.0037218
0.0037218
0.0037218
0.0037218
0.0037218
0.0037218
0.0037218
0.0037218
0.0037218
0.0037218
0.0037218
0.0037218
0.0037218
0.0037218
0.0037218
0.0037218
0.0037218
0.0037218
0.0037218
0.0037218
0.0037218
0.0037218
0.0037218
0.0037218
0.0037218
0.0037218
0.0037218
0.0037218
0.0037218
0.0037218
0.0037218
0.0037218
0.0037218
0.0037218
0.0037218
0.0037218
0.0037218
0.0037218
0.0037218
0.324727
0.247267
