0.75
0.00359793
0.00359793
0.00359793
0.00359793
0.00359793
0.00359793
0.00359793
0.00359793
0.00359793
0.00359793
0.00359793
0.00359793
0.00359793
0.00359793
0.00359793
0.00359793
0.00359793
0.00359793
0.00359793
0.00359793
0.00359793
0.00359793
0.00359793
0.00359793
0.00359793
0.00359793
0.00359793
0.00359793
0.00359793
0.00359793
0.00359793
0.00359793
0.00359793
0.00359793
0.00359793
0.00359793
0.00359793
0.00359793
0.00359793
0.00359793
0.00359793
0.00359793
0.00359793
0.00359793
0.00359793
0.00359793
0.00359793
0.00359793
0.00359793
0.00359793
0.00359793
0.00359793
0.00359793
0.00359793
0.00359793
0.00359793
0.00359793
0.00359793
0.00359793
0.00359793
0.00359793
0.00359793
0.00359793
0.00359793
0.00359793
0.00359793
0.00359793
0.00359793
0.00359793
0.00359793
0.00359793
0.00359793
0.00359793
0.00359793
0.00359793
0.00359793
0.00359793
0.00359793
0.00359793
0.00359793
0.00359793
0.00359793
0.00359793
0.00359793
0.00359793
0.00359793
0.00359793
0.00359793
0.00359793
0.00359793
0.00359793
0.00359793
0.00359793
0.00359793
0.00359793
0.00359793
0.00359793
0.00359793
0.00359793
0.00359793
0.00359793
0.00359793
0.00359793
0.00359793
0.00359793
0.00359793
0.00359793
0.00359793
0.00359793
0.00359793
0.00359793
0.00359793
0.00359793
0.00359793
0.00359793
0.00359793
0.00359793
0.00359793
0.00359793
0.324713
0.247133
