0.75
0.00208714
0.00208714
0.00208714
0.00208714
0.00208714
0.00208714
0.00208714
0.00208714
0.00208714
0.00208714
0.00208714
0.00208714
0.00208714
0.00208714
0.00208714
0.00208714
0.00208714
0.00208714
0.00208714
0.00208714
0.00208714
0.00208714
0.00208714
0.00208714
0.00208714
0.00208714
0.00208714
0.00208714
0.00208714
0.00208714
0.00208714
0.00208714
0.00208714
0.00208714
0.00208714
0.00208714
0.00208714
0.00208714
0.00208714
0.00208714
0.00208714
0.00208714
0.00208714
0.00208714
0.00208714
0.00208714
0.00208714
0.00208714
0.00208714
0.00208714
0.00208714
0.00208714
0.00208714
0.00208714
0.00208714
0.00208714
0.00208714
0.00208714
0.00208714
0.00208714
0.00208714
0.00208714
0.00208714
0.00208714
0.00208714
0.00208714
0.00208714
0.00208714
0.00208714
0.00208714
0.00208714
0.00208714
0.00208714
0.00208714
0.00208714
0.00208714
0.00208714
0.00208714
0.00208714
0.00208714
0.00208714
0.00208714
0.00208714
0.00208714
0.00208714
0.00208714
0.00208714
0.00208714
0.00208714
0.00208714
0.00208714
0.00208714
0.00208714
0.00208714
0.00208714
0.00208714
0.00208714
0.00208714
0.00208714
0.00208714
0.00208714
0.00208714
0.00208714
0.00208714
0.00208714
0.00208714
0.00208714
0.00208714
0.00208714
0.00208714
0.00208714
0.00208714
0.00208714
0.00208714
0.00208714
0.00208714
0.00208714
0.00208714
0.00208714
0.00208714
0.00208714
0.00208714
0.00208714
0.00208714
0.00208714
0.00208714
0.00208714
0.00208714
0.00208714
0.00208714
0.00208714
0.00208714
0.00208714
0.00208714
0.00208714
0.00208714
0.00208714
0.00208714
0.00208714
0.00208714
0.00208714
0.00208714
0.00208714
0.00208714
0.00208714
0.00208714
0.00208714
0.00208714
0.00208714
0.00208714
0.00208714
0.00208714
0.00208714
0.00208714
0.00208714
0.00208714
0.00208714
0.00208714
0.00208714
0.00208714
0.00208714
0.00208714
0.00208714
0.00208714
0.00208714
0.00208714
0.00208714
0.00208714
0.00208714
0.00208714
0.00208714
0.00208714
0.00208714
0.00208714
0.00208714
0.00208714
0.00208714
0.00208714
0.00208714
0.00208714
0.00208714
0.00208714
0.00208714
0.00208714
0.00208714
0.00208714
0.00208714
0.00208714
0.00208714
0.00208714
0.00208714
0.00208714
0.00208714
0.00208714
0.00208714
0.00208714
0.00208714
0.00208714
0.00208714
0.00208714
0.00208714
0.00208714
0.00208714
0.00208714
0.00208714
0.00208714
0.32455
0.2455
