0.75
0.00254089
0.00254089
0.00254089
0.00254089
0.00254089
0.00254089
0.00254089
0.00254089
0.00254089
0.00254089
0.00254089
0.00254089
0.00254089
0.00254089
0.00254089
0.00254089
0.00254089
0.00254089
0.00254089
0.00254089
0.00254089
0.00254089
0.00254089
0.00254089
0.00254089
0.00254089
0.00254089
0.00254089
0.00254089
0.00254089
0.00254089
0.00254089
0.00254089
0.00254089
0.00254089
0.00254089
0.00254089
0.00254089
0.00254089
0.00254089
0.00254089
0.00254089
0.00254089
0.00254089
0.00254089
0.00254089
0.00254089
0.00254089
0.00254089
0.00254089
0.00254089
0.00254089
0.00254089
0.00254089
0.00254089
0.00254089
0.00254089
0.00254089
0.00254089
0.00254089
0.00254089
0.00254089
0.00254089
0.00254089
0.00254089
0.00254089
0.00254089
0.00254089
0.00254089
0.00254089
0.00254089
0.00254089
0.00254089
0.00254089
0.00254089
0.00254089
0.00254089
0.00254089
0.00254089
0.00254089
0.00254089
0.00254089
0.00254089
0.00254089
0.00254089
0.00254089
0.00254089
0.00254089
0.00254089
0.00254089
0.00254089
0.00254089
0.00254089
0.00254089
0.00254089
0.00254089
0.00254089
0.00254089
0.00254089
0.00254089
0.00254089
0.00254089
0.00254089
0.00254089
0.00254089
0.00254089
0.00254089
0.00254089
0.00254089
0.00254089
0.00254089
0.00254089
0.00254089
0.00254089
0.00254089
0.00254089
0.00254089
0.00254089
0.00254089
0.00254089
0.00254089
0.00254089
0.00254089
0.00254089
0.00254089
0.00254089
0.00254089
0.00254089
0.00254089
0.00254089
0.00254089
0.00254089
0.00254089
0.00254089
0.00254089
0.00254089
0.00254089
0.00254089
0.00254089
0.00254089
0.00254089
0.00254089
0.00254089
0.00254089
0.00254089
0.00254089
0.00254089
0.00254089
0.00254089
0.00254089
0.00254089
0.00254089
0.00254089
0.00254089
0.00254089
0.00254089
0.00254089
0.00254089
0.00254089
0.00254089
0.00254089
0.00254089
0.00254089
0.00254089
0.00254089
0.00254089
0.00254089
0.00254089
0.00254089
0.324599
0.24599
