0.75
0.00289855
0.00289855
0.00289855
0.00289855
0.00289855
0.00289855
0.00289855
0.00289855
0.00289855
0.00289855
0.00289855
0.00289855
0.00289855
0.00289855
0.00289855
0.00289855
0.00289855
0.00289855
0.00289855
0.00289855
0.00289855
0.00289855
0.00289855
0.00289855
0.00289855
0.00289855
0.00289855
0.00289855
0.00289855
0.00289855
0.00289855
0.00289855
0.00289855
0.00289855
0.00289855
0.00289855
0.00289855
0.00289855
0.00289855
0.00289855
0.00289855
0.00289855
0.00289855
0.00289855
0.00289855
0.00289855
0.00289855
0.00289855
0.00289855
0.00289855
0.00289855
0.00289855
0.00289855
0.00289855
0.00289855
0.00289855
0.00289855
0.00289855
0.00289855
0.00289855
0.00289855
0.00289855
0.00289855
0.00289855
0.00289855
0.00289855
0.00289855
0.00289855
0.00289855
0.00289855
0.00289855
0.00289855
0.00289855
0.00289855
0.00289855
0.00289855
0.00289855
0.00289855
0.00289855
0.00289855
0.00289855
0.00289855
0.00289855
0.00289855
0.00289855
0.00289855
0.00289855
0.00289855
0.00289855
0.00289855
0.00289855
0.00289855
0.00289855
0.00289855
0.00289855
0.00289855
0.00289855
0.00289855
0.00289855
0.00289855
0.00289855
0.00289855
0.00289855
0.00289855
0.00289855
0.00289855
0.00289855
0.00289855
0.00289855
0.00289855
0.00289855
0.00289855
0.00289855
0.00289855
0.00289855
0.00289855
0.00289855
0.00289855
0.00289855
0.00289855
0.00289855
0.00289855
0.00289855
0.00289855
0.00289855
0.00289855
0.00289855
0.00289855
0.00289855
0.00289855
0.00289855
0.00289855
0.00289855
0.00289855
0.00289855
0.00289855
0.00289855
0.00289855
0.00289855
0.00289855
0.00289855
0.00289855
0.00289855
0.00289855
0.00289855
0.00289855
0.00289855
0.00289855
0.324638
0.246377
