0.75
0.00293794
0.00293794
0.00293794
0.00293794
0.00293794
0.00293794
0.00293794
0.00293794
0.00293794
0.00293794
0.00293794
0.00293794
0.00293794
0.00293794
0.00293794
0.00293794
0.00293794
0.00293794
0.00293794
0.00293794
0.00293794
0.00293794
0.00293794
0.00293794
0.00293794
0.00293794
0.00293794
0.00293794
0.00293794
0.00293794
0.00293794
0.00293794
0.00293794
0.00293794
0.00293794
0.00293794
0.00293794
0.00293794
0.00293794
0.00293794
0.00293794
0.00293794
0.00293794
0.00293794
0.00293794
0.00293794
0.00293794
0.00293794
0.00293794
0.00293794
0.00293794
0.00293794
0.00293794
0.00293794
0.00293794
0.00293794
0.00293794
0.00293794
0.00293794
0.00293794
0.00293794
0.00293794
0.00293794
0.00293794
0.00293794
0.00293794
0.00293794
0.00293794
0.00293794
0.00293794
0.00293794
0.00293794
0.00293794
0.00293794
0.00293794
0.00293794
0.00293794
0.00293794
0.00293794
0.00293794
0.00293794
0.00293794
0.00293794
0.00293794
0.00293794
0.00293794
0.00293794
0.00293794
0.00293794
0.00293794
0.00293794
0.00293794
0.00293794
0.00293794
0.00293794
0.00293794
0.00293794
0.00293794
0.00293794
0.00293794
0.00293794
0.00293794
0.00293794
0.00293794
0.00293794
0.00293794
0.00293794
0.00293794
0.00293794
0.00293794
0.00293794
0.00293794
0.00293794
0.00293794
0.00293794
0.00293794
0.00293794
0.00293794
0.00293794
0.00293794
0.00293794
0.00293794
0.00293794
0.00293794
0.00293794
0.00293794
0.00293794
0.00293794
0.00293794
0.00293794
0.00293794
0.00293794
0.00293794
0.00293794
0.00293794
0.00293794
0.00293794
0.00293794
0.00293794
0.00293794
0.00293794
0.00293794
0.00293794
0.00293794
0.00293794
0.00293794
0.324642
0.246419
