0.75
0.00643604
0.00643604
0.00643604
0.00643604
0.00643604
0.00643604
0.00643604
0.00643604
0.00643604
0.00643604
0.00643604
0.00643604
0.00643604
0.00643604
0.00643604
0.00643604
0.00643604
0.00643604
0.00643604
0.00643604
0.00643604
0.00643604
0.00643604
0.00643604
0.00643604
0.00643604
0.00643604
0.00643604
0.00643604
0.00643604
0.00643604
0.00643604
0.00643604
0.00643604
0.00643604
0.00643604
0.00643604
0.00643604
0.00643604
0.00643604
0.00643604
0.00643604
0.00643604
0.00643604
0.00643604
0.00643604
0.00643604
0.00643604
0.00643604
0.00643604
0.00643604
0.00643604
0.00643604
0.00643604
0.00643604
0.00643604
0.00643604
0.00643604
0.00643604
0.00643604
0.00643604
0.00643604
0.00643604
0.00643604
0.00643604
0.00643604
0.32502
0.250201
