0.75
0.00546075
0.00546075
0.00546075
0.00546075
0.00546075
0.00546075
0.00546075
0.00546075
0.00546075
0.00546075
0.00546075
0.00546075
0.00546075
0.00546075
0.00546075
0.00546075
0.00546075
0.00546075
0.00546075
0.00546075
0.00546075
0.00546075
0.00546075
0.00546075
0.00546075
0.00546075
0.00546075
0.00546075
0.00546075
0.00546075
0.00546075
0.00546075
0.00546075
0.00546075
0.00546075
0.00546075
0.00546075
0.00546075
0.00546075
0.00546075
0.00546075
0.00546075
0.00546075
0.00546075
0.00546075
0.00546075
0.00546075
0.00546075
0.00546075
0.00546075
0.00546075
0.00546075
0.00546075
0.00546075
0.00546075
0.00546075
0.00546075
0.00546075
0.00546075
0.00546075
0.00546075
0.00546075
0.00546075
0.00546075
0.00546075
0.00546075
0.00546075
0.00546075
0.00546075
0.00546075
0.00546075
0.00546075
0.00546075
0.00546075
0.00546075
0.00546075
0.00546075
0.00546075
0.324915
0.249147
