0.75
0.0017565
0.0017565
0.0017565
0.0017565
0.0017565
0.0017565
0.0017565
0.0017565
0.0017565
0.0017565
0.0017565
0.0017565
0.0017565
0.0017565
0.0017565
0.0017565
0.0017565
0.0017565
0.0017565
0.0017565
0.0017565
0.0017565
0.0017565
0.0017565
0.0017565
0.0017565
0.0017565
0.0017565
0.0017565
0.0017565
0.0017565
0.0017565
0.0017565
0.0017565
0.0017565
0.0017565
0.0017565
0.0017565
0.0017565
0.0017565
0.0017565
0.0017565
0.0017565
0.0017565
0.0017565
0.0017565
0.0017565
0.0017565
0.0017565
0.0017565
0.0017565
0.0017565
0.0017565
0.0017565
0.0017565
0.0017565
0.0017565
0.0017565
0.0017565
0.0017565
0.0017565
0.0017565
0.0017565
0.0017565
0.0017565
0.0017565
0.0017565
0.0017565
0.0017565
0.0017565
0.0017565
0.0017565
0.0017565
0.0017565
0.0017565
0.0017565
0.0017565
0.0017565
0.0017565
0.0017565
0.0017565
0.0017565
0.0017565
0.0017565
0.0017565
0.0017565
0.0017565
0.0017565
0.0017565
0.0017565
0.0017565
0.0017565
0.0017565
0.0017565
0.0017565
0.0017565
0.0017565
0.0017565
0.0017565
0.0017565
0.0017565
0.0017565
0.0017565
0.0017565
0.0017565
0.0017565
0.0017565
0.0017565
0.0017565
0.0017565
0.0017565
0.0017565
0.0017565
0.0017565
0.0017565
0.0017565
0.0017565
0.0017565
0.0017565
0.0017565
0.0017565
0.0017565
0.0017565
0.0017565
0.0017565
0.0017565
0.0017565
0.0017565
0.0017565
0.0017565
0.0017565
0.0017565
0.0017565
0.0017565
0.0017565
0.0017565
0.0017565
0.0017565
0.0017565
0.0017565
0.0017565
0.0017565
0.0017565
0.0017565
0.0017565
0.0017565
0.0017565
0.0017565
0.0017565
0.0017565
0.0017565
0.0017565
0.0017565
0.0017565
0.0017565
0.0017565
0.0017565
0.0017565
0.0017565
0.0017565
0.0017565
0.0017565
0.0017565
0.0017565
0.0017565
0.0017565
0.0017565
0.0017565
0.0017565
0.0017565
0.0017565
0.0017565
0.0017565
0.0017565
0.0017565
0.0017565
0.0017565
0.0017565
0.0017565
0.0017565
0.0017565
0.0017565
0.0017565
0.0017565
0.0017565
0.0017565
0.0017565
0.0017565
0.0017565
0.0017565
0.0017565
0.0017565
0.0017565
0.0017565
0.0017565
0.0017565
0.0017565
0.0017565
0.0017565
0.0017565
0.0017565
0.0017565
0.0017565
0.0017565
0.0017565
0.0017565
0.0017565
0.0017565
0.0017565
0.0017565
0.0017565
0.0017565
0.0017565
0.0017565
0.0017565
0.0017565
0.0017565
0.0017565
0.0017565
0.0017565
0.0017565
0.0017565
0.0017565
0.0017565
0.0017565
0.0017565
0.0017565
0.0017565
0.0017565
0.0017565
0.0017565
0.0017565
0.0017565
0.0017565
0.0017565
0.0017565
0.0017565
0.0017565
0.0017565
0.0017565
0.0017565
0.0017565
0.0017565
0.0017565
0.0017565
0.324514
0.245142
