0.75
0.00783546
0.00783546
0.00783546
0.00783546
0.00783546
0.00783546
0.00783546
0.00783546
0.00783546
0.00783546
0.00783546
0.00783546
0.00783546
0.00783546
0.00783546
0.00783546
0.00783546
0.00783546
0.00783546
0.00783546
0.00783546
0.00783546
0.00783546
0.00783546
0.00783546
0.00783546
0.00783546
0.00783546
0.00783546
0.00783546
0.00783546
0.00783546
0.00783546
0.00783546
0.00783546
0.00783546
0.00783546
0.00783546
0.00783546
0.00783546
0.00783546
0.00783546
0.00783546
0.00783546
0.00783546
0.00783546
0.00783546
0.00783546
0.00783546
0.00783546
0.00783546
0.00783546
0.00783546
0.00783546
0.325171
0.251714
