0.75
0.00407228
0.00407228
0.00407228
0.00407228
0.00407228
0.00407228
0.00407228
0.00407228
0.00407228
0.00407228
0.00407228
0.00407228
0.00407228
0.00407228
0.00407228
0.00407228
0.00407228
0.00407228
0.00407228
0.00407228
0.00407228
0.00407228
0.00407228
0.00407228
0.00407228
0.00407228
0.00407228
0.00407228
0.00407228
0.00407228
0.00407228
0.00407228
0.00407228
0.00407228
0.00407228
0.00407228
0.00407228
0.00407228
0.00407228
0.00407228
0.00407228
0.00407228
0.00407228
0.00407228
0.00407228
0.00407228
0.00407228
0.00407228
0.00407228
0.00407228
0.00407228
0.00407228
0.00407228
0.00407228
0.00407228
0.00407228
0.00407228
0.00407228
0.00407228
0.00407228
0.00407228
0.00407228
0.00407228
0.00407228
0.00407228
0.00407228
0.00407228
0.00407228
0.00407228
0.00407228
0.00407228
0.00407228
0.00407228
0.00407228
0.00407228
0.00407228
0.00407228
0.00407228
0.00407228
0.00407228
0.00407228
0.00407228
0.00407228
0.00407228
0.00407228
0.00407228
0.00407228
0.00407228
0.00407228
0.00407228
0.00407228
0.00407228
0.00407228
0.00407228
0.00407228
0.00407228
0.00407228
0.00407228
0.00407228
0.00407228
0.00407228
0.00407228
0.00407228
0.00407228
0.00407228
0.324765
0.247646
