0.75
0.00844773
0.00844773
0.00844773
0.00844773
0.00844773
0.00844773
0.00844773
0.00844773
0.00844773
0.00844773
0.00844773
0.00844773
0.00844773
0.00844773
0.00844773
0.00844773
0.00844773
0.00844773
0.00844773
0.00844773
0.00844773
0.00844773
0.00844773
0.00844773
0.00844773
0.00844773
0.00844773
0.00844773
0.00844773
0.00844773
0.00844773
0.00844773
0.00844773
0.00844773
0.00844773
0.00844773
0.00844773
0.00844773
0.00844773
0.00844773
0.00844773
0.00844773
0.00844773
0.00844773
0.00844773
0.00844773
0.00844773
0.00844773
0.00844773
0.00844773
0.325238
0.252376
