0.75
0.00388916
0.00388916
0.00388916
0.00388916
0.00388916
0.00388916
0.00388916
0.00388916
0.00388916
0.00388916
0.00388916
0.00388916
0.00388916
0.00388916
0.00388916
0.00388916
0.00388916
0.00388916
0.00388916
0.00388916
0.00388916
0.00388916
0.00388916
0.00388916
0.00388916
0.00388916
0.00388916
0.00388916
0.00388916
0.00388916
0.00388916
0.00388916
0.00388916
0.00388916
0.00388916
0.00388916
0.00388916
0.00388916
0.00388916
0.00388916
0.00388916
0.00388916
0.00388916
0.00388916
0.00388916
0.00388916
0.00388916
0.00388916
0.00388916
0.00388916
0.00388916
0.00388916
0.00388916
0.00388916
0.00388916
0.00388916
0.00388916
0.00388916
0.00388916
0.00388916
0.00388916
0.00388916
0.00388916
0.00388916
0.00388916
0.00388916
0.00388916
0.00388916
0.00388916
0.00388916
0.00388916
0.00388916
0.00388916
0.00388916
0.00388916
0.00388916
0.00388916
0.00388916
0.00388916
0.00388916
0.00388916
0.00388916
0.00388916
0.00388916
0.00388916
0.00388916
0.00388916
0.00388916
0.00388916
0.00388916
0.00388916
0.00388916
0.00388916
0.00388916
0.00388916
0.00388916
0.00388916
0.00388916
0.00388916
0.00388916
0.00388916
0.00388916
0.00388916
0.00388916
0.00388916
0.00388916
0.00388916
0.00388916
0.00388916
0.00388916
0.324745
0.247448
