0.75
0.00575126
0.00575126
0.00575126
0.00575126
0.00575126
0.00575126
0.00575126
0.00575126
0.00575126
0.00575126
0.00575126
0.00575126
0.00575126
0.00575126
0.00575126
0.00575126
0.00575126
0.00575126
0.00575126
0.00575126
0.00575126
0.00575126
0.00575126
0.00575126
0.00575126
0.00575126
0.00575126
0.00575126
0.00575126
0.00575126
0.00575126
0.00575126
0.00575126
0.00575126
0.00575126
0.00575126
0.00575126
0.00575126
0.00575126
0.00575126
0.00575126
0.00575126
0.00575126
0.00575126
0.00575126
0.00575126
0.00575126
0.00575126
0.00575126
0.00575126
0.00575126
0.00575126
0.00575126
0.00575126
0.00575126
0.00575126
0.00575126
0.00575126
0.00575126
0.00575126
0.00575126
0.00575126
0.00575126
0.00575126
0.00575126
0.00575126
0.00575126
0.00575126
0.00575126
0.00575126
0.00575126
0.00575126
0.00575126
0.00575126
0.324946
0.249461
