0.75
0.00375411
0.00375411
0.00375411
0.00375411
0.00375411
0.00375411
0.00375411
0.00375411
0.00375411
0.00375411
0.00375411
0.00375411
0.00375411
0.00375411
0.00375411
0.00375411
0.00375411
0.00375411
0.00375411
0.00375411
0.00375411
0.00375411
0.00375411
0.00375411
0.00375411
0.00375411
0.00375411
0.00375411
0.00375411
0.00375411
0.00375411
0.00375411
0.00375411
0.00375411
0.00375411
0.00375411
0.00375411
0.00375411
0.00375411
0.00375411
0.00375411
0.00375411
0.00375411
0.00375411
0.00375411
0.00375411
0.00375411
0.00375411
0.00375411
0.00375411
0.00375411
0.00375411
0.00375411
0.00375411
0.00375411
0.00375411
0.00375411
0.00375411
0.00375411
0.00375411
0.00375411
0.00375411
0.00375411
0.00375411
0.00375411
0.00375411
0.00375411
0.00375411
0.00375411
0.00375411
0.00375411
0.00375411
0.00375411
0.00375411
0.00375411
0.00375411
0.00375411
0.00375411
0.00375411
0.00375411
0.00375411
0.00375411
0.00375411
0.00375411
0.00375411
0.00375411
0.00375411
0.00375411
0.00375411
0.00375411
0.00375411
0.00375411
0.00375411
0.00375411
0.00375411
0.00375411
0.00375411
0.00375411
0.00375411
0.00375411
0.00375411
0.00375411
0.00375411
0.00375411
0.00375411
0.00375411
0.00375411
0.00375411
0.00375411
0.00375411
0.00375411
0.00375411
0.00375411
0.00375411
0.32473
0.247302
