0.75
0.00266622
0.00266622
0.00266622
0.00266622
0.00266622
0.00266622
0.00266622
0.00266622
0.00266622
0.00266622
0.00266622
0.00266622
0.00266622
0.00266622
0.00266622
0.00266622
0.00266622
0.00266622
0.00266622
0.00266622
0.00266622
0.00266622
0.00266622
0.00266622
0.00266622
0.00266622
0.00266622
0.00266622
0.00266622
0.00266622
0.00266622
0.00266622
0.00266622
0.00266622
0.00266622
0.00266622
0.00266622
0.00266622
0.00266622
0.00266622
0.00266622
0.00266622
0.00266622
0.00266622
0.00266622
0.00266622
0.00266622
0.00266622
0.00266622
0.00266622
0.00266622
0.00266622
0.00266622
0.00266622
0.00266622
0.00266622
0.00266622
0.00266622
0.00266622
0.00266622
0.00266622
0.00266622
0.00266622
0.00266622
0.00266622
0.00266622
0.00266622
0.00266622
0.00266622
0.00266622
0.00266622
0.00266622
0.00266622
0.00266622
0.00266622
0.00266622
0.00266622
0.00266622
0.00266622
0.00266622
0.00266622
0.00266622
0.00266622
0.00266622
0.00266622
0.00266622
0.00266622
0.00266622
0.00266622
0.00266622
0.00266622
0.00266622
0.00266622
0.00266622
0.00266622
0.00266622
0.00266622
0.00266622
0.00266622
0.00266622
0.00266622
0.00266622
0.00266622
0.00266622
0.00266622
0.00266622
0.00266622
0.00266622
0.00266622
0.00266622
0.00266622
0.00266622
0.00266622
0.00266622
0.00266622
0.00266622
0.00266622
0.00266622
0.00266622
0.00266622
0.00266622
0.00266622
0.00266622
0.00266622
0.00266622
0.00266622
0.00266622
0.00266622
0.00266622
0.00266622
0.00266622
0.00266622
0.00266622
0.00266622
0.00266622
0.00266622
0.00266622
0.00266622
0.00266622
0.00266622
0.00266622
0.00266622
0.00266622
0.00266622
0.00266622
0.00266622
0.00266622
0.00266622
0.00266622
0.00266622
0.00266622
0.00266622
0.00266622
0.00266622
0.00266622
0.00266622
0.00266622
0.00266622
0.00266622
0.00266622
0.00266622
0.324613
0.246126
