0.75
0.00474215
0.00474215
0.00474215
0.00474215
0.00474215
0.00474215
0.00474215
0.00474215
0.00474215
0.00474215
0.00474215
0.00474215
0.00474215
0.00474215
0.00474215
0.00474215
0.00474215
0.00474215
0.00474215
0.00474215
0.00474215
0.00474215
0.00474215
0.00474215
0.00474215
0.00474215
0.00474215
0.00474215
0.00474215
0.00474215
0.00474215
0.00474215
0.00474215
0.00474215
0.00474215
0.00474215
0.00474215
0.00474215
0.00474215
0.00474215
0.00474215
0.00474215
0.00474215
0.00474215
0.00474215
0.00474215
0.00474215
0.00474215
0.00474215
0.00474215
0.00474215
0.00474215
0.00474215
0.00474215
0.00474215
0.00474215
0.00474215
0.00474215
0.00474215
0.00474215
0.00474215
0.00474215
0.00474215
0.00474215
0.00474215
0.00474215
0.00474215
0.00474215
0.00474215
0.00474215
0.00474215
0.00474215
0.00474215
0.00474215
0.00474215
0.00474215
0.00474215
0.00474215
0.00474215
0.00474215
0.00474215
0.00474215
0.00474215
0.00474215
0.00474215
0.00474215
0.00474215
0.00474215
0.00474215
0.00474215
0.324837
0.24837
