0.75
0.00582878
0.00582878
0.00582878
0.00582878
0.00582878
0.00582878
0.00582878
0.00582878
0.00582878
0.00582878
0.00582878
0.00582878
0.00582878
0.00582878
0.00582878
0.00582878
0.00582878
0.00582878
0.00582878
0.00582878
0.00582878
0.00582878
0.00582878
0.00582878
0.00582878
0.00582878
0.00582878
0.00582878
0.00582878
0.00582878
0.00582878
0.00582878
0.00582878
0.00582878
0.00582878
0.00582878
0.00582878
0.00582878
0.00582878
0.00582878
0.00582878
0.00582878
0.00582878
0.00582878
0.00582878
0.00582878
0.00582878
0.00582878
0.00582878
0.00582878
0.00582878
0.00582878
0.00582878
0.00582878
0.00582878
0.00582878
0.00582878
0.00582878
0.00582878
0.00582878
0.00582878
0.00582878
0.00582878
0.00582878
0.00582878
0.00582878
0.00582878
0.00582878
0.00582878
0.00582878
0.00582878
0.00582878
0.00582878
0.324954
0.249545
