0.75
0.00378698
0.00378698
0.00378698
0.00378698
0.00378698
0.00378698
0.00378698
0.00378698
0.00378698
0.00378698
0.00378698
0.00378698
0.00378698
0.00378698
0.00378698
0.00378698
0.00378698
0.00378698
0.00378698
0.00378698
0.00378698
0.00378698
0.00378698
0.00378698
0.00378698
0.00378698
0.00378698
0.00378698
0.00378698
0.00378698
0.00378698
0.00378698
0.00378698
0.00378698
0.00378698
0.00378698
0.00378698
0.00378698
0.00378698
0.00378698
0.00378698
0.00378698
0.00378698
0.00378698
0.00378698
0.00378698
0.00378698
0.00378698
0.00378698
0.00378698
0.00378698
0.00378698
0.00378698
0.00378698
0.00378698
0.00378698
0.00378698
0.00378698
0.00378698
0.00378698
0.00378698
0.00378698
0.00378698
0.00378698
0.00378698
0.00378698
0.00378698
0.00378698
0.00378698
0.00378698
0.00378698
0.00378698
0.00378698
0.00378698
0.00378698
0.00378698
0.00378698
0.00378698
0.00378698
0.00378698
0.00378698
0.00378698
0.00378698
0.00378698
0.00378698
0.00378698
0.00378698
0.00378698
0.00378698
0.00378698
0.00378698
0.00378698
0.00378698
0.00378698
0.00378698
0.00378698
0.00378698
0.00378698
0.00378698
0.00378698
0.00378698
0.00378698
0.00378698
0.00378698
0.00378698
0.00378698
0.00378698
0.00378698
0.00378698
0.00378698
0.00378698
0.00378698
0.00378698
0.324734
0.247337
