0.75
0.00217096
0.00217096
0.00217096
0.00217096
0.00217096
0.00217096
0.00217096
0.00217096
0.00217096
0.00217096
0.00217096
0.00217096
0.00217096
0.00217096
0.00217096
0.00217096
0.00217096
0.00217096
0.00217096
0.00217096
0.00217096
0.00217096
0.00217096
0.00217096
0.00217096
0.00217096
0.00217096
0.00217096
0.00217096
0.00217096
0.00217096
0.00217096
0.00217096
0.00217096
0.00217096
0.00217096
0.00217096
0.00217096
0.00217096
0.00217096
0.00217096
0.00217096
0.00217096
0.00217096
0.00217096
0.00217096
0.00217096
0.00217096
0.00217096
0.00217096
0.00217096
0.00217096
0.00217096
0.00217096
0.00217096
0.00217096
0.00217096
0.00217096
0.00217096
0.00217096
0.00217096
0.00217096
0.00217096
0.00217096
0.00217096
0.00217096
0.00217096
0.00217096
0.00217096
0.00217096
0.00217096
0.00217096
0.00217096
0.00217096
0.00217096
0.00217096
0.00217096
0.00217096
0.00217096
0.00217096
0.00217096
0.00217096
0.00217096
0.00217096
0.00217096
0.00217096
0.00217096
0.00217096
0.00217096
0.00217096
0.00217096
0.00217096
0.00217096
0.00217096
0.00217096
0.00217096
0.00217096
0.00217096
0.00217096
0.00217096
0.00217096
0.00217096
0.00217096
0.00217096
0.00217096
0.00217096
0.00217096
0.00217096
0.00217096
0.00217096
0.00217096
0.00217096
0.00217096
0.00217096
0.00217096
0.00217096
0.00217096
0.00217096
0.00217096
0.00217096
0.00217096
0.00217096
0.00217096
0.00217096
0.00217096
0.00217096
0.00217096
0.00217096
0.00217096
0.00217096
0.00217096
0.00217096
0.00217096
0.00217096
0.00217096
0.00217096
0.00217096
0.00217096
0.00217096
0.00217096
0.00217096
0.00217096
0.00217096
0.00217096
0.00217096
0.00217096
0.00217096
0.00217096
0.00217096
0.00217096
0.00217096
0.00217096
0.00217096
0.00217096
0.00217096
0.00217096
0.00217096
0.00217096
0.00217096
0.00217096
0.00217096
0.00217096
0.00217096
0.00217096
0.00217096
0.00217096
0.00217096
0.00217096
0.00217096
0.00217096
0.00217096
0.00217096
0.00217096
0.00217096
0.00217096
0.00217096
0.00217096
0.00217096
0.00217096
0.00217096
0.00217096
0.00217096
0.00217096
0.00217096
0.00217096
0.00217096
0.00217096
0.00217096
0.00217096
0.00217096
0.00217096
0.00217096
0.00217096
0.00217096
0.00217096
0.00217096
0.00217096
0.00217096
0.324559
0.24559
