0.75
0.00684346
0.00684346
0.00684346
0.00684346
0.00684346
0.00684346
0.00684346
0.00684346
0.00684346
0.00684346
0.00684346
0.00684346
0.00684346
0.00684346
0.00684346
0.00684346
0.00684346
0.00684346
0.00684346
0.00684346
0.00684346
0.00684346
0.00684346
0.00684346
0.00684346
0.00684346
0.00684346
0.00684346
0.00684346
0.00684346
0.00684346
0.00684346
0.00684346
0.00684346
0.00684346
0.00684346
0.00684346
0.00684346
0.00684346
0.00684346
0.00684346
0.00684346
0.00684346
0.00684346
0.00684346
0.00684346
0.00684346
0.00684346
0.00684346
0.00684346
0.00684346
0.00684346
0.00684346
0.00684346
0.00684346
0.00684346
0.00684346
0.00684346
0.00684346
0.00684346
0.00684346
0.00684346
0.325064
0.250642
