0.75
0.0069535
0.0069535
0.0069535
0.0069535
0.0069535
0.0069535
0.0069535
0.0069535
0.0069535
0.0069535
0.0069535
0.0069535
0.0069535
0.0069535
0.0069535
0.0069535
0.0069535
0.0069535
0.0069535
0.0069535
0.0069535
0.0069535
0.0069535
0.0069535
0.0069535
0.0069535
0.0069535
0.0069535
0.0069535
0.0069535
0.0069535
0.0069535
0.0069535
0.0069535
0.0069535
0.0069535
0.0069535
0.0069535
0.0069535
0.0069535
0.0069535
0.0069535
0.0069535
0.0069535
0.0069535
0.0069535
0.0069535
0.0069535
0.0069535
0.0069535
0.0069535
0.0069535
0.0069535
0.0069535
0.0069535
0.0069535
0.0069535
0.0069535
0.0069535
0.0069535
0.0069535
0.325076
0.250761
