0.75
0.00392445
0.00392445
0.00392445
0.00392445
0.00392445
0.00392445
0.00392445
0.00392445
0.00392445
0.00392445
0.00392445
0.00392445
0.00392445
0.00392445
0.00392445
0.00392445
0.00392445
0.00392445
0.00392445
0.00392445
0.00392445
0.00392445
0.00392445
0.00392445
0.00392445
0.00392445
0.00392445
0.00392445
0.00392445
0.00392445
0.00392445
0.00392445
0.00392445
0.00392445
0.00392445
0.00392445
0.00392445
0.00392445
0.00392445
0.00392445
0.00392445
0.00392445
0.00392445
0.00392445
0.00392445
0.00392445
0.00392445
0.00392445
0.00392445
0.00392445
0.00392445
0.00392445
0.00392445
0.00392445
0.00392445
0.00392445
0.00392445
0.00392445
0.00392445
0.00392445
0.00392445
0.00392445
0.00392445
0.00392445
0.00392445
0.00392445
0.00392445
0.00392445
0.00392445
0.00392445
0.00392445
0.00392445
0.00392445
0.00392445
0.00392445
0.00392445
0.00392445
0.00392445
0.00392445
0.00392445
0.00392445
0.00392445
0.00392445
0.00392445
0.00392445
0.00392445
0.00392445
0.00392445
0.00392445
0.00392445
0.00392445
0.00392445
0.00392445
0.00392445
0.00392445
0.00392445
0.00392445
0.00392445
0.00392445
0.00392445
0.00392445
0.00392445
0.00392445
0.00392445
0.00392445
0.00392445
0.00392445
0.00392445
0.00392445
0.324749
0.247486
