0.75
0.00315209
0.00315209
0.00315209
0.00315209
0.00315209
0.00315209
0.00315209
0.00315209
0.00315209
0.00315209
0.00315209
0.00315209
0.00315209
0.00315209
0.00315209
0.00315209
0.00315209
0.00315209
0.00315209
0.00315209
0.00315209
0.00315209
0.00315209
0.00315209
0.00315209
0.00315209
0.00315209
0.00315209
0.00315209
0.00315209
0.00315209
0.00315209
0.00315209
0.00315209
0.00315209
0.00315209
0.00315209
0.00315209
0.00315209
0.00315209
0.00315209
0.00315209
0.00315209
0.00315209
0.00315209
0.00315209
0.00315209
0.00315209
0.00315209
0.00315209
0.00315209
0.00315209
0.00315209
0.00315209
0.00315209
0.00315209
0.00315209
0.00315209
0.00315209
0.00315209
0.00315209
0.00315209
0.00315209
0.00315209
0.00315209
0.00315209
0.00315209
0.00315209
0.00315209
0.00315209
0.00315209
0.00315209
0.00315209
0.00315209
0.00315209
0.00315209
0.00315209
0.00315209
0.00315209
0.00315209
0.00315209
0.00315209
0.00315209
0.00315209
0.00315209
0.00315209
0.00315209
0.00315209
0.00315209
0.00315209
0.00315209
0.00315209
0.00315209
0.00315209
0.00315209
0.00315209
0.00315209
0.00315209
0.00315209
0.00315209
0.00315209
0.00315209
0.00315209
0.00315209
0.00315209
0.00315209
0.00315209
0.00315209
0.00315209
0.00315209
0.00315209
0.00315209
0.00315209
0.00315209
0.00315209
0.00315209
0.00315209
0.00315209
0.00315209
0.00315209
0.00315209
0.00315209
0.00315209
0.00315209
0.00315209
0.00315209
0.00315209
0.00315209
0.00315209
0.00315209
0.00315209
0.00315209
0.00315209
0.00315209
0.00315209
0.00315209
0.324665
0.246651
