0.75
0.00232254
0.00232254
0.00232254
0.00232254
0.00232254
0.00232254
0.00232254
0.00232254
0.00232254
0.00232254
0.00232254
0.00232254
0.00232254
0.00232254
0.00232254
0.00232254
0.00232254
0.00232254
0.00232254
0.00232254
0.00232254
0.00232254
0.00232254
0.00232254
0.00232254
0.00232254
0.00232254
0.00232254
0.00232254
0.00232254
0.00232254
0.00232254
0.00232254
0.00232254
0.00232254
0.00232254
0.00232254
0.00232254
0.00232254
0.00232254
0.00232254
0.00232254
0.00232254
0.00232254
0.00232254
0.00232254
0.00232254
0.00232254
0.00232254
0.00232254
0.00232254
0.00232254
0.00232254
0.00232254
0.00232254
0.00232254
0.00232254
0.00232254
0.00232254
0.00232254
0.00232254
0.00232254
0.00232254
0.00232254
0.00232254
0.00232254
0.00232254
0.00232254
0.00232254
0.00232254
0.00232254
0.00232254
0.00232254
0.00232254
0.00232254
0.00232254
0.00232254
0.00232254
0.00232254
0.00232254
0.00232254
0.00232254
0.00232254
0.00232254
0.00232254
0.00232254
0.00232254
0.00232254
0.00232254
0.00232254
0.00232254
0.00232254
0.00232254
0.00232254
0.00232254
0.00232254
0.00232254
0.00232254
0.00232254
0.00232254
0.00232254
0.00232254
0.00232254
0.00232254
0.00232254
0.00232254
0.00232254
0.00232254
0.00232254
0.00232254
0.00232254
0.00232254
0.00232254
0.00232254
0.00232254
0.00232254
0.00232254
0.00232254
0.00232254
0.00232254
0.00232254
0.00232254
0.00232254
0.00232254
0.00232254
0.00232254
0.00232254
0.00232254
0.00232254
0.00232254
0.00232254
0.00232254
0.00232254
0.00232254
0.00232254
0.00232254
0.00232254
0.00232254
0.00232254
0.00232254
0.00232254
0.00232254
0.00232254
0.00232254
0.00232254
0.00232254
0.00232254
0.00232254
0.00232254
0.00232254
0.00232254
0.00232254
0.00232254
0.00232254
0.00232254
0.00232254
0.00232254
0.00232254
0.00232254
0.00232254
0.00232254
0.00232254
0.00232254
0.00232254
0.00232254
0.00232254
0.00232254
0.00232254
0.00232254
0.00232254
0.00232254
0.00232254
0.00232254
0.00232254
0.00232254
0.00232254
0.00232254
0.00232254
0.00232254
0.00232254
0.00232254
0.00232254
0.00232254
0.00232254
0.00232254
0.324575
0.245754
