0.75
0.00718455
0.00718455
0.00718455
0.00718455
0.00718455
0.00718455
0.00718455
0.00718455
0.00718455
0.00718455
0.00718455
0.00718455
0.00718455
0.00718455
0.00718455
0.00718455
0.00718455
0.00718455
0.00718455
0.00718455
0.00718455
0.00718455
0.00718455
0.00718455
0.00718455
0.00718455
0.00718455
0.00718455
0.00718455
0.00718455
0.00718455
0.00718455
0.00718455
0.00718455
0.00718455
0.00718455
0.00718455
0.00718455
0.00718455
0.00718455
0.00718455
0.00718455
0.00718455
0.00718455
0.00718455
0.00718455
0.00718455
0.00718455
0.00718455
0.00718455
0.00718455
0.00718455
0.00718455
0.00718455
0.00718455
0.00718455
0.00718455
0.00718455
0.00718455
0.325101
0.25101
