0.75
0.00560224
0.00560224
0.00560224
0.00560224
0.00560224
0.00560224
0.00560224
0.00560224
0.00560224
0.00560224
0.00560224
0.00560224
0.00560224
0.00560224
0.00560224
0.00560224
0.00560224
0.00560224
0.00560224
0.00560224
0.00560224
0.00560224
0.00560224
0.00560224
0.00560224
0.00560224
0.00560224
0.00560224
0.00560224
0.00560224
0.00560224
0.00560224
0.00560224
0.00560224
0.00560224
0.00560224
0.00560224
0.00560224
0.00560224
0.00560224
0.00560224
0.00560224
0.00560224
0.00560224
0.00560224
0.00560224
0.00560224
0.00560224
0.00560224
0.00560224
0.00560224
0.00560224
0.00560224
0.00560224
0.00560224
0.00560224
0.00560224
0.00560224
0.00560224
0.00560224
0.00560224
0.00560224
0.00560224
0.00560224
0.00560224
0.00560224
0.00560224
0.00560224
0.00560224
0.00560224
0.00560224
0.00560224
0.00560224
0.00560224
0.00560224
0.00560224
0.32493
0.2493
