0.75
0.00239988
0.00239988
0.00239988
0.00239988
0.00239988
0.00239988
0.00239988
0.00239988
0.00239988
0.00239988
0.00239988
0.00239988
0.00239988
0.00239988
0.00239988
0.00239988
0.00239988
0.00239988
0.00239988
0.00239988
0.00239988
0.00239988
0.00239988
0.00239988
0.00239988
0.00239988
0.00239988
0.00239988
0.00239988
0.00239988
0.00239988
0.00239988
0.00239988
0.00239988
0.00239988
0.00239988
0.00239988
0.00239988
0.00239988
0.00239988
0.00239988
0.00239988
0.00239988
0.00239988
0.00239988
0.00239988
0.00239988
0.00239988
0.00239988
0.00239988
0.00239988
0.00239988
0.00239988
0.00239988
0.00239988
0.00239988
0.00239988
0.00239988
0.00239988
0.00239988
0.00239988
0.00239988
0.00239988
0.00239988
0.00239988
0.00239988
0.00239988
0.00239988
0.00239988
0.00239988
0.00239988
0.00239988
0.00239988
0.00239988
0.00239988
0.00239988
0.00239988
0.00239988
0.00239988
0.00239988
0.00239988
0.00239988
0.00239988
0.00239988
0.00239988
0.00239988
0.00239988
0.00239988
0.00239988
0.00239988
0.00239988
0.00239988
0.00239988
0.00239988
0.00239988
0.00239988
0.00239988
0.00239988
0.00239988
0.00239988
0.00239988
0.00239988
0.00239988
0.00239988
0.00239988
0.00239988
0.00239988
0.00239988
0.00239988
0.00239988
0.00239988
0.00239988
0.00239988
0.00239988
0.00239988
0.00239988
0.00239988
0.00239988
0.00239988
0.00239988
0.00239988
0.00239988
0.00239988
0.00239988
0.00239988
0.00239988
0.00239988
0.00239988
0.00239988
0.00239988
0.00239988
0.00239988
0.00239988
0.00239988
0.00239988
0.00239988
0.00239988
0.00239988
0.00239988
0.00239988
0.00239988
0.00239988
0.00239988
0.00239988
0.00239988
0.00239988
0.00239988
0.00239988
0.00239988
0.00239988
0.00239988
0.00239988
0.00239988
0.00239988
0.00239988
0.00239988
0.00239988
0.00239988
0.00239988
0.00239988
0.00239988
0.00239988
0.00239988
0.00239988
0.00239988
0.00239988
0.00239988
0.00239988
0.00239988
0.00239988
0.00239988
0.00239988
0.00239988
0.00239988
0.00239988
0.00239988
0.00239988
0.00239988
0.00239988
0.324584
0.245838
