0.75
0.00403429
0.00403429
0.00403429
0.00403429
0.00403429
0.00403429
0.00403429
0.00403429
0.00403429
0.00403429
0.00403429
0.00403429
0.00403429
0.00403429
0.00403429
0.00403429
0.00403429
0.00403429
0.00403429
0.00403429
0.00403429
0.00403429
0.00403429
0.00403429
0.00403429
0.00403429
0.00403429
0.00403429
0.00403429
0.00403429
0.00403429
0.00403429
0.00403429
0.00403429
0.00403429
0.00403429
0.00403429
0.00403429
0.00403429
0.00403429
0.00403429
0.00403429
0.00403429
0.00403429
0.00403429
0.00403429
0.00403429
0.00403429
0.00403429
0.00403429
0.00403429
0.00403429
0.00403429
0.00403429
0.00403429
0.00403429
0.00403429
0.00403429
0.00403429
0.00403429
0.00403429
0.00403429
0.00403429
0.00403429
0.00403429
0.00403429
0.00403429
0.00403429
0.00403429
0.00403429
0.00403429
0.00403429
0.00403429
0.00403429
0.00403429
0.00403429
0.00403429
0.00403429
0.00403429
0.00403429
0.00403429
0.00403429
0.00403429
0.00403429
0.00403429
0.00403429
0.00403429
0.00403429
0.00403429
0.00403429
0.00403429
0.00403429
0.00403429
0.00403429
0.00403429
0.00403429
0.00403429
0.00403429
0.00403429
0.00403429
0.00403429
0.00403429
0.00403429
0.00403429
0.00403429
0.00403429
0.32476
0.247605
