0.75
0.00278649
0.00278649
0.00278649
0.00278649
0.00278649
0.00278649
0.00278649
0.00278649
0.00278649
0.00278649
0.00278649
0.00278649
0.00278649
0.00278649
0.00278649
0.00278649
0.00278649
0.00278649
0.00278649
0.00278649
0.00278649
0.00278649
0.00278649
0.00278649
0.00278649
0.00278649
0.00278649
0.00278649
0.00278649
0.00278649
0.00278649
0.00278649
0.00278649
0.00278649
0.00278649
0.00278649
0.00278649
0.00278649
0.00278649
0.00278649
0.00278649
0.00278649
0.00278649
0.00278649
0.00278649
0.00278649
0.00278649
0.00278649
0.00278649
0.00278649
0.00278649
0.00278649
0.00278649
0.00278649
0.00278649
0.00278649
0.00278649
0.00278649
0.00278649
0.00278649
0.00278649
0.00278649
0.00278649
0.00278649
0.00278649
0.00278649
0.00278649
0.00278649
0.00278649
0.00278649
0.00278649
0.00278649
0.00278649
0.00278649
0.00278649
0.00278649
0.00278649
0.00278649
0.00278649
0.00278649
0.00278649
0.00278649
0.00278649
0.00278649
0.00278649
0.00278649
0.00278649
0.00278649
0.00278649
0.00278649
0.00278649
0.00278649
0.00278649
0.00278649
0.00278649
0.00278649
0.00278649
0.00278649
0.00278649
0.00278649
0.00278649
0.00278649
0.00278649
0.00278649
0.00278649
0.00278649
0.00278649
0.00278649
0.00278649
0.00278649
0.00278649
0.00278649
0.00278649
0.00278649
0.00278649
0.00278649
0.00278649
0.00278649
0.00278649
0.00278649
0.00278649
0.00278649
0.00278649
0.00278649
0.00278649
0.00278649
0.00278649
0.00278649
0.00278649
0.00278649
0.00278649
0.00278649
0.00278649
0.00278649
0.00278649
0.00278649
0.00278649
0.00278649
0.00278649
0.00278649
0.00278649
0.00278649
0.00278649
0.00278649
0.00278649
0.00278649
0.00278649
0.00278649
0.00278649
0.00278649
0.00278649
0.00278649
0.00278649
0.00278649
0.324626
0.246256
