0.75
0.00385449
0.00385449
0.00385449
0.00385449
0.00385449
0.00385449
0.00385449
0.00385449
0.00385449
0.00385449
0.00385449
0.00385449
0.00385449
0.00385449
0.00385449
0.00385449
0.00385449
0.00385449
0.00385449
0.00385449
0.00385449
0.00385449
0.00385449
0.00385449
0.00385449
0.00385449
0.00385449
0.00385449
0.00385449
0.00385449
0.00385449
0.00385449
0.00385449
0.00385449
0.00385449
0.00385449
0.00385449
0.00385449
0.00385449
0.00385449
0.00385449
0.00385449
0.00385449
0.00385449
0.00385449
0.00385449
0.00385449
0.00385449
0.00385449
0.00385449
0.00385449
0.00385449
0.00385449
0.00385449
0.00385449
0.00385449
0.00385449
0.00385449
0.00385449
0.00385449
0.00385449
0.00385449
0.00385449
0.00385449
0.00385449
0.00385449
0.00385449
0.00385449
0.00385449
0.00385449
0.00385449
0.00385449
0.00385449
0.00385449
0.00385449
0.00385449
0.00385449
0.00385449
0.00385449
0.00385449
0.00385449
0.00385449
0.00385449
0.00385449
0.00385449
0.00385449
0.00385449
0.00385449
0.00385449
0.00385449
0.00385449
0.00385449
0.00385449
0.00385449
0.00385449
0.00385449
0.00385449
0.00385449
0.00385449
0.00385449
0.00385449
0.00385449
0.00385449
0.00385449
0.00385449
0.00385449
0.00385449
0.00385449
0.00385449
0.00385449
0.00385449
0.324741
0.24741
