0.75
0.00342686
0.00342686
0.00342686
0.00342686
0.00342686
0.00342686
0.00342686
0.00342686
0.00342686
0.00342686
0.00342686
0.00342686
0.00342686
0.00342686
0.00342686
0.00342686
0.00342686
0.00342686
0.00342686
0.00342686
0.00342686
0.00342686
0.00342686
0.00342686
0.00342686
0.00342686
0.00342686
0.00342686
0.00342686
0.00342686
0.00342686
0.00342686
0.00342686
0.00342686
0.00342686
0.00342686
0.00342686
0.00342686
0.00342686
0.00342686
0.00342686
0.00342686
0.00342686
0.00342686
0.00342686
0.00342686
0.00342686
0.00342686
0.00342686
0.00342686
0.00342686
0.00342686
0.00342686
0.00342686
0.00342686
0.00342686
0.00342686
0.00342686
0.00342686
0.00342686
0.00342686
0.00342686
0.00342686
0.00342686
0.00342686
0.00342686
0.00342686
0.00342686
0.00342686
0.00342686
0.00342686
0.00342686
0.00342686
0.00342686
0.00342686
0.00342686
0.00342686
0.00342686
0.00342686
0.00342686
0.00342686
0.00342686
0.00342686
0.00342686
0.00342686
0.00342686
0.00342686
0.00342686
0.00342686
0.00342686
0.00342686
0.00342686
0.00342686
0.00342686
0.00342686
0.00342686
0.00342686
0.00342686
0.00342686
0.00342686
0.00342686
0.00342686
0.00342686
0.00342686
0.00342686
0.00342686
0.00342686
0.00342686
0.00342686
0.00342686
0.00342686
0.00342686
0.00342686
0.00342686
0.00342686
0.00342686
0.00342686
0.00342686
0.00342686
0.00342686
0.00342686
0.00342686
0.00342686
0.00342686
0.00342686
0.324695
0.246948
