0.75
0.00317523
0.00317523
0.00317523
0.00317523
0.00317523
0.00317523
0.00317523
0.00317523
0.00317523
0.00317523
0.00317523
0.00317523
0.00317523
0.00317523
0.00317523
0.00317523
0.00317523
0.00317523
0.00317523
0.00317523
0.00317523
0.00317523
0.00317523
0.00317523
0.00317523
0.00317523
0.00317523
0.00317523
0.00317523
0.00317523
0.00317523
0.00317523
0.00317523
0.00317523
0.00317523
0.00317523
0.00317523
0.00317523
0.00317523
0.00317523
0.00317523
0.00317523
0.00317523
0.00317523
0.00317523
0.00317523
0.00317523
0.00317523
0.00317523
0.00317523
0.00317523
0.00317523
0.00317523
0.00317523
0.00317523
0.00317523
0.00317523
0.00317523
0.00317523
0.00317523
0.00317523
0.00317523
0.00317523
0.00317523
0.00317523
0.00317523
0.00317523
0.00317523
0.00317523
0.00317523
0.00317523
0.00317523
0.00317523
0.00317523
0.00317523
0.00317523
0.00317523
0.00317523
0.00317523
0.00317523
0.00317523
0.00317523
0.00317523
0.00317523
0.00317523
0.00317523
0.00317523
0.00317523
0.00317523
0.00317523
0.00317523
0.00317523
0.00317523
0.00317523
0.00317523
0.00317523
0.00317523
0.00317523
0.00317523
0.00317523
0.00317523
0.00317523
0.00317523
0.00317523
0.00317523
0.00317523
0.00317523
0.00317523
0.00317523
0.00317523
0.00317523
0.00317523
0.00317523
0.00317523
0.00317523
0.00317523
0.00317523
0.00317523
0.00317523
0.00317523
0.00317523
0.00317523
0.00317523
0.00317523
0.00317523
0.00317523
0.00317523
0.00317523
0.00317523
0.00317523
0.00317523
0.00317523
0.00317523
0.00317523
0.00317523
0.324668
0.246676
