0.75
0.00192887
0.00192887
0.00192887
0.00192887
0.00192887
0.00192887
0.00192887
0.00192887
0.00192887
0.00192887
0.00192887
0.00192887
0.00192887
0.00192887
0.00192887
0.00192887
0.00192887
0.00192887
0.00192887
0.00192887
0.00192887
0.00192887
0.00192887
0.00192887
0.00192887
0.00192887
0.00192887
0.00192887
0.00192887
0.00192887
0.00192887
0.00192887
0.00192887
0.00192887
0.00192887
0.00192887
0.00192887
0.00192887
0.00192887
0.00192887
0.00192887
0.00192887
0.00192887
0.00192887
0.00192887
0.00192887
0.00192887
0.00192887
0.00192887
0.00192887
0.00192887
0.00192887
0.00192887
0.00192887
0.00192887
0.00192887
0.00192887
0.00192887
0.00192887
0.00192887
0.00192887
0.00192887
0.00192887
0.00192887
0.00192887
0.00192887
0.00192887
0.00192887
0.00192887
0.00192887
0.00192887
0.00192887
0.00192887
0.00192887
0.00192887
0.00192887
0.00192887
0.00192887
0.00192887
0.00192887
0.00192887
0.00192887
0.00192887
0.00192887
0.00192887
0.00192887
0.00192887
0.00192887
0.00192887
0.00192887
0.00192887
0.00192887
0.00192887
0.00192887
0.00192887
0.00192887
0.00192887
0.00192887
0.00192887
0.00192887
0.00192887
0.00192887
0.00192887
0.00192887
0.00192887
0.00192887
0.00192887
0.00192887
0.00192887
0.00192887
0.00192887
0.00192887
0.00192887
0.00192887
0.00192887
0.00192887
0.00192887
0.00192887
0.00192887
0.00192887
0.00192887
0.00192887
0.00192887
0.00192887
0.00192887
0.00192887
0.00192887
0.00192887
0.00192887
0.00192887
0.00192887
0.00192887
0.00192887
0.00192887
0.00192887
0.00192887
0.00192887
0.00192887
0.00192887
0.00192887
0.00192887
0.00192887
0.00192887
0.00192887
0.00192887
0.00192887
0.00192887
0.00192887
0.00192887
0.00192887
0.00192887
0.00192887
0.00192887
0.00192887
0.00192887
0.00192887
0.00192887
0.00192887
0.00192887
0.00192887
0.00192887
0.00192887
0.00192887
0.00192887
0.00192887
0.00192887
0.00192887
0.00192887
0.00192887
0.00192887
0.00192887
0.00192887
0.00192887
0.00192887
0.00192887
0.00192887
0.00192887
0.00192887
0.00192887
0.00192887
0.00192887
0.00192887
0.00192887
0.00192887
0.00192887
0.00192887
0.00192887
0.00192887
0.00192887
0.00192887
0.00192887
0.00192887
0.00192887
0.00192887
0.00192887
0.00192887
0.00192887
0.00192887
0.00192887
0.00192887
0.00192887
0.00192887
0.00192887
0.00192887
0.00192887
0.00192887
0.00192887
0.00192887
0.00192887
0.00192887
0.00192887
0.00192887
0.00192887
0.00192887
0.00192887
0.00192887
0.00192887
0.00192887
0.00192887
0.00192887
0.00192887
0.00192887
0.00192887
0.324533
0.245329
