0.75
0.00222686
0.00222686
0.00222686
0.00222686
0.00222686
0.00222686
0.00222686
0.00222686
0.00222686
0.00222686
0.00222686
0.00222686
0.00222686
0.00222686
0.00222686
0.00222686
0.00222686
0.00222686
0.00222686
0.00222686
0.00222686
0.00222686
0.00222686
0.00222686
0.00222686
0.00222686
0.00222686
0.00222686
0.00222686
0.00222686
0.00222686
0.00222686
0.00222686
0.00222686
0.00222686
0.00222686
0.00222686
0.00222686
0.00222686
0.00222686
0.00222686
0.00222686
0.00222686
0.00222686
0.00222686
0.00222686
0.00222686
0.00222686
0.00222686
0.00222686
0.00222686
0.00222686
0.00222686
0.00222686
0.00222686
0.00222686
0.00222686
0.00222686
0.00222686
0.00222686
0.00222686
0.00222686
0.00222686
0.00222686
0.00222686
0.00222686
0.00222686
0.00222686
0.00222686
0.00222686
0.00222686
0.00222686
0.00222686
0.00222686
0.00222686
0.00222686
0.00222686
0.00222686
0.00222686
0.00222686
0.00222686
0.00222686
0.00222686
0.00222686
0.00222686
0.00222686
0.00222686
0.00222686
0.00222686
0.00222686
0.00222686
0.00222686
0.00222686
0.00222686
0.00222686
0.00222686
0.00222686
0.00222686
0.00222686
0.00222686
0.00222686
0.00222686
0.00222686
0.00222686
0.00222686
0.00222686
0.00222686
0.00222686
0.00222686
0.00222686
0.00222686
0.00222686
0.00222686
0.00222686
0.00222686
0.00222686
0.00222686
0.00222686
0.00222686
0.00222686
0.00222686
0.00222686
0.00222686
0.00222686
0.00222686
0.00222686
0.00222686
0.00222686
0.00222686
0.00222686
0.00222686
0.00222686
0.00222686
0.00222686
0.00222686
0.00222686
0.00222686
0.00222686
0.00222686
0.00222686
0.00222686
0.00222686
0.00222686
0.00222686
0.00222686
0.00222686
0.00222686
0.00222686
0.00222686
0.00222686
0.00222686
0.00222686
0.00222686
0.00222686
0.00222686
0.00222686
0.00222686
0.00222686
0.00222686
0.00222686
0.00222686
0.00222686
0.00222686
0.00222686
0.00222686
0.00222686
0.00222686
0.00222686
0.00222686
0.00222686
0.00222686
0.00222686
0.00222686
0.00222686
0.00222686
0.00222686
0.00222686
0.00222686
0.00222686
0.00222686
0.00222686
0.00222686
0.00222686
0.00222686
0.00222686
0.00222686
0.00222686
0.00222686
0.00222686
0.00222686
0.00222686
0.00222686
0.00222686
0.324565
0.245651
