0.75
0.00353904
0.00353904
0.00353904
0.00353904
0.00353904
0.00353904
0.00353904
0.00353904
0.00353904
0.00353904
0.00353904
0.00353904
0.00353904
0.00353904
0.00353904
0.00353904
0.00353904
0.00353904
0.00353904
0.00353904
0.00353904
0.00353904
0.00353904
0.00353904
0.00353904
0.00353904
0.00353904
0.00353904
0.00353904
0.00353904
0.00353904
0.00353904
0.00353904
0.00353904
0.00353904
0.00353904
0.00353904
0.00353904
0.00353904
0.00353904
0.00353904
0.00353904
0.00353904
0.00353904
0.00353904
0.00353904
0.00353904
0.00353904
0.00353904
0.00353904
0.00353904
0.00353904
0.00353904
0.00353904
0.00353904
0.00353904
0.00353904
0.00353904
0.00353904
0.00353904
0.00353904
0.00353904
0.00353904
0.00353904
0.00353904
0.00353904
0.00353904
0.00353904
0.00353904
0.00353904
0.00353904
0.00353904
0.00353904
0.00353904
0.00353904
0.00353904
0.00353904
0.00353904
0.00353904
0.00353904
0.00353904
0.00353904
0.00353904
0.00353904
0.00353904
0.00353904
0.00353904
0.00353904
0.00353904
0.00353904
0.00353904
0.00353904
0.00353904
0.00353904
0.00353904
0.00353904
0.00353904
0.00353904
0.00353904
0.00353904
0.00353904
0.00353904
0.00353904
0.00353904
0.00353904
0.00353904
0.00353904
0.00353904
0.00353904
0.00353904
0.00353904
0.00353904
0.00353904
0.00353904
0.00353904
0.00353904
0.00353904
0.00353904
0.00353904
0.00353904
0.00353904
0.324707
0.247069
