0.75
0.00501725
0.00501725
0.00501725
0.00501725
0.00501725
0.00501725
0.00501725
0.00501725
0.00501725
0.00501725
0.00501725
0.00501725
0.00501725
0.00501725
0.00501725
0.00501725
0.00501725
0.00501725
0.00501725
0.00501725
0.00501725
0.00501725
0.00501725
0.00501725
0.00501725
0.00501725
0.00501725
0.00501725
0.00501725
0.00501725
0.00501725
0.00501725
0.00501725
0.00501725
0.00501725
0.00501725
0.00501725
0.00501725
0.00501725
0.00501725
0.00501725
0.00501725
0.00501725
0.00501725
0.00501725
0.00501725
0.00501725
0.00501725
0.00501725
0.00501725
0.00501725
0.00501725
0.00501725
0.00501725
0.00501725
0.00501725
0.00501725
0.00501725
0.00501725
0.00501725
0.00501725
0.00501725
0.00501725
0.00501725
0.00501725
0.00501725
0.00501725
0.00501725
0.00501725
0.00501725
0.00501725
0.00501725
0.00501725
0.00501725
0.00501725
0.00501725
0.00501725
0.00501725
0.00501725
0.00501725
0.00501725
0.00501725
0.00501725
0.00501725
0.00501725
0.324867
0.248667
