0.75
0.00828586
0.00828586
0.00828586
0.00828586
0.00828586
0.00828586
0.00828586
0.00828586
0.00828586
0.00828586
0.00828586
0.00828586
0.00828586
0.00828586
0.00828586
0.00828586
0.00828586
0.00828586
0.00828586
0.00828586
0.00828586
0.00828586
0.00828586
0.00828586
0.00828586
0.00828586
0.00828586
0.00828586
0.00828586
0.00828586
0.00828586
0.00828586
0.00828586
0.00828586
0.00828586
0.00828586
0.00828586
0.00828586
0.00828586
0.00828586
0.00828586
0.00828586
0.00828586
0.00828586
0.00828586
0.00828586
0.00828586
0.00828586
0.00828586
0.00828586
0.00828586
0.32522
0.252201
