0.75
0.00464037
0.00464037
0.00464037
0.00464037
0.00464037
0.00464037
0.00464037
0.00464037
0.00464037
0.00464037
0.00464037
0.00464037
0.00464037
0.00464037
0.00464037
0.00464037
0.00464037
0.00464037
0.00464037
0.00464037
0.00464037
0.00464037
0.00464037
0.00464037
0.00464037
0.00464037
0.00464037
0.00464037
0.00464037
0.00464037
0.00464037
0.00464037
0.00464037
0.00464037
0.00464037
0.00464037
0.00464037
0.00464037
0.00464037
0.00464037
0.00464037
0.00464037
0.00464037
0.00464037
0.00464037
0.00464037
0.00464037
0.00464037
0.00464037
0.00464037
0.00464037
0.00464037
0.00464037
0.00464037
0.00464037
0.00464037
0.00464037
0.00464037
0.00464037
0.00464037
0.00464037
0.00464037
0.00464037
0.00464037
0.00464037
0.00464037
0.00464037
0.00464037
0.00464037
0.00464037
0.00464037
0.00464037
0.00464037
0.00464037
0.00464037
0.00464037
0.00464037
0.00464037
0.00464037
0.00464037
0.00464037
0.00464037
0.00464037
0.00464037
0.00464037
0.00464037
0.00464037
0.00464037
0.00464037
0.00464037
0.00464037
0.00464037
0.324826
0.24826
