0.75
0.00435967
0.00435967
0.00435967
0.00435967
0.00435967
0.00435967
0.00435967
0.00435967
0.00435967
0.00435967
0.00435967
0.00435967
0.00435967
0.00435967
0.00435967
0.00435967
0.00435967
0.00435967
0.00435967
0.00435967
0.00435967
0.00435967
0.00435967
0.00435967
0.00435967
0.00435967
0.00435967
0.00435967
0.00435967
0.00435967
0.00435967
0.00435967
0.00435967
0.00435967
0.00435967
0.00435967
0.00435967
0.00435967
0.00435967
0.00435967
0.00435967
0.00435967
0.00435967
0.00435967
0.00435967
0.00435967
0.00435967
0.00435967
0.00435967
0.00435967
0.00435967
0.00435967
0.00435967
0.00435967
0.00435967
0.00435967
0.00435967
0.00435967
0.00435967
0.00435967
0.00435967
0.00435967
0.00435967
0.00435967
0.00435967
0.00435967
0.00435967
0.00435967
0.00435967
0.00435967
0.00435967
0.00435967
0.00435967
0.00435967
0.00435967
0.00435967
0.00435967
0.00435967
0.00435967
0.00435967
0.00435967
0.00435967
0.00435967
0.00435967
0.00435967
0.00435967
0.00435967
0.00435967
0.00435967
0.00435967
0.00435967
0.00435967
0.00435967
0.00435967
0.00435967
0.00435967
0.00435967
0.00435967
0.324796
0.247956
