0.75
0.00284141
0.00284141
0.00284141
0.00284141
0.00284141
0.00284141
0.00284141
0.00284141
0.00284141
0.00284141
0.00284141
0.00284141
0.00284141
0.00284141
0.00284141
0.00284141
0.00284141
0.00284141
0.00284141
0.00284141
0.00284141
0.00284141
0.00284141
0.00284141
0.00284141
0.00284141
0.00284141
0.00284141
0.00284141
0.00284141
0.00284141
0.00284141
0.00284141
0.00284141
0.00284141
0.00284141
0.00284141
0.00284141
0.00284141
0.00284141
0.00284141
0.00284141
0.00284141
0.00284141
0.00284141
0.00284141
0.00284141
0.00284141
0.00284141
0.00284141
0.00284141
0.00284141
0.00284141
0.00284141
0.00284141
0.00284141
0.00284141
0.00284141
0.00284141
0.00284141
0.00284141
0.00284141
0.00284141
0.00284141
0.00284141
0.00284141
0.00284141
0.00284141
0.00284141
0.00284141
0.00284141
0.00284141
0.00284141
0.00284141
0.00284141
0.00284141
0.00284141
0.00284141
0.00284141
0.00284141
0.00284141
0.00284141
0.00284141
0.00284141
0.00284141
0.00284141
0.00284141
0.00284141
0.00284141
0.00284141
0.00284141
0.00284141
0.00284141
0.00284141
0.00284141
0.00284141
0.00284141
0.00284141
0.00284141
0.00284141
0.00284141
0.00284141
0.00284141
0.00284141
0.00284141
0.00284141
0.00284141
0.00284141
0.00284141
0.00284141
0.00284141
0.00284141
0.00284141
0.00284141
0.00284141
0.00284141
0.00284141
0.00284141
0.00284141
0.00284141
0.00284141
0.00284141
0.00284141
0.00284141
0.00284141
0.00284141
0.00284141
0.00284141
0.00284141
0.00284141
0.00284141
0.00284141
0.00284141
0.00284141
0.00284141
0.00284141
0.00284141
0.00284141
0.00284141
0.00284141
0.00284141
0.00284141
0.00284141
0.00284141
0.00284141
0.00284141
0.00284141
0.00284141
0.00284141
0.00284141
0.00284141
0.324632
0.246315
