0.75
0.00184651
0.00184651
0.00184651
0.00184651
0.00184651
0.00184651
0.00184651
0.00184651
0.00184651
0.00184651
0.00184651
0.00184651
0.00184651
0.00184651
0.00184651
0.00184651
0.00184651
0.00184651
0.00184651
0.00184651
0.00184651
0.00184651
0.00184651
0.00184651
0.00184651
0.00184651
0.00184651
0.00184651
0.00184651
0.00184651
0.00184651
0.00184651
0.00184651
0.00184651
0.00184651
0.00184651
0.00184651
0.00184651
0.00184651
0.00184651
0.00184651
0.00184651
0.00184651
0.00184651
0.00184651
0.00184651
0.00184651
0.00184651
0.00184651
0.00184651
0.00184651
0.00184651
0.00184651
0.00184651
0.00184651
0.00184651
0.00184651
0.00184651
0.00184651
0.00184651
0.00184651
0.00184651
0.00184651
0.00184651
0.00184651
0.00184651
0.00184651
0.00184651
0.00184651
0.00184651
0.00184651
0.00184651
0.00184651
0.00184651
0.00184651
0.00184651
0.00184651
0.00184651
0.00184651
0.00184651
0.00184651
0.00184651
0.00184651
0.00184651
0.00184651
0.00184651
0.00184651
0.00184651
0.00184651
0.00184651
0.00184651
0.00184651
0.00184651
0.00184651
0.00184651
0.00184651
0.00184651
0.00184651
0.00184651
0.00184651
0.00184651
0.00184651
0.00184651
0.00184651
0.00184651
0.00184651
0.00184651
0.00184651
0.00184651
0.00184651
0.00184651
0.00184651
0.00184651
0.00184651
0.00184651
0.00184651
0.00184651
0.00184651
0.00184651
0.00184651
0.00184651
0.00184651
0.00184651
0.00184651
0.00184651
0.00184651
0.00184651
0.00184651
0.00184651
0.00184651
0.00184651
0.00184651
0.00184651
0.00184651
0.00184651
0.00184651
0.00184651
0.00184651
0.00184651
0.00184651
0.00184651
0.00184651
0.00184651
0.00184651
0.00184651
0.00184651
0.00184651
0.00184651
0.00184651
0.00184651
0.00184651
0.00184651
0.00184651
0.00184651
0.00184651
0.00184651
0.00184651
0.00184651
0.00184651
0.00184651
0.00184651
0.00184651
0.00184651
0.00184651
0.00184651
0.00184651
0.00184651
0.00184651
0.00184651
0.00184651
0.00184651
0.00184651
0.00184651
0.00184651
0.00184651
0.00184651
0.00184651
0.00184651
0.00184651
0.00184651
0.00184651
0.00184651
0.00184651
0.00184651
0.00184651
0.00184651
0.00184651
0.00184651
0.00184651
0.00184651
0.00184651
0.00184651
0.00184651
0.00184651
0.00184651
0.00184651
0.00184651
0.00184651
0.00184651
0.00184651
0.00184651
0.00184651
0.00184651
0.00184651
0.00184651
0.00184651
0.00184651
0.00184651
0.00184651
0.00184651
0.00184651
0.00184651
0.00184651
0.00184651
0.00184651
0.00184651
0.00184651
0.00184651
0.00184651
0.00184651
0.00184651
0.00184651
0.00184651
0.00184651
0.00184651
0.00184651
0.00184651
0.00184651
0.00184651
0.00184651
0.00184651
0.00184651
0.00184651
0.324524
0.245239
