0.75
0.00199104
0.00199104
0.00199104
0.00199104
0.00199104
0.00199104
0.00199104
0.00199104
0.00199104
0.00199104
0.00199104
0.00199104
0.00199104
0.00199104
0.00199104
0.00199104
0.00199104
0.00199104
0.00199104
0.00199104
0.00199104
0.00199104
0.00199104
0.00199104
0.00199104
0.00199104
0.00199104
0.00199104
0.00199104
0.00199104
0.00199104
0.00199104
0.00199104
0.00199104
0.00199104
0.00199104
0.00199104
0.00199104
0.00199104
0.00199104
0.00199104
0.00199104
0.00199104
0.00199104
0.00199104
0.00199104
0.00199104
0.00199104
0.00199104
0.00199104
0.00199104
0.00199104
0.00199104
0.00199104
0.00199104
0.00199104
0.00199104
0.00199104
0.00199104
0.00199104
0.00199104
0.00199104
0.00199104
0.00199104
0.00199104
0.00199104
0.00199104
0.00199104
0.00199104
0.00199104
0.00199104
0.00199104
0.00199104
0.00199104
0.00199104
0.00199104
0.00199104
0.00199104
0.00199104
0.00199104
0.00199104
0.00199104
0.00199104
0.00199104
0.00199104
0.00199104
0.00199104
0.00199104
0.00199104
0.00199104
0.00199104
0.00199104
0.00199104
0.00199104
0.00199104
0.00199104
0.00199104
0.00199104
0.00199104
0.00199104
0.00199104
0.00199104
0.00199104
0.00199104
0.00199104
0.00199104
0.00199104
0.00199104
0.00199104
0.00199104
0.00199104
0.00199104
0.00199104
0.00199104
0.00199104
0.00199104
0.00199104
0.00199104
0.00199104
0.00199104
0.00199104
0.00199104
0.00199104
0.00199104
0.00199104
0.00199104
0.00199104
0.00199104
0.00199104
0.00199104
0.00199104
0.00199104
0.00199104
0.00199104
0.00199104
0.00199104
0.00199104
0.00199104
0.00199104
0.00199104
0.00199104
0.00199104
0.00199104
0.00199104
0.00199104
0.00199104
0.00199104
0.00199104
0.00199104
0.00199104
0.00199104
0.00199104
0.00199104
0.00199104
0.00199104
0.00199104
0.00199104
0.00199104
0.00199104
0.00199104
0.00199104
0.00199104
0.00199104
0.00199104
0.00199104
0.00199104
0.00199104
0.00199104
0.00199104
0.00199104
0.00199104
0.00199104
0.00199104
0.00199104
0.00199104
0.00199104
0.00199104
0.00199104
0.00199104
0.00199104
0.00199104
0.00199104
0.00199104
0.00199104
0.00199104
0.00199104
0.00199104
0.00199104
0.00199104
0.00199104
0.00199104
0.00199104
0.00199104
0.00199104
0.00199104
0.00199104
0.00199104
0.00199104
0.00199104
0.00199104
0.00199104
0.00199104
0.00199104
0.00199104
0.00199104
0.00199104
0.00199104
0.00199104
0.00199104
0.00199104
0.00199104
0.00199104
0.00199104
0.00199104
0.00199104
0.00199104
0.32454
0.245396
