0.75
0.00183087
0.00183087
0.00183087
0.00183087
0.00183087
0.00183087
0.00183087
0.00183087
0.00183087
0.00183087
0.00183087
0.00183087
0.00183087
0.00183087
0.00183087
0.00183087
0.00183087
0.00183087
0.00183087
0.00183087
0.00183087
0.00183087
0.00183087
0.00183087
0.00183087
0.00183087
0.00183087
0.00183087
0.00183087
0.00183087
0.00183087
0.00183087
0.00183087
0.00183087
0.00183087
0.00183087
0.00183087
0.00183087
0.00183087
0.00183087
0.00183087
0.00183087
0.00183087
0.00183087
0.00183087
0.00183087
0.00183087
0.00183087
0.00183087
0.00183087
0.00183087
0.00183087
0.00183087
0.00183087
0.00183087
0.00183087
0.00183087
0.00183087
0.00183087
0.00183087
0.00183087
0.00183087
0.00183087
0.00183087
0.00183087
0.00183087
0.00183087
0.00183087
0.00183087
0.00183087
0.00183087
0.00183087
0.00183087
0.00183087
0.00183087
0.00183087
0.00183087
0.00183087
0.00183087
0.00183087
0.00183087
0.00183087
0.00183087
0.00183087
0.00183087
0.00183087
0.00183087
0.00183087
0.00183087
0.00183087
0.00183087
0.00183087
0.00183087
0.00183087
0.00183087
0.00183087
0.00183087
0.00183087
0.00183087
0.00183087
0.00183087
0.00183087
0.00183087
0.00183087
0.00183087
0.00183087
0.00183087
0.00183087
0.00183087
0.00183087
0.00183087
0.00183087
0.00183087
0.00183087
0.00183087
0.00183087
0.00183087
0.00183087
0.00183087
0.00183087
0.00183087
0.00183087
0.00183087
0.00183087
0.00183087
0.00183087
0.00183087
0.00183087
0.00183087
0.00183087
0.00183087
0.00183087
0.00183087
0.00183087
0.00183087
0.00183087
0.00183087
0.00183087
0.00183087
0.00183087
0.00183087
0.00183087
0.00183087
0.00183087
0.00183087
0.00183087
0.00183087
0.00183087
0.00183087
0.00183087
0.00183087
0.00183087
0.00183087
0.00183087
0.00183087
0.00183087
0.00183087
0.00183087
0.00183087
0.00183087
0.00183087
0.00183087
0.00183087
0.00183087
0.00183087
0.00183087
0.00183087
0.00183087
0.00183087
0.00183087
0.00183087
0.00183087
0.00183087
0.00183087
0.00183087
0.00183087
0.00183087
0.00183087
0.00183087
0.00183087
0.00183087
0.00183087
0.00183087
0.00183087
0.00183087
0.00183087
0.00183087
0.00183087
0.00183087
0.00183087
0.00183087
0.00183087
0.00183087
0.00183087
0.00183087
0.00183087
0.00183087
0.00183087
0.00183087
0.00183087
0.00183087
0.00183087
0.00183087
0.00183087
0.00183087
0.00183087
0.00183087
0.00183087
0.00183087
0.00183087
0.00183087
0.00183087
0.00183087
0.00183087
0.00183087
0.00183087
0.00183087
0.00183087
0.00183087
0.00183087
0.00183087
0.00183087
0.00183087
0.00183087
0.00183087
0.00183087
0.00183087
0.00183087
0.00183087
0.00183087
0.00183087
0.00183087
0.00183087
0.00183087
0.00183087
0.324522
0.245223
