0.75
0.00956938
0.00956938
0.00956938
0.00956938
0.00956938
0.00956938
0.00956938
0.00956938
0.00956938
0.00956938
0.00956938
0.00956938
0.00956938
0.00956938
0.00956938
0.00956938
0.00956938
0.00956938
0.00956938
0.00956938
0.00956938
0.00956938
0.00956938
0.00956938
0.00956938
0.00956938
0.00956938
0.00956938
0.00956938
0.00956938
0.00956938
0.00956938
0.00956938
0.00956938
0.00956938
0.00956938
0.00956938
0.00956938
0.00956938
0.00956938
0.00956938
0.00956938
0.00956938
0.00956938
0.325359
0.253589
