0.75
0.00201893
0.00201893
0.00201893
0.00201893
0.00201893
0.00201893
0.00201893
0.00201893
0.00201893
0.00201893
0.00201893
0.00201893
0.00201893
0.00201893
0.00201893
0.00201893
0.00201893
0.00201893
0.00201893
0.00201893
0.00201893
0.00201893
0.00201893
0.00201893
0.00201893
0.00201893
0.00201893
0.00201893
0.00201893
0.00201893
0.00201893
0.00201893
0.00201893
0.00201893
0.00201893
0.00201893
0.00201893
0.00201893
0.00201893
0.00201893
0.00201893
0.00201893
0.00201893
0.00201893
0.00201893
0.00201893
0.00201893
0.00201893
0.00201893
0.00201893
0.00201893
0.00201893
0.00201893
0.00201893
0.00201893
0.00201893
0.00201893
0.00201893
0.00201893
0.00201893
0.00201893
0.00201893
0.00201893
0.00201893
0.00201893
0.00201893
0.00201893
0.00201893
0.00201893
0.00201893
0.00201893
0.00201893
0.00201893
0.00201893
0.00201893
0.00201893
0.00201893
0.00201893
0.00201893
0.00201893
0.00201893
0.00201893
0.00201893
0.00201893
0.00201893
0.00201893
0.00201893
0.00201893
0.00201893
0.00201893
0.00201893
0.00201893
0.00201893
0.00201893
0.00201893
0.00201893
0.00201893
0.00201893
0.00201893
0.00201893
0.00201893
0.00201893
0.00201893
0.00201893
0.00201893
0.00201893
0.00201893
0.00201893
0.00201893
0.00201893
0.00201893
0.00201893
0.00201893
0.00201893
0.00201893
0.00201893
0.00201893
0.00201893
0.00201893
0.00201893
0.00201893
0.00201893
0.00201893
0.00201893
0.00201893
0.00201893
0.00201893
0.00201893
0.00201893
0.00201893
0.00201893
0.00201893
0.00201893
0.00201893
0.00201893
0.00201893
0.00201893
0.00201893
0.00201893
0.00201893
0.00201893
0.00201893
0.00201893
0.00201893
0.00201893
0.00201893
0.00201893
0.00201893
0.00201893
0.00201893
0.00201893
0.00201893
0.00201893
0.00201893
0.00201893
0.00201893
0.00201893
0.00201893
0.00201893
0.00201893
0.00201893
0.00201893
0.00201893
0.00201893
0.00201893
0.00201893
0.00201893
0.00201893
0.00201893
0.00201893
0.00201893
0.00201893
0.00201893
0.00201893
0.00201893
0.00201893
0.00201893
0.00201893
0.00201893
0.00201893
0.00201893
0.00201893
0.00201893
0.00201893
0.00201893
0.00201893
0.00201893
0.00201893
0.00201893
0.00201893
0.00201893
0.00201893
0.00201893
0.00201893
0.00201893
0.00201893
0.00201893
0.00201893
0.00201893
0.00201893
0.00201893
0.00201893
0.00201893
0.00201893
0.00201893
0.00201893
0.00201893
0.00201893
0.00201893
0.00201893
0.00201893
0.00201893
0.00201893
0.324543
0.245426
