0.75
0.00214938
0.00214938
0.00214938
0.00214938
0.00214938
0.00214938
0.00214938
0.00214938
0.00214938
0.00214938
0.00214938
0.00214938
0.00214938
0.00214938
0.00214938
0.00214938
0.00214938
0.00214938
0.00214938
0.00214938
0.00214938
0.00214938
0.00214938
0.00214938
0.00214938
0.00214938
0.00214938
0.00214938
0.00214938
0.00214938
0.00214938
0.00214938
0.00214938
0.00214938
0.00214938
0.00214938
0.00214938
0.00214938
0.00214938
0.00214938
0.00214938
0.00214938
0.00214938
0.00214938
0.00214938
0.00214938
0.00214938
0.00214938
0.00214938
0.00214938
0.00214938
0.00214938
0.00214938
0.00214938
0.00214938
0.00214938
0.00214938
0.00214938
0.00214938
0.00214938
0.00214938
0.00214938
0.00214938
0.00214938
0.00214938
0.00214938
0.00214938
0.00214938
0.00214938
0.00214938
0.00214938
0.00214938
0.00214938
0.00214938
0.00214938
0.00214938
0.00214938
0.00214938
0.00214938
0.00214938
0.00214938
0.00214938
0.00214938
0.00214938
0.00214938
0.00214938
0.00214938
0.00214938
0.00214938
0.00214938
0.00214938
0.00214938
0.00214938
0.00214938
0.00214938
0.00214938
0.00214938
0.00214938
0.00214938
0.00214938
0.00214938
0.00214938
0.00214938
0.00214938
0.00214938
0.00214938
0.00214938
0.00214938
0.00214938
0.00214938
0.00214938
0.00214938
0.00214938
0.00214938
0.00214938
0.00214938
0.00214938
0.00214938
0.00214938
0.00214938
0.00214938
0.00214938
0.00214938
0.00214938
0.00214938
0.00214938
0.00214938
0.00214938
0.00214938
0.00214938
0.00214938
0.00214938
0.00214938
0.00214938
0.00214938
0.00214938
0.00214938
0.00214938
0.00214938
0.00214938
0.00214938
0.00214938
0.00214938
0.00214938
0.00214938
0.00214938
0.00214938
0.00214938
0.00214938
0.00214938
0.00214938
0.00214938
0.00214938
0.00214938
0.00214938
0.00214938
0.00214938
0.00214938
0.00214938
0.00214938
0.00214938
0.00214938
0.00214938
0.00214938
0.00214938
0.00214938
0.00214938
0.00214938
0.00214938
0.00214938
0.00214938
0.00214938
0.00214938
0.00214938
0.00214938
0.00214938
0.00214938
0.00214938
0.00214938
0.00214938
0.00214938
0.00214938
0.00214938
0.00214938
0.00214938
0.00214938
0.00214938
0.00214938
0.00214938
0.00214938
0.00214938
0.00214938
0.00214938
0.00214938
0.00214938
0.00214938
0.00214938
0.00214938
0.00214938
0.00214938
0.324557
0.245567
