0.75
0.00897364
0.00897364
0.00897364
0.00897364
0.00897364
0.00897364
0.00897364
0.00897364
0.00897364
0.00897364
0.00897364
0.00897364
0.00897364
0.00897364
0.00897364
0.00897364
0.00897364
0.00897364
0.00897364
0.00897364
0.00897364
0.00897364
0.00897364
0.00897364
0.00897364
0.00897364
0.00897364
0.00897364
0.00897364
0.00897364
0.00897364
0.00897364
0.00897364
0.00897364
0.00897364
0.00897364
0.00897364
0.00897364
0.00897364
0.00897364
0.00897364
0.00897364
0.00897364
0.00897364
0.00897364
0.00897364
0.00897364
0.325294
0.252944
