0.75
0.00539265
0.00539265
0.00539265
0.00539265
0.00539265
0.00539265
0.00539265
0.00539265
0.00539265
0.00539265
0.00539265
0.00539265
0.00539265
0.00539265
0.00539265
0.00539265
0.00539265
0.00539265
0.00539265
0.00539265
0.00539265
0.00539265
0.00539265
0.00539265
0.00539265
0.00539265
0.00539265
0.00539265
0.00539265
0.00539265
0.00539265
0.00539265
0.00539265
0.00539265
0.00539265
0.00539265
0.00539265
0.00539265
0.00539265
0.00539265
0.00539265
0.00539265
0.00539265
0.00539265
0.00539265
0.00539265
0.00539265
0.00539265
0.00539265
0.00539265
0.00539265
0.00539265
0.00539265
0.00539265
0.00539265
0.00539265
0.00539265
0.00539265
0.00539265
0.00539265
0.00539265
0.00539265
0.00539265
0.00539265
0.00539265
0.00539265
0.00539265
0.00539265
0.00539265
0.00539265
0.00539265
0.00539265
0.00539265
0.00539265
0.00539265
0.00539265
0.00539265
0.00539265
0.00539265
0.324907
0.249073
