0.75
0.00187047
0.00187047
0.00187047
0.00187047
0.00187047
0.00187047
0.00187047
0.00187047
0.00187047
0.00187047
0.00187047
0.00187047
0.00187047
0.00187047
0.00187047
0.00187047
0.00187047
0.00187047
0.00187047
0.00187047
0.00187047
0.00187047
0.00187047
0.00187047
0.00187047
0.00187047
0.00187047
0.00187047
0.00187047
0.00187047
0.00187047
0.00187047
0.00187047
0.00187047
0.00187047
0.00187047
0.00187047
0.00187047
0.00187047
0.00187047
0.00187047
0.00187047
0.00187047
0.00187047
0.00187047
0.00187047
0.00187047
0.00187047
0.00187047
0.00187047
0.00187047
0.00187047
0.00187047
0.00187047
0.00187047
0.00187047
0.00187047
0.00187047
0.00187047
0.00187047
0.00187047
0.00187047
0.00187047
0.00187047
0.00187047
0.00187047
0.00187047
0.00187047
0.00187047
0.00187047
0.00187047
0.00187047
0.00187047
0.00187047
0.00187047
0.00187047
0.00187047
0.00187047
0.00187047
0.00187047
0.00187047
0.00187047
0.00187047
0.00187047
0.00187047
0.00187047
0.00187047
0.00187047
0.00187047
0.00187047
0.00187047
0.00187047
0.00187047
0.00187047
0.00187047
0.00187047
0.00187047
0.00187047
0.00187047
0.00187047
0.00187047
0.00187047
0.00187047
0.00187047
0.00187047
0.00187047
0.00187047
0.00187047
0.00187047
0.00187047
0.00187047
0.00187047
0.00187047
0.00187047
0.00187047
0.00187047
0.00187047
0.00187047
0.00187047
0.00187047
0.00187047
0.00187047
0.00187047
0.00187047
0.00187047
0.00187047
0.00187047
0.00187047
0.00187047
0.00187047
0.00187047
0.00187047
0.00187047
0.00187047
0.00187047
0.00187047
0.00187047
0.00187047
0.00187047
0.00187047
0.00187047
0.00187047
0.00187047
0.00187047
0.00187047
0.00187047
0.00187047
0.00187047
0.00187047
0.00187047
0.00187047
0.00187047
0.00187047
0.00187047
0.00187047
0.00187047
0.00187047
0.00187047
0.00187047
0.00187047
0.00187047
0.00187047
0.00187047
0.00187047
0.00187047
0.00187047
0.00187047
0.00187047
0.00187047
0.00187047
0.00187047
0.00187047
0.00187047
0.00187047
0.00187047
0.00187047
0.00187047
0.00187047
0.00187047
0.00187047
0.00187047
0.00187047
0.00187047
0.00187047
0.00187047
0.00187047
0.00187047
0.00187047
0.00187047
0.00187047
0.00187047
0.00187047
0.00187047
0.00187047
0.00187047
0.00187047
0.00187047
0.00187047
0.00187047
0.00187047
0.00187047
0.00187047
0.00187047
0.00187047
0.00187047
0.00187047
0.00187047
0.00187047
0.00187047
0.00187047
0.00187047
0.00187047
0.00187047
0.00187047
0.00187047
0.00187047
0.00187047
0.00187047
0.00187047
0.00187047
0.00187047
0.00187047
0.00187047
0.00187047
0.00187047
0.00187047
0.00187047
0.00187047
0.00187047
0.00187047
0.324527
0.245265
