0.75
0.00653328
0.00653328
0.00653328
0.00653328
0.00653328
0.00653328
0.00653328
0.00653328
0.00653328
0.00653328
0.00653328
0.00653328
0.00653328
0.00653328
0.00653328
0.00653328
0.00653328
0.00653328
0.00653328
0.00653328
0.00653328
0.00653328
0.00653328
0.00653328
0.00653328
0.00653328
0.00653328
0.00653328
0.00653328
0.00653328
0.00653328
0.00653328
0.00653328
0.00653328
0.00653328
0.00653328
0.00653328
0.00653328
0.00653328
0.00653328
0.00653328
0.00653328
0.00653328
0.00653328
0.00653328
0.00653328
0.00653328
0.00653328
0.00653328
0.00653328
0.00653328
0.00653328
0.00653328
0.00653328
0.00653328
0.00653328
0.00653328
0.00653328
0.00653328
0.00653328
0.00653328
0.00653328
0.00653328
0.00653328
0.00653328
0.325031
0.250306
