0.75
0.00275103
0.00275103
0.00275103
0.00275103
0.00275103
0.00275103
0.00275103
0.00275103
0.00275103
0.00275103
0.00275103
0.00275103
0.00275103
0.00275103
0.00275103
0.00275103
0.00275103
0.00275103
0.00275103
0.00275103
0.00275103
0.00275103
0.00275103
0.00275103
0.00275103
0.00275103
0.00275103
0.00275103
0.00275103
0.00275103
0.00275103
0.00275103
0.00275103
0.00275103
0.00275103
0.00275103
0.00275103
0.00275103
0.00275103
0.00275103
0.00275103
0.00275103
0.00275103
0.00275103
0.00275103
0.00275103
0.00275103
0.00275103
0.00275103
0.00275103
0.00275103
0.00275103
0.00275103
0.00275103
0.00275103
0.00275103
0.00275103
0.00275103
0.00275103
0.00275103
0.00275103
0.00275103
0.00275103
0.00275103
0.00275103
0.00275103
0.00275103
0.00275103
0.00275103
0.00275103
0.00275103
0.00275103
0.00275103
0.00275103
0.00275103
0.00275103
0.00275103
0.00275103
0.00275103
0.00275103
0.00275103
0.00275103
0.00275103
0.00275103
0.00275103
0.00275103
0.00275103
0.00275103
0.00275103
0.00275103
0.00275103
0.00275103
0.00275103
0.00275103
0.00275103
0.00275103
0.00275103
0.00275103
0.00275103
0.00275103
0.00275103
0.00275103
0.00275103
0.00275103
0.00275103
0.00275103
0.00275103
0.00275103
0.00275103
0.00275103
0.00275103
0.00275103
0.00275103
0.00275103
0.00275103
0.00275103
0.00275103
0.00275103
0.00275103
0.00275103
0.00275103
0.00275103
0.00275103
0.00275103
0.00275103
0.00275103
0.00275103
0.00275103
0.00275103
0.00275103
0.00275103
0.00275103
0.00275103
0.00275103
0.00275103
0.00275103
0.00275103
0.00275103
0.00275103
0.00275103
0.00275103
0.00275103
0.00275103
0.00275103
0.00275103
0.00275103
0.00275103
0.00275103
0.00275103
0.00275103
0.00275103
0.00275103
0.00275103
0.00275103
0.00275103
0.00275103
0.324622
0.246217
