0.75
0.0017494
0.0017494
0.0017494
0.0017494
0.0017494
0.0017494
0.0017494
0.0017494
0.0017494
0.0017494
0.0017494
0.0017494
0.0017494
0.0017494
0.0017494
0.0017494
0.0017494
0.0017494
0.0017494
0.0017494
0.0017494
0.0017494
0.0017494
0.0017494
0.0017494
0.0017494
0.0017494
0.0017494
0.0017494
0.0017494
0.0017494
0.0017494
0.0017494
0.0017494
0.0017494
0.0017494
0.0017494
0.0017494
0.0017494
0.0017494
0.0017494
0.0017494
0.0017494
0.0017494
0.0017494
0.0017494
0.0017494
0.0017494
0.0017494
0.0017494
0.0017494
0.0017494
0.0017494
0.0017494
0.0017494
0.0017494
0.0017494
0.0017494
0.0017494
0.0017494
0.0017494
0.0017494
0.0017494
0.0017494
0.0017494
0.0017494
0.0017494
0.0017494
0.0017494
0.0017494
0.0017494
0.0017494
0.0017494
0.0017494
0.0017494
0.0017494
0.0017494
0.0017494
0.0017494
0.0017494
0.0017494
0.0017494
0.0017494
0.0017494
0.0017494
0.0017494
0.0017494
0.0017494
0.0017494
0.0017494
0.0017494
0.0017494
0.0017494
0.0017494
0.0017494
0.0017494
0.0017494
0.0017494
0.0017494
0.0017494
0.0017494
0.0017494
0.0017494
0.0017494
0.0017494
0.0017494
0.0017494
0.0017494
0.0017494
0.0017494
0.0017494
0.0017494
0.0017494
0.0017494
0.0017494
0.0017494
0.0017494
0.0017494
0.0017494
0.0017494
0.0017494
0.0017494
0.0017494
0.0017494
0.0017494
0.0017494
0.0017494
0.0017494
0.0017494
0.0017494
0.0017494
0.0017494
0.0017494
0.0017494
0.0017494
0.0017494
0.0017494
0.0017494
0.0017494
0.0017494
0.0017494
0.0017494
0.0017494
0.0017494
0.0017494
0.0017494
0.0017494
0.0017494
0.0017494
0.0017494
0.0017494
0.0017494
0.0017494
0.0017494
0.0017494
0.0017494
0.0017494
0.0017494
0.0017494
0.0017494
0.0017494
0.0017494
0.0017494
0.0017494
0.0017494
0.0017494
0.0017494
0.0017494
0.0017494
0.0017494
0.0017494
0.0017494
0.0017494
0.0017494
0.0017494
0.0017494
0.0017494
0.0017494
0.0017494
0.0017494
0.0017494
0.0017494
0.0017494
0.0017494
0.0017494
0.0017494
0.0017494
0.0017494
0.0017494
0.0017494
0.0017494
0.0017494
0.0017494
0.0017494
0.0017494
0.0017494
0.0017494
0.0017494
0.0017494
0.0017494
0.0017494
0.0017494
0.0017494
0.0017494
0.0017494
0.0017494
0.0017494
0.0017494
0.0017494
0.0017494
0.0017494
0.0017494
0.0017494
0.0017494
0.0017494
0.0017494
0.0017494
0.0017494
0.0017494
0.0017494
0.0017494
0.0017494
0.0017494
0.0017494
0.0017494
0.0017494
0.0017494
0.0017494
0.0017494
0.0017494
0.0017494
0.0017494
0.0017494
0.0017494
0.0017494
0.0017494
0.0017494
0.0017494
0.0017494
0.0017494
0.0017494
0.0017494
0.0017494
0.0017494
0.0017494
0.0017494
0.324513
0.245134
