0.75
0.00207711
0.00207711
0.00207711
0.00207711
0.00207711
0.00207711
0.00207711
0.00207711
0.00207711
0.00207711
0.00207711
0.00207711
0.00207711
0.00207711
0.00207711
0.00207711
0.00207711
0.00207711
0.00207711
0.00207711
0.00207711
0.00207711
0.00207711
0.00207711
0.00207711
0.00207711
0.00207711
0.00207711
0.00207711
0.00207711
0.00207711
0.00207711
0.00207711
0.00207711
0.00207711
0.00207711
0.00207711
0.00207711
0.00207711
0.00207711
0.00207711
0.00207711
0.00207711
0.00207711
0.00207711
0.00207711
0.00207711
0.00207711
0.00207711
0.00207711
0.00207711
0.00207711
0.00207711
0.00207711
0.00207711
0.00207711
0.00207711
0.00207711
0.00207711
0.00207711
0.00207711
0.00207711
0.00207711
0.00207711
0.00207711
0.00207711
0.00207711
0.00207711
0.00207711
0.00207711
0.00207711
0.00207711
0.00207711
0.00207711
0.00207711
0.00207711
0.00207711
0.00207711
0.00207711
0.00207711
0.00207711
0.00207711
0.00207711
0.00207711
0.00207711
0.00207711
0.00207711
0.00207711
0.00207711
0.00207711
0.00207711
0.00207711
0.00207711
0.00207711
0.00207711
0.00207711
0.00207711
0.00207711
0.00207711
0.00207711
0.00207711
0.00207711
0.00207711
0.00207711
0.00207711
0.00207711
0.00207711
0.00207711
0.00207711
0.00207711
0.00207711
0.00207711
0.00207711
0.00207711
0.00207711
0.00207711
0.00207711
0.00207711
0.00207711
0.00207711
0.00207711
0.00207711
0.00207711
0.00207711
0.00207711
0.00207711
0.00207711
0.00207711
0.00207711
0.00207711
0.00207711
0.00207711
0.00207711
0.00207711
0.00207711
0.00207711
0.00207711
0.00207711
0.00207711
0.00207711
0.00207711
0.00207711
0.00207711
0.00207711
0.00207711
0.00207711
0.00207711
0.00207711
0.00207711
0.00207711
0.00207711
0.00207711
0.00207711
0.00207711
0.00207711
0.00207711
0.00207711
0.00207711
0.00207711
0.00207711
0.00207711
0.00207711
0.00207711
0.00207711
0.00207711
0.00207711
0.00207711
0.00207711
0.00207711
0.00207711
0.00207711
0.00207711
0.00207711
0.00207711
0.00207711
0.00207711
0.00207711
0.00207711
0.00207711
0.00207711
0.00207711
0.00207711
0.00207711
0.00207711
0.00207711
0.00207711
0.00207711
0.00207711
0.00207711
0.00207711
0.00207711
0.00207711
0.00207711
0.00207711
0.00207711
0.00207711
0.00207711
0.00207711
0.00207711
0.00207711
0.00207711
0.00207711
0.00207711
0.00207711
0.00207711
0.00207711
0.00207711
0.324549
0.245489
