0.75
0.00567577
0.00567577
0.00567577
0.00567577
0.00567577
0.00567577
0.00567577
0.00567577
0.00567577
0.00567577
0.00567577
0.00567577
0.00567577
0.00567577
0.00567577
0.00567577
0.00567577
0.00567577
0.00567577
0.00567577
0.00567577
0.00567577
0.00567577
0.00567577
0.00567577
0.00567577
0.00567577
0.00567577
0.00567577
0.00567577
0.00567577
0.00567577
0.00567577
0.00567577
0.00567577
0.00567577
0.00567577
0.00567577
0.00567577
0.00567577
0.00567577
0.00567577
0.00567577
0.00567577
0.00567577
0.00567577
0.00567577
0.00567577
0.00567577
0.00567577
0.00567577
0.00567577
0.00567577
0.00567577
0.00567577
0.00567577
0.00567577
0.00567577
0.00567577
0.00567577
0.00567577
0.00567577
0.00567577
0.00567577
0.00567577
0.00567577
0.00567577
0.00567577
0.00567577
0.00567577
0.00567577
0.00567577
0.00567577
0.00567577
0.00567577
0.324938
0.249379
