0.75
0.00218192
0.00218192
0.00218192
0.00218192
0.00218192
0.00218192
0.00218192
0.00218192
0.00218192
0.00218192
0.00218192
0.00218192
0.00218192
0.00218192
0.00218192
0.00218192
0.00218192
0.00218192
0.00218192
0.00218192
0.00218192
0.00218192
0.00218192
0.00218192
0.00218192
0.00218192
0.00218192
0.00218192
0.00218192
0.00218192
0.00218192
0.00218192
0.00218192
0.00218192
0.00218192
0.00218192
0.00218192
0.00218192
0.00218192
0.00218192
0.00218192
0.00218192
0.00218192
0.00218192
0.00218192
0.00218192
0.00218192
0.00218192
0.00218192
0.00218192
0.00218192
0.00218192
0.00218192
0.00218192
0.00218192
0.00218192
0.00218192
0.00218192
0.00218192
0.00218192
0.00218192
0.00218192
0.00218192
0.00218192
0.00218192
0.00218192
0.00218192
0.00218192
0.00218192
0.00218192
0.00218192
0.00218192
0.00218192
0.00218192
0.00218192
0.00218192
0.00218192
0.00218192
0.00218192
0.00218192
0.00218192
0.00218192
0.00218192
0.00218192
0.00218192
0.00218192
0.00218192
0.00218192
0.00218192
0.00218192
0.00218192
0.00218192
0.00218192
0.00218192
0.00218192
0.00218192
0.00218192
0.00218192
0.00218192
0.00218192
0.00218192
0.00218192
0.00218192
0.00218192
0.00218192
0.00218192
0.00218192
0.00218192
0.00218192
0.00218192
0.00218192
0.00218192
0.00218192
0.00218192
0.00218192
0.00218192
0.00218192
0.00218192
0.00218192
0.00218192
0.00218192
0.00218192
0.00218192
0.00218192
0.00218192
0.00218192
0.00218192
0.00218192
0.00218192
0.00218192
0.00218192
0.00218192
0.00218192
0.00218192
0.00218192
0.00218192
0.00218192
0.00218192
0.00218192
0.00218192
0.00218192
0.00218192
0.00218192
0.00218192
0.00218192
0.00218192
0.00218192
0.00218192
0.00218192
0.00218192
0.00218192
0.00218192
0.00218192
0.00218192
0.00218192
0.00218192
0.00218192
0.00218192
0.00218192
0.00218192
0.00218192
0.00218192
0.00218192
0.00218192
0.00218192
0.00218192
0.00218192
0.00218192
0.00218192
0.00218192
0.00218192
0.00218192
0.00218192
0.00218192
0.00218192
0.00218192
0.00218192
0.00218192
0.00218192
0.00218192
0.00218192
0.00218192
0.00218192
0.00218192
0.00218192
0.00218192
0.00218192
0.00218192
0.00218192
0.00218192
0.00218192
0.00218192
0.00218192
0.00218192
0.00218192
0.00218192
0.00218192
0.32456
0.245602
