0.75
0.00233508
0.00233508
0.00233508
0.00233508
0.00233508
0.00233508
0.00233508
0.00233508
0.00233508
0.00233508
0.00233508
0.00233508
0.00233508
0.00233508
0.00233508
0.00233508
0.00233508
0.00233508
0.00233508
0.00233508
0.00233508
0.00233508
0.00233508
0.00233508
0.00233508
0.00233508
0.00233508
0.00233508
0.00233508
0.00233508
0.00233508
0.00233508
0.00233508
0.00233508
0.00233508
0.00233508
0.00233508
0.00233508
0.00233508
0.00233508
0.00233508
0.00233508
0.00233508
0.00233508
0.00233508
0.00233508
0.00233508
0.00233508
0.00233508
0.00233508
0.00233508
0.00233508
0.00233508
0.00233508
0.00233508
0.00233508
0.00233508
0.00233508
0.00233508
0.00233508
0.00233508
0.00233508
0.00233508
0.00233508
0.00233508
0.00233508
0.00233508
0.00233508
0.00233508
0.00233508
0.00233508
0.00233508
0.00233508
0.00233508
0.00233508
0.00233508
0.00233508
0.00233508
0.00233508
0.00233508
0.00233508
0.00233508
0.00233508
0.00233508
0.00233508
0.00233508
0.00233508
0.00233508
0.00233508
0.00233508
0.00233508
0.00233508
0.00233508
0.00233508
0.00233508
0.00233508
0.00233508
0.00233508
0.00233508
0.00233508
0.00233508
0.00233508
0.00233508
0.00233508
0.00233508
0.00233508
0.00233508
0.00233508
0.00233508
0.00233508
0.00233508
0.00233508
0.00233508
0.00233508
0.00233508
0.00233508
0.00233508
0.00233508
0.00233508
0.00233508
0.00233508
0.00233508
0.00233508
0.00233508
0.00233508
0.00233508
0.00233508
0.00233508
0.00233508
0.00233508
0.00233508
0.00233508
0.00233508
0.00233508
0.00233508
0.00233508
0.00233508
0.00233508
0.00233508
0.00233508
0.00233508
0.00233508
0.00233508
0.00233508
0.00233508
0.00233508
0.00233508
0.00233508
0.00233508
0.00233508
0.00233508
0.00233508
0.00233508
0.00233508
0.00233508
0.00233508
0.00233508
0.00233508
0.00233508
0.00233508
0.00233508
0.00233508
0.00233508
0.00233508
0.00233508
0.00233508
0.00233508
0.00233508
0.00233508
0.00233508
0.00233508
0.00233508
0.00233508
0.00233508
0.00233508
0.00233508
0.00233508
0.00233508
0.00233508
0.00233508
0.00233508
0.00233508
0.00233508
0.00233508
0.324577
0.245768
