0.75
0.00334728
0.00334728
0.00334728
0.00334728
0.00334728
0.00334728
0.00334728
0.00334728
0.00334728
0.00334728
0.00334728
0.00334728
0.00334728
0.00334728
0.00334728
0.00334728
0.00334728
0.00334728
0.00334728
0.00334728
0.00334728
0.00334728
0.00334728
0.00334728
0.00334728
0.00334728
0.00334728
0.00334728
0.00334728
0.00334728
0.00334728
0.00334728
0.00334728
0.00334728
0.00334728
0.00334728
0.00334728
0.00334728
0.00334728
0.00334728
0.00334728
0.00334728
0.00334728
0.00334728
0.00334728
0.00334728
0.00334728
0.00334728
0.00334728
0.00334728
0.00334728
0.00334728
0.00334728
0.00334728
0.00334728
0.00334728
0.00334728
0.00334728
0.00334728
0.00334728
0.00334728
0.00334728
0.00334728
0.00334728
0.00334728
0.00334728
0.00334728
0.00334728
0.00334728
0.00334728
0.00334728
0.00334728
0.00334728
0.00334728
0.00334728
0.00334728
0.00334728
0.00334728
0.00334728
0.00334728
0.00334728
0.00334728
0.00334728
0.00334728
0.00334728
0.00334728
0.00334728
0.00334728
0.00334728
0.00334728
0.00334728
0.00334728
0.00334728
0.00334728
0.00334728
0.00334728
0.00334728
0.00334728
0.00334728
0.00334728
0.00334728
0.00334728
0.00334728
0.00334728
0.00334728
0.00334728
0.00334728
0.00334728
0.00334728
0.00334728
0.00334728
0.00334728
0.00334728
0.00334728
0.00334728
0.00334728
0.00334728
0.00334728
0.00334728
0.00334728
0.00334728
0.00334728
0.00334728
0.00334728
0.00334728
0.00334728
0.00334728
0.00334728
0.324686
0.246862
