0.75
0.0066335
0.0066335
0.0066335
0.0066335
0.0066335
0.0066335
0.0066335
0.0066335
0.0066335
0.0066335
0.0066335
0.0066335
0.0066335
0.0066335
0.0066335
0.0066335
0.0066335
0.0066335
0.0066335
0.0066335
0.0066335
0.0066335
0.0066335
0.0066335
0.0066335
0.0066335
0.0066335
0.0066335
0.0066335
0.0066335
0.0066335
0.0066335
0.0066335
0.0066335
0.0066335
0.0066335
0.0066335
0.0066335
0.0066335
0.0066335
0.0066335
0.0066335
0.0066335
0.0066335
0.0066335
0.0066335
0.0066335
0.0066335
0.0066335
0.0066335
0.0066335
0.0066335
0.0066335
0.0066335
0.0066335
0.0066335
0.0066335
0.0066335
0.0066335
0.0066335
0.0066335
0.0066335
0.0066335
0.0066335
0.325041
0.250415
