0.75
0.00419068
0.00419068
0.00419068
0.00419068
0.00419068
0.00419068
0.00419068
0.00419068
0.00419068
0.00419068
0.00419068
0.00419068
0.00419068
0.00419068
0.00419068
0.00419068
0.00419068
0.00419068
0.00419068
0.00419068
0.00419068
0.00419068
0.00419068
0.00419068
0.00419068
0.00419068
0.00419068
0.00419068
0.00419068
0.00419068
0.00419068
0.00419068
0.00419068
0.00419068
0.00419068
0.00419068
0.00419068
0.00419068
0.00419068
0.00419068
0.00419068
0.00419068
0.00419068
0.00419068
0.00419068
0.00419068
0.00419068
0.00419068
0.00419068
0.00419068
0.00419068
0.00419068
0.00419068
0.00419068
0.00419068
0.00419068
0.00419068
0.00419068
0.00419068
0.00419068
0.00419068
0.00419068
0.00419068
0.00419068
0.00419068
0.00419068
0.00419068
0.00419068
0.00419068
0.00419068
0.00419068
0.00419068
0.00419068
0.00419068
0.00419068
0.00419068
0.00419068
0.00419068
0.00419068
0.00419068
0.00419068
0.00419068
0.00419068
0.00419068
0.00419068
0.00419068
0.00419068
0.00419068
0.00419068
0.00419068
0.00419068
0.00419068
0.00419068
0.00419068
0.00419068
0.00419068
0.00419068
0.00419068
0.00419068
0.00419068
0.00419068
0.00419068
0.324777
0.247774
