0.75
0.00769601
0.00769601
0.00769601
0.00769601
0.00769601
0.00769601
0.00769601
0.00769601
0.00769601
0.00769601
0.00769601
0.00769601
0.00769601
0.00769601
0.00769601
0.00769601
0.00769601
0.00769601
0.00769601
0.00769601
0.00769601
0.00769601
0.00769601
0.00769601
0.00769601
0.00769601
0.00769601
0.00769601
0.00769601
0.00769601
0.00769601
0.00769601
0.00769601
0.00769601
0.00769601
0.00769601
0.00769601
0.00769601
0.00769601
0.00769601
0.00769601
0.00769601
0.00769601
0.00769601
0.00769601
0.00769601
0.00769601
0.00769601
0.00769601
0.00769601
0.00769601
0.00769601
0.00769601
0.00769601
0.00769601
0.325156
0.251563
