0.75
0.00236058
0.00236058
0.00236058
0.00236058
0.00236058
0.00236058
0.00236058
0.00236058
0.00236058
0.00236058
0.00236058
0.00236058
0.00236058
0.00236058
0.00236058
0.00236058
0.00236058
0.00236058
0.00236058
0.00236058
0.00236058
0.00236058
0.00236058
0.00236058
0.00236058
0.00236058
0.00236058
0.00236058
0.00236058
0.00236058
0.00236058
0.00236058
0.00236058
0.00236058
0.00236058
0.00236058
0.00236058
0.00236058
0.00236058
0.00236058
0.00236058
0.00236058
0.00236058
0.00236058
0.00236058
0.00236058
0.00236058
0.00236058
0.00236058
0.00236058
0.00236058
0.00236058
0.00236058
0.00236058
0.00236058
0.00236058
0.00236058
0.00236058
0.00236058
0.00236058
0.00236058
0.00236058
0.00236058
0.00236058
0.00236058
0.00236058
0.00236058
0.00236058
0.00236058
0.00236058
0.00236058
0.00236058
0.00236058
0.00236058
0.00236058
0.00236058
0.00236058
0.00236058
0.00236058
0.00236058
0.00236058
0.00236058
0.00236058
0.00236058
0.00236058
0.00236058
0.00236058
0.00236058
0.00236058
0.00236058
0.00236058
0.00236058
0.00236058
0.00236058
0.00236058
0.00236058
0.00236058
0.00236058
0.00236058
0.00236058
0.00236058
0.00236058
0.00236058
0.00236058
0.00236058
0.00236058
0.00236058
0.00236058
0.00236058
0.00236058
0.00236058
0.00236058
0.00236058
0.00236058
0.00236058
0.00236058
0.00236058
0.00236058
0.00236058
0.00236058
0.00236058
0.00236058
0.00236058
0.00236058
0.00236058
0.00236058
0.00236058
0.00236058
0.00236058
0.00236058
0.00236058
0.00236058
0.00236058
0.00236058
0.00236058
0.00236058
0.00236058
0.00236058
0.00236058
0.00236058
0.00236058
0.00236058
0.00236058
0.00236058
0.00236058
0.00236058
0.00236058
0.00236058
0.00236058
0.00236058
0.00236058
0.00236058
0.00236058
0.00236058
0.00236058
0.00236058
0.00236058
0.00236058
0.00236058
0.00236058
0.00236058
0.00236058
0.00236058
0.00236058
0.00236058
0.00236058
0.00236058
0.00236058
0.00236058
0.00236058
0.00236058
0.00236058
0.00236058
0.00236058
0.00236058
0.00236058
0.00236058
0.00236058
0.00236058
0.00236058
0.00236058
0.00236058
0.32458
0.245795
