0.75
0.00329625
0.00329625
0.00329625
0.00329625
0.00329625
0.00329625
0.00329625
0.00329625
0.00329625
0.00329625
0.00329625
0.00329625
0.00329625
0.00329625
0.00329625
0.00329625
0.00329625
0.00329625
0.00329625
0.00329625
0.00329625
0.00329625
0.00329625
0.00329625
0.00329625
0.00329625
0.00329625
0.00329625
0.00329625
0.00329625
0.00329625
0.00329625
0.00329625
0.00329625
0.00329625
0.00329625
0.00329625
0.00329625
0.00329625
0.00329625
0.00329625
0.00329625
0.00329625
0.00329625
0.00329625
0.00329625
0.00329625
0.00329625
0.00329625
0.00329625
0.00329625
0.00329625
0.00329625
0.00329625
0.00329625
0.00329625
0.00329625
0.00329625
0.00329625
0.00329625
0.00329625
0.00329625
0.00329625
0.00329625
0.00329625
0.00329625
0.00329625
0.00329625
0.00329625
0.00329625
0.00329625
0.00329625
0.00329625
0.00329625
0.00329625
0.00329625
0.00329625
0.00329625
0.00329625
0.00329625
0.00329625
0.00329625
0.00329625
0.00329625
0.00329625
0.00329625
0.00329625
0.00329625
0.00329625
0.00329625
0.00329625
0.00329625
0.00329625
0.00329625
0.00329625
0.00329625
0.00329625
0.00329625
0.00329625
0.00329625
0.00329625
0.00329625
0.00329625
0.00329625
0.00329625
0.00329625
0.00329625
0.00329625
0.00329625
0.00329625
0.00329625
0.00329625
0.00329625
0.00329625
0.00329625
0.00329625
0.00329625
0.00329625
0.00329625
0.00329625
0.00329625
0.00329625
0.00329625
0.00329625
0.00329625
0.00329625
0.00329625
0.00329625
0.00329625
0.00329625
0.324681
0.246807
