0.75
0.00271647
0.00271647
0.00271647
0.00271647
0.00271647
0.00271647
0.00271647
0.00271647
0.00271647
0.00271647
0.00271647
0.00271647
0.00271647
0.00271647
0.00271647
0.00271647
0.00271647
0.00271647
0.00271647
0.00271647
0.00271647
0.00271647
0.00271647
0.00271647
0.00271647
0.00271647
0.00271647
0.00271647
0.00271647
0.00271647
0.00271647
0.00271647
0.00271647
0.00271647
0.00271647
0.00271647
0.00271647
0.00271647
0.00271647
0.00271647
0.00271647
0.00271647
0.00271647
0.00271647
0.00271647
0.00271647
0.00271647
0.00271647
0.00271647
0.00271647
0.00271647
0.00271647
0.00271647
0.00271647
0.00271647
0.00271647
0.00271647
0.00271647
0.00271647
0.00271647
0.00271647
0.00271647
0.00271647
0.00271647
0.00271647
0.00271647
0.00271647
0.00271647
0.00271647
0.00271647
0.00271647
0.00271647
0.00271647
0.00271647
0.00271647
0.00271647
0.00271647
0.00271647
0.00271647
0.00271647
0.00271647
0.00271647
0.00271647
0.00271647
0.00271647
0.00271647
0.00271647
0.00271647
0.00271647
0.00271647
0.00271647
0.00271647
0.00271647
0.00271647
0.00271647
0.00271647
0.00271647
0.00271647
0.00271647
0.00271647
0.00271647
0.00271647
0.00271647
0.00271647
0.00271647
0.00271647
0.00271647
0.00271647
0.00271647
0.00271647
0.00271647
0.00271647
0.00271647
0.00271647
0.00271647
0.00271647
0.00271647
0.00271647
0.00271647
0.00271647
0.00271647
0.00271647
0.00271647
0.00271647
0.00271647
0.00271647
0.00271647
0.00271647
0.00271647
0.00271647
0.00271647
0.00271647
0.00271647
0.00271647
0.00271647
0.00271647
0.00271647
0.00271647
0.00271647
0.00271647
0.00271647
0.00271647
0.00271647
0.00271647
0.00271647
0.00271647
0.00271647
0.00271647
0.00271647
0.00271647
0.00271647
0.00271647
0.00271647
0.00271647
0.00271647
0.00271647
0.00271647
0.00271647
0.324618
0.24618
