0.75
0.00180038
0.00180038
0.00180038
0.00180038
0.00180038
0.00180038
0.00180038
0.00180038
0.00180038
0.00180038
0.00180038
0.00180038
0.00180038
0.00180038
0.00180038
0.00180038
0.00180038
0.00180038
0.00180038
0.00180038
0.00180038
0.00180038
0.00180038
0.00180038
0.00180038
0.00180038
0.00180038
0.00180038
0.00180038
0.00180038
0.00180038
0.00180038
0.00180038
0.00180038
0.00180038
0.00180038
0.00180038
0.00180038
0.00180038
0.00180038
0.00180038
0.00180038
0.00180038
0.00180038
0.00180038
0.00180038
0.00180038
0.00180038
0.00180038
0.00180038
0.00180038
0.00180038
0.00180038
0.00180038
0.00180038
0.00180038
0.00180038
0.00180038
0.00180038
0.00180038
0.00180038
0.00180038
0.00180038
0.00180038
0.00180038
0.00180038
0.00180038
0.00180038
0.00180038
0.00180038
0.00180038
0.00180038
0.00180038
0.00180038
0.00180038
0.00180038
0.00180038
0.00180038
0.00180038
0.00180038
0.00180038
0.00180038
0.00180038
0.00180038
0.00180038
0.00180038
0.00180038
0.00180038
0.00180038
0.00180038
0.00180038
0.00180038
0.00180038
0.00180038
0.00180038
0.00180038
0.00180038
0.00180038
0.00180038
0.00180038
0.00180038
0.00180038
0.00180038
0.00180038
0.00180038
0.00180038
0.00180038
0.00180038
0.00180038
0.00180038
0.00180038
0.00180038
0.00180038
0.00180038
0.00180038
0.00180038
0.00180038
0.00180038
0.00180038
0.00180038
0.00180038
0.00180038
0.00180038
0.00180038
0.00180038
0.00180038
0.00180038
0.00180038
0.00180038
0.00180038
0.00180038
0.00180038
0.00180038
0.00180038
0.00180038
0.00180038
0.00180038
0.00180038
0.00180038
0.00180038
0.00180038
0.00180038
0.00180038
0.00180038
0.00180038
0.00180038
0.00180038
0.00180038
0.00180038
0.00180038
0.00180038
0.00180038
0.00180038
0.00180038
0.00180038
0.00180038
0.00180038
0.00180038
0.00180038
0.00180038
0.00180038
0.00180038
0.00180038
0.00180038
0.00180038
0.00180038
0.00180038
0.00180038
0.00180038
0.00180038
0.00180038
0.00180038
0.00180038
0.00180038
0.00180038
0.00180038
0.00180038
0.00180038
0.00180038
0.00180038
0.00180038
0.00180038
0.00180038
0.00180038
0.00180038
0.00180038
0.00180038
0.00180038
0.00180038
0.00180038
0.00180038
0.00180038
0.00180038
0.00180038
0.00180038
0.00180038
0.00180038
0.00180038
0.00180038
0.00180038
0.00180038
0.00180038
0.00180038
0.00180038
0.00180038
0.00180038
0.00180038
0.00180038
0.00180038
0.00180038
0.00180038
0.00180038
0.00180038
0.00180038
0.00180038
0.00180038
0.00180038
0.00180038
0.00180038
0.00180038
0.00180038
0.00180038
0.00180038
0.00180038
0.00180038
0.00180038
0.00180038
0.00180038
0.00180038
0.00180038
0.00180038
0.00180038
0.00180038
0.00180038
0.00180038
0.00180038
0.00180038
0.00180038
0.00180038
0.324519
0.24519
