0.75
0.00454287
0.00454287
0.00454287
0.00454287
0.00454287
0.00454287
0.00454287
0.00454287
0.00454287
0.00454287
0.00454287
0.00454287
0.00454287
0.00454287
0.00454287
0.00454287
0.00454287
0.00454287
0.00454287
0.00454287
0.00454287
0.00454287
0.00454287
0.00454287
0.00454287
0.00454287
0.00454287
0.00454287
0.00454287
0.00454287
0.00454287
0.00454287
0.00454287
0.00454287
0.00454287
0.00454287
0.00454287
0.00454287
0.00454287
0.00454287
0.00454287
0.00454287
0.00454287
0.00454287
0.00454287
0.00454287
0.00454287
0.00454287
0.00454287
0.00454287
0.00454287
0.00454287
0.00454287
0.00454287
0.00454287
0.00454287
0.00454287
0.00454287
0.00454287
0.00454287
0.00454287
0.00454287
0.00454287
0.00454287
0.00454287
0.00454287
0.00454287
0.00454287
0.00454287
0.00454287
0.00454287
0.00454287
0.00454287
0.00454287
0.00454287
0.00454287
0.00454287
0.00454287
0.00454287
0.00454287
0.00454287
0.00454287
0.00454287
0.00454287
0.00454287
0.00454287
0.00454287
0.00454287
0.00454287
0.00454287
0.00454287
0.00454287
0.00454287
0.00454287
0.324815
0.248154
