0.75
0.00291811
0.00291811
0.00291811
0.00291811
0.00291811
0.00291811
0.00291811
0.00291811
0.00291811
0.00291811
0.00291811
0.00291811
0.00291811
0.00291811
0.00291811
0.00291811
0.00291811
0.00291811
0.00291811
0.00291811
0.00291811
0.00291811
0.00291811
0.00291811
0.00291811
0.00291811
0.00291811
0.00291811
0.00291811
0.00291811
0.00291811
0.00291811
0.00291811
0.00291811
0.00291811
0.00291811
0.00291811
0.00291811
0.00291811
0.00291811
0.00291811
0.00291811
0.00291811
0.00291811
0.00291811
0.00291811
0.00291811
0.00291811
0.00291811
0.00291811
0.00291811
0.00291811
0.00291811
0.00291811
0.00291811
0.00291811
0.00291811
0.00291811
0.00291811
0.00291811
0.00291811
0.00291811
0.00291811
0.00291811
0.00291811
0.00291811
0.00291811
0.00291811
0.00291811
0.00291811
0.00291811
0.00291811
0.00291811
0.00291811
0.00291811
0.00291811
0.00291811
0.00291811
0.00291811
0.00291811
0.00291811
0.00291811
0.00291811
0.00291811
0.00291811
0.00291811
0.00291811
0.00291811
0.00291811
0.00291811
0.00291811
0.00291811
0.00291811
0.00291811
0.00291811
0.00291811
0.00291811
0.00291811
0.00291811
0.00291811
0.00291811
0.00291811
0.00291811
0.00291811
0.00291811
0.00291811
0.00291811
0.00291811
0.00291811
0.00291811
0.00291811
0.00291811
0.00291811
0.00291811
0.00291811
0.00291811
0.00291811
0.00291811
0.00291811
0.00291811
0.00291811
0.00291811
0.00291811
0.00291811
0.00291811
0.00291811
0.00291811
0.00291811
0.00291811
0.00291811
0.00291811
0.00291811
0.00291811
0.00291811
0.00291811
0.00291811
0.00291811
0.00291811
0.00291811
0.00291811
0.00291811
0.00291811
0.00291811
0.00291811
0.00291811
0.00291811
0.00291811
0.32464
0.246398
