0.75
0.00185443
0.00185443
0.00185443
0.00185443
0.00185443
0.00185443
0.00185443
0.00185443
0.00185443
0.00185443
0.00185443
0.00185443
0.00185443
0.00185443
0.00185443
0.00185443
0.00185443
0.00185443
0.00185443
0.00185443
0.00185443
0.00185443
0.00185443
0.00185443
0.00185443
0.00185443
0.00185443
0.00185443
0.00185443
0.00185443
0.00185443
0.00185443
0.00185443
0.00185443
0.00185443
0.00185443
0.00185443
0.00185443
0.00185443
0.00185443
0.00185443
0.00185443
0.00185443
0.00185443
0.00185443
0.00185443
0.00185443
0.00185443
0.00185443
0.00185443
0.00185443
0.00185443
0.00185443
0.00185443
0.00185443
0.00185443
0.00185443
0.00185443
0.00185443
0.00185443
0.00185443
0.00185443
0.00185443
0.00185443
0.00185443
0.00185443
0.00185443
0.00185443
0.00185443
0.00185443
0.00185443
0.00185443
0.00185443
0.00185443
0.00185443
0.00185443
0.00185443
0.00185443
0.00185443
0.00185443
0.00185443
0.00185443
0.00185443
0.00185443
0.00185443
0.00185443
0.00185443
0.00185443
0.00185443
0.00185443
0.00185443
0.00185443
0.00185443
0.00185443
0.00185443
0.00185443
0.00185443
0.00185443
0.00185443
0.00185443
0.00185443
0.00185443
0.00185443
0.00185443
0.00185443
0.00185443
0.00185443
0.00185443
0.00185443
0.00185443
0.00185443
0.00185443
0.00185443
0.00185443
0.00185443
0.00185443
0.00185443
0.00185443
0.00185443
0.00185443
0.00185443
0.00185443
0.00185443
0.00185443
0.00185443
0.00185443
0.00185443
0.00185443
0.00185443
0.00185443
0.00185443
0.00185443
0.00185443
0.00185443
0.00185443
0.00185443
0.00185443
0.00185443
0.00185443
0.00185443
0.00185443
0.00185443
0.00185443
0.00185443
0.00185443
0.00185443
0.00185443
0.00185443
0.00185443
0.00185443
0.00185443
0.00185443
0.00185443
0.00185443
0.00185443
0.00185443
0.00185443
0.00185443
0.00185443
0.00185443
0.00185443
0.00185443
0.00185443
0.00185443
0.00185443
0.00185443
0.00185443
0.00185443
0.00185443
0.00185443
0.00185443
0.00185443
0.00185443
0.00185443
0.00185443
0.00185443
0.00185443
0.00185443
0.00185443
0.00185443
0.00185443
0.00185443
0.00185443
0.00185443
0.00185443
0.00185443
0.00185443
0.00185443
0.00185443
0.00185443
0.00185443
0.00185443
0.00185443
0.00185443
0.00185443
0.00185443
0.00185443
0.00185443
0.00185443
0.00185443
0.00185443
0.00185443
0.00185443
0.00185443
0.00185443
0.00185443
0.00185443
0.00185443
0.00185443
0.00185443
0.00185443
0.00185443
0.00185443
0.00185443
0.00185443
0.00185443
0.00185443
0.00185443
0.00185443
0.00185443
0.00185443
0.00185443
0.00185443
0.00185443
0.00185443
0.00185443
0.00185443
0.00185443
0.00185443
0.00185443
0.00185443
0.00185443
0.324525
0.245248
