0.75
0.00249688
0.00249688
0.00249688
0.00249688
0.00249688
0.00249688
0.00249688
0.00249688
0.00249688
0.00249688
0.00249688
0.00249688
0.00249688
0.00249688
0.00249688
0.00249688
0.00249688
0.00249688
0.00249688
0.00249688
0.00249688
0.00249688
0.00249688
0.00249688
0.00249688
0.00249688
0.00249688
0.00249688
0.00249688
0.00249688
0.00249688
0.00249688
0.00249688
0.00249688
0.00249688
0.00249688
0.00249688
0.00249688
0.00249688
0.00249688
0.00249688
0.00249688
0.00249688
0.00249688
0.00249688
0.00249688
0.00249688
0.00249688
0.00249688
0.00249688
0.00249688
0.00249688
0.00249688
0.00249688
0.00249688
0.00249688
0.00249688
0.00249688
0.00249688
0.00249688
0.00249688
0.00249688
0.00249688
0.00249688
0.00249688
0.00249688
0.00249688
0.00249688
0.00249688
0.00249688
0.00249688
0.00249688
0.00249688
0.00249688
0.00249688
0.00249688
0.00249688
0.00249688
0.00249688
0.00249688
0.00249688
0.00249688
0.00249688
0.00249688
0.00249688
0.00249688
0.00249688
0.00249688
0.00249688
0.00249688
0.00249688
0.00249688
0.00249688
0.00249688
0.00249688
0.00249688
0.00249688
0.00249688
0.00249688
0.00249688
0.00249688
0.00249688
0.00249688
0.00249688
0.00249688
0.00249688
0.00249688
0.00249688
0.00249688
0.00249688
0.00249688
0.00249688
0.00249688
0.00249688
0.00249688
0.00249688
0.00249688
0.00249688
0.00249688
0.00249688
0.00249688
0.00249688
0.00249688
0.00249688
0.00249688
0.00249688
0.00249688
0.00249688
0.00249688
0.00249688
0.00249688
0.00249688
0.00249688
0.00249688
0.00249688
0.00249688
0.00249688
0.00249688
0.00249688
0.00249688
0.00249688
0.00249688
0.00249688
0.00249688
0.00249688
0.00249688
0.00249688
0.00249688
0.00249688
0.00249688
0.00249688
0.00249688
0.00249688
0.00249688
0.00249688
0.00249688
0.00249688
0.00249688
0.00249688
0.00249688
0.00249688
0.00249688
0.00249688
0.00249688
0.00249688
0.00249688
0.00249688
0.00249688
0.00249688
0.00249688
0.00249688
0.00249688
0.324594
0.245943
