0.75
0.00273364
0.00273364
0.00273364
0.00273364
0.00273364
0.00273364
0.00273364
0.00273364
0.00273364
0.00273364
0.00273364
0.00273364
0.00273364
0.00273364
0.00273364
0.00273364
0.00273364
0.00273364
0.00273364
0.00273364
0.00273364
0.00273364
0.00273364
0.00273364
0.00273364
0.00273364
0.00273364
0.00273364
0.00273364
0.00273364
0.00273364
0.00273364
0.00273364
0.00273364
0.00273364
0.00273364
0.00273364
0.00273364
0.00273364
0.00273364
0.00273364
0.00273364
0.00273364
0.00273364
0.00273364
0.00273364
0.00273364
0.00273364
0.00273364
0.00273364
0.00273364
0.00273364
0.00273364
0.00273364
0.00273364
0.00273364
0.00273364
0.00273364
0.00273364
0.00273364
0.00273364
0.00273364
0.00273364
0.00273364
0.00273364
0.00273364
0.00273364
0.00273364
0.00273364
0.00273364
0.00273364
0.00273364
0.00273364
0.00273364
0.00273364
0.00273364
0.00273364
0.00273364
0.00273364
0.00273364
0.00273364
0.00273364
0.00273364
0.00273364
0.00273364
0.00273364
0.00273364
0.00273364
0.00273364
0.00273364
0.00273364
0.00273364
0.00273364
0.00273364
0.00273364
0.00273364
0.00273364
0.00273364
0.00273364
0.00273364
0.00273364
0.00273364
0.00273364
0.00273364
0.00273364
0.00273364
0.00273364
0.00273364
0.00273364
0.00273364
0.00273364
0.00273364
0.00273364
0.00273364
0.00273364
0.00273364
0.00273364
0.00273364
0.00273364
0.00273364
0.00273364
0.00273364
0.00273364
0.00273364
0.00273364
0.00273364
0.00273364
0.00273364
0.00273364
0.00273364
0.00273364
0.00273364
0.00273364
0.00273364
0.00273364
0.00273364
0.00273364
0.00273364
0.00273364
0.00273364
0.00273364
0.00273364
0.00273364
0.00273364
0.00273364
0.00273364
0.00273364
0.00273364
0.00273364
0.00273364
0.00273364
0.00273364
0.00273364
0.00273364
0.00273364
0.00273364
0.00273364
0.32462
0.246199
