0.75
0.00191182
0.00191182
0.00191182
0.00191182
0.00191182
0.00191182
0.00191182
0.00191182
0.00191182
0.00191182
0.00191182
0.00191182
0.00191182
0.00191182
0.00191182
0.00191182
0.00191182
0.00191182
0.00191182
0.00191182
0.00191182
0.00191182
0.00191182
0.00191182
0.00191182
0.00191182
0.00191182
0.00191182
0.00191182
0.00191182
0.00191182
0.00191182
0.00191182
0.00191182
0.00191182
0.00191182
0.00191182
0.00191182
0.00191182
0.00191182
0.00191182
0.00191182
0.00191182
0.00191182
0.00191182
0.00191182
0.00191182
0.00191182
0.00191182
0.00191182
0.00191182
0.00191182
0.00191182
0.00191182
0.00191182
0.00191182
0.00191182
0.00191182
0.00191182
0.00191182
0.00191182
0.00191182
0.00191182
0.00191182
0.00191182
0.00191182
0.00191182
0.00191182
0.00191182
0.00191182
0.00191182
0.00191182
0.00191182
0.00191182
0.00191182
0.00191182
0.00191182
0.00191182
0.00191182
0.00191182
0.00191182
0.00191182
0.00191182
0.00191182
0.00191182
0.00191182
0.00191182
0.00191182
0.00191182
0.00191182
0.00191182
0.00191182
0.00191182
0.00191182
0.00191182
0.00191182
0.00191182
0.00191182
0.00191182
0.00191182
0.00191182
0.00191182
0.00191182
0.00191182
0.00191182
0.00191182
0.00191182
0.00191182
0.00191182
0.00191182
0.00191182
0.00191182
0.00191182
0.00191182
0.00191182
0.00191182
0.00191182
0.00191182
0.00191182
0.00191182
0.00191182
0.00191182
0.00191182
0.00191182
0.00191182
0.00191182
0.00191182
0.00191182
0.00191182
0.00191182
0.00191182
0.00191182
0.00191182
0.00191182
0.00191182
0.00191182
0.00191182
0.00191182
0.00191182
0.00191182
0.00191182
0.00191182
0.00191182
0.00191182
0.00191182
0.00191182
0.00191182
0.00191182
0.00191182
0.00191182
0.00191182
0.00191182
0.00191182
0.00191182
0.00191182
0.00191182
0.00191182
0.00191182
0.00191182
0.00191182
0.00191182
0.00191182
0.00191182
0.00191182
0.00191182
0.00191182
0.00191182
0.00191182
0.00191182
0.00191182
0.00191182
0.00191182
0.00191182
0.00191182
0.00191182
0.00191182
0.00191182
0.00191182
0.00191182
0.00191182
0.00191182
0.00191182
0.00191182
0.00191182
0.00191182
0.00191182
0.00191182
0.00191182
0.00191182
0.00191182
0.00191182
0.00191182
0.00191182
0.00191182
0.00191182
0.00191182
0.00191182
0.00191182
0.00191182
0.00191182
0.00191182
0.00191182
0.00191182
0.00191182
0.00191182
0.00191182
0.00191182
0.00191182
0.00191182
0.00191182
0.00191182
0.00191182
0.00191182
0.00191182
0.00191182
0.00191182
0.00191182
0.00191182
0.00191182
0.00191182
0.00191182
0.00191182
0.00191182
0.00191182
0.00191182
0.324531
0.24531
