0.75
0.00519818
0.00519818
0.00519818
0.00519818
0.00519818
0.00519818
0.00519818
0.00519818
0.00519818
0.00519818
0.00519818
0.00519818
0.00519818
0.00519818
0.00519818
0.00519818
0.00519818
0.00519818
0.00519818
0.00519818
0.00519818
0.00519818
0.00519818
0.00519818
0.00519818
0.00519818
0.00519818
0.00519818
0.00519818
0.00519818
0.00519818
0.00519818
0.00519818
0.00519818
0.00519818
0.00519818
0.00519818
0.00519818
0.00519818
0.00519818
0.00519818
0.00519818
0.00519818
0.00519818
0.00519818
0.00519818
0.00519818
0.00519818
0.00519818
0.00519818
0.00519818
0.00519818
0.00519818
0.00519818
0.00519818
0.00519818
0.00519818
0.00519818
0.00519818
0.00519818
0.00519818
0.00519818
0.00519818
0.00519818
0.00519818
0.00519818
0.00519818
0.00519818
0.00519818
0.00519818
0.00519818
0.00519818
0.00519818
0.00519818
0.00519818
0.00519818
0.00519818
0.00519818
0.00519818
0.00519818
0.00519818
0.00519818
0.324886
0.248863
