0.75
0.00616095
0.00616095
0.00616095
0.00616095
0.00616095
0.00616095
0.00616095
0.00616095
0.00616095
0.00616095
0.00616095
0.00616095
0.00616095
0.00616095
0.00616095
0.00616095
0.00616095
0.00616095
0.00616095
0.00616095
0.00616095
0.00616095
0.00616095
0.00616095
0.00616095
0.00616095
0.00616095
0.00616095
0.00616095
0.00616095
0.00616095
0.00616095
0.00616095
0.00616095
0.00616095
0.00616095
0.00616095
0.00616095
0.00616095
0.00616095
0.00616095
0.00616095
0.00616095
0.00616095
0.00616095
0.00616095
0.00616095
0.00616095
0.00616095
0.00616095
0.00616095
0.00616095
0.00616095
0.00616095
0.00616095
0.00616095
0.00616095
0.00616095
0.00616095
0.00616095
0.00616095
0.00616095
0.00616095
0.00616095
0.00616095
0.00616095
0.00616095
0.00616095
0.00616095
0.32499
0.249904
