0.75
0.00673684
0.00673684
0.00673684
0.00673684
0.00673684
0.00673684
0.00673684
0.00673684
0.00673684
0.00673684
0.00673684
0.00673684
0.00673684
0.00673684
0.00673684
0.00673684
0.00673684
0.00673684
0.00673684
0.00673684
0.00673684
0.00673684
0.00673684
0.00673684
0.00673684
0.00673684
0.00673684
0.00673684
0.00673684
0.00673684
0.00673684
0.00673684
0.00673684
0.00673684
0.00673684
0.00673684
0.00673684
0.00673684
0.00673684
0.00673684
0.00673684
0.00673684
0.00673684
0.00673684
0.00673684
0.00673684
0.00673684
0.00673684
0.00673684
0.00673684
0.00673684
0.00673684
0.00673684
0.00673684
0.00673684
0.00673684
0.00673684
0.00673684
0.00673684
0.00673684
0.00673684
0.00673684
0.00673684
0.325053
0.250526
