0.75
0.004111
0.004111
0.004111
0.004111
0.004111
0.004111
0.004111
0.004111
0.004111
0.004111
0.004111
0.004111
0.004111
0.004111
0.004111
0.004111
0.004111
0.004111
0.004111
0.004111
0.004111
0.004111
0.004111
0.004111
0.004111
0.004111
0.004111
0.004111
0.004111
0.004111
0.004111
0.004111
0.004111
0.004111
0.004111
0.004111
0.004111
0.004111
0.004111
0.004111
0.004111
0.004111
0.004111
0.004111
0.004111
0.004111
0.004111
0.004111
0.004111
0.004111
0.004111
0.004111
0.004111
0.004111
0.004111
0.004111
0.004111
0.004111
0.004111
0.004111
0.004111
0.004111
0.004111
0.004111
0.004111
0.004111
0.004111
0.004111
0.004111
0.004111
0.004111
0.004111
0.004111
0.004111
0.004111
0.004111
0.004111
0.004111
0.004111
0.004111
0.004111
0.004111
0.004111
0.004111
0.004111
0.004111
0.004111
0.004111
0.004111
0.004111
0.004111
0.004111
0.004111
0.004111
0.004111
0.004111
0.004111
0.004111
0.004111
0.004111
0.004111
0.004111
0.004111
0.004111
0.324769
0.247688
