0.50
0.007576
0.007576
0.007576
0.007576
0.007576
0.007576
0.007576
0.007576
0.007576
0.007576
0.007576
0.007576
0.007576
0.007576
0.007576
0.007576
0.007576
0.007576
0.007576
0.007576
0.007576
0.007576
0.007576
0.007576
0.007576
0.007576
0.007576
0.007576
0.007576
0.007576
0.007576
0.007576
0.007576
0.007576
0.007576
0.007576
0.007576
0.007576
0.007576
0.007576
0.007576
0.007576
0.007576
0.007576
0.007576
0.007576
0.007576
0.007576
0.007576
0.007576
0.007576
0.007576
0.007576
0.007576
0.007576
0.007576
0.007576
0.007576
0.007576
0.007576
0.007576
0.007576
0.007576
0.007576
0.007576
0.007576
0.007576
0.007576
0.007576
0.007576
0.007576
0.007576
0.007576
0.007576
0.007576
0.007576
0.007576
0.007576
0.007576
0.007576
0.007576
0.007576
0.007576
0.007576
0.007576
0.007576
0.007576
0.007576
0.007576
0.007576
0.007576
0.007576
0.007576
0.007576
0.007576
0.007576
0.007576
0.007576
0.007576
0.007576
0.007576
0.007576
0.007576
0.007576
0.007576
0.007576
0.007576
0.007576
0.007576
0.007576
0.007576
0.007576
0.007576
0.007576
0.007576
0.007576
0.007576
0.007576
0.007576
0.007576
0.007576
0.007576
0.007576
0.007576
0.007576
0.007576
0.007576
0.007576
0.007576
0.007576
0.007576
0.007576
