0.50
0.016129
0.016129
0.016129
0.016129
0.016129
0.016129
0.016129
0.016129
0.016129
0.016129
0.016129
0.016129
0.016129
0.016129
0.016129
0.016129
0.016129
0.016129
0.016129
0.016129
0.016129
0.016129
0.016129
0.016129
0.016129
0.016129
0.016129
0.016129
0.016129
0.016129
0.016129
0.016129
0.016129
0.016129
0.016129
0.016129
0.016129
0.016129
0.016129
0.016129
0.016129
0.016129
0.016129
0.016129
0.016129
0.016129
0.016129
0.016129
0.016129
0.016129
0.016129
0.016129
0.016129
0.016129
0.016129
0.016129
0.016129
0.016129
0.016129
0.016129
0.016129
0.016129
