0.50
0.015873
0.015873
0.015873
0.015873
0.015873
0.015873
0.015873
0.015873
0.015873
0.015873
0.015873
0.015873
0.015873
0.015873
0.015873
0.015873
0.015873
0.015873
0.015873
0.015873
0.015873
0.015873
0.015873
0.015873
0.015873
0.015873
0.015873
0.015873
0.015873
0.015873
0.015873
0.015873
0.015873
0.015873
0.015873
0.015873
0.015873
0.015873
0.015873
0.015873
0.015873
0.015873
0.015873
0.015873
0.015873
0.015873
0.015873
0.015873
0.015873
0.015873
0.015873
0.015873
0.015873
0.015873
0.015873
0.015873
0.015873
0.015873
0.015873
0.015873
0.015873
0.015873
0.015873
