0.50
0.013158
0.013158
0.013158
0.013158
0.013158
0.013158
0.013158
0.013158
0.013158
0.013158
0.013158
0.013158
0.013158
0.013158
0.013158
0.013158
0.013158
0.013158
0.013158
0.013158
0.013158
0.013158
0.013158
0.013158
0.013158
0.013158
0.013158
0.013158
0.013158
0.013158
0.013158
0.013158
0.013158
0.013158
0.013158
0.013158
0.013158
0.013158
0.013158
0.013158
0.013158
0.013158
0.013158
0.013158
0.013158
0.013158
0.013158
0.013158
0.013158
0.013158
0.013158
0.013158
0.013158
0.013158
0.013158
0.013158
0.013158
0.013158
0.013158
0.013158
0.013158
0.013158
0.013158
0.013158
0.013158
0.013158
0.013158
0.013158
0.013158
0.013158
0.013158
0.013158
0.013158
0.013158
0.013158
0.013158
