0.50
0.011236
0.011236
0.011236
0.011236
0.011236
0.011236
0.011236
0.011236
0.011236
0.011236
0.011236
0.011236
0.011236
0.011236
0.011236
0.011236
0.011236
0.011236
0.011236
0.011236
0.011236
0.011236
0.011236
0.011236
0.011236
0.011236
0.011236
0.011236
0.011236
0.011236
0.011236
0.011236
0.011236
0.011236
0.011236
0.011236
0.011236
0.011236
0.011236
0.011236
0.011236
0.011236
0.011236
0.011236
0.011236
0.011236
0.011236
0.011236
0.011236
0.011236
0.011236
0.011236
0.011236
0.011236
0.011236
0.011236
0.011236
0.011236
0.011236
0.011236
0.011236
0.011236
0.011236
0.011236
0.011236
0.011236
0.011236
0.011236
0.011236
0.011236
0.011236
0.011236
0.011236
0.011236
0.011236
0.011236
0.011236
0.011236
0.011236
0.011236
0.011236
0.011236
0.011236
0.011236
0.011236
0.011236
0.011236
0.011236
0.011236
