0.50
0.007042
0.007042
0.007042
0.007042
0.007042
0.007042
0.007042
0.007042
0.007042
0.007042
0.007042
0.007042
0.007042
0.007042
0.007042
0.007042
0.007042
0.007042
0.007042
0.007042
0.007042
0.007042
0.007042
0.007042
0.007042
0.007042
0.007042
0.007042
0.007042
0.007042
0.007042
0.007042
0.007042
0.007042
0.007042
0.007042
0.007042
0.007042
0.007042
0.007042
0.007042
0.007042
0.007042
0.007042
0.007042
0.007042
0.007042
0.007042
0.007042
0.007042
0.007042
0.007042
0.007042
0.007042
0.007042
0.007042
0.007042
0.007042
0.007042
0.007042
0.007042
0.007042
0.007042
0.007042
0.007042
0.007042
0.007042
0.007042
0.007042
0.007042
0.007042
0.007042
0.007042
0.007042
0.007042
0.007042
0.007042
0.007042
0.007042
0.007042
0.007042
0.007042
0.007042
0.007042
0.007042
0.007042
0.007042
0.007042
0.007042
0.007042
0.007042
0.007042
0.007042
0.007042
0.007042
0.007042
0.007042
0.007042
0.007042
0.007042
0.007042
0.007042
0.007042
0.007042
0.007042
0.007042
0.007042
0.007042
0.007042
0.007042
0.007042
0.007042
0.007042
0.007042
0.007042
0.007042
0.007042
0.007042
0.007042
0.007042
0.007042
0.007042
0.007042
0.007042
0.007042
0.007042
0.007042
0.007042
0.007042
0.007042
0.007042
0.007042
0.007042
0.007042
0.007042
0.007042
0.007042
0.007042
0.007042
0.007042
0.007042
0.007042
