0.50
0.011364
0.011364
0.011364
0.011364
0.011364
0.011364
0.011364
0.011364
0.011364
0.011364
0.011364
0.011364
0.011364
0.011364
0.011364
0.011364
0.011364
0.011364
0.011364
0.011364
0.011364
0.011364
0.011364
0.011364
0.011364
0.011364
0.011364
0.011364
0.011364
0.011364
0.011364
0.011364
0.011364
0.011364
0.011364
0.011364
0.011364
0.011364
0.011364
0.011364
0.011364
0.011364
0.011364
0.011364
0.011364
0.011364
0.011364
0.011364
0.011364
0.011364
0.011364
0.011364
0.011364
0.011364
0.011364
0.011364
0.011364
0.011364
0.011364
0.011364
0.011364
0.011364
0.011364
0.011364
0.011364
0.011364
0.011364
0.011364
0.011364
0.011364
0.011364
0.011364
0.011364
0.011364
0.011364
0.011364
0.011364
0.011364
0.011364
0.011364
0.011364
0.011364
0.011364
0.011364
0.011364
0.011364
0.011364
0.011364
