0.50
0.008130
0.008130
0.008130
0.008130
0.008130
0.008130
0.008130
0.008130
0.008130
0.008130
0.008130
0.008130
0.008130
0.008130
0.008130
0.008130
0.008130
0.008130
0.008130
0.008130
0.008130
0.008130
0.008130
0.008130
0.008130
0.008130
0.008130
0.008130
0.008130
0.008130
0.008130
0.008130
0.008130
0.008130
0.008130
0.008130
0.008130
0.008130
0.008130
0.008130
0.008130
0.008130
0.008130
0.008130
0.008130
0.008130
0.008130
0.008130
0.008130
0.008130
0.008130
0.008130
0.008130
0.008130
0.008130
0.008130
0.008130
0.008130
0.008130
0.008130
0.008130
0.008130
0.008130
0.008130
0.008130
0.008130
0.008130
0.008130
0.008130
0.008130
0.008130
0.008130
0.008130
0.008130
0.008130
0.008130
0.008130
0.008130
0.008130
0.008130
0.008130
0.008130
0.008130
0.008130
0.008130
0.008130
0.008130
0.008130
0.008130
0.008130
0.008130
0.008130
0.008130
0.008130
0.008130
0.008130
0.008130
0.008130
0.008130
0.008130
0.008130
0.008130
0.008130
0.008130
0.008130
0.008130
0.008130
0.008130
0.008130
0.008130
0.008130
0.008130
0.008130
0.008130
0.008130
0.008130
0.008130
0.008130
0.008130
0.008130
0.008130
0.008130
0.008130
