0.50
0.007874
0.007874
0.007874
0.007874
0.007874
0.007874
0.007874
0.007874
0.007874
0.007874
0.007874
0.007874
0.007874
0.007874
0.007874
0.007874
0.007874
0.007874
0.007874
0.007874
0.007874
0.007874
0.007874
0.007874
0.007874
0.007874
0.007874
0.007874
0.007874
0.007874
0.007874
0.007874
0.007874
0.007874
0.007874
0.007874
0.007874
0.007874
0.007874
0.007874
0.007874
0.007874
0.007874
0.007874
0.007874
0.007874
0.007874
0.007874
0.007874
0.007874
0.007874
0.007874
0.007874
0.007874
0.007874
0.007874
0.007874
0.007874
0.007874
0.007874
0.007874
0.007874
0.007874
0.007874
0.007874
0.007874
0.007874
0.007874
0.007874
0.007874
0.007874
0.007874
0.007874
0.007874
0.007874
0.007874
0.007874
0.007874
0.007874
0.007874
0.007874
0.007874
0.007874
0.007874
0.007874
0.007874
0.007874
0.007874
0.007874
0.007874
0.007874
0.007874
0.007874
0.007874
0.007874
0.007874
0.007874
0.007874
0.007874
0.007874
0.007874
0.007874
0.007874
0.007874
0.007874
0.007874
0.007874
0.007874
0.007874
0.007874
0.007874
0.007874
0.007874
0.007874
0.007874
0.007874
0.007874
0.007874
0.007874
0.007874
0.007874
0.007874
0.007874
0.007874
0.007874
0.007874
0.007874
