0.50
0.007634
0.007634
0.007634
0.007634
0.007634
0.007634
0.007634
0.007634
0.007634
0.007634
0.007634
0.007634
0.007634
0.007634
0.007634
0.007634
0.007634
0.007634
0.007634
0.007634
0.007634
0.007634
0.007634
0.007634
0.007634
0.007634
0.007634
0.007634
0.007634
0.007634
0.007634
0.007634
0.007634
0.007634
0.007634
0.007634
0.007634
0.007634
0.007634
0.007634
0.007634
0.007634
0.007634
0.007634
0.007634
0.007634
0.007634
0.007634
0.007634
0.007634
0.007634
0.007634
0.007634
0.007634
0.007634
0.007634
0.007634
0.007634
0.007634
0.007634
0.007634
0.007634
0.007634
0.007634
0.007634
0.007634
0.007634
0.007634
0.007634
0.007634
0.007634
0.007634
0.007634
0.007634
0.007634
0.007634
0.007634
0.007634
0.007634
0.007634
0.007634
0.007634
0.007634
0.007634
0.007634
0.007634
0.007634
0.007634
0.007634
0.007634
0.007634
0.007634
0.007634
0.007634
0.007634
0.007634
0.007634
0.007634
0.007634
0.007634
0.007634
0.007634
0.007634
0.007634
0.007634
0.007634
0.007634
0.007634
0.007634
0.007634
0.007634
0.007634
0.007634
0.007634
0.007634
0.007634
0.007634
0.007634
0.007634
0.007634
0.007634
0.007634
0.007634
0.007634
0.007634
0.007634
0.007634
0.007634
0.007634
0.007634
0.007634
