0.50
0.008621
0.008621
0.008621
0.008621
0.008621
0.008621
0.008621
0.008621
0.008621
0.008621
0.008621
0.008621
0.008621
0.008621
0.008621
0.008621
0.008621
0.008621
0.008621
0.008621
0.008621
0.008621
0.008621
0.008621
0.008621
0.008621
0.008621
0.008621
0.008621
0.008621
0.008621
0.008621
0.008621
0.008621
0.008621
0.008621
0.008621
0.008621
0.008621
0.008621
0.008621
0.008621
0.008621
0.008621
0.008621
0.008621
0.008621
0.008621
0.008621
0.008621
0.008621
0.008621
0.008621
0.008621
0.008621
0.008621
0.008621
0.008621
0.008621
0.008621
0.008621
0.008621
0.008621
0.008621
0.008621
0.008621
0.008621
0.008621
0.008621
0.008621
0.008621
0.008621
0.008621
0.008621
0.008621
0.008621
0.008621
0.008621
0.008621
0.008621
0.008621
0.008621
0.008621
0.008621
0.008621
0.008621
0.008621
0.008621
0.008621
0.008621
0.008621
0.008621
0.008621
0.008621
0.008621
0.008621
0.008621
0.008621
0.008621
0.008621
0.008621
0.008621
0.008621
0.008621
0.008621
0.008621
0.008621
0.008621
0.008621
0.008621
0.008621
0.008621
0.008621
0.008621
0.008621
0.008621
