0.50
0.009009
0.009009
0.009009
0.009009
0.009009
0.009009
0.009009
0.009009
0.009009
0.009009
0.009009
0.009009
0.009009
0.009009
0.009009
0.009009
0.009009
0.009009
0.009009
0.009009
0.009009
0.009009
0.009009
0.009009
0.009009
0.009009
0.009009
0.009009
0.009009
0.009009
0.009009
0.009009
0.009009
0.009009
0.009009
0.009009
0.009009
0.009009
0.009009
0.009009
0.009009
0.009009
0.009009
0.009009
0.009009
0.009009
0.009009
0.009009
0.009009
0.009009
0.009009
0.009009
0.009009
0.009009
0.009009
0.009009
0.009009
0.009009
0.009009
0.009009
0.009009
0.009009
0.009009
0.009009
0.009009
0.009009
0.009009
0.009009
0.009009
0.009009
0.009009
0.009009
0.009009
0.009009
0.009009
0.009009
0.009009
0.009009
0.009009
0.009009
0.009009
0.009009
0.009009
0.009009
0.009009
0.009009
0.009009
0.009009
0.009009
0.009009
0.009009
0.009009
0.009009
0.009009
0.009009
0.009009
0.009009
0.009009
0.009009
0.009009
0.009009
0.009009
0.009009
0.009009
0.009009
0.009009
0.009009
0.009009
0.009009
0.009009
0.009009
