0.50
0.012500
0.012500
0.012500
0.012500
0.012500
0.012500
0.012500
0.012500
0.012500
0.012500
0.012500
0.012500
0.012500
0.012500
0.012500
0.012500
0.012500
0.012500
0.012500
0.012500
0.012500
0.012500
0.012500
0.012500
0.012500
0.012500
0.012500
0.012500
0.012500
0.012500
0.012500
0.012500
0.012500
0.012500
0.012500
0.012500
0.012500
0.012500
0.012500
0.012500
0.012500
0.012500
0.012500
0.012500
0.012500
0.012500
0.012500
0.012500
0.012500
0.012500
0.012500
0.012500
0.012500
0.012500
0.012500
0.012500
0.012500
0.012500
0.012500
0.012500
0.012500
0.012500
0.012500
0.012500
0.012500
0.012500
0.012500
0.012500
0.012500
0.012500
0.012500
0.012500
0.012500
0.012500
0.012500
0.012500
0.012500
0.012500
0.012500
0.012500
