0.50
0.007463
0.007463
0.007463
0.007463
0.007463
0.007463
0.007463
0.007463
0.007463
0.007463
0.007463
0.007463
0.007463
0.007463
0.007463
0.007463
0.007463
0.007463
0.007463
0.007463
0.007463
0.007463
0.007463
0.007463
0.007463
0.007463
0.007463
0.007463
0.007463
0.007463
0.007463
0.007463
0.007463
0.007463
0.007463
0.007463
0.007463
0.007463
0.007463
0.007463
0.007463
0.007463
0.007463
0.007463
0.007463
0.007463
0.007463
0.007463
0.007463
0.007463
0.007463
0.007463
0.007463
0.007463
0.007463
0.007463
0.007463
0.007463
0.007463
0.007463
0.007463
0.007463
0.007463
0.007463
0.007463
0.007463
0.007463
0.007463
0.007463
0.007463
0.007463
0.007463
0.007463
0.007463
0.007463
0.007463
0.007463
0.007463
0.007463
0.007463
0.007463
0.007463
0.007463
0.007463
0.007463
0.007463
0.007463
0.007463
0.007463
0.007463
0.007463
0.007463
0.007463
0.007463
0.007463
0.007463
0.007463
0.007463
0.007463
0.007463
0.007463
0.007463
0.007463
0.007463
0.007463
0.007463
0.007463
0.007463
0.007463
0.007463
0.007463
0.007463
0.007463
0.007463
0.007463
0.007463
0.007463
0.007463
0.007463
0.007463
0.007463
0.007463
0.007463
0.007463
0.007463
0.007463
0.007463
0.007463
0.007463
0.007463
0.007463
0.007463
0.007463
0.007463
