0.50
0.006757
0.006757
0.006757
0.006757
0.006757
0.006757
0.006757
0.006757
0.006757
0.006757
0.006757
0.006757
0.006757
0.006757
0.006757
0.006757
0.006757
0.006757
0.006757
0.006757
0.006757
0.006757
0.006757
0.006757
0.006757
0.006757
0.006757
0.006757
0.006757
0.006757
0.006757
0.006757
0.006757
0.006757
0.006757
0.006757
0.006757
0.006757
0.006757
0.006757
0.006757
0.006757
0.006757
0.006757
0.006757
0.006757
0.006757
0.006757
0.006757
0.006757
0.006757
0.006757
0.006757
0.006757
0.006757
0.006757
0.006757
0.006757
0.006757
0.006757
0.006757
0.006757
0.006757
0.006757
0.006757
0.006757
0.006757
0.006757
0.006757
0.006757
0.006757
0.006757
0.006757
0.006757
0.006757
0.006757
0.006757
0.006757
0.006757
0.006757
0.006757
0.006757
0.006757
0.006757
0.006757
0.006757
0.006757
0.006757
0.006757
0.006757
0.006757
0.006757
0.006757
0.006757
0.006757
0.006757
0.006757
0.006757
0.006757
0.006757
0.006757
0.006757
0.006757
0.006757
0.006757
0.006757
0.006757
0.006757
0.006757
0.006757
0.006757
0.006757
0.006757
0.006757
0.006757
0.006757
0.006757
0.006757
0.006757
0.006757
0.006757
0.006757
0.006757
0.006757
0.006757
0.006757
0.006757
0.006757
0.006757
0.006757
0.006757
0.006757
0.006757
0.006757
0.006757
0.006757
0.006757
0.006757
0.006757
0.006757
0.006757
0.006757
0.006757
0.006757
0.006757
0.006757
0.006757
0.006757
