0.50
0.009346
0.009346
0.009346
0.009346
0.009346
0.009346
0.009346
0.009346
0.009346
0.009346
0.009346
0.009346
0.009346
0.009346
0.009346
0.009346
0.009346
0.009346
0.009346
0.009346
0.009346
0.009346
0.009346
0.009346
0.009346
0.009346
0.009346
0.009346
0.009346
0.009346
0.009346
0.009346
0.009346
0.009346
0.009346
0.009346
0.009346
0.009346
0.009346
0.009346
0.009346
0.009346
0.009346
0.009346
0.009346
0.009346
0.009346
0.009346
0.009346
0.009346
0.009346
0.009346
0.009346
0.009346
0.009346
0.009346
0.009346
0.009346
0.009346
0.009346
0.009346
0.009346
0.009346
0.009346
0.009346
0.009346
0.009346
0.009346
0.009346
0.009346
0.009346
0.009346
0.009346
0.009346
0.009346
0.009346
0.009346
0.009346
0.009346
0.009346
0.009346
0.009346
0.009346
0.009346
0.009346
0.009346
0.009346
0.009346
0.009346
0.009346
0.009346
0.009346
0.009346
0.009346
0.009346
0.009346
0.009346
0.009346
0.009346
0.009346
0.009346
0.009346
0.009346
0.009346
0.009346
0.009346
0.009346
