0.50
0.006944
0.006944
0.006944
0.006944
0.006944
0.006944
0.006944
0.006944
0.006944
0.006944
0.006944
0.006944
0.006944
0.006944
0.006944
0.006944
0.006944
0.006944
0.006944
0.006944
0.006944
0.006944
0.006944
0.006944
0.006944
0.006944
0.006944
0.006944
0.006944
0.006944
0.006944
0.006944
0.006944
0.006944
0.006944
0.006944
0.006944
0.006944
0.006944
0.006944
0.006944
0.006944
0.006944
0.006944
0.006944
0.006944
0.006944
0.006944
0.006944
0.006944
0.006944
0.006944
0.006944
0.006944
0.006944
0.006944
0.006944
0.006944
0.006944
0.006944
0.006944
0.006944
0.006944
0.006944
0.006944
0.006944
0.006944
0.006944
0.006944
0.006944
0.006944
0.006944
0.006944
0.006944
0.006944
0.006944
0.006944
0.006944
0.006944
0.006944
0.006944
0.006944
0.006944
0.006944
0.006944
0.006944
0.006944
0.006944
0.006944
0.006944
0.006944
0.006944
0.006944
0.006944
0.006944
0.006944
0.006944
0.006944
0.006944
0.006944
0.006944
0.006944
0.006944
0.006944
0.006944
0.006944
0.006944
0.006944
0.006944
0.006944
0.006944
0.006944
0.006944
0.006944
0.006944
0.006944
0.006944
0.006944
0.006944
0.006944
0.006944
0.006944
0.006944
0.006944
0.006944
0.006944
0.006944
0.006944
0.006944
0.006944
0.006944
0.006944
0.006944
0.006944
0.006944
0.006944
0.006944
0.006944
0.006944
0.006944
0.006944
0.006944
0.006944
0.006944
