0.50
0.008333
0.008333
0.008333
0.008333
0.008333
0.008333
0.008333
0.008333
0.008333
0.008333
0.008333
0.008333
0.008333
0.008333
0.008333
0.008333
0.008333
0.008333
0.008333
0.008333
0.008333
0.008333
0.008333
0.008333
0.008333
0.008333
0.008333
0.008333
0.008333
0.008333
0.008333
0.008333
0.008333
0.008333
0.008333
0.008333
0.008333
0.008333
0.008333
0.008333
0.008333
0.008333
0.008333
0.008333
0.008333
0.008333
0.008333
0.008333
0.008333
0.008333
0.008333
0.008333
0.008333
0.008333
0.008333
0.008333
0.008333
0.008333
0.008333
0.008333
0.008333
0.008333
0.008333
0.008333
0.008333
0.008333
0.008333
0.008333
0.008333
0.008333
0.008333
0.008333
0.008333
0.008333
0.008333
0.008333
0.008333
0.008333
0.008333
0.008333
0.008333
0.008333
0.008333
0.008333
0.008333
0.008333
0.008333
0.008333
0.008333
0.008333
0.008333
0.008333
0.008333
0.008333
0.008333
0.008333
0.008333
0.008333
0.008333
0.008333
0.008333
0.008333
0.008333
0.008333
0.008333
0.008333
0.008333
0.008333
0.008333
0.008333
0.008333
0.008333
0.008333
0.008333
0.008333
0.008333
0.008333
0.008333
0.008333
0.008333
