0.50
0.012821
0.012821
0.012821
0.012821
0.012821
0.012821
0.012821
0.012821
0.012821
0.012821
0.012821
0.012821
0.012821
0.012821
0.012821
0.012821
0.012821
0.012821
0.012821
0.012821
0.012821
0.012821
0.012821
0.012821
0.012821
0.012821
0.012821
0.012821
0.012821
0.012821
0.012821
0.012821
0.012821
0.012821
0.012821
0.012821
0.012821
0.012821
0.012821
0.012821
0.012821
0.012821
0.012821
0.012821
0.012821
0.012821
0.012821
0.012821
0.012821
0.012821
0.012821
0.012821
0.012821
0.012821
0.012821
0.012821
0.012821
0.012821
0.012821
0.012821
0.012821
0.012821
0.012821
0.012821
0.012821
0.012821
0.012821
0.012821
0.012821
0.012821
0.012821
0.012821
0.012821
0.012821
0.012821
0.012821
0.012821
0.012821
