0.50
0.010417
0.010417
0.010417
0.010417
0.010417
0.010417
0.010417
0.010417
0.010417
0.010417
0.010417
0.010417
0.010417
0.010417
0.010417
0.010417
0.010417
0.010417
0.010417
0.010417
0.010417
0.010417
0.010417
0.010417
0.010417
0.010417
0.010417
0.010417
0.010417
0.010417
0.010417
0.010417
0.010417
0.010417
0.010417
0.010417
0.010417
0.010417
0.010417
0.010417
0.010417
0.010417
0.010417
0.010417
0.010417
0.010417
0.010417
0.010417
0.010417
0.010417
0.010417
0.010417
0.010417
0.010417
0.010417
0.010417
0.010417
0.010417
0.010417
0.010417
0.010417
0.010417
0.010417
0.010417
0.010417
0.010417
0.010417
0.010417
0.010417
0.010417
0.010417
0.010417
0.010417
0.010417
0.010417
0.010417
0.010417
0.010417
0.010417
0.010417
0.010417
0.010417
0.010417
0.010417
0.010417
0.010417
0.010417
0.010417
0.010417
0.010417
0.010417
0.010417
0.010417
0.010417
0.010417
0.010417
