0.50
0.007407
0.007407
0.007407
0.007407
0.007407
0.007407
0.007407
0.007407
0.007407
0.007407
0.007407
0.007407
0.007407
0.007407
0.007407
0.007407
0.007407
0.007407
0.007407
0.007407
0.007407
0.007407
0.007407
0.007407
0.007407
0.007407
0.007407
0.007407
0.007407
0.007407
0.007407
0.007407
0.007407
0.007407
0.007407
0.007407
0.007407
0.007407
0.007407
0.007407
0.007407
0.007407
0.007407
0.007407
0.007407
0.007407
0.007407
0.007407
0.007407
0.007407
0.007407
0.007407
0.007407
0.007407
0.007407
0.007407
0.007407
0.007407
0.007407
0.007407
0.007407
0.007407
0.007407
0.007407
0.007407
0.007407
0.007407
0.007407
0.007407
0.007407
0.007407
0.007407
0.007407
0.007407
0.007407
0.007407
0.007407
0.007407
0.007407
0.007407
0.007407
0.007407
0.007407
0.007407
0.007407
0.007407
0.007407
0.007407
0.007407
0.007407
0.007407
0.007407
0.007407
0.007407
0.007407
0.007407
0.007407
0.007407
0.007407
0.007407
0.007407
0.007407
0.007407
0.007407
0.007407
0.007407
0.007407
0.007407
0.007407
0.007407
0.007407
0.007407
0.007407
0.007407
0.007407
0.007407
0.007407
0.007407
0.007407
0.007407
0.007407
0.007407
0.007407
0.007407
0.007407
0.007407
0.007407
0.007407
0.007407
0.007407
0.007407
0.007407
0.007407
0.007407
0.007407
