0.50
0.013699
0.013699
0.013699
0.013699
0.013699
0.013699
0.013699
0.013699
0.013699
0.013699
0.013699
0.013699
0.013699
0.013699
0.013699
0.013699
0.013699
0.013699
0.013699
0.013699
0.013699
0.013699
0.013699
0.013699
0.013699
0.013699
0.013699
0.013699
0.013699
0.013699
0.013699
0.013699
0.013699
0.013699
0.013699
0.013699
0.013699
0.013699
0.013699
0.013699
0.013699
0.013699
0.013699
0.013699
0.013699
0.013699
0.013699
0.013699
0.013699
0.013699
0.013699
0.013699
0.013699
0.013699
0.013699
0.013699
0.013699
0.013699
0.013699
0.013699
0.013699
0.013699
0.013699
0.013699
0.013699
0.013699
0.013699
0.013699
0.013699
0.013699
0.013699
0.013699
0.013699
