0.50
0.013333
0.013333
0.013333
0.013333
0.013333
0.013333
0.013333
0.013333
0.013333
0.013333
0.013333
0.013333
0.013333
0.013333
0.013333
0.013333
0.013333
0.013333
0.013333
0.013333
0.013333
0.013333
0.013333
0.013333
0.013333
0.013333
0.013333
0.013333
0.013333
0.013333
0.013333
0.013333
0.013333
0.013333
0.013333
0.013333
0.013333
0.013333
0.013333
0.013333
0.013333
0.013333
0.013333
0.013333
0.013333
0.013333
0.013333
0.013333
0.013333
0.013333
0.013333
0.013333
0.013333
0.013333
0.013333
0.013333
0.013333
0.013333
0.013333
0.013333
0.013333
0.013333
0.013333
0.013333
0.013333
0.013333
0.013333
0.013333
0.013333
0.013333
0.013333
0.013333
0.013333
0.013333
0.013333
