0.50
0.011905
0.011905
0.011905
0.011905
0.011905
0.011905
0.011905
0.011905
0.011905
0.011905
0.011905
0.011905
0.011905
0.011905
0.011905
0.011905
0.011905
0.011905
0.011905
0.011905
0.011905
0.011905
0.011905
0.011905
0.011905
0.011905
0.011905
0.011905
0.011905
0.011905
0.011905
0.011905
0.011905
0.011905
0.011905
0.011905
0.011905
0.011905
0.011905
0.011905
0.011905
0.011905
0.011905
0.011905
0.011905
0.011905
0.011905
0.011905
0.011905
0.011905
0.011905
0.011905
0.011905
0.011905
0.011905
0.011905
0.011905
0.011905
0.011905
0.011905
0.011905
0.011905
0.011905
0.011905
0.011905
0.011905
0.011905
0.011905
0.011905
0.011905
0.011905
0.011905
0.011905
0.011905
0.011905
0.011905
0.011905
0.011905
0.011905
0.011905
0.011905
0.011905
0.011905
0.011905
