0.50
0.016667
0.016667
0.016667
0.016667
0.016667
0.016667
0.016667
0.016667
0.016667
0.016667
0.016667
0.016667
0.016667
0.016667
0.016667
0.016667
0.016667
0.016667
0.016667
0.016667
0.016667
0.016667
0.016667
0.016667
0.016667
0.016667
0.016667
0.016667
0.016667
0.016667
0.016667
0.016667
0.016667
0.016667
0.016667
0.016667
0.016667
0.016667
0.016667
0.016667
0.016667
0.016667
0.016667
0.016667
0.016667
0.016667
0.016667
0.016667
0.016667
0.016667
0.016667
0.016667
0.016667
0.016667
0.016667
0.016667
0.016667
0.016667
0.016667
0.016667
