0.50
0.006803
0.006803
0.006803
0.006803
0.006803
0.006803
0.006803
0.006803
0.006803
0.006803
0.006803
0.006803
0.006803
0.006803
0.006803
0.006803
0.006803
0.006803
0.006803
0.006803
0.006803
0.006803
0.006803
0.006803
0.006803
0.006803
0.006803
0.006803
0.006803
0.006803
0.006803
0.006803
0.006803
0.006803
0.006803
0.006803
0.006803
0.006803
0.006803
0.006803
0.006803
0.006803
0.006803
0.006803
0.006803
0.006803
0.006803
0.006803
0.006803
0.006803
0.006803
0.006803
0.006803
0.006803
0.006803
0.006803
0.006803
0.006803
0.006803
0.006803
0.006803
0.006803
0.006803
0.006803
0.006803
0.006803
0.006803
0.006803
0.006803
0.006803
0.006803
0.006803
0.006803
0.006803
0.006803
0.006803
0.006803
0.006803
0.006803
0.006803
0.006803
0.006803
0.006803
0.006803
0.006803
0.006803
0.006803
0.006803
0.006803
0.006803
0.006803
0.006803
0.006803
0.006803
0.006803
0.006803
0.006803
0.006803
0.006803
0.006803
0.006803
0.006803
0.006803
0.006803
0.006803
0.006803
0.006803
0.006803
0.006803
0.006803
0.006803
0.006803
0.006803
0.006803
0.006803
0.006803
0.006803
0.006803
0.006803
0.006803
0.006803
0.006803
0.006803
0.006803
0.006803
0.006803
0.006803
0.006803
0.006803
0.006803
0.006803
0.006803
0.006803
0.006803
0.006803
0.006803
0.006803
0.006803
0.006803
0.006803
0.006803
0.006803
0.006803
0.006803
0.006803
0.006803
0.006803
