0.50
0.017857
0.017857
0.017857
0.017857
0.017857
0.017857
0.017857
0.017857
0.017857
0.017857
0.017857
0.017857
0.017857
0.017857
0.017857
0.017857
0.017857
0.017857
0.017857
0.017857
0.017857
0.017857
0.017857
0.017857
0.017857
0.017857
0.017857
0.017857
0.017857
0.017857
0.017857
0.017857
0.017857
0.017857
0.017857
0.017857
0.017857
0.017857
0.017857
0.017857
0.017857
0.017857
0.017857
0.017857
0.017857
0.017857
0.017857
0.017857
0.017857
0.017857
0.017857
0.017857
0.017857
0.017857
0.017857
0.017857
