0.50
0.007143
0.007143
0.007143
0.007143
0.007143
0.007143
0.007143
0.007143
0.007143
0.007143
0.007143
0.007143
0.007143
0.007143
0.007143
0.007143
0.007143
0.007143
0.007143
0.007143
0.007143
0.007143
0.007143
0.007143
0.007143
0.007143
0.007143
0.007143
0.007143
0.007143
0.007143
0.007143
0.007143
0.007143
0.007143
0.007143
0.007143
0.007143
0.007143
0.007143
0.007143
0.007143
0.007143
0.007143
0.007143
0.007143
0.007143
0.007143
0.007143
0.007143
0.007143
0.007143
0.007143
0.007143
0.007143
0.007143
0.007143
0.007143
0.007143
0.007143
0.007143
0.007143
0.007143
0.007143
0.007143
0.007143
0.007143
0.007143
0.007143
0.007143
0.007143
0.007143
0.007143
0.007143
0.007143
0.007143
0.007143
0.007143
0.007143
0.007143
0.007143
0.007143
0.007143
0.007143
0.007143
0.007143
0.007143
0.007143
0.007143
0.007143
0.007143
0.007143
0.007143
0.007143
0.007143
0.007143
0.007143
0.007143
0.007143
0.007143
0.007143
0.007143
0.007143
0.007143
0.007143
0.007143
0.007143
0.007143
0.007143
0.007143
0.007143
0.007143
0.007143
0.007143
0.007143
0.007143
0.007143
0.007143
0.007143
0.007143
0.007143
0.007143
0.007143
0.007143
0.007143
0.007143
0.007143
0.007143
0.007143
0.007143
0.007143
0.007143
0.007143
0.007143
0.007143
0.007143
0.007143
0.007143
0.007143
0.007143
