0.50
0.013514
0.013514
0.013514
0.013514
0.013514
0.013514
0.013514
0.013514
0.013514
0.013514
0.013514
0.013514
0.013514
0.013514
0.013514
0.013514
0.013514
0.013514
0.013514
0.013514
0.013514
0.013514
0.013514
0.013514
0.013514
0.013514
0.013514
0.013514
0.013514
0.013514
0.013514
0.013514
0.013514
0.013514
0.013514
0.013514
0.013514
0.013514
0.013514
0.013514
0.013514
0.013514
0.013514
0.013514
0.013514
0.013514
0.013514
0.013514
0.013514
0.013514
0.013514
0.013514
0.013514
0.013514
0.013514
0.013514
0.013514
0.013514
0.013514
0.013514
0.013514
0.013514
0.013514
0.013514
0.013514
0.013514
0.013514
0.013514
0.013514
0.013514
0.013514
0.013514
0.013514
0.013514
