0.50
0.012346
0.012346
0.012346
0.012346
0.012346
0.012346
0.012346
0.012346
0.012346
0.012346
0.012346
0.012346
0.012346
0.012346
0.012346
0.012346
0.012346
0.012346
0.012346
0.012346
0.012346
0.012346
0.012346
0.012346
0.012346
0.012346
0.012346
0.012346
0.012346
0.012346
0.012346
0.012346
0.012346
0.012346
0.012346
0.012346
0.012346
0.012346
0.012346
0.012346
0.012346
0.012346
0.012346
0.012346
0.012346
0.012346
0.012346
0.012346
0.012346
0.012346
0.012346
0.012346
0.012346
0.012346
0.012346
0.012346
0.012346
0.012346
0.012346
0.012346
0.012346
0.012346
0.012346
0.012346
0.012346
0.012346
0.012346
0.012346
0.012346
0.012346
0.012346
0.012346
0.012346
0.012346
0.012346
0.012346
0.012346
0.012346
0.012346
0.012346
0.012346
