0.50
0.007194
0.007194
0.007194
0.007194
0.007194
0.007194
0.007194
0.007194
0.007194
0.007194
0.007194
0.007194
0.007194
0.007194
0.007194
0.007194
0.007194
0.007194
0.007194
0.007194
0.007194
0.007194
0.007194
0.007194
0.007194
0.007194
0.007194
0.007194
0.007194
0.007194
0.007194
0.007194
0.007194
0.007194
0.007194
0.007194
0.007194
0.007194
0.007194
0.007194
0.007194
0.007194
0.007194
0.007194
0.007194
0.007194
0.007194
0.007194
0.007194
0.007194
0.007194
0.007194
0.007194
0.007194
0.007194
0.007194
0.007194
0.007194
0.007194
0.007194
0.007194
0.007194
0.007194
0.007194
0.007194
0.007194
0.007194
0.007194
0.007194
0.007194
0.007194
0.007194
0.007194
0.007194
0.007194
0.007194
0.007194
0.007194
0.007194
0.007194
0.007194
0.007194
0.007194
0.007194
0.007194
0.007194
0.007194
0.007194
0.007194
0.007194
0.007194
0.007194
0.007194
0.007194
0.007194
0.007194
0.007194
0.007194
0.007194
0.007194
0.007194
0.007194
0.007194
0.007194
0.007194
0.007194
0.007194
0.007194
0.007194
0.007194
0.007194
0.007194
0.007194
0.007194
0.007194
0.007194
0.007194
0.007194
0.007194
0.007194
0.007194
0.007194
0.007194
0.007194
0.007194
0.007194
0.007194
0.007194
0.007194
0.007194
0.007194
0.007194
0.007194
0.007194
0.007194
0.007194
0.007194
0.007194
0.007194
