0.50
0.012195
0.012195
0.012195
0.012195
0.012195
0.012195
0.012195
0.012195
0.012195
0.012195
0.012195
0.012195
0.012195
0.012195
0.012195
0.012195
0.012195
0.012195
0.012195
0.012195
0.012195
0.012195
0.012195
0.012195
0.012195
0.012195
0.012195
0.012195
0.012195
0.012195
0.012195
0.012195
0.012195
0.012195
0.012195
0.012195
0.012195
0.012195
0.012195
0.012195
0.012195
0.012195
0.012195
0.012195
0.012195
0.012195
0.012195
0.012195
0.012195
0.012195
0.012195
0.012195
0.012195
0.012195
0.012195
0.012195
0.012195
0.012195
0.012195
0.012195
0.012195
0.012195
0.012195
0.012195
0.012195
0.012195
0.012195
0.012195
0.012195
0.012195
0.012195
0.012195
0.012195
0.012195
0.012195
0.012195
0.012195
0.012195
0.012195
0.012195
0.012195
0.012195
