0.50
0.009901
0.009901
0.009901
0.009901
0.009901
0.009901
0.009901
0.009901
0.009901
0.009901
0.009901
0.009901
0.009901
0.009901
0.009901
0.009901
0.009901
0.009901
0.009901
0.009901
0.009901
0.009901
0.009901
0.009901
0.009901
0.009901
0.009901
0.009901
0.009901
0.009901
0.009901
0.009901
0.009901
0.009901
0.009901
0.009901
0.009901
0.009901
0.009901
0.009901
0.009901
0.009901
0.009901
0.009901
0.009901
0.009901
0.009901
0.009901
0.009901
0.009901
0.009901
0.009901
0.009901
0.009901
0.009901
0.009901
0.009901
0.009901
0.009901
0.009901
0.009901
0.009901
0.009901
0.009901
0.009901
0.009901
0.009901
0.009901
0.009901
0.009901
0.009901
0.009901
0.009901
0.009901
0.009901
0.009901
0.009901
0.009901
0.009901
0.009901
0.009901
0.009901
0.009901
0.009901
0.009901
0.009901
0.009901
0.009901
0.009901
0.009901
0.009901
0.009901
0.009901
0.009901
0.009901
0.009901
0.009901
0.009901
0.009901
0.009901
0.009901
