0.50
0.009259
0.009259
0.009259
0.009259
0.009259
0.009259
0.009259
0.009259
0.009259
0.009259
0.009259
0.009259
0.009259
0.009259
0.009259
0.009259
0.009259
0.009259
0.009259
0.009259
0.009259
0.009259
0.009259
0.009259
0.009259
0.009259
0.009259
0.009259
0.009259
0.009259
0.009259
0.009259
0.009259
0.009259
0.009259
0.009259
0.009259
0.009259
0.009259
0.009259
0.009259
0.009259
0.009259
0.009259
0.009259
0.009259
0.009259
0.009259
0.009259
0.009259
0.009259
0.009259
0.009259
0.009259
0.009259
0.009259
0.009259
0.009259
0.009259
0.009259
0.009259
0.009259
0.009259
0.009259
0.009259
0.009259
0.009259
0.009259
0.009259
0.009259
0.009259
0.009259
0.009259
0.009259
0.009259
0.009259
0.009259
0.009259
0.009259
0.009259
0.009259
0.009259
0.009259
0.009259
0.009259
0.009259
0.009259
0.009259
0.009259
0.009259
0.009259
0.009259
0.009259
0.009259
0.009259
0.009259
0.009259
0.009259
0.009259
0.009259
0.009259
0.009259
0.009259
0.009259
0.009259
0.009259
0.009259
0.009259
