0.50
0.007246
0.007246
0.007246
0.007246
0.007246
0.007246
0.007246
0.007246
0.007246
0.007246
0.007246
0.007246
0.007246
0.007246
0.007246
0.007246
0.007246
0.007246
0.007246
0.007246
0.007246
0.007246
0.007246
0.007246
0.007246
0.007246
0.007246
0.007246
0.007246
0.007246
0.007246
0.007246
0.007246
0.007246
0.007246
0.007246
0.007246
0.007246
0.007246
0.007246
0.007246
0.007246
0.007246
0.007246
0.007246
0.007246
0.007246
0.007246
0.007246
0.007246
0.007246
0.007246
0.007246
0.007246
0.007246
0.007246
0.007246
0.007246
0.007246
0.007246
0.007246
0.007246
0.007246
0.007246
0.007246
0.007246
0.007246
0.007246
0.007246
0.007246
0.007246
0.007246
0.007246
0.007246
0.007246
0.007246
0.007246
0.007246
0.007246
0.007246
0.007246
0.007246
0.007246
0.007246
0.007246
0.007246
0.007246
0.007246
0.007246
0.007246
0.007246
0.007246
0.007246
0.007246
0.007246
0.007246
0.007246
0.007246
0.007246
0.007246
0.007246
0.007246
0.007246
0.007246
0.007246
0.007246
0.007246
0.007246
0.007246
0.007246
0.007246
0.007246
0.007246
0.007246
0.007246
0.007246
0.007246
0.007246
0.007246
0.007246
0.007246
0.007246
0.007246
0.007246
0.007246
0.007246
0.007246
0.007246
0.007246
0.007246
0.007246
0.007246
0.007246
0.007246
0.007246
0.007246
0.007246
0.007246
