0.50
0.012658
0.012658
0.012658
0.012658
0.012658
0.012658
0.012658
0.012658
0.012658
0.012658
0.012658
0.012658
0.012658
0.012658
0.012658
0.012658
0.012658
0.012658
0.012658
0.012658
0.012658
0.012658
0.012658
0.012658
0.012658
0.012658
0.012658
0.012658
0.012658
0.012658
0.012658
0.012658
0.012658
0.012658
0.012658
0.012658
0.012658
0.012658
0.012658
0.012658
0.012658
0.012658
0.012658
0.012658
0.012658
0.012658
0.012658
0.012658
0.012658
0.012658
0.012658
0.012658
0.012658
0.012658
0.012658
0.012658
0.012658
0.012658
0.012658
0.012658
0.012658
0.012658
0.012658
0.012658
0.012658
0.012658
0.012658
0.012658
0.012658
0.012658
0.012658
0.012658
0.012658
0.012658
0.012658
0.012658
0.012658
0.012658
0.012658
