0.50
0.007092
0.007092
0.007092
0.007092
0.007092
0.007092
0.007092
0.007092
0.007092
0.007092
0.007092
0.007092
0.007092
0.007092
0.007092
0.007092
0.007092
0.007092
0.007092
0.007092
0.007092
0.007092
0.007092
0.007092
0.007092
0.007092
0.007092
0.007092
0.007092
0.007092
0.007092
0.007092
0.007092
0.007092
0.007092
0.007092
0.007092
0.007092
0.007092
0.007092
0.007092
0.007092
0.007092
0.007092
0.007092
0.007092
0.007092
0.007092
0.007092
0.007092
0.007092
0.007092
0.007092
0.007092
0.007092
0.007092
0.007092
0.007092
0.007092
0.007092
0.007092
0.007092
0.007092
0.007092
0.007092
0.007092
0.007092
0.007092
0.007092
0.007092
0.007092
0.007092
0.007092
0.007092
0.007092
0.007092
0.007092
0.007092
0.007092
0.007092
0.007092
0.007092
0.007092
0.007092
0.007092
0.007092
0.007092
0.007092
0.007092
0.007092
0.007092
0.007092
0.007092
0.007092
0.007092
0.007092
0.007092
0.007092
0.007092
0.007092
0.007092
0.007092
0.007092
0.007092
0.007092
0.007092
0.007092
0.007092
0.007092
0.007092
0.007092
0.007092
0.007092
0.007092
0.007092
0.007092
0.007092
0.007092
0.007092
0.007092
0.007092
0.007092
0.007092
0.007092
0.007092
0.007092
0.007092
0.007092
0.007092
0.007092
0.007092
0.007092
0.007092
0.007092
0.007092
0.007092
0.007092
0.007092
0.007092
0.007092
0.007092
