0.50
0.014706
0.014706
0.014706
0.014706
0.014706
0.014706
0.014706
0.014706
0.014706
0.014706
0.014706
0.014706
0.014706
0.014706
0.014706
0.014706
0.014706
0.014706
0.014706
0.014706
0.014706
0.014706
0.014706
0.014706
0.014706
0.014706
0.014706
0.014706
0.014706
0.014706
0.014706
0.014706
0.014706
0.014706
0.014706
0.014706
0.014706
0.014706
0.014706
0.014706
0.014706
0.014706
0.014706
0.014706
0.014706
0.014706
0.014706
0.014706
0.014706
0.014706
0.014706
0.014706
0.014706
0.014706
0.014706
0.014706
0.014706
0.014706
0.014706
0.014706
0.014706
0.014706
0.014706
0.014706
0.014706
0.014706
0.014706
0.014706
