0.50
0.008475
0.008475
0.008475
0.008475
0.008475
0.008475
0.008475
0.008475
0.008475
0.008475
0.008475
0.008475
0.008475
0.008475
0.008475
0.008475
0.008475
0.008475
0.008475
0.008475
0.008475
0.008475
0.008475
0.008475
0.008475
0.008475
0.008475
0.008475
0.008475
0.008475
0.008475
0.008475
0.008475
0.008475
0.008475
0.008475
0.008475
0.008475
0.008475
0.008475
0.008475
0.008475
0.008475
0.008475
0.008475
0.008475
0.008475
0.008475
0.008475
0.008475
0.008475
0.008475
0.008475
0.008475
0.008475
0.008475
0.008475
0.008475
0.008475
0.008475
0.008475
0.008475
0.008475
0.008475
0.008475
0.008475
0.008475
0.008475
0.008475
0.008475
0.008475
0.008475
0.008475
0.008475
0.008475
0.008475
0.008475
0.008475
0.008475
0.008475
0.008475
0.008475
0.008475
0.008475
0.008475
0.008475
0.008475
0.008475
0.008475
0.008475
0.008475
0.008475
0.008475
0.008475
0.008475
0.008475
0.008475
0.008475
0.008475
0.008475
0.008475
0.008475
0.008475
0.008475
0.008475
0.008475
0.008475
0.008475
0.008475
0.008475
0.008475
0.008475
0.008475
0.008475
0.008475
0.008475
0.008475
0.008475
