0.50
0.015385
0.015385
0.015385
0.015385
0.015385
0.015385
0.015385
0.015385
0.015385
0.015385
0.015385
0.015385
0.015385
0.015385
0.015385
0.015385
0.015385
0.015385
0.015385
0.015385
0.015385
0.015385
0.015385
0.015385
0.015385
0.015385
0.015385
0.015385
0.015385
0.015385
0.015385
0.015385
0.015385
0.015385
0.015385
0.015385
0.015385
0.015385
0.015385
0.015385
0.015385
0.015385
0.015385
0.015385
0.015385
0.015385
0.015385
0.015385
0.015385
0.015385
0.015385
0.015385
0.015385
0.015385
0.015385
0.015385
0.015385
0.015385
0.015385
0.015385
0.015385
0.015385
0.015385
0.015385
0.015385
