0.50
0.010870
0.010870
0.010870
0.010870
0.010870
0.010870
0.010870
0.010870
0.010870
0.010870
0.010870
0.010870
0.010870
0.010870
0.010870
0.010870
0.010870
0.010870
0.010870
0.010870
0.010870
0.010870
0.010870
0.010870
0.010870
0.010870
0.010870
0.010870
0.010870
0.010870
0.010870
0.010870
0.010870
0.010870
0.010870
0.010870
0.010870
0.010870
0.010870
0.010870
0.010870
0.010870
0.010870
0.010870
0.010870
0.010870
0.010870
0.010870
0.010870
0.010870
0.010870
0.010870
0.010870
0.010870
0.010870
0.010870
0.010870
0.010870
0.010870
0.010870
0.010870
0.010870
0.010870
0.010870
0.010870
0.010870
0.010870
0.010870
0.010870
0.010870
0.010870
0.010870
0.010870
0.010870
0.010870
0.010870
0.010870
0.010870
0.010870
0.010870
0.010870
0.010870
0.010870
0.010870
0.010870
0.010870
0.010870
0.010870
0.010870
0.010870
0.010870
0.010870
