0.50
0.014286
0.014286
0.014286
0.014286
0.014286
0.014286
0.014286
0.014286
0.014286
0.014286
0.014286
0.014286
0.014286
0.014286
0.014286
0.014286
0.014286
0.014286
0.014286
0.014286
0.014286
0.014286
0.014286
0.014286
0.014286
0.014286
0.014286
0.014286
0.014286
0.014286
0.014286
0.014286
0.014286
0.014286
0.014286
0.014286
0.014286
0.014286
0.014286
0.014286
0.014286
0.014286
0.014286
0.014286
0.014286
0.014286
0.014286
0.014286
0.014286
0.014286
0.014286
0.014286
0.014286
0.014286
0.014286
0.014286
0.014286
0.014286
0.014286
0.014286
0.014286
0.014286
0.014286
0.014286
0.014286
0.014286
0.014286
0.014286
0.014286
0.014286
