0.50
0.008696
0.008696
0.008696
0.008696
0.008696
0.008696
0.008696
0.008696
0.008696
0.008696
0.008696
0.008696
0.008696
0.008696
0.008696
0.008696
0.008696
0.008696
0.008696
0.008696
0.008696
0.008696
0.008696
0.008696
0.008696
0.008696
0.008696
0.008696
0.008696
0.008696
0.008696
0.008696
0.008696
0.008696
0.008696
0.008696
0.008696
0.008696
0.008696
0.008696
0.008696
0.008696
0.008696
0.008696
0.008696
0.008696
0.008696
0.008696
0.008696
0.008696
0.008696
0.008696
0.008696
0.008696
0.008696
0.008696
0.008696
0.008696
0.008696
0.008696
0.008696
0.008696
0.008696
0.008696
0.008696
0.008696
0.008696
0.008696
0.008696
0.008696
0.008696
0.008696
0.008696
0.008696
0.008696
0.008696
0.008696
0.008696
0.008696
0.008696
0.008696
0.008696
0.008696
0.008696
0.008696
0.008696
0.008696
0.008696
0.008696
0.008696
0.008696
0.008696
0.008696
0.008696
0.008696
0.008696
0.008696
0.008696
0.008696
0.008696
0.008696
0.008696
0.008696
0.008696
0.008696
0.008696
0.008696
0.008696
0.008696
0.008696
0.008696
0.008696
0.008696
0.008696
0.008696
