0.50
0.007353
0.007353
0.007353
0.007353
0.007353
0.007353
0.007353
0.007353
0.007353
0.007353
0.007353
0.007353
0.007353
0.007353
0.007353
0.007353
0.007353
0.007353
0.007353
0.007353
0.007353
0.007353
0.007353
0.007353
0.007353
0.007353
0.007353
0.007353
0.007353
0.007353
0.007353
0.007353
0.007353
0.007353
0.007353
0.007353
0.007353
0.007353
0.007353
0.007353
0.007353
0.007353
0.007353
0.007353
0.007353
0.007353
0.007353
0.007353
0.007353
0.007353
0.007353
0.007353
0.007353
0.007353
0.007353
0.007353
0.007353
0.007353
0.007353
0.007353
0.007353
0.007353
0.007353
0.007353
0.007353
0.007353
0.007353
0.007353
0.007353
0.007353
0.007353
0.007353
0.007353
0.007353
0.007353
0.007353
0.007353
0.007353
0.007353
0.007353
0.007353
0.007353
0.007353
0.007353
0.007353
0.007353
0.007353
0.007353
0.007353
0.007353
0.007353
0.007353
0.007353
0.007353
0.007353
0.007353
0.007353
0.007353
0.007353
0.007353
0.007353
0.007353
0.007353
0.007353
0.007353
0.007353
0.007353
0.007353
0.007353
0.007353
0.007353
0.007353
0.007353
0.007353
0.007353
0.007353
0.007353
0.007353
0.007353
0.007353
0.007353
0.007353
0.007353
0.007353
0.007353
0.007353
0.007353
0.007353
0.007353
0.007353
0.007353
0.007353
0.007353
0.007353
0.007353
0.007353
