0.50
0.010989
0.010989
0.010989
0.010989
0.010989
0.010989
0.010989
0.010989
0.010989
0.010989
0.010989
0.010989
0.010989
0.010989
0.010989
0.010989
0.010989
0.010989
0.010989
0.010989
0.010989
0.010989
0.010989
0.010989
0.010989
0.010989
0.010989
0.010989
0.010989
0.010989
0.010989
0.010989
0.010989
0.010989
0.010989
0.010989
0.010989
0.010989
0.010989
0.010989
0.010989
0.010989
0.010989
0.010989
0.010989
0.010989
0.010989
0.010989
0.010989
0.010989
0.010989
0.010989
0.010989
0.010989
0.010989
0.010989
0.010989
0.010989
0.010989
0.010989
0.010989
0.010989
0.010989
0.010989
0.010989
0.010989
0.010989
0.010989
0.010989
0.010989
0.010989
0.010989
0.010989
0.010989
0.010989
0.010989
0.010989
0.010989
0.010989
0.010989
0.010989
0.010989
0.010989
0.010989
0.010989
0.010989
0.010989
0.010989
0.010989
0.010989
0.010989
