0.50
0.014493
0.014493
0.014493
0.014493
0.014493
0.014493
0.014493
0.014493
0.014493
0.014493
0.014493
0.014493
0.014493
0.014493
0.014493
0.014493
0.014493
0.014493
0.014493
0.014493
0.014493
0.014493
0.014493
0.014493
0.014493
0.014493
0.014493
0.014493
0.014493
0.014493
0.014493
0.014493
0.014493
0.014493
0.014493
0.014493
0.014493
0.014493
0.014493
0.014493
0.014493
0.014493
0.014493
0.014493
0.014493
0.014493
0.014493
0.014493
0.014493
0.014493
0.014493
0.014493
0.014493
0.014493
0.014493
0.014493
0.014493
0.014493
0.014493
0.014493
0.014493
0.014493
0.014493
0.014493
0.014493
0.014493
0.014493
0.014493
0.014493
