0.50
0.008547
0.008547
0.008547
0.008547
0.008547
0.008547
0.008547
0.008547
0.008547
0.008547
0.008547
0.008547
0.008547
0.008547
0.008547
0.008547
0.008547
0.008547
0.008547
0.008547
0.008547
0.008547
0.008547
0.008547
0.008547
0.008547
0.008547
0.008547
0.008547
0.008547
0.008547
0.008547
0.008547
0.008547
0.008547
0.008547
0.008547
0.008547
0.008547
0.008547
0.008547
0.008547
0.008547
0.008547
0.008547
0.008547
0.008547
0.008547
0.008547
0.008547
0.008547
0.008547
0.008547
0.008547
0.008547
0.008547
0.008547
0.008547
0.008547
0.008547
0.008547
0.008547
0.008547
0.008547
0.008547
0.008547
0.008547
0.008547
0.008547
0.008547
0.008547
0.008547
0.008547
0.008547
0.008547
0.008547
0.008547
0.008547
0.008547
0.008547
0.008547
0.008547
0.008547
0.008547
0.008547
0.008547
0.008547
0.008547
0.008547
0.008547
0.008547
0.008547
0.008547
0.008547
0.008547
0.008547
0.008547
0.008547
0.008547
0.008547
0.008547
0.008547
0.008547
0.008547
0.008547
0.008547
0.008547
0.008547
0.008547
0.008547
0.008547
0.008547
0.008547
0.008547
0.008547
0.008547
0.008547
