0.50
0.010638
0.010638
0.010638
0.010638
0.010638
0.010638
0.010638
0.010638
0.010638
0.010638
0.010638
0.010638
0.010638
0.010638
0.010638
0.010638
0.010638
0.010638
0.010638
0.010638
0.010638
0.010638
0.010638
0.010638
0.010638
0.010638
0.010638
0.010638
0.010638
0.010638
0.010638
0.010638
0.010638
0.010638
0.010638
0.010638
0.010638
0.010638
0.010638
0.010638
0.010638
0.010638
0.010638
0.010638
0.010638
0.010638
0.010638
0.010638
0.010638
0.010638
0.010638
0.010638
0.010638
0.010638
0.010638
0.010638
0.010638
0.010638
0.010638
0.010638
0.010638
0.010638
0.010638
0.010638
0.010638
0.010638
0.010638
0.010638
0.010638
0.010638
0.010638
0.010638
0.010638
0.010638
0.010638
0.010638
0.010638
0.010638
0.010638
0.010638
0.010638
0.010638
0.010638
0.010638
0.010638
0.010638
0.010638
0.010638
0.010638
0.010638
0.010638
0.010638
0.010638
0.010638
