0.50
0.011765
0.011765
0.011765
0.011765
0.011765
0.011765
0.011765
0.011765
0.011765
0.011765
0.011765
0.011765
0.011765
0.011765
0.011765
0.011765
0.011765
0.011765
0.011765
0.011765
0.011765
0.011765
0.011765
0.011765
0.011765
0.011765
0.011765
0.011765
0.011765
0.011765
0.011765
0.011765
0.011765
0.011765
0.011765
0.011765
0.011765
0.011765
0.011765
0.011765
0.011765
0.011765
0.011765
0.011765
0.011765
0.011765
0.011765
0.011765
0.011765
0.011765
0.011765
0.011765
0.011765
0.011765
0.011765
0.011765
0.011765
0.011765
0.011765
0.011765
0.011765
0.011765
0.011765
0.011765
0.011765
0.011765
0.011765
0.011765
0.011765
0.011765
0.011765
0.011765
0.011765
0.011765
0.011765
0.011765
0.011765
0.011765
0.011765
0.011765
0.011765
0.011765
0.011765
0.011765
0.011765
