0.50
0.006849
0.006849
0.006849
0.006849
0.006849
0.006849
0.006849
0.006849
0.006849
0.006849
0.006849
0.006849
0.006849
0.006849
0.006849
0.006849
0.006849
0.006849
0.006849
0.006849
0.006849
0.006849
0.006849
0.006849
0.006849
0.006849
0.006849
0.006849
0.006849
0.006849
0.006849
0.006849
0.006849
0.006849
0.006849
0.006849
0.006849
0.006849
0.006849
0.006849
0.006849
0.006849
0.006849
0.006849
0.006849
0.006849
0.006849
0.006849
0.006849
0.006849
0.006849
0.006849
0.006849
0.006849
0.006849
0.006849
0.006849
0.006849
0.006849
0.006849
0.006849
0.006849
0.006849
0.006849
0.006849
0.006849
0.006849
0.006849
0.006849
0.006849
0.006849
0.006849
0.006849
0.006849
0.006849
0.006849
0.006849
0.006849
0.006849
0.006849
0.006849
0.006849
0.006849
0.006849
0.006849
0.006849
0.006849
0.006849
0.006849
0.006849
0.006849
0.006849
0.006849
0.006849
0.006849
0.006849
0.006849
0.006849
0.006849
0.006849
0.006849
0.006849
0.006849
0.006849
0.006849
0.006849
0.006849
0.006849
0.006849
0.006849
0.006849
0.006849
0.006849
0.006849
0.006849
0.006849
0.006849
0.006849
0.006849
0.006849
0.006849
0.006849
0.006849
0.006849
0.006849
0.006849
0.006849
0.006849
0.006849
0.006849
0.006849
0.006849
0.006849
0.006849
0.006849
0.006849
0.006849
0.006849
0.006849
0.006849
0.006849
0.006849
0.006849
0.006849
0.006849
0.006849
