0.50
0.008197
0.008197
0.008197
0.008197
0.008197
0.008197
0.008197
0.008197
0.008197
0.008197
0.008197
0.008197
0.008197
0.008197
0.008197
0.008197
0.008197
0.008197
0.008197
0.008197
0.008197
0.008197
0.008197
0.008197
0.008197
0.008197
0.008197
0.008197
0.008197
0.008197
0.008197
0.008197
0.008197
0.008197
0.008197
0.008197
0.008197
0.008197
0.008197
0.008197
0.008197
0.008197
0.008197
0.008197
0.008197
0.008197
0.008197
0.008197
0.008197
0.008197
0.008197
0.008197
0.008197
0.008197
0.008197
0.008197
0.008197
0.008197
0.008197
0.008197
0.008197
0.008197
0.008197
0.008197
0.008197
0.008197
0.008197
0.008197
0.008197
0.008197
0.008197
0.008197
0.008197
0.008197
0.008197
0.008197
0.008197
0.008197
0.008197
0.008197
0.008197
0.008197
0.008197
0.008197
0.008197
0.008197
0.008197
0.008197
0.008197
0.008197
0.008197
0.008197
0.008197
0.008197
0.008197
0.008197
0.008197
0.008197
0.008197
0.008197
0.008197
0.008197
0.008197
0.008197
0.008197
0.008197
0.008197
0.008197
0.008197
0.008197
0.008197
0.008197
0.008197
0.008197
0.008197
0.008197
0.008197
0.008197
0.008197
0.008197
0.008197
0.008197
