0.50
0.009091
0.009091
0.009091
0.009091
0.009091
0.009091
0.009091
0.009091
0.009091
0.009091
0.009091
0.009091
0.009091
0.009091
0.009091
0.009091
0.009091
0.009091
0.009091
0.009091
0.009091
0.009091
0.009091
0.009091
0.009091
0.009091
0.009091
0.009091
0.009091
0.009091
0.009091
0.009091
0.009091
0.009091
0.009091
0.009091
0.009091
0.009091
0.009091
0.009091
0.009091
0.009091
0.009091
0.009091
0.009091
0.009091
0.009091
0.009091
0.009091
0.009091
0.009091
0.009091
0.009091
0.009091
0.009091
0.009091
0.009091
0.009091
0.009091
0.009091
0.009091
0.009091
0.009091
0.009091
0.009091
0.009091
0.009091
0.009091
0.009091
0.009091
0.009091
0.009091
0.009091
0.009091
0.009091
0.009091
0.009091
0.009091
0.009091
0.009091
0.009091
0.009091
0.009091
0.009091
0.009091
0.009091
0.009091
0.009091
0.009091
0.009091
0.009091
0.009091
0.009091
0.009091
0.009091
0.009091
0.009091
0.009091
0.009091
0.009091
0.009091
0.009091
0.009091
0.009091
0.009091
0.009091
0.009091
0.009091
0.009091
0.009091
