0.50
0.007299
0.007299
0.007299
0.007299
0.007299
0.007299
0.007299
0.007299
0.007299
0.007299
0.007299
0.007299
0.007299
0.007299
0.007299
0.007299
0.007299
0.007299
0.007299
0.007299
0.007299
0.007299
0.007299
0.007299
0.007299
0.007299
0.007299
0.007299
0.007299
0.007299
0.007299
0.007299
0.007299
0.007299
0.007299
0.007299
0.007299
0.007299
0.007299
0.007299
0.007299
0.007299
0.007299
0.007299
0.007299
0.007299
0.007299
0.007299
0.007299
0.007299
0.007299
0.007299
0.007299
0.007299
0.007299
0.007299
0.007299
0.007299
0.007299
0.007299
0.007299
0.007299
0.007299
0.007299
0.007299
0.007299
0.007299
0.007299
0.007299
0.007299
0.007299
0.007299
0.007299
0.007299
0.007299
0.007299
0.007299
0.007299
0.007299
0.007299
0.007299
0.007299
0.007299
0.007299
0.007299
0.007299
0.007299
0.007299
0.007299
0.007299
0.007299
0.007299
0.007299
0.007299
0.007299
0.007299
0.007299
0.007299
0.007299
0.007299
0.007299
0.007299
0.007299
0.007299
0.007299
0.007299
0.007299
0.007299
0.007299
0.007299
0.007299
0.007299
0.007299
0.007299
0.007299
0.007299
0.007299
0.007299
0.007299
0.007299
0.007299
0.007299
0.007299
0.007299
0.007299
0.007299
0.007299
0.007299
0.007299
0.007299
0.007299
0.007299
0.007299
0.007299
0.007299
0.007299
0.007299
