0.50
0.016949
0.016949
0.016949
0.016949
0.016949
0.016949
0.016949
0.016949
0.016949
0.016949
0.016949
0.016949
0.016949
0.016949
0.016949
0.016949
0.016949
0.016949
0.016949
0.016949
0.016949
0.016949
0.016949
0.016949
0.016949
0.016949
0.016949
0.016949
0.016949
0.016949
0.016949
0.016949
0.016949
0.016949
0.016949
0.016949
0.016949
0.016949
0.016949
0.016949
0.016949
0.016949
0.016949
0.016949
0.016949
0.016949
0.016949
0.016949
0.016949
0.016949
0.016949
0.016949
0.016949
0.016949
0.016949
0.016949
0.016949
0.016949
0.016949
