0.50
0.009174
0.009174
0.009174
0.009174
0.009174
0.009174
0.009174
0.009174
0.009174
0.009174
0.009174
0.009174
0.009174
0.009174
0.009174
0.009174
0.009174
0.009174
0.009174
0.009174
0.009174
0.009174
0.009174
0.009174
0.009174
0.009174
0.009174
0.009174
0.009174
0.009174
0.009174
0.009174
0.009174
0.009174
0.009174
0.009174
0.009174
0.009174
0.009174
0.009174
0.009174
0.009174
0.009174
0.009174
0.009174
0.009174
0.009174
0.009174
0.009174
0.009174
0.009174
0.009174
0.009174
0.009174
0.009174
0.009174
0.009174
0.009174
0.009174
0.009174
0.009174
0.009174
0.009174
0.009174
0.009174
0.009174
0.009174
0.009174
0.009174
0.009174
0.009174
0.009174
0.009174
0.009174
0.009174
0.009174
0.009174
0.009174
0.009174
0.009174
0.009174
0.009174
0.009174
0.009174
0.009174
0.009174
0.009174
0.009174
0.009174
0.009174
0.009174
0.009174
0.009174
0.009174
0.009174
0.009174
0.009174
0.009174
0.009174
0.009174
0.009174
0.009174
0.009174
0.009174
0.009174
0.009174
0.009174
0.009174
0.009174
