0.50
0.010526
0.010526
0.010526
0.010526
0.010526
0.010526
0.010526
0.010526
0.010526
0.010526
0.010526
0.010526
0.010526
0.010526
0.010526
0.010526
0.010526
0.010526
0.010526
0.010526
0.010526
0.010526
0.010526
0.010526
0.010526
0.010526
0.010526
0.010526
0.010526
0.010526
0.010526
0.010526
0.010526
0.010526
0.010526
0.010526
0.010526
0.010526
0.010526
0.010526
0.010526
0.010526
0.010526
0.010526
0.010526
0.010526
0.010526
0.010526
0.010526
0.010526
0.010526
0.010526
0.010526
0.010526
0.010526
0.010526
0.010526
0.010526
0.010526
0.010526
0.010526
0.010526
0.010526
0.010526
0.010526
0.010526
0.010526
0.010526
0.010526
0.010526
0.010526
0.010526
0.010526
0.010526
0.010526
0.010526
0.010526
0.010526
0.010526
0.010526
0.010526
0.010526
0.010526
0.010526
0.010526
0.010526
0.010526
0.010526
0.010526
0.010526
0.010526
0.010526
0.010526
0.010526
0.010526
