0.50
0.006897
0.006897
0.006897
0.006897
0.006897
0.006897
0.006897
0.006897
0.006897
0.006897
0.006897
0.006897
0.006897
0.006897
0.006897
0.006897
0.006897
0.006897
0.006897
0.006897
0.006897
0.006897
0.006897
0.006897
0.006897
0.006897
0.006897
0.006897
0.006897
0.006897
0.006897
0.006897
0.006897
0.006897
0.006897
0.006897
0.006897
0.006897
0.006897
0.006897
0.006897
0.006897
0.006897
0.006897
0.006897
0.006897
0.006897
0.006897
0.006897
0.006897
0.006897
0.006897
0.006897
0.006897
0.006897
0.006897
0.006897
0.006897
0.006897
0.006897
0.006897
0.006897
0.006897
0.006897
0.006897
0.006897
0.006897
0.006897
0.006897
0.006897
0.006897
0.006897
0.006897
0.006897
0.006897
0.006897
0.006897
0.006897
0.006897
0.006897
0.006897
0.006897
0.006897
0.006897
0.006897
0.006897
0.006897
0.006897
0.006897
0.006897
0.006897
0.006897
0.006897
0.006897
0.006897
0.006897
0.006897
0.006897
0.006897
0.006897
0.006897
0.006897
0.006897
0.006897
0.006897
0.006897
0.006897
0.006897
0.006897
0.006897
0.006897
0.006897
0.006897
0.006897
0.006897
0.006897
0.006897
0.006897
0.006897
0.006897
0.006897
0.006897
0.006897
0.006897
0.006897
0.006897
0.006897
0.006897
0.006897
0.006897
0.006897
0.006897
0.006897
0.006897
0.006897
0.006897
0.006897
0.006897
0.006897
0.006897
0.006897
0.006897
0.006897
0.006897
0.006897
