0.50
0.011628
0.011628
0.011628
0.011628
0.011628
0.011628
0.011628
0.011628
0.011628
0.011628
0.011628
0.011628
0.011628
0.011628
0.011628
0.011628
0.011628
0.011628
0.011628
0.011628
0.011628
0.011628
0.011628
0.011628
0.011628
0.011628
0.011628
0.011628
0.011628
0.011628
0.011628
0.011628
0.011628
0.011628
0.011628
0.011628
0.011628
0.011628
0.011628
0.011628
0.011628
0.011628
0.011628
0.011628
0.011628
0.011628
0.011628
0.011628
0.011628
0.011628
0.011628
0.011628
0.011628
0.011628
0.011628
0.011628
0.011628
0.011628
0.011628
0.011628
0.011628
0.011628
0.011628
0.011628
0.011628
0.011628
0.011628
0.011628
0.011628
0.011628
0.011628
0.011628
0.011628
0.011628
0.011628
0.011628
0.011628
0.011628
0.011628
0.011628
0.011628
0.011628
0.011628
0.011628
0.011628
0.011628
