0.50
0.010101
0.010101
0.010101
0.010101
0.010101
0.010101
0.010101
0.010101
0.010101
0.010101
0.010101
0.010101
0.010101
0.010101
0.010101
0.010101
0.010101
0.010101
0.010101
0.010101
0.010101
0.010101
0.010101
0.010101
0.010101
0.010101
0.010101
0.010101
0.010101
0.010101
0.010101
0.010101
0.010101
0.010101
0.010101
0.010101
0.010101
0.010101
0.010101
0.010101
0.010101
0.010101
0.010101
0.010101
0.010101
0.010101
0.010101
0.010101
0.010101
0.010101
0.010101
0.010101
0.010101
0.010101
0.010101
0.010101
0.010101
0.010101
0.010101
0.010101
0.010101
0.010101
0.010101
0.010101
0.010101
0.010101
0.010101
0.010101
0.010101
0.010101
0.010101
0.010101
0.010101
0.010101
0.010101
0.010101
0.010101
0.010101
0.010101
0.010101
0.010101
0.010101
0.010101
0.010101
0.010101
0.010101
0.010101
0.010101
0.010101
0.010101
0.010101
0.010101
0.010101
0.010101
0.010101
0.010101
0.010101
0.010101
0.010101
