0.50
0.010753
0.010753
0.010753
0.010753
0.010753
0.010753
0.010753
0.010753
0.010753
0.010753
0.010753
0.010753
0.010753
0.010753
0.010753
0.010753
0.010753
0.010753
0.010753
0.010753
0.010753
0.010753
0.010753
0.010753
0.010753
0.010753
0.010753
0.010753
0.010753
0.010753
0.010753
0.010753
0.010753
0.010753
0.010753
0.010753
0.010753
0.010753
0.010753
0.010753
0.010753
0.010753
0.010753
0.010753
0.010753
0.010753
0.010753
0.010753
0.010753
0.010753
0.010753
0.010753
0.010753
0.010753
0.010753
0.010753
0.010753
0.010753
0.010753
0.010753
0.010753
0.010753
0.010753
0.010753
0.010753
0.010753
0.010753
0.010753
0.010753
0.010753
0.010753
0.010753
0.010753
0.010753
0.010753
0.010753
0.010753
0.010753
0.010753
0.010753
0.010753
0.010753
0.010753
0.010753
0.010753
0.010753
0.010753
0.010753
0.010753
0.010753
0.010753
0.010753
0.010753
