0.50
0.007692
0.007692
0.007692
0.007692
0.007692
0.007692
0.007692
0.007692
0.007692
0.007692
0.007692
0.007692
0.007692
0.007692
0.007692
0.007692
0.007692
0.007692
0.007692
0.007692
0.007692
0.007692
0.007692
0.007692
0.007692
0.007692
0.007692
0.007692
0.007692
0.007692
0.007692
0.007692
0.007692
0.007692
0.007692
0.007692
0.007692
0.007692
0.007692
0.007692
0.007692
0.007692
0.007692
0.007692
0.007692
0.007692
0.007692
0.007692
0.007692
0.007692
0.007692
0.007692
0.007692
0.007692
0.007692
0.007692
0.007692
0.007692
0.007692
0.007692
0.007692
0.007692
0.007692
0.007692
0.007692
0.007692
0.007692
0.007692
0.007692
0.007692
0.007692
0.007692
0.007692
0.007692
0.007692
0.007692
0.007692
0.007692
0.007692
0.007692
0.007692
0.007692
0.007692
0.007692
0.007692
0.007692
0.007692
0.007692
0.007692
0.007692
0.007692
0.007692
0.007692
0.007692
0.007692
0.007692
0.007692
0.007692
0.007692
0.007692
0.007692
0.007692
0.007692
0.007692
0.007692
0.007692
0.007692
0.007692
0.007692
0.007692
0.007692
0.007692
0.007692
0.007692
0.007692
0.007692
0.007692
0.007692
0.007692
0.007692
0.007692
0.007692
0.007692
0.007692
0.007692
0.007692
0.007692
0.007692
0.007692
0.007692
