0.50
0.007937
0.007937
0.007937
0.007937
0.007937
0.007937
0.007937
0.007937
0.007937
0.007937
0.007937
0.007937
0.007937
0.007937
0.007937
0.007937
0.007937
0.007937
0.007937
0.007937
0.007937
0.007937
0.007937
0.007937
0.007937
0.007937
0.007937
0.007937
0.007937
0.007937
0.007937
0.007937
0.007937
0.007937
0.007937
0.007937
0.007937
0.007937
0.007937
0.007937
0.007937
0.007937
0.007937
0.007937
0.007937
0.007937
0.007937
0.007937
0.007937
0.007937
0.007937
0.007937
0.007937
0.007937
0.007937
0.007937
0.007937
0.007937
0.007937
0.007937
0.007937
0.007937
0.007937
0.007937
0.007937
0.007937
0.007937
0.007937
0.007937
0.007937
0.007937
0.007937
0.007937
0.007937
0.007937
0.007937
0.007937
0.007937
0.007937
0.007937
0.007937
0.007937
0.007937
0.007937
0.007937
0.007937
0.007937
0.007937
0.007937
0.007937
0.007937
0.007937
0.007937
0.007937
0.007937
0.007937
0.007937
0.007937
0.007937
0.007937
0.007937
0.007937
0.007937
0.007937
0.007937
0.007937
0.007937
0.007937
0.007937
0.007937
0.007937
0.007937
0.007937
0.007937
0.007937
0.007937
0.007937
0.007937
0.007937
0.007937
0.007937
0.007937
0.007937
0.007937
0.007937
0.007937
