0.50
0.009524
0.009524
0.009524
0.009524
0.009524
0.009524
0.009524
0.009524
0.009524
0.009524
0.009524
0.009524
0.009524
0.009524
0.009524
0.009524
0.009524
0.009524
0.009524
0.009524
0.009524
0.009524
0.009524
0.009524
0.009524
0.009524
0.009524
0.009524
0.009524
0.009524
0.009524
0.009524
0.009524
0.009524
0.009524
0.009524
0.009524
0.009524
0.009524
0.009524
0.009524
0.009524
0.009524
0.009524
0.009524
0.009524
0.009524
0.009524
0.009524
0.009524
0.009524
0.009524
0.009524
0.009524
0.009524
0.009524
0.009524
0.009524
0.009524
0.009524
0.009524
0.009524
0.009524
0.009524
0.009524
0.009524
0.009524
0.009524
0.009524
0.009524
0.009524
0.009524
0.009524
0.009524
0.009524
0.009524
0.009524
0.009524
0.009524
0.009524
0.009524
0.009524
0.009524
0.009524
0.009524
0.009524
0.009524
0.009524
0.009524
0.009524
0.009524
0.009524
0.009524
0.009524
0.009524
0.009524
0.009524
0.009524
0.009524
0.009524
0.009524
0.009524
0.009524
0.009524
0.009524
