0.50
0.010204
0.010204
0.010204
0.010204
0.010204
0.010204
0.010204
0.010204
0.010204
0.010204
0.010204
0.010204
0.010204
0.010204
0.010204
0.010204
0.010204
0.010204
0.010204
0.010204
0.010204
0.010204
0.010204
0.010204
0.010204
0.010204
0.010204
0.010204
0.010204
0.010204
0.010204
0.010204
0.010204
0.010204
0.010204
0.010204
0.010204
0.010204
0.010204
0.010204
0.010204
0.010204
0.010204
0.010204
0.010204
0.010204
0.010204
0.010204
0.010204
0.010204
0.010204
0.010204
0.010204
0.010204
0.010204
0.010204
0.010204
0.010204
0.010204
0.010204
0.010204
0.010204
0.010204
0.010204
0.010204
0.010204
0.010204
0.010204
0.010204
0.010204
0.010204
0.010204
0.010204
0.010204
0.010204
0.010204
0.010204
0.010204
0.010204
0.010204
0.010204
0.010204
0.010204
0.010204
0.010204
0.010204
0.010204
0.010204
0.010204
0.010204
0.010204
0.010204
0.010204
0.010204
0.010204
0.010204
0.010204
0.010204
