0.50
0.008929
0.008929
0.008929
0.008929
0.008929
0.008929
0.008929
0.008929
0.008929
0.008929
0.008929
0.008929
0.008929
0.008929
0.008929
0.008929
0.008929
0.008929
0.008929
0.008929
0.008929
0.008929
0.008929
0.008929
0.008929
0.008929
0.008929
0.008929
0.008929
0.008929
0.008929
0.008929
0.008929
0.008929
0.008929
0.008929
0.008929
0.008929
0.008929
0.008929
0.008929
0.008929
0.008929
0.008929
0.008929
0.008929
0.008929
0.008929
0.008929
0.008929
0.008929
0.008929
0.008929
0.008929
0.008929
0.008929
0.008929
0.008929
0.008929
0.008929
0.008929
0.008929
0.008929
0.008929
0.008929
0.008929
0.008929
0.008929
0.008929
0.008929
0.008929
0.008929
0.008929
0.008929
0.008929
0.008929
0.008929
0.008929
0.008929
0.008929
0.008929
0.008929
0.008929
0.008929
0.008929
0.008929
0.008929
0.008929
0.008929
0.008929
0.008929
0.008929
0.008929
0.008929
0.008929
0.008929
0.008929
0.008929
0.008929
0.008929
0.008929
0.008929
0.008929
0.008929
0.008929
0.008929
0.008929
0.008929
0.008929
0.008929
0.008929
0.008929
