0.50
0.009434
0.009434
0.009434
0.009434
0.009434
0.009434
0.009434
0.009434
0.009434
0.009434
0.009434
0.009434
0.009434
0.009434
0.009434
0.009434
0.009434
0.009434
0.009434
0.009434
0.009434
0.009434
0.009434
0.009434
0.009434
0.009434
0.009434
0.009434
0.009434
0.009434
0.009434
0.009434
0.009434
0.009434
0.009434
0.009434
0.009434
0.009434
0.009434
0.009434
0.009434
0.009434
0.009434
0.009434
0.009434
0.009434
0.009434
0.009434
0.009434
0.009434
0.009434
0.009434
0.009434
0.009434
0.009434
0.009434
0.009434
0.009434
0.009434
0.009434
0.009434
0.009434
0.009434
0.009434
0.009434
0.009434
0.009434
0.009434
0.009434
0.009434
0.009434
0.009434
0.009434
0.009434
0.009434
0.009434
0.009434
0.009434
0.009434
0.009434
0.009434
0.009434
0.009434
0.009434
0.009434
0.009434
0.009434
0.009434
0.009434
0.009434
0.009434
0.009434
0.009434
0.009434
0.009434
0.009434
0.009434
0.009434
0.009434
0.009434
0.009434
0.009434
0.009434
0.009434
0.009434
0.009434
