0.50
0.014085
0.014085
0.014085
0.014085
0.014085
0.014085
0.014085
0.014085
0.014085
0.014085
0.014085
0.014085
0.014085
0.014085
0.014085
0.014085
0.014085
0.014085
0.014085
0.014085
0.014085
0.014085
0.014085
0.014085
0.014085
0.014085
0.014085
0.014085
0.014085
0.014085
0.014085
0.014085
0.014085
0.014085
0.014085
0.014085
0.014085
0.014085
0.014085
0.014085
0.014085
0.014085
0.014085
0.014085
0.014085
0.014085
0.014085
0.014085
0.014085
0.014085
0.014085
0.014085
0.014085
0.014085
0.014085
0.014085
0.014085
0.014085
0.014085
0.014085
0.014085
0.014085
0.014085
0.014085
0.014085
0.014085
0.014085
0.014085
0.014085
0.014085
0.014085
