0.50
0.018182
0.018182
0.018182
0.018182
0.018182
0.018182
0.018182
0.018182
0.018182
0.018182
0.018182
0.018182
0.018182
0.018182
0.018182
0.018182
0.018182
0.018182
0.018182
0.018182
0.018182
0.018182
0.018182
0.018182
0.018182
0.018182
0.018182
0.018182
0.018182
0.018182
0.018182
0.018182
0.018182
0.018182
0.018182
0.018182
0.018182
0.018182
0.018182
0.018182
0.018182
0.018182
0.018182
0.018182
0.018182
0.018182
0.018182
0.018182
0.018182
0.018182
0.018182
0.018182
0.018182
0.018182
0.018182
