0.50
0.017241
0.017241
0.017241
0.017241
0.017241
0.017241
0.017241
0.017241
0.017241
0.017241
0.017241
0.017241
0.017241
0.017241
0.017241
0.017241
0.017241
0.017241
0.017241
0.017241
0.017241
0.017241
0.017241
0.017241
0.017241
0.017241
0.017241
0.017241
0.017241
0.017241
0.017241
0.017241
0.017241
0.017241
0.017241
0.017241
0.017241
0.017241
0.017241
0.017241
0.017241
0.017241
0.017241
0.017241
0.017241
0.017241
0.017241
0.017241
0.017241
0.017241
0.017241
0.017241
0.017241
0.017241
0.017241
0.017241
0.017241
0.017241
