0.50
0.007752
0.007752
0.007752
0.007752
0.007752
0.007752
0.007752
0.007752
0.007752
0.007752
0.007752
0.007752
0.007752
0.007752
0.007752
0.007752
0.007752
0.007752
0.007752
0.007752
0.007752
0.007752
0.007752
0.007752
0.007752
0.007752
0.007752
0.007752
0.007752
0.007752
0.007752
0.007752
0.007752
0.007752
0.007752
0.007752
0.007752
0.007752
0.007752
0.007752
0.007752
0.007752
0.007752
0.007752
0.007752
0.007752
0.007752
0.007752
0.007752
0.007752
0.007752
0.007752
0.007752
0.007752
0.007752
0.007752
0.007752
0.007752
0.007752
0.007752
0.007752
0.007752
0.007752
0.007752
0.007752
0.007752
0.007752
0.007752
0.007752
0.007752
0.007752
0.007752
0.007752
0.007752
0.007752
0.007752
0.007752
0.007752
0.007752
0.007752
0.007752
0.007752
0.007752
0.007752
0.007752
0.007752
0.007752
0.007752
0.007752
0.007752
0.007752
0.007752
0.007752
0.007752
0.007752
0.007752
0.007752
0.007752
0.007752
0.007752
0.007752
0.007752
0.007752
0.007752
0.007752
0.007752
0.007752
0.007752
0.007752
0.007752
0.007752
0.007752
0.007752
0.007752
0.007752
0.007752
0.007752
0.007752
0.007752
0.007752
0.007752
0.007752
0.007752
0.007752
0.007752
0.007752
0.007752
0.007752
0.007752
