0.50
0.008065
0.008065
0.008065
0.008065
0.008065
0.008065
0.008065
0.008065
0.008065
0.008065
0.008065
0.008065
0.008065
0.008065
0.008065
0.008065
0.008065
0.008065
0.008065
0.008065
0.008065
0.008065
0.008065
0.008065
0.008065
0.008065
0.008065
0.008065
0.008065
0.008065
0.008065
0.008065
0.008065
0.008065
0.008065
0.008065
0.008065
0.008065
0.008065
0.008065
0.008065
0.008065
0.008065
0.008065
0.008065
0.008065
0.008065
0.008065
0.008065
0.008065
0.008065
0.008065
0.008065
0.008065
0.008065
0.008065
0.008065
0.008065
0.008065
0.008065
0.008065
0.008065
0.008065
0.008065
0.008065
0.008065
0.008065
0.008065
0.008065
0.008065
0.008065
0.008065
0.008065
0.008065
0.008065
0.008065
0.008065
0.008065
0.008065
0.008065
0.008065
0.008065
0.008065
0.008065
0.008065
0.008065
0.008065
0.008065
0.008065
0.008065
0.008065
0.008065
0.008065
0.008065
0.008065
0.008065
0.008065
0.008065
0.008065
0.008065
0.008065
0.008065
0.008065
0.008065
0.008065
0.008065
0.008065
0.008065
0.008065
0.008065
0.008065
0.008065
0.008065
0.008065
0.008065
0.008065
0.008065
0.008065
0.008065
0.008065
0.008065
0.008065
0.008065
0.008065
