0.50
0.008403
0.008403
0.008403
0.008403
0.008403
0.008403
0.008403
0.008403
0.008403
0.008403
0.008403
0.008403
0.008403
0.008403
0.008403
0.008403
0.008403
0.008403
0.008403
0.008403
0.008403
0.008403
0.008403
0.008403
0.008403
0.008403
0.008403
0.008403
0.008403
0.008403
0.008403
0.008403
0.008403
0.008403
0.008403
0.008403
0.008403
0.008403
0.008403
0.008403
0.008403
0.008403
0.008403
0.008403
0.008403
0.008403
0.008403
0.008403
0.008403
0.008403
0.008403
0.008403
0.008403
0.008403
0.008403
0.008403
0.008403
0.008403
0.008403
0.008403
0.008403
0.008403
0.008403
0.008403
0.008403
0.008403
0.008403
0.008403
0.008403
0.008403
0.008403
0.008403
0.008403
0.008403
0.008403
0.008403
0.008403
0.008403
0.008403
0.008403
0.008403
0.008403
0.008403
0.008403
0.008403
0.008403
0.008403
0.008403
0.008403
0.008403
0.008403
0.008403
0.008403
0.008403
0.008403
0.008403
0.008403
0.008403
0.008403
0.008403
0.008403
0.008403
0.008403
0.008403
0.008403
0.008403
0.008403
0.008403
0.008403
0.008403
0.008403
0.008403
0.008403
0.008403
0.008403
0.008403
0.008403
0.008403
0.008403
