0.50
0.007519
0.007519
0.007519
0.007519
0.007519
0.007519
0.007519
0.007519
0.007519
0.007519
0.007519
0.007519
0.007519
0.007519
0.007519
0.007519
0.007519
0.007519
0.007519
0.007519
0.007519
0.007519
0.007519
0.007519
0.007519
0.007519
0.007519
0.007519
0.007519
0.007519
0.007519
0.007519
0.007519
0.007519
0.007519
0.007519
0.007519
0.007519
0.007519
0.007519
0.007519
0.007519
0.007519
0.007519
0.007519
0.007519
0.007519
0.007519
0.007519
0.007519
0.007519
0.007519
0.007519
0.007519
0.007519
0.007519
0.007519
0.007519
0.007519
0.007519
0.007519
0.007519
0.007519
0.007519
0.007519
0.007519
0.007519
0.007519
0.007519
0.007519
0.007519
0.007519
0.007519
0.007519
0.007519
0.007519
0.007519
0.007519
0.007519
0.007519
0.007519
0.007519
0.007519
0.007519
0.007519
0.007519
0.007519
0.007519
0.007519
0.007519
0.007519
0.007519
0.007519
0.007519
0.007519
0.007519
0.007519
0.007519
0.007519
0.007519
0.007519
0.007519
0.007519
0.007519
0.007519
0.007519
0.007519
0.007519
0.007519
0.007519
0.007519
0.007519
0.007519
0.007519
0.007519
0.007519
0.007519
0.007519
0.007519
0.007519
0.007519
0.007519
0.007519
0.007519
0.007519
0.007519
0.007519
0.007519
0.007519
0.007519
0.007519
0.007519
0.007519
