0.50
0.008850
0.008850
0.008850
0.008850
0.008850
0.008850
0.008850
0.008850
0.008850
0.008850
0.008850
0.008850
0.008850
0.008850
0.008850
0.008850
0.008850
0.008850
0.008850
0.008850
0.008850
0.008850
0.008850
0.008850
0.008850
0.008850
0.008850
0.008850
0.008850
0.008850
0.008850
0.008850
0.008850
0.008850
0.008850
0.008850
0.008850
0.008850
0.008850
0.008850
0.008850
0.008850
0.008850
0.008850
0.008850
0.008850
0.008850
0.008850
0.008850
0.008850
0.008850
0.008850
0.008850
0.008850
0.008850
0.008850
0.008850
0.008850
0.008850
0.008850
0.008850
0.008850
0.008850
0.008850
0.008850
0.008850
0.008850
0.008850
0.008850
0.008850
0.008850
0.008850
0.008850
0.008850
0.008850
0.008850
0.008850
0.008850
0.008850
0.008850
0.008850
0.008850
0.008850
0.008850
0.008850
0.008850
0.008850
0.008850
0.008850
0.008850
0.008850
0.008850
0.008850
0.008850
0.008850
0.008850
0.008850
0.008850
0.008850
0.008850
0.008850
0.008850
0.008850
0.008850
0.008850
0.008850
0.008850
0.008850
0.008850
0.008850
0.008850
0.008850
0.008850
