0.50
0.008000
0.008000
0.008000
0.008000
0.008000
0.008000
0.008000
0.008000
0.008000
0.008000
0.008000
0.008000
0.008000
0.008000
0.008000
0.008000
0.008000
0.008000
0.008000
0.008000
0.008000
0.008000
0.008000
0.008000
0.008000
0.008000
0.008000
0.008000
0.008000
0.008000
0.008000
0.008000
0.008000
0.008000
0.008000
0.008000
0.008000
0.008000
0.008000
0.008000
0.008000
0.008000
0.008000
0.008000
0.008000
0.008000
0.008000
0.008000
0.008000
0.008000
0.008000
0.008000
0.008000
0.008000
0.008000
0.008000
0.008000
0.008000
0.008000
0.008000
0.008000
0.008000
0.008000
0.008000
0.008000
0.008000
0.008000
0.008000
0.008000
0.008000
0.008000
0.008000
0.008000
0.008000
0.008000
0.008000
0.008000
0.008000
0.008000
0.008000
0.008000
0.008000
0.008000
0.008000
0.008000
0.008000
0.008000
0.008000
0.008000
0.008000
0.008000
0.008000
0.008000
0.008000
0.008000
0.008000
0.008000
0.008000
0.008000
0.008000
0.008000
0.008000
0.008000
0.008000
0.008000
0.008000
0.008000
0.008000
0.008000
0.008000
0.008000
0.008000
0.008000
0.008000
0.008000
0.008000
0.008000
0.008000
0.008000
0.008000
0.008000
0.008000
0.008000
0.008000
0.008000
