0.50
0.009804
0.009804
0.009804
0.009804
0.009804
0.009804
0.009804
0.009804
0.009804
0.009804
0.009804
0.009804
0.009804
0.009804
0.009804
0.009804
0.009804
0.009804
0.009804
0.009804
0.009804
0.009804
0.009804
0.009804
0.009804
0.009804
0.009804
0.009804
0.009804
0.009804
0.009804
0.009804
0.009804
0.009804
0.009804
0.009804
0.009804
0.009804
0.009804
0.009804
0.009804
0.009804
0.009804
0.009804
0.009804
0.009804
0.009804
0.009804
0.009804
0.009804
0.009804
0.009804
0.009804
0.009804
0.009804
0.009804
0.009804
0.009804
0.009804
0.009804
0.009804
0.009804
0.009804
0.009804
0.009804
0.009804
0.009804
0.009804
0.009804
0.009804
0.009804
0.009804
0.009804
0.009804
0.009804
0.009804
0.009804
0.009804
0.009804
0.009804
0.009804
0.009804
0.009804
0.009804
0.009804
0.009804
0.009804
0.009804
0.009804
0.009804
0.009804
0.009804
0.009804
0.009804
0.009804
0.009804
0.009804
0.009804
0.009804
0.009804
0.009804
0.009804
