0.50
0.006993
0.006993
0.006993
0.006993
0.006993
0.006993
0.006993
0.006993
0.006993
0.006993
0.006993
0.006993
0.006993
0.006993
0.006993
0.006993
0.006993
0.006993
0.006993
0.006993
0.006993
0.006993
0.006993
0.006993
0.006993
0.006993
0.006993
0.006993
0.006993
0.006993
0.006993
0.006993
0.006993
0.006993
0.006993
0.006993
0.006993
0.006993
0.006993
0.006993
0.006993
0.006993
0.006993
0.006993
0.006993
0.006993
0.006993
0.006993
0.006993
0.006993
0.006993
0.006993
0.006993
0.006993
0.006993
0.006993
0.006993
0.006993
0.006993
0.006993
0.006993
0.006993
0.006993
0.006993
0.006993
0.006993
0.006993
0.006993
0.006993
0.006993
0.006993
0.006993
0.006993
0.006993
0.006993
0.006993
0.006993
0.006993
0.006993
0.006993
0.006993
0.006993
0.006993
0.006993
0.006993
0.006993
0.006993
0.006993
0.006993
0.006993
0.006993
0.006993
0.006993
0.006993
0.006993
0.006993
0.006993
0.006993
0.006993
0.006993
0.006993
0.006993
0.006993
0.006993
0.006993
0.006993
0.006993
0.006993
0.006993
0.006993
0.006993
0.006993
0.006993
0.006993
0.006993
0.006993
0.006993
0.006993
0.006993
0.006993
0.006993
0.006993
0.006993
0.006993
0.006993
0.006993
0.006993
0.006993
0.006993
0.006993
0.006993
0.006993
0.006993
0.006993
0.006993
0.006993
0.006993
0.006993
0.006993
0.006993
0.006993
0.006993
0.006993
