0.50
0.010309
0.010309
0.010309
0.010309
0.010309
0.010309
0.010309
0.010309
0.010309
0.010309
0.010309
0.010309
0.010309
0.010309
0.010309
0.010309
0.010309
0.010309
0.010309
0.010309
0.010309
0.010309
0.010309
0.010309
0.010309
0.010309
0.010309
0.010309
0.010309
0.010309
0.010309
0.010309
0.010309
0.010309
0.010309
0.010309
0.010309
0.010309
0.010309
0.010309
0.010309
0.010309
0.010309
0.010309
0.010309
0.010309
0.010309
0.010309
0.010309
0.010309
0.010309
0.010309
0.010309
0.010309
0.010309
0.010309
0.010309
0.010309
0.010309
0.010309
0.010309
0.010309
0.010309
0.010309
0.010309
0.010309
0.010309
0.010309
0.010309
0.010309
0.010309
0.010309
0.010309
0.010309
0.010309
0.010309
0.010309
0.010309
0.010309
0.010309
0.010309
0.010309
0.010309
0.010309
0.010309
0.010309
0.010309
0.010309
0.010309
0.010309
0.010309
0.010309
0.010309
0.010309
0.010309
0.010309
0.010309
