0.50
0.014925
0.014925
0.014925
0.014925
0.014925
0.014925
0.014925
0.014925
0.014925
0.014925
0.014925
0.014925
0.014925
0.014925
0.014925
0.014925
0.014925
0.014925
0.014925
0.014925
0.014925
0.014925
0.014925
0.014925
0.014925
0.014925
0.014925
0.014925
0.014925
0.014925
0.014925
0.014925
0.014925
0.014925
0.014925
0.014925
0.014925
0.014925
0.014925
0.014925
0.014925
0.014925
0.014925
0.014925
0.014925
0.014925
0.014925
0.014925
0.014925
0.014925
0.014925
0.014925
0.014925
0.014925
0.014925
0.014925
0.014925
0.014925
0.014925
0.014925
0.014925
0.014925
0.014925
0.014925
0.014925
0.014925
0.014925
