0.50
0.009709
0.009709
0.009709
0.009709
0.009709
0.009709
0.009709
0.009709
0.009709
0.009709
0.009709
0.009709
0.009709
0.009709
0.009709
0.009709
0.009709
0.009709
0.009709
0.009709
0.009709
0.009709
0.009709
0.009709
0.009709
0.009709
0.009709
0.009709
0.009709
0.009709
0.009709
0.009709
0.009709
0.009709
0.009709
0.009709
0.009709
0.009709
0.009709
0.009709
0.009709
0.009709
0.009709
0.009709
0.009709
0.009709
0.009709
0.009709
0.009709
0.009709
0.009709
0.009709
0.009709
0.009709
0.009709
0.009709
0.009709
0.009709
0.009709
0.009709
0.009709
0.009709
0.009709
0.009709
0.009709
0.009709
0.009709
0.009709
0.009709
0.009709
0.009709
0.009709
0.009709
0.009709
0.009709
0.009709
0.009709
0.009709
0.009709
0.009709
0.009709
0.009709
0.009709
0.009709
0.009709
0.009709
0.009709
0.009709
0.009709
0.009709
0.009709
0.009709
0.009709
0.009709
0.009709
0.009709
0.009709
0.009709
0.009709
0.009709
0.009709
0.009709
0.009709
