0.50
0.012987
0.012987
0.012987
0.012987
0.012987
0.012987
0.012987
0.012987
0.012987
0.012987
0.012987
0.012987
0.012987
0.012987
0.012987
0.012987
0.012987
0.012987
0.012987
0.012987
0.012987
0.012987
0.012987
0.012987
0.012987
0.012987
0.012987
0.012987
0.012987
0.012987
0.012987
0.012987
0.012987
0.012987
0.012987
0.012987
0.012987
0.012987
0.012987
0.012987
0.012987
0.012987
0.012987
0.012987
0.012987
0.012987
0.012987
0.012987
0.012987
0.012987
0.012987
0.012987
0.012987
0.012987
0.012987
0.012987
0.012987
0.012987
0.012987
0.012987
0.012987
0.012987
0.012987
0.012987
0.012987
0.012987
0.012987
0.012987
0.012987
0.012987
0.012987
0.012987
0.012987
0.012987
0.012987
0.012987
0.012987
