0.50
0.013889
0.013889
0.013889
0.013889
0.013889
0.013889
0.013889
0.013889
0.013889
0.013889
0.013889
0.013889
0.013889
0.013889
0.013889
0.013889
0.013889
0.013889
0.013889
0.013889
0.013889
0.013889
0.013889
0.013889
0.013889
0.013889
0.013889
0.013889
0.013889
0.013889
0.013889
0.013889
0.013889
0.013889
0.013889
0.013889
0.013889
0.013889
0.013889
0.013889
0.013889
0.013889
0.013889
0.013889
0.013889
0.013889
0.013889
0.013889
0.013889
0.013889
0.013889
0.013889
0.013889
0.013889
0.013889
0.013889
0.013889
0.013889
0.013889
0.013889
0.013889
0.013889
0.013889
0.013889
0.013889
0.013889
0.013889
0.013889
0.013889
0.013889
0.013889
0.013889
