0.50
0.015152
0.015152
0.015152
0.015152
0.015152
0.015152
0.015152
0.015152
0.015152
0.015152
0.015152
0.015152
0.015152
0.015152
0.015152
0.015152
0.015152
0.015152
0.015152
0.015152
0.015152
0.015152
0.015152
0.015152
0.015152
0.015152
0.015152
0.015152
0.015152
0.015152
0.015152
0.015152
0.015152
0.015152
0.015152
0.015152
0.015152
0.015152
0.015152
0.015152
0.015152
0.015152
0.015152
0.015152
0.015152
0.015152
0.015152
0.015152
0.015152
0.015152
0.015152
0.015152
0.015152
0.015152
0.015152
0.015152
0.015152
0.015152
0.015152
0.015152
0.015152
0.015152
0.015152
0.015152
0.015152
0.015152
