0.50
0.011111
0.011111
0.011111
0.011111
0.011111
0.011111
0.011111
0.011111
0.011111
0.011111
0.011111
0.011111
0.011111
0.011111
0.011111
0.011111
0.011111
0.011111
0.011111
0.011111
0.011111
0.011111
0.011111
0.011111
0.011111
0.011111
0.011111
0.011111
0.011111
0.011111
0.011111
0.011111
0.011111
0.011111
0.011111
0.011111
0.011111
0.011111
0.011111
0.011111
0.011111
0.011111
0.011111
0.011111
0.011111
0.011111
0.011111
0.011111
0.011111
0.011111
0.011111
0.011111
0.011111
0.011111
0.011111
0.011111
0.011111
0.011111
0.011111
0.011111
0.011111
0.011111
0.011111
0.011111
0.011111
0.011111
0.011111
0.011111
0.011111
0.011111
0.011111
0.011111
0.011111
0.011111
0.011111
0.011111
0.011111
0.011111
0.011111
0.011111
0.011111
0.011111
0.011111
0.011111
0.011111
0.011111
0.011111
0.011111
0.011111
0.011111
