0.50
0.011494
0.011494
0.011494
0.011494
0.011494
0.011494
0.011494
0.011494
0.011494
0.011494
0.011494
0.011494
0.011494
0.011494
0.011494
0.011494
0.011494
0.011494
0.011494
0.011494
0.011494
0.011494
0.011494
0.011494
0.011494
0.011494
0.011494
0.011494
0.011494
0.011494
0.011494
0.011494
0.011494
0.011494
0.011494
0.011494
0.011494
0.011494
0.011494
0.011494
0.011494
0.011494
0.011494
0.011494
0.011494
0.011494
0.011494
0.011494
0.011494
0.011494
0.011494
0.011494
0.011494
0.011494
0.011494
0.011494
0.011494
0.011494
0.011494
0.011494
0.011494
0.011494
0.011494
0.011494
0.011494
0.011494
0.011494
0.011494
0.011494
0.011494
0.011494
0.011494
0.011494
0.011494
0.011494
0.011494
0.011494
0.011494
0.011494
0.011494
0.011494
0.011494
0.011494
0.011494
0.011494
0.011494
0.011494
