0.50
0.012048
0.012048
0.012048
0.012048
0.012048
0.012048
0.012048
0.012048
0.012048
0.012048
0.012048
0.012048
0.012048
0.012048
0.012048
0.012048
0.012048
0.012048
0.012048
0.012048
0.012048
0.012048
0.012048
0.012048
0.012048
0.012048
0.012048
0.012048
0.012048
0.012048
0.012048
0.012048
0.012048
0.012048
0.012048
0.012048
0.012048
0.012048
0.012048
0.012048
0.012048
0.012048
0.012048
0.012048
0.012048
0.012048
0.012048
0.012048
0.012048
0.012048
0.012048
0.012048
0.012048
0.012048
0.012048
0.012048
0.012048
0.012048
0.012048
0.012048
0.012048
0.012048
0.012048
0.012048
0.012048
0.012048
0.012048
0.012048
0.012048
0.012048
0.012048
0.012048
0.012048
0.012048
0.012048
0.012048
0.012048
0.012048
0.012048
0.012048
0.012048
0.012048
0.012048
