0.50
0.008772
0.008772
0.008772
0.008772
0.008772
0.008772
0.008772
0.008772
0.008772
0.008772
0.008772
0.008772
0.008772
0.008772
0.008772
0.008772
0.008772
0.008772
0.008772
0.008772
0.008772
0.008772
0.008772
0.008772
0.008772
0.008772
0.008772
0.008772
0.008772
0.008772
0.008772
0.008772
0.008772
0.008772
0.008772
0.008772
0.008772
0.008772
0.008772
0.008772
0.008772
0.008772
0.008772
0.008772
0.008772
0.008772
0.008772
0.008772
0.008772
0.008772
0.008772
0.008772
0.008772
0.008772
0.008772
0.008772
0.008772
0.008772
0.008772
0.008772
0.008772
0.008772
0.008772
0.008772
0.008772
0.008772
0.008772
0.008772
0.008772
0.008772
0.008772
0.008772
0.008772
0.008772
0.008772
0.008772
0.008772
0.008772
0.008772
0.008772
0.008772
0.008772
0.008772
0.008772
0.008772
0.008772
0.008772
0.008772
0.008772
0.008772
0.008772
0.008772
0.008772
0.008772
0.008772
0.008772
0.008772
0.008772
0.008772
0.008772
0.008772
0.008772
0.008772
0.008772
0.008772
0.008772
0.008772
0.008772
0.008772
0.008772
0.008772
0.008772
0.008772
0.008772
